[1.176s] Invoking command in '/home/mr_ray/bumperbot_ws/src/bumperbot_py_example': PYTHONPATH=/home/mr_ray/bumperbot_ws/build/bumperbot_py_example/prefix_override:/home/mr_ray/bumperbot_ws/install/bumperbot_py_example/lib/python3.10/site-packages:${PYTHONPATH} /usr/bin/python3 -W ignore:setup.py install is deprecated setup.py egg_info --egg-base ../../build/bumperbot_py_example build --build-base /home/mr_ray/bumperbot_ws/build/bumperbot_py_example/build install --record /home/mr_ray/bumperbot_ws/build/bumperbot_py_example/install.log --single-version-externally-managed install_data
[1.536s] running egg_info
[1.537s] writing ../../build/bumperbot_py_example/bumperbot_py_example.egg-info/PKG-INFO
[1.538s] writing dependency_links to ../../build/bumperbot_py_example/bumperbot_py_example.egg-info/dependency_links.txt
[1.538s] writing entry points to ../../build/bumperbot_py_example/bumperbot_py_example.egg-info/entry_points.txt
[1.538s] writing requirements to ../../build/bumperbot_py_example/bumperbot_py_example.egg-info/requires.txt
[1.538s] writing top-level names to ../../build/bumperbot_py_example/bumperbot_py_example.egg-info/top_level.txt
[1.541s] reading manifest file '../../build/bumperbot_py_example/bumperbot_py_example.egg-info/SOURCES.txt'
[1.543s] writing manifest file '../../build/bumperbot_py_example/bumperbot_py_example.egg-info/SOURCES.txt'
[1.543s] running build
[1.543s] running build_py
[1.543s] running install
[1.544s] running install_lib
[1.546s] running install_data
[1.546s] running install_egg_info
[1.549s] removing '/home/mr_ray/bumperbot_ws/install/bumperbot_py_example/lib/python3.10/site-packages/bumperbot_py_example-0.0.0-py3.10.egg-info' (and everything under it)
[1.549s] Copying ../../build/bumperbot_py_example/bumperbot_py_example.egg-info to /home/mr_ray/bumperbot_ws/install/bumperbot_py_example/lib/python3.10/site-packages/bumperbot_py_example-0.0.0-py3.10.egg-info
[1.551s] running install_scripts
[1.578s] Installing simple_parameter script to /home/mr_ray/bumperbot_ws/install/bumperbot_py_example/lib/bumperbot_py_example
[1.579s] Installing simple_publisher script to /home/mr_ray/bumperbot_ws/install/bumperbot_py_example/lib/bumperbot_py_example
[1.579s] Installing simple_subscriber script to /home/mr_ray/bumperbot_ws/install/bumperbot_py_example/lib/bumperbot_py_example
[1.579s] Installing simple_tf_kinematics script to /home/mr_ray/bumperbot_ws/install/bumperbot_py_example/lib/bumperbot_py_example
[1.579s] Installing simple_turtlesim_kinematics script to /home/mr_ray/bumperbot_ws/install/bumperbot_py_example/lib/bumperbot_py_example
[1.580s] writing list of installed files to '/home/mr_ray/bumperbot_ws/build/bumperbot_py_example/install.log'
[1.623s] Invoked command in '/home/mr_ray/bumperbot_ws/src/bumperbot_py_example' returned '0': PYTHONPATH=/home/mr_ray/bumperbot_ws/build/bumperbot_py_example/prefix_override:/home/mr_ray/bumperbot_ws/install/bumperbot_py_example/lib/python3.10/site-packages:${PYTHONPATH} /usr/bin/python3 -W ignore:setup.py install is deprecated setup.py egg_info --egg-base ../../build/bumperbot_py_example build --build-base /home/mr_ray/bumperbot_ws/build/bumperbot_py_example/build install --record /home/mr_ray/bumperbot_ws/build/bumperbot_py_example/install.log --single-version-externally-managed install_data
