[0.412s] DEBUG:colcon:Command line arguments: ['/usr/bin/colcon', 'list', '-p', '--base-paths', '/home/mr_ray/bumperbot_ws']
[0.412s] DEBUG:colcon:Parsed command line arguments: Namespace(log_base=None, log_level=None, verb_name='list', build_base='build', ignore_user_meta=False, metas=['./colcon.meta'], base_paths=['/home/mr_ray/bumperbot_ws'], packages_ignore=None, packages_ignore_regex=None, paths=None, packages_up_to=None, packages_up_to_regex=None, packages_above=None, packages_above_and_dependencies=None, packages_above_depth=None, packages_select_by_dep=None, packages_skip_by_dep=None, packages_skip_up_to=None, packages_select_build_failed=False, packages_skip_build_finished=False, packages_select_test_failures=False, packages_skip_test_passed=False, packages_select=None, packages_skip=None, packages_select_regex=None, packages_skip_regex=None, packages_start=None, packages_end=None, allow_overriding=[], topological_order=False, names_only=False, paths_only=True, topological_graph=False, topological_graph_dot=False, topological_graph_density=False, topological_graph_legend=False, topological_graph_dot_cluster=False, topological_graph_dot_include_skipped=False, mixin_files=None, mixin=None, verb_parser=<colcon_mixin.mixin.mixin_argument.MixinArgumentDecorator object at 0x72e82d0334f0>, verb_extension=<colcon_package_information.verb.list.ListVerb object at 0x72e82d1ec370>, main=<bound method ListVerb.main of <colcon_package_information.verb.list.ListVerb object at 0x72e82d1ec370>>, mixin_verb=('list',))
[0.980s] Level 1:colcon.colcon_core.package_discovery:discover_packages(colcon_meta) check parameters
[0.980s] Level 1:colcon.colcon_core.package_discovery:discover_packages(recursive) check parameters
[0.980s] Level 1:colcon.colcon_core.package_discovery:discover_packages(ignore) check parameters
[0.980s] Level 1:colcon.colcon_core.package_discovery:discover_packages(path) check parameters
[0.980s] Level 1:colcon.colcon_core.package_discovery:discover_packages(recursive) discover
[0.980s] INFO:colcon.colcon_core.package_discovery:Crawling recursively for packages in '/home/mr_ray/bumperbot_ws'
[0.981s] Level 1:colcon.colcon_core.package_identification:_identify(/home/mr_ray/bumperbot_ws) by extensions ['ignore', 'ignore_ament_install']
[0.981s] Level 1:colcon.colcon_core.package_identification:_identify(/home/mr_ray/bumperbot_ws) by extension 'ignore'
[0.981s] Level 1:colcon.colcon_core.package_identification:_identify(/home/mr_ray/bumperbot_ws) by extension 'ignore_ament_install'
[0.981s] Level 1:colcon.colcon_core.package_identification:_identify(/home/mr_ray/bumperbot_ws) by extensions ['colcon_pkg']
[0.981s] Level 1:colcon.colcon_core.package_identification:_identify(/home/mr_ray/bumperbot_ws) by extension 'colcon_pkg'
[0.981s] Level 1:colcon.colcon_core.package_identification:_identify(/home/mr_ray/bumperbot_ws) by extensions ['colcon_meta']
[0.981s] Level 1:colcon.colcon_core.package_identification:_identify(/home/mr_ray/bumperbot_ws) by extension 'colcon_meta'
[0.981s] Level 1:colcon.colcon_core.package_identification:_identify(/home/mr_ray/bumperbot_ws) by extensions ['ros']
[0.981s] Level 1:colcon.colcon_core.package_identification:_identify(/home/mr_ray/bumperbot_ws) by extension 'ros'
[1.004s] Level 1:colcon.colcon_core.package_identification:_identify(/home/mr_ray/bumperbot_ws) by extensions ['cmake', 'python']
[1.004s] Level 1:colcon.colcon_core.package_identification:_identify(/home/mr_ray/bumperbot_ws) by extension 'cmake'
[1.005s] Level 1:colcon.colcon_core.package_identification:_identify(/home/mr_ray/bumperbot_ws) by extension 'python'
[1.005s] Level 1:colcon.colcon_core.package_identification:_identify(/home/mr_ray/bumperbot_ws) by extensions ['python_setup_py']
[1.005s] Level 1:colcon.colcon_core.package_identification:_identify(/home/mr_ray/bumperbot_ws) by extension 'python_setup_py'
[1.005s] Level 1:colcon.colcon_core.package_identification:_identify(/home/mr_ray/bumperbot_ws/build) by extensions ['ignore', 'ignore_ament_install']
[1.005s] Level 1:colcon.colcon_core.package_identification:_identify(/home/mr_ray/bumperbot_ws/build) by extension 'ignore'
[1.005s] Level 1:colcon.colcon_core.package_identification:_identify(/home/mr_ray/bumperbot_ws/build) ignored
[1.005s] Level 1:colcon.colcon_core.package_identification:_identify(/home/mr_ray/bumperbot_ws/install) by extensions ['ignore', 'ignore_ament_install']
[1.005s] Level 1:colcon.colcon_core.package_identification:_identify(/home/mr_ray/bumperbot_ws/install) by extension 'ignore'
[1.006s] Level 1:colcon.colcon_core.package_identification:_identify(/home/mr_ray/bumperbot_ws/install) ignored
[1.006s] Level 1:colcon.colcon_core.package_identification:_identify(/home/mr_ray/bumperbot_ws/log) by extensions ['ignore', 'ignore_ament_install']
[1.006s] Level 1:colcon.colcon_core.package_identification:_identify(/home/mr_ray/bumperbot_ws/log) by extension 'ignore'
[1.006s] Level 1:colcon.colcon_core.package_identification:_identify(/home/mr_ray/bumperbot_ws/log) ignored
[1.006s] Level 1:colcon.colcon_core.package_identification:_identify(/home/mr_ray/bumperbot_ws/src) by extensions ['ignore', 'ignore_ament_install']
[1.006s] Level 1:colcon.colcon_core.package_identification:_identify(/home/mr_ray/bumperbot_ws/src) by extension 'ignore'
[1.006s] Level 1:colcon.colcon_core.package_identification:_identify(/home/mr_ray/bumperbot_ws/src) by extension 'ignore_ament_install'
[1.006s] Level 1:colcon.colcon_core.package_identification:_identify(/home/mr_ray/bumperbot_ws/src) by extensions ['colcon_pkg']
[1.006s] Level 1:colcon.colcon_core.package_identification:_identify(/home/mr_ray/bumperbot_ws/src) by extension 'colcon_pkg'
[1.006s] Level 1:colcon.colcon_core.package_identification:_identify(/home/mr_ray/bumperbot_ws/src) by extensions ['colcon_meta']
[1.006s] Level 1:colcon.colcon_core.package_identification:_identify(/home/mr_ray/bumperbot_ws/src) by extension 'colcon_meta'
[1.007s] Level 1:colcon.colcon_core.package_identification:_identify(/home/mr_ray/bumperbot_ws/src) by extensions ['ros']
[1.007s] Level 1:colcon.colcon_core.package_identification:_identify(/home/mr_ray/bumperbot_ws/src) by extension 'ros'
[1.007s] Level 1:colcon.colcon_core.package_identification:_identify(/home/mr_ray/bumperbot_ws/src) by extensions ['cmake', 'python']
[1.007s] Level 1:colcon.colcon_core.package_identification:_identify(/home/mr_ray/bumperbot_ws/src) by extension 'cmake'
[1.007s] Level 1:colcon.colcon_core.package_identification:_identify(/home/mr_ray/bumperbot_ws/src) by extension 'python'
[1.007s] Level 1:colcon.colcon_core.package_identification:_identify(/home/mr_ray/bumperbot_ws/src) by extensions ['python_setup_py']
[1.007s] Level 1:colcon.colcon_core.package_identification:_identify(/home/mr_ray/bumperbot_ws/src) by extension 'python_setup_py'
[1.007s] Level 1:colcon.colcon_core.package_identification:_identify(/home/mr_ray/bumperbot_ws/src/bumperbot_bringup) by extensions ['ignore', 'ignore_ament_install']
[1.008s] Level 1:colcon.colcon_core.package_identification:_identify(/home/mr_ray/bumperbot_ws/src/bumperbot_bringup) by extension 'ignore'
[1.008s] Level 1:colcon.colcon_core.package_identification:_identify(/home/mr_ray/bumperbot_ws/src/bumperbot_bringup) by extension 'ignore_ament_install'
[1.008s] Level 1:colcon.colcon_core.package_identification:_identify(/home/mr_ray/bumperbot_ws/src/bumperbot_bringup) by extensions ['colcon_pkg']
[1.008s] Level 1:colcon.colcon_core.package_identification:_identify(/home/mr_ray/bumperbot_ws/src/bumperbot_bringup) by extension 'colcon_pkg'
[1.008s] Level 1:colcon.colcon_core.package_identification:_identify(/home/mr_ray/bumperbot_ws/src/bumperbot_bringup) by extensions ['colcon_meta']
[1.008s] Level 1:colcon.colcon_core.package_identification:_identify(/home/mr_ray/bumperbot_ws/src/bumperbot_bringup) by extension 'colcon_meta'
[1.008s] Level 1:colcon.colcon_core.package_identification:_identify(/home/mr_ray/bumperbot_ws/src/bumperbot_bringup) by extensions ['ros']
[1.008s] Level 1:colcon.colcon_core.package_identification:_identify(/home/mr_ray/bumperbot_ws/src/bumperbot_bringup) by extension 'ros'
[1.012s] DEBUG:colcon.colcon_core.package_identification:Package '/home/mr_ray/bumperbot_ws/src/bumperbot_bringup' with type 'ros.ament_cmake' and name 'bumperbot_bringup'
[1.013s] Level 1:colcon.colcon_core.package_identification:_identify(/home/mr_ray/bumperbot_ws/src/bumperbot_controller) by extensions ['ignore', 'ignore_ament_install']
[1.013s] Level 1:colcon.colcon_core.package_identification:_identify(/home/mr_ray/bumperbot_ws/src/bumperbot_controller) by extension 'ignore'
[1.013s] Level 1:colcon.colcon_core.package_identification:_identify(/home/mr_ray/bumperbot_ws/src/bumperbot_controller) by extension 'ignore_ament_install'
[1.013s] Level 1:colcon.colcon_core.package_identification:_identify(/home/mr_ray/bumperbot_ws/src/bumperbot_controller) by extensions ['colcon_pkg']
[1.013s] Level 1:colcon.colcon_core.package_identification:_identify(/home/mr_ray/bumperbot_ws/src/bumperbot_controller) by extension 'colcon_pkg'
[1.013s] Level 1:colcon.colcon_core.package_identification:_identify(/home/mr_ray/bumperbot_ws/src/bumperbot_controller) by extensions ['colcon_meta']
[1.013s] Level 1:colcon.colcon_core.package_identification:_identify(/home/mr_ray/bumperbot_ws/src/bumperbot_controller) by extension 'colcon_meta'
[1.013s] Level 1:colcon.colcon_core.package_identification:_identify(/home/mr_ray/bumperbot_ws/src/bumperbot_controller) by extensions ['ros']
[1.013s] Level 1:colcon.colcon_core.package_identification:_identify(/home/mr_ray/bumperbot_ws/src/bumperbot_controller) by extension 'ros'
[1.016s] DEBUG:colcon.colcon_core.package_identification:Package '/home/mr_ray/bumperbot_ws/src/bumperbot_controller' with type 'ros.ament_cmake' and name 'bumperbot_controller'
[1.017s] Level 1:colcon.colcon_core.package_identification:_identify(/home/mr_ray/bumperbot_ws/src/bumperbot_description) by extensions ['ignore', 'ignore_ament_install']
[1.017s] Level 1:colcon.colcon_core.package_identification:_identify(/home/mr_ray/bumperbot_ws/src/bumperbot_description) by extension 'ignore'
[1.017s] Level 1:colcon.colcon_core.package_identification:_identify(/home/mr_ray/bumperbot_ws/src/bumperbot_description) by extension 'ignore_ament_install'
[1.018s] Level 1:colcon.colcon_core.package_identification:_identify(/home/mr_ray/bumperbot_ws/src/bumperbot_description) by extensions ['colcon_pkg']
[1.018s] Level 1:colcon.colcon_core.package_identification:_identify(/home/mr_ray/bumperbot_ws/src/bumperbot_description) by extension 'colcon_pkg'
[1.018s] Level 1:colcon.colcon_core.package_identification:_identify(/home/mr_ray/bumperbot_ws/src/bumperbot_description) by extensions ['colcon_meta']
[1.018s] Level 1:colcon.colcon_core.package_identification:_identify(/home/mr_ray/bumperbot_ws/src/bumperbot_description) by extension 'colcon_meta'
[1.018s] Level 1:colcon.colcon_core.package_identification:_identify(/home/mr_ray/bumperbot_ws/src/bumperbot_description) by extensions ['ros']
[1.018s] Level 1:colcon.colcon_core.package_identification:_identify(/home/mr_ray/bumperbot_ws/src/bumperbot_description) by extension 'ros'
[1.020s] DEBUG:colcon.colcon_core.package_identification:Package '/home/mr_ray/bumperbot_ws/src/bumperbot_description' with type 'ros.ament_cmake' and name 'bumperbot_description'
[1.020s] Level 1:colcon.colcon_core.package_identification:_identify(/home/mr_ray/bumperbot_ws/src/bumperbot_firmware) by extensions ['ignore', 'ignore_ament_install']
[1.020s] Level 1:colcon.colcon_core.package_identification:_identify(/home/mr_ray/bumperbot_ws/src/bumperbot_firmware) by extension 'ignore'
[1.020s] Level 1:colcon.colcon_core.package_identification:_identify(/home/mr_ray/bumperbot_ws/src/bumperbot_firmware) by extension 'ignore_ament_install'
[1.020s] Level 1:colcon.colcon_core.package_identification:_identify(/home/mr_ray/bumperbot_ws/src/bumperbot_firmware) by extensions ['colcon_pkg']
[1.020s] Level 1:colcon.colcon_core.package_identification:_identify(/home/mr_ray/bumperbot_ws/src/bumperbot_firmware) by extension 'colcon_pkg'
[1.021s] Level 1:colcon.colcon_core.package_identification:_identify(/home/mr_ray/bumperbot_ws/src/bumperbot_firmware) by extensions ['colcon_meta']
[1.021s] Level 1:colcon.colcon_core.package_identification:_identify(/home/mr_ray/bumperbot_ws/src/bumperbot_firmware) by extension 'colcon_meta'
[1.021s] Level 1:colcon.colcon_core.package_identification:_identify(/home/mr_ray/bumperbot_ws/src/bumperbot_firmware) by extensions ['ros']
[1.021s] Level 1:colcon.colcon_core.package_identification:_identify(/home/mr_ray/bumperbot_ws/src/bumperbot_firmware) by extension 'ros'
[1.023s] DEBUG:colcon.colcon_core.package_identification:Package '/home/mr_ray/bumperbot_ws/src/bumperbot_firmware' with type 'ros.ament_cmake' and name 'bumperbot_firmware'
[1.023s] Level 1:colcon.colcon_core.package_identification:_identify(/home/mr_ray/bumperbot_ws/src/bumperbot_msgs) by extensions ['ignore', 'ignore_ament_install']
[1.024s] Level 1:colcon.colcon_core.package_identification:_identify(/home/mr_ray/bumperbot_ws/src/bumperbot_msgs) by extension 'ignore'
[1.024s] Level 1:colcon.colcon_core.package_identification:_identify(/home/mr_ray/bumperbot_ws/src/bumperbot_msgs) by extension 'ignore_ament_install'
[1.024s] Level 1:colcon.colcon_core.package_identification:_identify(/home/mr_ray/bumperbot_ws/src/bumperbot_msgs) by extensions ['colcon_pkg']
[1.024s] Level 1:colcon.colcon_core.package_identification:_identify(/home/mr_ray/bumperbot_ws/src/bumperbot_msgs) by extension 'colcon_pkg'
[1.024s] Level 1:colcon.colcon_core.package_identification:_identify(/home/mr_ray/bumperbot_ws/src/bumperbot_msgs) by extensions ['colcon_meta']
[1.024s] Level 1:colcon.colcon_core.package_identification:_identify(/home/mr_ray/bumperbot_ws/src/bumperbot_msgs) by extension 'colcon_meta'
[1.024s] Level 1:colcon.colcon_core.package_identification:_identify(/home/mr_ray/bumperbot_ws/src/bumperbot_msgs) by extensions ['ros']
[1.024s] Level 1:colcon.colcon_core.package_identification:_identify(/home/mr_ray/bumperbot_ws/src/bumperbot_msgs) by extension 'ros'
[1.025s] DEBUG:colcon.colcon_core.package_identification:Package '/home/mr_ray/bumperbot_ws/src/bumperbot_msgs' with type 'ros.ament_cmake' and name 'bumperbot_msgs'
[1.025s] Level 1:colcon.colcon_core.package_discovery:discover_packages(recursive) using defaults
