[0.048s] Invoking command in '/home/mr_ray/bumperbot_ws/build/bumperbot_msgs': CMAKE_PREFIX_PATH=/opt/ros/humble /usr/bin/cmake --build /home/mr_ray/bumperbot_ws/build/bumperbot_msgs -- -j8 -l8
[0.144s] [  2%] Built target bumperbot_msgs__cpp
[0.152s] [ 12%] Built target bumperbot_msgs__rosidl_generator_c
[0.196s] [ 12%] Built target ament_cmake_python_copy_bumperbot_msgs
[0.217s] [ 23%] Built target bumperbot_msgs__rosidl_typesupport_cpp
[0.218s] [ 41%] Built target bumperbot_msgs__rosidl_typesupport_fastrtps_cpp
[0.219s] [ 43%] Built target bumperbot_msgs__rosidl_typesupport_fastrtps_c
[0.238s] [ 53%] Built target bumperbot_msgs__rosidl_typesupport_introspection_cpp
[0.244s] [ 64%] Built target bumperbot_msgs__rosidl_typesupport_introspection_c
[0.262s] [ 74%] Built target bumperbot_msgs__rosidl_typesupport_c
[0.305s] [ 74%] Built target bumperbot_msgs
[0.349s] [ 76%] Built target bumperbot_msgs__py
[0.395s] [ 84%] Built target bumperbot_msgs__rosidl_generator_py
[0.453s] [ 89%] Built target bumperbot_msgs__rosidl_typesupport_fastrtps_c__pyext
[0.453s] [ 94%] Built target bumperbot_msgs__rosidl_typesupport_introspection_c__pyext
[0.454s] [100%] Built target bumperbot_msgs__rosidl_typesupport_c__pyext
[0.611s] running egg_info
[0.613s] writing bumperbot_msgs.egg-info/PKG-INFO
[0.614s] writing dependency_links to bumperbot_msgs.egg-info/dependency_links.txt
[0.615s] writing top-level names to bumperbot_msgs.egg-info/top_level.txt
[0.619s] reading manifest file 'bumperbot_msgs.egg-info/SOURCES.txt'
[0.621s] writing manifest file 'bumperbot_msgs.egg-info/SOURCES.txt'
[0.690s] [100%] Built target ament_cmake_python_build_bumperbot_msgs_egg
[0.722s] Invoked command in '/home/mr_ray/bumperbot_ws/build/bumperbot_msgs' returned '0': CMAKE_PREFIX_PATH=/opt/ros/humble /usr/bin/cmake --build /home/mr_ray/bumperbot_ws/build/bumperbot_msgs -- -j8 -l8
[0.872s] Invoking command in '/home/mr_ray/bumperbot_ws/build/bumperbot_msgs': CMAKE_PREFIX_PATH=/opt/ros/humble /usr/bin/cmake --install /home/mr_ray/bumperbot_ws/build/bumperbot_msgs
[0.886s] -- Install configuration: ""
[0.886s] -- Installing: /home/mr_ray/bumperbot_ws/install/bumperbot_msgs/share/ament_index/resource_index/rosidl_interfaces/bumperbot_msgs
[0.886s] -- Installing: /home/mr_ray/bumperbot_ws/install/bumperbot_msgs/include/bumperbot_msgs/bumperbot_msgs
[0.887s] -- Installing: /home/mr_ray/bumperbot_ws/install/bumperbot_msgs/include/bumperbot_msgs/bumperbot_msgs/msg
[0.887s] -- Installing: /home/mr_ray/bumperbot_ws/install/bumperbot_msgs/include/bumperbot_msgs/bumperbot_msgs/msg/rosidl_generator_c__visibility_control.h
[0.887s] -- Installing: /home/mr_ray/bumperbot_ws/install/bumperbot_msgs/include/bumperbot_msgs/bumperbot_msgs/srv
[0.888s] -- Installing: /home/mr_ray/bumperbot_ws/install/bumperbot_msgs/include/bumperbot_msgs/bumperbot_msgs/srv/add_twoints.h
[0.888s] -- Installing: /home/mr_ray/bumperbot_ws/install/bumperbot_msgs/include/bumperbot_msgs/bumperbot_msgs/srv/detail
[0.888s] -- Installing: /home/mr_ray/bumperbot_ws/install/bumperbot_msgs/include/bumperbot_msgs/bumperbot_msgs/srv/detail/add_twoints__functions.c
[0.889s] -- Installing: /home/mr_ray/bumperbot_ws/install/bumperbot_msgs/include/bumperbot_msgs/bumperbot_msgs/srv/detail/get_transform__functions.h
[0.889s] -- Installing: /home/mr_ray/bumperbot_ws/install/bumperbot_msgs/include/bumperbot_msgs/bumperbot_msgs/srv/detail/get_transform__struct.h
[0.890s] -- Installing: /home/mr_ray/bumperbot_ws/install/bumperbot_msgs/include/bumperbot_msgs/bumperbot_msgs/srv/detail/add_twoints__type_support.h
[0.890s] -- Installing: /home/mr_ray/bumperbot_ws/install/bumperbot_msgs/include/bumperbot_msgs/bumperbot_msgs/srv/detail/get_transform__functions.c
[0.891s] -- Installing: /home/mr_ray/bumperbot_ws/install/bumperbot_msgs/include/bumperbot_msgs/bumperbot_msgs/srv/detail/add_twoints__struct.h
[0.891s] -- Installing: /home/mr_ray/bumperbot_ws/install/bumperbot_msgs/include/bumperbot_msgs/bumperbot_msgs/srv/detail/add_twoints__functions.h
[0.892s] -- Installing: /home/mr_ray/bumperbot_ws/install/bumperbot_msgs/include/bumperbot_msgs/bumperbot_msgs/srv/detail/get_transform__type_support.h
[0.893s] -- Installing: /home/mr_ray/bumperbot_ws/install/bumperbot_msgs/include/bumperbot_msgs/bumperbot_msgs/srv/get_transform.h
[0.893s] -- Installing: /home/mr_ray/bumperbot_ws/install/bumperbot_msgs/share/bumperbot_msgs/environment/library_path.sh
[0.894s] -- Installing: /home/mr_ray/bumperbot_ws/install/bumperbot_msgs/share/bumperbot_msgs/environment/library_path.dsv
[0.894s] -- Installing: /home/mr_ray/bumperbot_ws/install/bumperbot_msgs/lib/libbumperbot_msgs__rosidl_generator_c.so
[0.896s] -- Set runtime path of "/home/mr_ray/bumperbot_ws/install/bumperbot_msgs/lib/libbumperbot_msgs__rosidl_generator_c.so" to ""
[0.896s] -- Up-to-date: /home/mr_ray/bumperbot_ws/install/bumperbot_msgs/include/bumperbot_msgs/bumperbot_msgs
[0.896s] -- Up-to-date: /home/mr_ray/bumperbot_ws/install/bumperbot_msgs/include/bumperbot_msgs/bumperbot_msgs/msg
[0.897s] -- Installing: /home/mr_ray/bumperbot_ws/install/bumperbot_msgs/include/bumperbot_msgs/bumperbot_msgs/msg/rosidl_typesupport_fastrtps_c__visibility_control.h
[0.897s] -- Up-to-date: /home/mr_ray/bumperbot_ws/install/bumperbot_msgs/include/bumperbot_msgs/bumperbot_msgs/srv
[0.897s] -- Up-to-date: /home/mr_ray/bumperbot_ws/install/bumperbot_msgs/include/bumperbot_msgs/bumperbot_msgs/srv/detail
[0.897s] -- Installing: /home/mr_ray/bumperbot_ws/install/bumperbot_msgs/include/bumperbot_msgs/bumperbot_msgs/srv/detail/get_transform__rosidl_typesupport_fastrtps_c.h
[0.897s] -- Installing: /home/mr_ray/bumperbot_ws/install/bumperbot_msgs/include/bumperbot_msgs/bumperbot_msgs/srv/detail/add_twoints__rosidl_typesupport_fastrtps_c.h
[0.898s] -- Installing: /home/mr_ray/bumperbot_ws/install/bumperbot_msgs/lib/libbumperbot_msgs__rosidl_typesupport_fastrtps_c.so
[0.899s] -- Set runtime path of "/home/mr_ray/bumperbot_ws/install/bumperbot_msgs/lib/libbumperbot_msgs__rosidl_typesupport_fastrtps_c.so" to ""
[0.899s] -- Up-to-date: /home/mr_ray/bumperbot_ws/install/bumperbot_msgs/include/bumperbot_msgs/bumperbot_msgs
[0.901s] -- Up-to-date: /home/mr_ray/bumperbot_ws/install/bumperbot_msgs/include/bumperbot_msgs/bumperbot_msgs/srv
[0.902s] -- Installing: /home/mr_ray/bumperbot_ws/install/bumperbot_msgs/include/bumperbot_msgs/bumperbot_msgs/srv/add_twoints.hpp
[0.902s] -- Installing: /home/mr_ray/bumperbot_ws/install/bumperbot_msgs/include/bumperbot_msgs/bumperbot_msgs/srv/get_transform.hpp
[0.902s] -- Up-to-date: /home/mr_ray/bumperbot_ws/install/bumperbot_msgs/include/bumperbot_msgs/bumperbot_msgs/srv/detail
[0.902s] -- Installing: /home/mr_ray/bumperbot_ws/install/bumperbot_msgs/include/bumperbot_msgs/bumperbot_msgs/srv/detail/get_transform__builder.hpp
[0.902s] -- Installing: /home/mr_ray/bumperbot_ws/install/bumperbot_msgs/include/bumperbot_msgs/bumperbot_msgs/srv/detail/get_transform__traits.hpp
[0.902s] -- Installing: /home/mr_ray/bumperbot_ws/install/bumperbot_msgs/include/bumperbot_msgs/bumperbot_msgs/srv/detail/get_transform__struct.hpp
[0.904s] -- Installing: /home/mr_ray/bumperbot_ws/install/bumperbot_msgs/include/bumperbot_msgs/bumperbot_msgs/srv/detail/add_twoints__traits.hpp
[0.906s] -- Installing: /home/mr_ray/bumperbot_ws/install/bumperbot_msgs/include/bumperbot_msgs/bumperbot_msgs/srv/detail/add_twoints__struct.hpp
[0.906s] -- Installing: /home/mr_ray/bumperbot_ws/install/bumperbot_msgs/include/bumperbot_msgs/bumperbot_msgs/srv/detail/add_twoints__builder.hpp
[0.906s] -- Up-to-date: /home/mr_ray/bumperbot_ws/install/bumperbot_msgs/include/bumperbot_msgs/bumperbot_msgs
[0.906s] -- Up-to-date: /home/mr_ray/bumperbot_ws/install/bumperbot_msgs/include/bumperbot_msgs/bumperbot_msgs/msg
[0.906s] -- Installing: /home/mr_ray/bumperbot_ws/install/bumperbot_msgs/include/bumperbot_msgs/bumperbot_msgs/msg/rosidl_typesupport_fastrtps_cpp__visibility_control.h
[0.907s] -- Up-to-date: /home/mr_ray/bumperbot_ws/install/bumperbot_msgs/include/bumperbot_msgs/bumperbot_msgs/srv
[0.907s] -- Up-to-date: /home/mr_ray/bumperbot_ws/install/bumperbot_msgs/include/bumperbot_msgs/bumperbot_msgs/srv/detail
[0.907s] -- Installing: /home/mr_ray/bumperbot_ws/install/bumperbot_msgs/include/bumperbot_msgs/bumperbot_msgs/srv/detail/dds_fastrtps
[0.908s] -- Installing: /home/mr_ray/bumperbot_ws/install/bumperbot_msgs/include/bumperbot_msgs/bumperbot_msgs/srv/detail/add_twoints__rosidl_typesupport_fastrtps_cpp.hpp
[0.908s] -- Installing: /home/mr_ray/bumperbot_ws/install/bumperbot_msgs/include/bumperbot_msgs/bumperbot_msgs/srv/detail/get_transform__rosidl_typesupport_fastrtps_cpp.hpp
[0.909s] -- Installing: /home/mr_ray/bumperbot_ws/install/bumperbot_msgs/lib/libbumperbot_msgs__rosidl_typesupport_fastrtps_cpp.so
[0.909s] -- Set runtime path of "/home/mr_ray/bumperbot_ws/install/bumperbot_msgs/lib/libbumperbot_msgs__rosidl_typesupport_fastrtps_cpp.so" to ""
[0.910s] -- Up-to-date: /home/mr_ray/bumperbot_ws/install/bumperbot_msgs/include/bumperbot_msgs/bumperbot_msgs
[0.910s] -- Up-to-date: /home/mr_ray/bumperbot_ws/install/bumperbot_msgs/include/bumperbot_msgs/bumperbot_msgs/msg
[0.910s] -- Installing: /home/mr_ray/bumperbot_ws/install/bumperbot_msgs/include/bumperbot_msgs/bumperbot_msgs/msg/rosidl_typesupport_introspection_c__visibility_control.h
[0.910s] -- Up-to-date: /home/mr_ray/bumperbot_ws/install/bumperbot_msgs/include/bumperbot_msgs/bumperbot_msgs/srv
[0.910s] -- Up-to-date: /home/mr_ray/bumperbot_ws/install/bumperbot_msgs/include/bumperbot_msgs/bumperbot_msgs/srv/detail
[0.910s] -- Installing: /home/mr_ray/bumperbot_ws/install/bumperbot_msgs/include/bumperbot_msgs/bumperbot_msgs/srv/detail/get_transform__type_support.c
[0.911s] -- Installing: /home/mr_ray/bumperbot_ws/install/bumperbot_msgs/include/bumperbot_msgs/bumperbot_msgs/srv/detail/add_twoints__type_support.c
[0.911s] -- Installing: /home/mr_ray/bumperbot_ws/install/bumperbot_msgs/include/bumperbot_msgs/bumperbot_msgs/srv/detail/get_transform__rosidl_typesupport_introspection_c.h
[0.911s] -- Installing: /home/mr_ray/bumperbot_ws/install/bumperbot_msgs/include/bumperbot_msgs/bumperbot_msgs/srv/detail/add_twoints__rosidl_typesupport_introspection_c.h
[0.911s] -- Installing: /home/mr_ray/bumperbot_ws/install/bumperbot_msgs/lib/libbumperbot_msgs__rosidl_typesupport_introspection_c.so
[0.911s] -- Set runtime path of "/home/mr_ray/bumperbot_ws/install/bumperbot_msgs/lib/libbumperbot_msgs__rosidl_typesupport_introspection_c.so" to ""
[0.912s] -- Installing: /home/mr_ray/bumperbot_ws/install/bumperbot_msgs/lib/libbumperbot_msgs__rosidl_typesupport_c.so
[0.912s] -- Set runtime path of "/home/mr_ray/bumperbot_ws/install/bumperbot_msgs/lib/libbumperbot_msgs__rosidl_typesupport_c.so" to ""
[0.912s] -- Up-to-date: /home/mr_ray/bumperbot_ws/install/bumperbot_msgs/include/bumperbot_msgs/bumperbot_msgs
[0.912s] -- Up-to-date: /home/mr_ray/bumperbot_ws/install/bumperbot_msgs/include/bumperbot_msgs/bumperbot_msgs/srv
[0.913s] -- Up-to-date: /home/mr_ray/bumperbot_ws/install/bumperbot_msgs/include/bumperbot_msgs/bumperbot_msgs/srv/detail
[0.913s] -- Installing: /home/mr_ray/bumperbot_ws/install/bumperbot_msgs/include/bumperbot_msgs/bumperbot_msgs/srv/detail/add_twoints__type_support.cpp
[0.913s] -- Installing: /home/mr_ray/bumperbot_ws/install/bumperbot_msgs/include/bumperbot_msgs/bumperbot_msgs/srv/detail/add_twoints__rosidl_typesupport_introspection_cpp.hpp
[0.913s] -- Installing: /home/mr_ray/bumperbot_ws/install/bumperbot_msgs/include/bumperbot_msgs/bumperbot_msgs/srv/detail/get_transform__rosidl_typesupport_introspection_cpp.hpp
[0.913s] -- Installing: /home/mr_ray/bumperbot_ws/install/bumperbot_msgs/include/bumperbot_msgs/bumperbot_msgs/srv/detail/get_transform__type_support.cpp
[0.914s] -- Installing: /home/mr_ray/bumperbot_ws/install/bumperbot_msgs/lib/libbumperbot_msgs__rosidl_typesupport_introspection_cpp.so
[0.915s] -- Set runtime path of "/home/mr_ray/bumperbot_ws/install/bumperbot_msgs/lib/libbumperbot_msgs__rosidl_typesupport_introspection_cpp.so" to ""
[0.917s] -- Installing: /home/mr_ray/bumperbot_ws/install/bumperbot_msgs/lib/libbumperbot_msgs__rosidl_typesupport_cpp.so
[0.917s] -- Set runtime path of "/home/mr_ray/bumperbot_ws/install/bumperbot_msgs/lib/libbumperbot_msgs__rosidl_typesupport_cpp.so" to ""
[0.918s] -- Installing: /home/mr_ray/bumperbot_ws/install/bumperbot_msgs/share/bumperbot_msgs/environment/pythonpath.sh
[0.918s] -- Installing: /home/mr_ray/bumperbot_ws/install/bumperbot_msgs/share/bumperbot_msgs/environment/pythonpath.dsv
[0.918s] -- Installing: /home/mr_ray/bumperbot_ws/install/bumperbot_msgs/local/lib/python3.10/dist-packages/bumperbot_msgs-0.0.0-py3.10.egg-info
[0.918s] -- Installing: /home/mr_ray/bumperbot_ws/install/bumperbot_msgs/local/lib/python3.10/dist-packages/bumperbot_msgs-0.0.0-py3.10.egg-info/PKG-INFO
[0.919s] -- Installing: /home/mr_ray/bumperbot_ws/install/bumperbot_msgs/local/lib/python3.10/dist-packages/bumperbot_msgs-0.0.0-py3.10.egg-info/SOURCES.txt
[0.919s] -- Installing: /home/mr_ray/bumperbot_ws/install/bumperbot_msgs/local/lib/python3.10/dist-packages/bumperbot_msgs-0.0.0-py3.10.egg-info/top_level.txt
[0.919s] -- Installing: /home/mr_ray/bumperbot_ws/install/bumperbot_msgs/local/lib/python3.10/dist-packages/bumperbot_msgs-0.0.0-py3.10.egg-info/dependency_links.txt
[0.919s] -- Installing: /home/mr_ray/bumperbot_ws/install/bumperbot_msgs/local/lib/python3.10/dist-packages/bumperbot_msgs
[0.919s] -- Installing: /home/mr_ray/bumperbot_ws/install/bumperbot_msgs/local/lib/python3.10/dist-packages/bumperbot_msgs/_bumperbot_msgs_s.ep.rosidl_typesupport_introspection_c.c
[0.920s] -- Installing: /home/mr_ray/bumperbot_ws/install/bumperbot_msgs/local/lib/python3.10/dist-packages/bumperbot_msgs/bumperbot_msgs_s__rosidl_typesupport_fastrtps_c.cpython-310-x86_64-linux-gnu.so
[0.920s] -- Installing: /home/mr_ray/bumperbot_ws/install/bumperbot_msgs/local/lib/python3.10/dist-packages/bumperbot_msgs/bumperbot_msgs_s__rosidl_typesupport_introspection_c.cpython-310-x86_64-linux-gnu.so
[0.920s] -- Installing: /home/mr_ray/bumperbot_ws/install/bumperbot_msgs/local/lib/python3.10/dist-packages/bumperbot_msgs/_bumperbot_msgs_s.ep.rosidl_typesupport_fastrtps_c.c
[0.920s] -- Installing: /home/mr_ray/bumperbot_ws/install/bumperbot_msgs/local/lib/python3.10/dist-packages/bumperbot_msgs/bumperbot_msgs_s__rosidl_typesupport_c.cpython-310-x86_64-linux-gnu.so
[0.920s] -- Installing: /home/mr_ray/bumperbot_ws/install/bumperbot_msgs/local/lib/python3.10/dist-packages/bumperbot_msgs/libbumperbot_msgs__rosidl_generator_py.so
[0.920s] -- Installing: /home/mr_ray/bumperbot_ws/install/bumperbot_msgs/local/lib/python3.10/dist-packages/bumperbot_msgs/srv
[0.921s] -- Installing: /home/mr_ray/bumperbot_ws/install/bumperbot_msgs/local/lib/python3.10/dist-packages/bumperbot_msgs/srv/_get_transform_s.c
[0.921s] -- Installing: /home/mr_ray/bumperbot_ws/install/bumperbot_msgs/local/lib/python3.10/dist-packages/bumperbot_msgs/srv/_add_twoints.py
[0.921s] -- Installing: /home/mr_ray/bumperbot_ws/install/bumperbot_msgs/local/lib/python3.10/dist-packages/bumperbot_msgs/srv/_add_twoints_s.c
[0.921s] -- Installing: /home/mr_ray/bumperbot_ws/install/bumperbot_msgs/local/lib/python3.10/dist-packages/bumperbot_msgs/srv/__init__.py
[0.921s] -- Installing: /home/mr_ray/bumperbot_ws/install/bumperbot_msgs/local/lib/python3.10/dist-packages/bumperbot_msgs/srv/_get_transform.py
[0.922s] -- Installing: /home/mr_ray/bumperbot_ws/install/bumperbot_msgs/local/lib/python3.10/dist-packages/bumperbot_msgs/__init__.py
[0.922s] -- Installing: /home/mr_ray/bumperbot_ws/install/bumperbot_msgs/local/lib/python3.10/dist-packages/bumperbot_msgs/_bumperbot_msgs_s.ep.rosidl_typesupport_c.c
[0.978s] Listing '/home/mr_ray/bumperbot_ws/install/bumperbot_msgs/local/lib/python3.10/dist-packages/bumperbot_msgs'...
[0.978s] Compiling '/home/mr_ray/bumperbot_ws/install/bumperbot_msgs/local/lib/python3.10/dist-packages/bumperbot_msgs/__init__.py'...
[0.978s] Listing '/home/mr_ray/bumperbot_ws/install/bumperbot_msgs/local/lib/python3.10/dist-packages/bumperbot_msgs/srv'...
[0.978s] Compiling '/home/mr_ray/bumperbot_ws/install/bumperbot_msgs/local/lib/python3.10/dist-packages/bumperbot_msgs/srv/__init__.py'...
[0.978s] Compiling '/home/mr_ray/bumperbot_ws/install/bumperbot_msgs/local/lib/python3.10/dist-packages/bumperbot_msgs/srv/_add_twoints.py'...
[0.979s] Compiling '/home/mr_ray/bumperbot_ws/install/bumperbot_msgs/local/lib/python3.10/dist-packages/bumperbot_msgs/srv/_get_transform.py'...
[0.987s] -- Installing: /home/mr_ray/bumperbot_ws/install/bumperbot_msgs/local/lib/python3.10/dist-packages/bumperbot_msgs/bumperbot_msgs_s__rosidl_typesupport_fastrtps_c.cpython-310-x86_64-linux-gnu.so
[0.990s] -- Set runtime path of "/home/mr_ray/bumperbot_ws/install/bumperbot_msgs/local/lib/python3.10/dist-packages/bumperbot_msgs/bumperbot_msgs_s__rosidl_typesupport_fastrtps_c.cpython-310-x86_64-linux-gnu.so" to ""
[0.990s] -- Installing: /home/mr_ray/bumperbot_ws/install/bumperbot_msgs/local/lib/python3.10/dist-packages/bumperbot_msgs/bumperbot_msgs_s__rosidl_typesupport_introspection_c.cpython-310-x86_64-linux-gnu.so
[0.990s] -- Set runtime path of "/home/mr_ray/bumperbot_ws/install/bumperbot_msgs/local/lib/python3.10/dist-packages/bumperbot_msgs/bumperbot_msgs_s__rosidl_typesupport_introspection_c.cpython-310-x86_64-linux-gnu.so" to ""
[0.990s] -- Installing: /home/mr_ray/bumperbot_ws/install/bumperbot_msgs/local/lib/python3.10/dist-packages/bumperbot_msgs/bumperbot_msgs_s__rosidl_typesupport_c.cpython-310-x86_64-linux-gnu.so
[0.990s] -- Set runtime path of "/home/mr_ray/bumperbot_ws/install/bumperbot_msgs/local/lib/python3.10/dist-packages/bumperbot_msgs/bumperbot_msgs_s__rosidl_typesupport_c.cpython-310-x86_64-linux-gnu.so" to ""
[0.990s] -- Installing: /home/mr_ray/bumperbot_ws/install/bumperbot_msgs/lib/libbumperbot_msgs__rosidl_generator_py.so
[0.991s] -- Set runtime path of "/home/mr_ray/bumperbot_ws/install/bumperbot_msgs/lib/libbumperbot_msgs__rosidl_generator_py.so" to ""
[0.991s] -- Installing: /home/mr_ray/bumperbot_ws/install/bumperbot_msgs/share/bumperbot_msgs/srv/AddTwoints.idl
[0.992s] -- Installing: /home/mr_ray/bumperbot_ws/install/bumperbot_msgs/share/bumperbot_msgs/srv/GetTransform.idl
[0.992s] -- Installing: /home/mr_ray/bumperbot_ws/install/bumperbot_msgs/share/bumperbot_msgs/srv/AddTwoints.srv
[0.992s] -- Installing: /home/mr_ray/bumperbot_ws/install/bumperbot_msgs/share/bumperbot_msgs/srv/AddTwoints_Request.msg
[0.993s] -- Installing: /home/mr_ray/bumperbot_ws/install/bumperbot_msgs/share/bumperbot_msgs/srv/AddTwoints_Response.msg
[0.993s] -- Installing: /home/mr_ray/bumperbot_ws/install/bumperbot_msgs/share/bumperbot_msgs/srv/GetTransform.srv
[0.993s] -- Installing: /home/mr_ray/bumperbot_ws/install/bumperbot_msgs/share/bumperbot_msgs/srv/GetTransform_Request.msg
[0.993s] -- Installing: /home/mr_ray/bumperbot_ws/install/bumperbot_msgs/share/bumperbot_msgs/srv/GetTransform_Response.msg
[0.994s] -- Installing: /home/mr_ray/bumperbot_ws/install/bumperbot_msgs/share/ament_index/resource_index/package_run_dependencies/bumperbot_msgs
[0.994s] -- Installing: /home/mr_ray/bumperbot_ws/install/bumperbot_msgs/share/ament_index/resource_index/parent_prefix_path/bumperbot_msgs
[0.994s] -- Installing: /home/mr_ray/bumperbot_ws/install/bumperbot_msgs/share/bumperbot_msgs/environment/ament_prefix_path.sh
[0.996s] -- Installing: /home/mr_ray/bumperbot_ws/install/bumperbot_msgs/share/bumperbot_msgs/environment/ament_prefix_path.dsv
[0.997s] -- Installing: /home/mr_ray/bumperbot_ws/install/bumperbot_msgs/share/bumperbot_msgs/environment/path.sh
[0.998s] -- Installing: /home/mr_ray/bumperbot_ws/install/bumperbot_msgs/share/bumperbot_msgs/environment/path.dsv
[0.998s] -- Installing: /home/mr_ray/bumperbot_ws/install/bumperbot_msgs/share/bumperbot_msgs/local_setup.bash
[0.998s] -- Installing: /home/mr_ray/bumperbot_ws/install/bumperbot_msgs/share/bumperbot_msgs/local_setup.sh
[0.998s] -- Installing: /home/mr_ray/bumperbot_ws/install/bumperbot_msgs/share/bumperbot_msgs/local_setup.zsh
[0.999s] -- Installing: /home/mr_ray/bumperbot_ws/install/bumperbot_msgs/share/bumperbot_msgs/local_setup.dsv
[0.999s] -- Installing: /home/mr_ray/bumperbot_ws/install/bumperbot_msgs/share/bumperbot_msgs/package.dsv
[0.999s] -- Installing: /home/mr_ray/bumperbot_ws/install/bumperbot_msgs/share/ament_index/resource_index/packages/bumperbot_msgs
[0.999s] -- Installing: /home/mr_ray/bumperbot_ws/install/bumperbot_msgs/share/bumperbot_msgs/cmake/export_bumperbot_msgs__rosidl_generator_cExport.cmake
[1.000s] -- Installing: /home/mr_ray/bumperbot_ws/install/bumperbot_msgs/share/bumperbot_msgs/cmake/export_bumperbot_msgs__rosidl_generator_cExport-noconfig.cmake
[1.000s] -- Installing: /home/mr_ray/bumperbot_ws/install/bumperbot_msgs/share/bumperbot_msgs/cmake/export_bumperbot_msgs__rosidl_typesupport_fastrtps_cExport.cmake
[1.000s] -- Installing: /home/mr_ray/bumperbot_ws/install/bumperbot_msgs/share/bumperbot_msgs/cmake/export_bumperbot_msgs__rosidl_typesupport_fastrtps_cExport-noconfig.cmake
[1.000s] -- Installing: /home/mr_ray/bumperbot_ws/install/bumperbot_msgs/share/bumperbot_msgs/cmake/export_bumperbot_msgs__rosidl_generator_cppExport.cmake
[1.001s] -- Installing: /home/mr_ray/bumperbot_ws/install/bumperbot_msgs/share/bumperbot_msgs/cmake/export_bumperbot_msgs__rosidl_typesupport_fastrtps_cppExport.cmake
[1.001s] -- Installing: /home/mr_ray/bumperbot_ws/install/bumperbot_msgs/share/bumperbot_msgs/cmake/export_bumperbot_msgs__rosidl_typesupport_fastrtps_cppExport-noconfig.cmake
[1.003s] -- Installing: /home/mr_ray/bumperbot_ws/install/bumperbot_msgs/share/bumperbot_msgs/cmake/bumperbot_msgs__rosidl_typesupport_introspection_cExport.cmake
[1.003s] -- Installing: /home/mr_ray/bumperbot_ws/install/bumperbot_msgs/share/bumperbot_msgs/cmake/bumperbot_msgs__rosidl_typesupport_introspection_cExport-noconfig.cmake
[1.003s] -- Installing: /home/mr_ray/bumperbot_ws/install/bumperbot_msgs/share/bumperbot_msgs/cmake/bumperbot_msgs__rosidl_typesupport_cExport.cmake
[1.004s] -- Installing: /home/mr_ray/bumperbot_ws/install/bumperbot_msgs/share/bumperbot_msgs/cmake/bumperbot_msgs__rosidl_typesupport_cExport-noconfig.cmake
[1.004s] -- Installing: /home/mr_ray/bumperbot_ws/install/bumperbot_msgs/share/bumperbot_msgs/cmake/bumperbot_msgs__rosidl_typesupport_introspection_cppExport.cmake
[1.004s] -- Installing: /home/mr_ray/bumperbot_ws/install/bumperbot_msgs/share/bumperbot_msgs/cmake/bumperbot_msgs__rosidl_typesupport_introspection_cppExport-noconfig.cmake
[1.004s] -- Installing: /home/mr_ray/bumperbot_ws/install/bumperbot_msgs/share/bumperbot_msgs/cmake/bumperbot_msgs__rosidl_typesupport_cppExport.cmake
[1.005s] -- Installing: /home/mr_ray/bumperbot_ws/install/bumperbot_msgs/share/bumperbot_msgs/cmake/bumperbot_msgs__rosidl_typesupport_cppExport-noconfig.cmake
[1.005s] -- Installing: /home/mr_ray/bumperbot_ws/install/bumperbot_msgs/share/bumperbot_msgs/cmake/export_bumperbot_msgs__rosidl_generator_pyExport.cmake
[1.005s] -- Installing: /home/mr_ray/bumperbot_ws/install/bumperbot_msgs/share/bumperbot_msgs/cmake/export_bumperbot_msgs__rosidl_generator_pyExport-noconfig.cmake
[1.006s] -- Installing: /home/mr_ray/bumperbot_ws/install/bumperbot_msgs/share/bumperbot_msgs/cmake/rosidl_cmake-extras.cmake
[1.006s] -- Installing: /home/mr_ray/bumperbot_ws/install/bumperbot_msgs/share/bumperbot_msgs/cmake/ament_cmake_export_dependencies-extras.cmake
[1.006s] -- Installing: /home/mr_ray/bumperbot_ws/install/bumperbot_msgs/share/bumperbot_msgs/cmake/ament_cmake_export_include_directories-extras.cmake
[1.007s] -- Installing: /home/mr_ray/bumperbot_ws/install/bumperbot_msgs/share/bumperbot_msgs/cmake/ament_cmake_export_libraries-extras.cmake
[1.007s] -- Installing: /home/mr_ray/bumperbot_ws/install/bumperbot_msgs/share/bumperbot_msgs/cmake/ament_cmake_export_targets-extras.cmake
[1.008s] -- Installing: /home/mr_ray/bumperbot_ws/install/bumperbot_msgs/share/bumperbot_msgs/cmake/rosidl_cmake_export_typesupport_targets-extras.cmake
[1.008s] -- Installing: /home/mr_ray/bumperbot_ws/install/bumperbot_msgs/share/bumperbot_msgs/cmake/rosidl_cmake_export_typesupport_libraries-extras.cmake
[1.008s] -- Installing: /home/mr_ray/bumperbot_ws/install/bumperbot_msgs/share/bumperbot_msgs/cmake/bumperbot_msgsConfig.cmake
[1.009s] -- Installing: /home/mr_ray/bumperbot_ws/install/bumperbot_msgs/share/bumperbot_msgs/cmake/bumperbot_msgsConfig-version.cmake
[1.009s] -- Installing: /home/mr_ray/bumperbot_ws/install/bumperbot_msgs/share/bumperbot_msgs/package.xml
[1.015s] Invoked command in '/home/mr_ray/bumperbot_ws/build/bumperbot_msgs' returned '0': CMAKE_PREFIX_PATH=/opt/ros/humble /usr/bin/cmake --install /home/mr_ray/bumperbot_ws/build/bumperbot_msgs
