[0.019s] Invoking command in '/home/mr_ray/bumperbot_ws/build/bumperbot_cpp_example': AMENT_PREFIX_PATH=/home/mr_ray/bumperbot_ws/install/bumperbot_msgs:${AMENT_PREFIX_PATH} CMAKE_PREFIX_PATH=/home/mr_ray/bumperbot_ws/install/bumperbot_msgs:/opt/ros/humble LD_LIBRARY_PATH=/home/mr_ray/bumperbot_ws/install/bumperbot_msgs/lib:${LD_LIBRARY_PATH} PYTHONPATH=/home/mr_ray/bumperbot_ws/install/bumperbot_msgs/local/lib/python3.10/dist-packages:${PYTHONPATH} /usr/bin/cmake --build /home/mr_ray/bumperbot_ws/build/bumperbot_cpp_example -- -j8 -l8
[0.130s] [ 25%] Built target simple_service_server
[0.130s] [ 25%] Built target simple_publisher
[0.132s] [ 37%] Built target simple_parameter
[0.135s] [ 50%] Built target simple_tf_kinematics
[0.136s] [ 62%] Built target simple_subscriber
[0.138s] [ 75%] Built target simple_service_client
[0.143s] [ 87%] Built target simple_turtlesim_kinematics
[0.146s] [100%] Built target simple_lifecycle_node
[0.165s] Invoked command in '/home/mr_ray/bumperbot_ws/build/bumperbot_cpp_example' returned '0': AMENT_PREFIX_PATH=/home/mr_ray/bumperbot_ws/install/bumperbot_msgs:${AMENT_PREFIX_PATH} CMAKE_PREFIX_PATH=/home/mr_ray/bumperbot_ws/install/bumperbot_msgs:/opt/ros/humble LD_LIBRARY_PATH=/home/mr_ray/bumperbot_ws/install/bumperbot_msgs/lib:${LD_LIBRARY_PATH} PYTHONPATH=/home/mr_ray/bumperbot_ws/install/bumperbot_msgs/local/lib/python3.10/dist-packages:${PYTHONPATH} /usr/bin/cmake --build /home/mr_ray/bumperbot_ws/build/bumperbot_cpp_example -- -j8 -l8
[0.250s] Invoking command in '/home/mr_ray/bumperbot_ws/build/bumperbot_cpp_example': AMENT_PREFIX_PATH=/home/mr_ray/bumperbot_ws/install/bumperbot_msgs:${AMENT_PREFIX_PATH} CMAKE_PREFIX_PATH=/home/mr_ray/bumperbot_ws/install/bumperbot_msgs:/opt/ros/humble LD_LIBRARY_PATH=/home/mr_ray/bumperbot_ws/install/bumperbot_msgs/lib:${LD_LIBRARY_PATH} PYTHONPATH=/home/mr_ray/bumperbot_ws/install/bumperbot_msgs/local/lib/python3.10/dist-packages:${PYTHONPATH} /usr/bin/cmake --install /home/mr_ray/bumperbot_ws/build/bumperbot_cpp_example
[0.267s] -- Install configuration: ""
[0.267s] -- Installing: /home/mr_ray/bumperbot_ws/install/bumperbot_cpp_example/include/include
[0.267s] -- Installing: /home/mr_ray/bumperbot_ws/install/bumperbot_cpp_example/include/include/bumperbot_cpp_example
[0.268s] -- Installing: /home/mr_ray/bumperbot_ws/install/bumperbot_cpp_example/include/include/bumperbot_cpp_example/simpple_turtlesim_kinematics.hpp
[0.268s] -- Installing: /home/mr_ray/bumperbot_ws/install/bumperbot_cpp_example/include/include/bumperbot_cpp_example/simple_tf_kinematics.hpp
[0.270s] -- Installing: /home/mr_ray/bumperbot_ws/install/bumperbot_cpp_example/lib/bumperbot_cpp_example/simple_publisher
[0.274s] -- Set runtime path of "/home/mr_ray/bumperbot_ws/install/bumperbot_cpp_example/lib/bumperbot_cpp_example/simple_publisher" to ""
[0.274s] -- Installing: /home/mr_ray/bumperbot_ws/install/bumperbot_cpp_example/lib/bumperbot_cpp_example/simple_subscriber
[0.283s] -- Set runtime path of "/home/mr_ray/bumperbot_ws/install/bumperbot_cpp_example/lib/bumperbot_cpp_example/simple_subscriber" to ""
[0.283s] -- Installing: /home/mr_ray/bumperbot_ws/install/bumperbot_cpp_example/lib/bumperbot_cpp_example/simple_parameter
[0.284s] -- Set runtime path of "/home/mr_ray/bumperbot_ws/install/bumperbot_cpp_example/lib/bumperbot_cpp_example/simple_parameter" to ""
[0.284s] -- Installing: /home/mr_ray/bumperbot_ws/install/bumperbot_cpp_example/lib/bumperbot_cpp_example/simple_turtlesim_kinematics
[0.293s] -- Set runtime path of "/home/mr_ray/bumperbot_ws/install/bumperbot_cpp_example/lib/bumperbot_cpp_example/simple_turtlesim_kinematics" to ""
[0.293s] -- Installing: /home/mr_ray/bumperbot_ws/install/bumperbot_cpp_example/lib/bumperbot_cpp_example/simple_tf_kinematics
[0.298s] -- Set runtime path of "/home/mr_ray/bumperbot_ws/install/bumperbot_cpp_example/lib/bumperbot_cpp_example/simple_tf_kinematics" to ""
[0.298s] -- Installing: /home/mr_ray/bumperbot_ws/install/bumperbot_cpp_example/lib/bumperbot_cpp_example/simple_service_server
[0.300s] -- Set runtime path of "/home/mr_ray/bumperbot_ws/install/bumperbot_cpp_example/lib/bumperbot_cpp_example/simple_service_server" to ""
[0.300s] -- Installing: /home/mr_ray/bumperbot_ws/install/bumperbot_cpp_example/lib/bumperbot_cpp_example/simple_service_client
[0.303s] -- Set runtime path of "/home/mr_ray/bumperbot_ws/install/bumperbot_cpp_example/lib/bumperbot_cpp_example/simple_service_client" to ""
[0.304s] -- Installing: /home/mr_ray/bumperbot_ws/install/bumperbot_cpp_example/share/ament_index/resource_index/package_run_dependencies/bumperbot_cpp_example
[0.304s] -- Installing: /home/mr_ray/bumperbot_ws/install/bumperbot_cpp_example/share/ament_index/resource_index/parent_prefix_path/bumperbot_cpp_example
[0.304s] -- Installing: /home/mr_ray/bumperbot_ws/install/bumperbot_cpp_example/share/bumperbot_cpp_example/environment/ament_prefix_path.sh
[0.305s] -- Installing: /home/mr_ray/bumperbot_ws/install/bumperbot_cpp_example/share/bumperbot_cpp_example/environment/ament_prefix_path.dsv
[0.305s] -- Installing: /home/mr_ray/bumperbot_ws/install/bumperbot_cpp_example/share/bumperbot_cpp_example/environment/path.sh
[0.306s] -- Installing: /home/mr_ray/bumperbot_ws/install/bumperbot_cpp_example/share/bumperbot_cpp_example/environment/path.dsv
[0.306s] -- Installing: /home/mr_ray/bumperbot_ws/install/bumperbot_cpp_example/share/bumperbot_cpp_example/local_setup.bash
[0.306s] -- Installing: /home/mr_ray/bumperbot_ws/install/bumperbot_cpp_example/share/bumperbot_cpp_example/local_setup.sh
[0.306s] -- Installing: /home/mr_ray/bumperbot_ws/install/bumperbot_cpp_example/share/bumperbot_cpp_example/local_setup.zsh
[0.307s] -- Installing: /home/mr_ray/bumperbot_ws/install/bumperbot_cpp_example/share/bumperbot_cpp_example/local_setup.dsv
[0.307s] -- Installing: /home/mr_ray/bumperbot_ws/install/bumperbot_cpp_example/share/bumperbot_cpp_example/package.dsv
[0.307s] -- Installing: /home/mr_ray/bumperbot_ws/install/bumperbot_cpp_example/share/ament_index/resource_index/packages/bumperbot_cpp_example
[0.307s] -- Installing: /home/mr_ray/bumperbot_ws/install/bumperbot_cpp_example/share/bumperbot_cpp_example/cmake/bumperbot_cpp_exampleConfig.cmake
[0.308s] -- Installing: /home/mr_ray/bumperbot_ws/install/bumperbot_cpp_example/share/bumperbot_cpp_example/cmake/bumperbot_cpp_exampleConfig-version.cmake
[0.308s] -- Installing: /home/mr_ray/bumperbot_ws/install/bumperbot_cpp_example/share/bumperbot_cpp_example/package.xml
[0.312s] Invoked command in '/home/mr_ray/bumperbot_ws/build/bumperbot_cpp_example' returned '0': AMENT_PREFIX_PATH=/home/mr_ray/bumperbot_ws/install/bumperbot_msgs:${AMENT_PREFIX_PATH} CMAKE_PREFIX_PATH=/home/mr_ray/bumperbot_ws/install/bumperbot_msgs:/opt/ros/humble LD_LIBRARY_PATH=/home/mr_ray/bumperbot_ws/install/bumperbot_msgs/lib:${LD_LIBRARY_PATH} PYTHONPATH=/home/mr_ray/bumperbot_ws/install/bumperbot_msgs/local/lib/python3.10/dist-packages:${PYTHONPATH} /usr/bin/cmake --install /home/mr_ray/bumperbot_ws/build/bumperbot_cpp_example
