[0.157s] DEBUG:colcon:Command line arguments: ['/usr/bin/colcon', 'build']
[0.158s] DEBUG:colcon:Parsed command line arguments: Namespace(log_base=None, log_level=None, verb_name='build', build_base='build', install_base='install', merge_install=False, symlink_install=False, test_result_base=None, continue_on_error=False, executor='parallel', parallel_workers=8, event_handlers=None, ignore_user_meta=False, metas=['./colcon.meta'], base_paths=['.'], packages_ignore=None, packages_ignore_regex=None, paths=None, packages_up_to=None, packages_up_to_regex=None, packages_above=None, packages_above_and_dependencies=None, packages_above_depth=None, packages_select_by_dep=None, packages_skip_by_dep=None, packages_skip_up_to=None, packages_select_build_failed=False, packages_skip_build_finished=False, packages_select_test_failures=False, packages_skip_test_passed=False, packages_select=None, packages_skip=None, packages_select_regex=None, packages_skip_regex=None, packages_start=None, packages_end=None, allow_overriding=[], cmake_args=None, cmake_target=None, cmake_target_skip_unavailable=False, cmake_clean_cache=False, cmake_clean_first=False, cmake_force_configure=False, ament_cmake_args=None, catkin_cmake_args=None, catkin_skip_building_tests=False, mixin_files=None, mixin=None, verb_parser=<colcon_mixin.mixin.mixin_argument.MixinArgumentDecorator object at 0x7307a013eaa0>, verb_extension=<colcon_core.verb.build.BuildVerb object at 0x7307a02f8340>, main=<bound method BuildVerb.main of <colcon_core.verb.build.BuildVerb object at 0x7307a02f8340>>, mixin_verb=('build',))
[0.367s] Level 1:colcon.colcon_core.package_discovery:discover_packages(colcon_meta) check parameters
[0.367s] Level 1:colcon.colcon_core.package_discovery:discover_packages(recursive) check parameters
[0.367s] Level 1:colcon.colcon_core.package_discovery:discover_packages(ignore) check parameters
[0.367s] Level 1:colcon.colcon_core.package_discovery:discover_packages(path) check parameters
[0.367s] Level 1:colcon.colcon_core.package_discovery:discover_packages(colcon_meta) discover
[0.367s] Level 1:colcon.colcon_core.package_discovery:discover_packages(recursive) discover
[0.367s] INFO:colcon.colcon_core.package_discovery:Crawling recursively for packages in '/home/mr_ray/bumperbot_ws'
[0.367s] Level 1:colcon.colcon_core.package_identification:_identify(.) by extensions ['ignore', 'ignore_ament_install']
[0.368s] Level 1:colcon.colcon_core.package_identification:_identify(.) by extension 'ignore'
[0.368s] Level 1:colcon.colcon_core.package_identification:_identify(.) by extension 'ignore_ament_install'
[0.368s] Level 1:colcon.colcon_core.package_identification:_identify(.) by extensions ['colcon_pkg']
[0.368s] Level 1:colcon.colcon_core.package_identification:_identify(.) by extension 'colcon_pkg'
[0.368s] Level 1:colcon.colcon_core.package_identification:_identify(.) by extensions ['colcon_meta']
[0.368s] Level 1:colcon.colcon_core.package_identification:_identify(.) by extension 'colcon_meta'
[0.368s] Level 1:colcon.colcon_core.package_identification:_identify(.) by extensions ['ros']
[0.368s] Level 1:colcon.colcon_core.package_identification:_identify(.) by extension 'ros'
[0.380s] Level 1:colcon.colcon_core.package_identification:_identify(.) by extensions ['cmake', 'python']
[0.380s] Level 1:colcon.colcon_core.package_identification:_identify(.) by extension 'cmake'
[0.380s] Level 1:colcon.colcon_core.package_identification:_identify(.) by extension 'python'
[0.380s] Level 1:colcon.colcon_core.package_identification:_identify(.) by extensions ['python_setup_py']
[0.380s] Level 1:colcon.colcon_core.package_identification:_identify(.) by extension 'python_setup_py'
[0.381s] Level 1:colcon.colcon_core.package_identification:_identify(build) by extensions ['ignore', 'ignore_ament_install']
[0.381s] Level 1:colcon.colcon_core.package_identification:_identify(build) by extension 'ignore'
[0.381s] Level 1:colcon.colcon_core.package_identification:_identify(build) ignored
[0.381s] Level 1:colcon.colcon_core.package_identification:_identify(install) by extensions ['ignore', 'ignore_ament_install']
[0.381s] Level 1:colcon.colcon_core.package_identification:_identify(install) by extension 'ignore'
[0.381s] Level 1:colcon.colcon_core.package_identification:_identify(install) ignored
[0.381s] Level 1:colcon.colcon_core.package_identification:_identify(log) by extensions ['ignore', 'ignore_ament_install']
[0.381s] Level 1:colcon.colcon_core.package_identification:_identify(log) by extension 'ignore'
[0.381s] Level 1:colcon.colcon_core.package_identification:_identify(log) ignored
[0.381s] Level 1:colcon.colcon_core.package_identification:_identify(src) by extensions ['ignore', 'ignore_ament_install']
[0.381s] Level 1:colcon.colcon_core.package_identification:_identify(src) by extension 'ignore'
[0.382s] Level 1:colcon.colcon_core.package_identification:_identify(src) by extension 'ignore_ament_install'
[0.382s] Level 1:colcon.colcon_core.package_identification:_identify(src) by extensions ['colcon_pkg']
[0.382s] Level 1:colcon.colcon_core.package_identification:_identify(src) by extension 'colcon_pkg'
[0.382s] Level 1:colcon.colcon_core.package_identification:_identify(src) by extensions ['colcon_meta']
[0.382s] Level 1:colcon.colcon_core.package_identification:_identify(src) by extension 'colcon_meta'
[0.382s] Level 1:colcon.colcon_core.package_identification:_identify(src) by extensions ['ros']
[0.382s] Level 1:colcon.colcon_core.package_identification:_identify(src) by extension 'ros'
[0.382s] Level 1:colcon.colcon_core.package_identification:_identify(src) by extensions ['cmake', 'python']
[0.382s] Level 1:colcon.colcon_core.package_identification:_identify(src) by extension 'cmake'
[0.382s] Level 1:colcon.colcon_core.package_identification:_identify(src) by extension 'python'
[0.382s] Level 1:colcon.colcon_core.package_identification:_identify(src) by extensions ['python_setup_py']
[0.382s] Level 1:colcon.colcon_core.package_identification:_identify(src) by extension 'python_setup_py'
[0.382s] Level 1:colcon.colcon_core.package_identification:_identify(src/bumperbot_bringup) by extensions ['ignore', 'ignore_ament_install']
[0.382s] Level 1:colcon.colcon_core.package_identification:_identify(src/bumperbot_bringup) by extension 'ignore'
[0.382s] Level 1:colcon.colcon_core.package_identification:_identify(src/bumperbot_bringup) by extension 'ignore_ament_install'
[0.382s] Level 1:colcon.colcon_core.package_identification:_identify(src/bumperbot_bringup) by extensions ['colcon_pkg']
[0.382s] Level 1:colcon.colcon_core.package_identification:_identify(src/bumperbot_bringup) by extension 'colcon_pkg'
[0.383s] Level 1:colcon.colcon_core.package_identification:_identify(src/bumperbot_bringup) by extensions ['colcon_meta']
[0.383s] Level 1:colcon.colcon_core.package_identification:_identify(src/bumperbot_bringup) by extension 'colcon_meta'
[0.383s] Level 1:colcon.colcon_core.package_identification:_identify(src/bumperbot_bringup) by extensions ['ros']
[0.383s] Level 1:colcon.colcon_core.package_identification:_identify(src/bumperbot_bringup) by extension 'ros'
[0.385s] DEBUG:colcon.colcon_core.package_identification:Package 'src/bumperbot_bringup' with type 'ros.ament_cmake' and name 'bumperbot_bringup'
[0.386s] Level 1:colcon.colcon_core.package_identification:_identify(src/bumperbot_controller) by extensions ['ignore', 'ignore_ament_install']
[0.386s] Level 1:colcon.colcon_core.package_identification:_identify(src/bumperbot_controller) by extension 'ignore'
[0.386s] Level 1:colcon.colcon_core.package_identification:_identify(src/bumperbot_controller) by extension 'ignore_ament_install'
[0.386s] Level 1:colcon.colcon_core.package_identification:_identify(src/bumperbot_controller) by extensions ['colcon_pkg']
[0.386s] Level 1:colcon.colcon_core.package_identification:_identify(src/bumperbot_controller) by extension 'colcon_pkg'
[0.386s] Level 1:colcon.colcon_core.package_identification:_identify(src/bumperbot_controller) by extensions ['colcon_meta']
[0.386s] Level 1:colcon.colcon_core.package_identification:_identify(src/bumperbot_controller) by extension 'colcon_meta'
[0.386s] Level 1:colcon.colcon_core.package_identification:_identify(src/bumperbot_controller) by extensions ['ros']
[0.386s] Level 1:colcon.colcon_core.package_identification:_identify(src/bumperbot_controller) by extension 'ros'
[0.387s] DEBUG:colcon.colcon_core.package_identification:Package 'src/bumperbot_controller' with type 'ros.ament_cmake' and name 'bumperbot_controller'
[0.388s] Level 1:colcon.colcon_core.package_identification:_identify(src/bumperbot_cpp_example) by extensions ['ignore', 'ignore_ament_install']
[0.388s] Level 1:colcon.colcon_core.package_identification:_identify(src/bumperbot_cpp_example) by extension 'ignore'
[0.388s] Level 1:colcon.colcon_core.package_identification:_identify(src/bumperbot_cpp_example) by extension 'ignore_ament_install'
[0.388s] Level 1:colcon.colcon_core.package_identification:_identify(src/bumperbot_cpp_example) by extensions ['colcon_pkg']
[0.388s] Level 1:colcon.colcon_core.package_identification:_identify(src/bumperbot_cpp_example) by extension 'colcon_pkg'
[0.388s] Level 1:colcon.colcon_core.package_identification:_identify(src/bumperbot_cpp_example) by extensions ['colcon_meta']
[0.388s] Level 1:colcon.colcon_core.package_identification:_identify(src/bumperbot_cpp_example) by extension 'colcon_meta'
[0.388s] Level 1:colcon.colcon_core.package_identification:_identify(src/bumperbot_cpp_example) by extensions ['ros']
[0.388s] Level 1:colcon.colcon_core.package_identification:_identify(src/bumperbot_cpp_example) by extension 'ros'
[0.389s] DEBUG:colcon.colcon_core.package_identification:Package 'src/bumperbot_cpp_example' with type 'ros.ament_cmake' and name 'bumperbot_cpp_example'
[0.390s] Level 1:colcon.colcon_core.package_identification:_identify(src/bumperbot_description) by extensions ['ignore', 'ignore_ament_install']
[0.390s] Level 1:colcon.colcon_core.package_identification:_identify(src/bumperbot_description) by extension 'ignore'
[0.390s] Level 1:colcon.colcon_core.package_identification:_identify(src/bumperbot_description) by extension 'ignore_ament_install'
[0.390s] Level 1:colcon.colcon_core.package_identification:_identify(src/bumperbot_description) by extensions ['colcon_pkg']
[0.390s] Level 1:colcon.colcon_core.package_identification:_identify(src/bumperbot_description) by extension 'colcon_pkg'
[0.390s] Level 1:colcon.colcon_core.package_identification:_identify(src/bumperbot_description) by extensions ['colcon_meta']
[0.390s] Level 1:colcon.colcon_core.package_identification:_identify(src/bumperbot_description) by extension 'colcon_meta'
[0.390s] Level 1:colcon.colcon_core.package_identification:_identify(src/bumperbot_description) by extensions ['ros']
[0.390s] Level 1:colcon.colcon_core.package_identification:_identify(src/bumperbot_description) by extension 'ros'
[0.391s] DEBUG:colcon.colcon_core.package_identification:Package 'src/bumperbot_description' with type 'ros.ament_cmake' and name 'bumperbot_description'
[0.391s] Level 1:colcon.colcon_core.package_identification:_identify(src/bumperbot_firmware) by extensions ['ignore', 'ignore_ament_install']
[0.391s] Level 1:colcon.colcon_core.package_identification:_identify(src/bumperbot_firmware) by extension 'ignore'
[0.391s] Level 1:colcon.colcon_core.package_identification:_identify(src/bumperbot_firmware) by extension 'ignore_ament_install'
[0.391s] Level 1:colcon.colcon_core.package_identification:_identify(src/bumperbot_firmware) by extensions ['colcon_pkg']
[0.391s] Level 1:colcon.colcon_core.package_identification:_identify(src/bumperbot_firmware) by extension 'colcon_pkg'
[0.391s] Level 1:colcon.colcon_core.package_identification:_identify(src/bumperbot_firmware) by extensions ['colcon_meta']
[0.391s] Level 1:colcon.colcon_core.package_identification:_identify(src/bumperbot_firmware) by extension 'colcon_meta'
[0.391s] Level 1:colcon.colcon_core.package_identification:_identify(src/bumperbot_firmware) by extensions ['ros']
[0.391s] Level 1:colcon.colcon_core.package_identification:_identify(src/bumperbot_firmware) by extension 'ros'
[0.392s] DEBUG:colcon.colcon_core.package_identification:Package 'src/bumperbot_firmware' with type 'ros.ament_cmake' and name 'bumperbot_firmware'
[0.393s] Level 1:colcon.colcon_core.package_identification:_identify(src/bumperbot_msgs) by extensions ['ignore', 'ignore_ament_install']
[0.393s] Level 1:colcon.colcon_core.package_identification:_identify(src/bumperbot_msgs) by extension 'ignore'
[0.393s] Level 1:colcon.colcon_core.package_identification:_identify(src/bumperbot_msgs) by extension 'ignore_ament_install'
[0.393s] Level 1:colcon.colcon_core.package_identification:_identify(src/bumperbot_msgs) by extensions ['colcon_pkg']
[0.393s] Level 1:colcon.colcon_core.package_identification:_identify(src/bumperbot_msgs) by extension 'colcon_pkg'
[0.393s] Level 1:colcon.colcon_core.package_identification:_identify(src/bumperbot_msgs) by extensions ['colcon_meta']
[0.393s] Level 1:colcon.colcon_core.package_identification:_identify(src/bumperbot_msgs) by extension 'colcon_meta'
[0.393s] Level 1:colcon.colcon_core.package_identification:_identify(src/bumperbot_msgs) by extensions ['ros']
[0.393s] Level 1:colcon.colcon_core.package_identification:_identify(src/bumperbot_msgs) by extension 'ros'
[0.394s] DEBUG:colcon.colcon_core.package_identification:Package 'src/bumperbot_msgs' with type 'ros.ament_cmake' and name 'bumperbot_msgs'
[0.394s] Level 1:colcon.colcon_core.package_identification:_identify(src/bumperbot_py_example) by extensions ['ignore', 'ignore_ament_install']
[0.394s] Level 1:colcon.colcon_core.package_identification:_identify(src/bumperbot_py_example) by extension 'ignore'
[0.394s] Level 1:colcon.colcon_core.package_identification:_identify(src/bumperbot_py_example) by extension 'ignore_ament_install'
[0.394s] Level 1:colcon.colcon_core.package_identification:_identify(src/bumperbot_py_example) by extensions ['colcon_pkg']
[0.394s] Level 1:colcon.colcon_core.package_identification:_identify(src/bumperbot_py_example) by extension 'colcon_pkg'
[0.394s] Level 1:colcon.colcon_core.package_identification:_identify(src/bumperbot_py_example) by extensions ['colcon_meta']
[0.394s] Level 1:colcon.colcon_core.package_identification:_identify(src/bumperbot_py_example) by extension 'colcon_meta'
[0.394s] Level 1:colcon.colcon_core.package_identification:_identify(src/bumperbot_py_example) by extensions ['ros']
[0.394s] Level 1:colcon.colcon_core.package_identification:_identify(src/bumperbot_py_example) by extension 'ros'
[0.395s] DEBUG:colcon.colcon_core.package_identification:Package 'src/bumperbot_py_example' with type 'ros.ament_python' and name 'bumperbot_py_example'
[0.395s] Level 1:colcon.colcon_core.package_discovery:discover_packages(recursive) using defaults
[0.395s] Level 1:colcon.colcon_core.package_discovery:discover_packages(ignore) discover
[0.395s] Level 1:colcon.colcon_core.package_discovery:discover_packages(ignore) using defaults
[0.395s] Level 1:colcon.colcon_core.package_discovery:discover_packages(path) discover
[0.395s] Level 1:colcon.colcon_core.package_discovery:discover_packages(path) using defaults
[0.434s] Level 1:colcon.colcon_core.package_discovery:discover_packages(prefix_path) check parameters
[0.435s] Level 1:colcon.colcon_core.package_discovery:discover_packages(prefix_path) discover
[0.437s] DEBUG:colcon.colcon_installed_package_information.package_discovery:Found 7 installed packages in /home/mr_ray/bumperbot_ws/install
[0.439s] DEBUG:colcon.colcon_installed_package_information.package_discovery:Found 395 installed packages in /opt/ros/humble
[0.441s] Level 1:colcon.colcon_core.package_discovery:discover_packages(prefix_path) using defaults
[0.503s] Level 5:colcon.colcon_core.verb:set package 'bumperbot_bringup' build argument 'cmake_args' from command line to 'None'
[0.503s] Level 5:colcon.colcon_core.verb:set package 'bumperbot_bringup' build argument 'cmake_target' from command line to 'None'
[0.503s] Level 5:colcon.colcon_core.verb:set package 'bumperbot_bringup' build argument 'cmake_target_skip_unavailable' from command line to 'False'
[0.503s] Level 5:colcon.colcon_core.verb:set package 'bumperbot_bringup' build argument 'cmake_clean_cache' from command line to 'False'
[0.504s] Level 5:colcon.colcon_core.verb:set package 'bumperbot_bringup' build argument 'cmake_clean_first' from command line to 'False'
[0.504s] Level 5:colcon.colcon_core.verb:set package 'bumperbot_bringup' build argument 'cmake_force_configure' from command line to 'False'
[0.504s] Level 5:colcon.colcon_core.verb:set package 'bumperbot_bringup' build argument 'ament_cmake_args' from command line to 'None'
[0.504s] Level 5:colcon.colcon_core.verb:set package 'bumperbot_bringup' build argument 'catkin_cmake_args' from command line to 'None'
[0.504s] Level 5:colcon.colcon_core.verb:set package 'bumperbot_bringup' build argument 'catkin_skip_building_tests' from command line to 'False'
[0.504s] DEBUG:colcon.colcon_core.verb:Building package 'bumperbot_bringup' with the following arguments: {'ament_cmake_args': None, 'build_base': '/home/mr_ray/bumperbot_ws/build/bumperbot_bringup', 'catkin_cmake_args': None, 'catkin_skip_building_tests': False, 'cmake_args': None, 'cmake_clean_cache': False, 'cmake_clean_first': False, 'cmake_force_configure': False, 'cmake_target': None, 'cmake_target_skip_unavailable': False, 'install_base': '/home/mr_ray/bumperbot_ws/install/bumperbot_bringup', 'merge_install': False, 'path': '/home/mr_ray/bumperbot_ws/src/bumperbot_bringup', 'symlink_install': False, 'test_result_base': None}
[0.504s] Level 5:colcon.colcon_core.verb:set package 'bumperbot_controller' build argument 'cmake_args' from command line to 'None'
[0.504s] Level 5:colcon.colcon_core.verb:set package 'bumperbot_controller' build argument 'cmake_target' from command line to 'None'
[0.504s] Level 5:colcon.colcon_core.verb:set package 'bumperbot_controller' build argument 'cmake_target_skip_unavailable' from command line to 'False'
[0.504s] Level 5:colcon.colcon_core.verb:set package 'bumperbot_controller' build argument 'cmake_clean_cache' from command line to 'False'
[0.504s] Level 5:colcon.colcon_core.verb:set package 'bumperbot_controller' build argument 'cmake_clean_first' from command line to 'False'
[0.504s] Level 5:colcon.colcon_core.verb:set package 'bumperbot_controller' build argument 'cmake_force_configure' from command line to 'False'
[0.505s] Level 5:colcon.colcon_core.verb:set package 'bumperbot_controller' build argument 'ament_cmake_args' from command line to 'None'
[0.505s] Level 5:colcon.colcon_core.verb:set package 'bumperbot_controller' build argument 'catkin_cmake_args' from command line to 'None'
[0.505s] Level 5:colcon.colcon_core.verb:set package 'bumperbot_controller' build argument 'catkin_skip_building_tests' from command line to 'False'
[0.505s] DEBUG:colcon.colcon_core.verb:Building package 'bumperbot_controller' with the following arguments: {'ament_cmake_args': None, 'build_base': '/home/mr_ray/bumperbot_ws/build/bumperbot_controller', 'catkin_cmake_args': None, 'catkin_skip_building_tests': False, 'cmake_args': None, 'cmake_clean_cache': False, 'cmake_clean_first': False, 'cmake_force_configure': False, 'cmake_target': None, 'cmake_target_skip_unavailable': False, 'install_base': '/home/mr_ray/bumperbot_ws/install/bumperbot_controller', 'merge_install': False, 'path': '/home/mr_ray/bumperbot_ws/src/bumperbot_controller', 'symlink_install': False, 'test_result_base': None}
[0.505s] Level 5:colcon.colcon_core.verb:set package 'bumperbot_description' build argument 'cmake_args' from command line to 'None'
[0.505s] Level 5:colcon.colcon_core.verb:set package 'bumperbot_description' build argument 'cmake_target' from command line to 'None'
[0.505s] Level 5:colcon.colcon_core.verb:set package 'bumperbot_description' build argument 'cmake_target_skip_unavailable' from command line to 'False'
[0.505s] Level 5:colcon.colcon_core.verb:set package 'bumperbot_description' build argument 'cmake_clean_cache' from command line to 'False'
[0.505s] Level 5:colcon.colcon_core.verb:set package 'bumperbot_description' build argument 'cmake_clean_first' from command line to 'False'
[0.505s] Level 5:colcon.colcon_core.verb:set package 'bumperbot_description' build argument 'cmake_force_configure' from command line to 'False'
[0.505s] Level 5:colcon.colcon_core.verb:set package 'bumperbot_description' build argument 'ament_cmake_args' from command line to 'None'
[0.505s] Level 5:colcon.colcon_core.verb:set package 'bumperbot_description' build argument 'catkin_cmake_args' from command line to 'None'
[0.505s] Level 5:colcon.colcon_core.verb:set package 'bumperbot_description' build argument 'catkin_skip_building_tests' from command line to 'False'
[0.505s] DEBUG:colcon.colcon_core.verb:Building package 'bumperbot_description' with the following arguments: {'ament_cmake_args': None, 'build_base': '/home/mr_ray/bumperbot_ws/build/bumperbot_description', 'catkin_cmake_args': None, 'catkin_skip_building_tests': False, 'cmake_args': None, 'cmake_clean_cache': False, 'cmake_clean_first': False, 'cmake_force_configure': False, 'cmake_target': None, 'cmake_target_skip_unavailable': False, 'install_base': '/home/mr_ray/bumperbot_ws/install/bumperbot_description', 'merge_install': False, 'path': '/home/mr_ray/bumperbot_ws/src/bumperbot_description', 'symlink_install': False, 'test_result_base': None}
[0.506s] Level 5:colcon.colcon_core.verb:set package 'bumperbot_firmware' build argument 'cmake_args' from command line to 'None'
[0.506s] Level 5:colcon.colcon_core.verb:set package 'bumperbot_firmware' build argument 'cmake_target' from command line to 'None'
[0.506s] Level 5:colcon.colcon_core.verb:set package 'bumperbot_firmware' build argument 'cmake_target_skip_unavailable' from command line to 'False'
[0.506s] Level 5:colcon.colcon_core.verb:set package 'bumperbot_firmware' build argument 'cmake_clean_cache' from command line to 'False'
[0.506s] Level 5:colcon.colcon_core.verb:set package 'bumperbot_firmware' build argument 'cmake_clean_first' from command line to 'False'
[0.506s] Level 5:colcon.colcon_core.verb:set package 'bumperbot_firmware' build argument 'cmake_force_configure' from command line to 'False'
[0.506s] Level 5:colcon.colcon_core.verb:set package 'bumperbot_firmware' build argument 'ament_cmake_args' from command line to 'None'
[0.506s] Level 5:colcon.colcon_core.verb:set package 'bumperbot_firmware' build argument 'catkin_cmake_args' from command line to 'None'
[0.506s] Level 5:colcon.colcon_core.verb:set package 'bumperbot_firmware' build argument 'catkin_skip_building_tests' from command line to 'False'
[0.506s] DEBUG:colcon.colcon_core.verb:Building package 'bumperbot_firmware' with the following arguments: {'ament_cmake_args': None, 'build_base': '/home/mr_ray/bumperbot_ws/build/bumperbot_firmware', 'catkin_cmake_args': None, 'catkin_skip_building_tests': False, 'cmake_args': None, 'cmake_clean_cache': False, 'cmake_clean_first': False, 'cmake_force_configure': False, 'cmake_target': None, 'cmake_target_skip_unavailable': False, 'install_base': '/home/mr_ray/bumperbot_ws/install/bumperbot_firmware', 'merge_install': False, 'path': '/home/mr_ray/bumperbot_ws/src/bumperbot_firmware', 'symlink_install': False, 'test_result_base': None}
[0.507s] Level 5:colcon.colcon_core.verb:set package 'bumperbot_msgs' build argument 'cmake_args' from command line to 'None'
[0.507s] Level 5:colcon.colcon_core.verb:set package 'bumperbot_msgs' build argument 'cmake_target' from command line to 'None'
[0.507s] Level 5:colcon.colcon_core.verb:set package 'bumperbot_msgs' build argument 'cmake_target_skip_unavailable' from command line to 'False'
[0.507s] Level 5:colcon.colcon_core.verb:set package 'bumperbot_msgs' build argument 'cmake_clean_cache' from command line to 'False'
[0.507s] Level 5:colcon.colcon_core.verb:set package 'bumperbot_msgs' build argument 'cmake_clean_first' from command line to 'False'
[0.507s] Level 5:colcon.colcon_core.verb:set package 'bumperbot_msgs' build argument 'cmake_force_configure' from command line to 'False'
[0.507s] Level 5:colcon.colcon_core.verb:set package 'bumperbot_msgs' build argument 'ament_cmake_args' from command line to 'None'
[0.507s] Level 5:colcon.colcon_core.verb:set package 'bumperbot_msgs' build argument 'catkin_cmake_args' from command line to 'None'
[0.507s] Level 5:colcon.colcon_core.verb:set package 'bumperbot_msgs' build argument 'catkin_skip_building_tests' from command line to 'False'
[0.507s] DEBUG:colcon.colcon_core.verb:Building package 'bumperbot_msgs' with the following arguments: {'ament_cmake_args': None, 'build_base': '/home/mr_ray/bumperbot_ws/build/bumperbot_msgs', 'catkin_cmake_args': None, 'catkin_skip_building_tests': False, 'cmake_args': None, 'cmake_clean_cache': False, 'cmake_clean_first': False, 'cmake_force_configure': False, 'cmake_target': None, 'cmake_target_skip_unavailable': False, 'install_base': '/home/mr_ray/bumperbot_ws/install/bumperbot_msgs', 'merge_install': False, 'path': '/home/mr_ray/bumperbot_ws/src/bumperbot_msgs', 'symlink_install': False, 'test_result_base': None}
[0.508s] Level 5:colcon.colcon_core.verb:set package 'bumperbot_py_example' build argument 'cmake_args' from command line to 'None'
[0.508s] Level 5:colcon.colcon_core.verb:set package 'bumperbot_py_example' build argument 'cmake_target' from command line to 'None'
[0.508s] Level 5:colcon.colcon_core.verb:set package 'bumperbot_py_example' build argument 'cmake_target_skip_unavailable' from command line to 'False'
[0.508s] Level 5:colcon.colcon_core.verb:set package 'bumperbot_py_example' build argument 'cmake_clean_cache' from command line to 'False'
[0.508s] Level 5:colcon.colcon_core.verb:set package 'bumperbot_py_example' build argument 'cmake_clean_first' from command line to 'False'
[0.508s] Level 5:colcon.colcon_core.verb:set package 'bumperbot_py_example' build argument 'cmake_force_configure' from command line to 'False'
[0.508s] Level 5:colcon.colcon_core.verb:set package 'bumperbot_py_example' build argument 'ament_cmake_args' from command line to 'None'
[0.508s] Level 5:colcon.colcon_core.verb:set package 'bumperbot_py_example' build argument 'catkin_cmake_args' from command line to 'None'
[0.508s] Level 5:colcon.colcon_core.verb:set package 'bumperbot_py_example' build argument 'catkin_skip_building_tests' from command line to 'False'
[0.508s] DEBUG:colcon.colcon_core.verb:Building package 'bumperbot_py_example' with the following arguments: {'ament_cmake_args': None, 'build_base': '/home/mr_ray/bumperbot_ws/build/bumperbot_py_example', 'catkin_cmake_args': None, 'catkin_skip_building_tests': False, 'cmake_args': None, 'cmake_clean_cache': False, 'cmake_clean_first': False, 'cmake_force_configure': False, 'cmake_target': None, 'cmake_target_skip_unavailable': False, 'install_base': '/home/mr_ray/bumperbot_ws/install/bumperbot_py_example', 'merge_install': False, 'path': '/home/mr_ray/bumperbot_ws/src/bumperbot_py_example', 'symlink_install': False, 'test_result_base': None}
[0.509s] Level 5:colcon.colcon_core.verb:set package 'bumperbot_cpp_example' build argument 'cmake_args' from command line to 'None'
[0.509s] Level 5:colcon.colcon_core.verb:set package 'bumperbot_cpp_example' build argument 'cmake_target' from command line to 'None'
[0.509s] Level 5:colcon.colcon_core.verb:set package 'bumperbot_cpp_example' build argument 'cmake_target_skip_unavailable' from command line to 'False'
[0.509s] Level 5:colcon.colcon_core.verb:set package 'bumperbot_cpp_example' build argument 'cmake_clean_cache' from command line to 'False'
[0.509s] Level 5:colcon.colcon_core.verb:set package 'bumperbot_cpp_example' build argument 'cmake_clean_first' from command line to 'False'
[0.509s] Level 5:colcon.colcon_core.verb:set package 'bumperbot_cpp_example' build argument 'cmake_force_configure' from command line to 'False'
[0.509s] Level 5:colcon.colcon_core.verb:set package 'bumperbot_cpp_example' build argument 'ament_cmake_args' from command line to 'None'
[0.509s] Level 5:colcon.colcon_core.verb:set package 'bumperbot_cpp_example' build argument 'catkin_cmake_args' from command line to 'None'
[0.509s] Level 5:colcon.colcon_core.verb:set package 'bumperbot_cpp_example' build argument 'catkin_skip_building_tests' from command line to 'False'
[0.509s] DEBUG:colcon.colcon_core.verb:Building package 'bumperbot_cpp_example' with the following arguments: {'ament_cmake_args': None, 'build_base': '/home/mr_ray/bumperbot_ws/build/bumperbot_cpp_example', 'catkin_cmake_args': None, 'catkin_skip_building_tests': False, 'cmake_args': None, 'cmake_clean_cache': False, 'cmake_clean_first': False, 'cmake_force_configure': False, 'cmake_target': None, 'cmake_target_skip_unavailable': False, 'install_base': '/home/mr_ray/bumperbot_ws/install/bumperbot_cpp_example', 'merge_install': False, 'path': '/home/mr_ray/bumperbot_ws/src/bumperbot_cpp_example', 'symlink_install': False, 'test_result_base': None}
[0.509s] INFO:colcon.colcon_core.executor:Executing jobs using 'parallel' executor
[0.511s] DEBUG:colcon.colcon_parallel_executor.executor.parallel:run_until_complete
[0.511s] INFO:colcon.colcon_ros.task.ament_cmake.build:Building ROS package in '/home/mr_ray/bumperbot_ws/src/bumperbot_msgs' with build type 'ament_cmake'
[0.511s] INFO:colcon.colcon_cmake.task.cmake.build:Building CMake package in '/home/mr_ray/bumperbot_ws/src/bumperbot_msgs'
[0.516s] INFO:colcon.colcon_core.plugin_system:Skipping extension 'colcon_core.shell.bat': Not used on non-Windows systems
[0.516s] INFO:colcon.colcon_core.shell:Skip shell extension 'powershell' for command environment: Not usable outside of PowerShell
[0.516s] DEBUG:colcon.colcon_core.shell:Skip shell extension 'dsv' for command environment
[0.522s] INFO:colcon.colcon_ros.task.ament_cmake.build:Building ROS package in '/home/mr_ray/bumperbot_ws/src/bumperbot_bringup' with build type 'ament_cmake'
[0.522s] INFO:colcon.colcon_cmake.task.cmake.build:Building CMake package in '/home/mr_ray/bumperbot_ws/src/bumperbot_bringup'
[0.522s] INFO:colcon.colcon_core.shell:Skip shell extension 'powershell' for command environment: Not usable outside of PowerShell
[0.522s] DEBUG:colcon.colcon_core.shell:Skip shell extension 'dsv' for command environment
[0.529s] INFO:colcon.colcon_ros.task.ament_cmake.build:Building ROS package in '/home/mr_ray/bumperbot_ws/src/bumperbot_controller' with build type 'ament_cmake'
[0.530s] INFO:colcon.colcon_cmake.task.cmake.build:Building CMake package in '/home/mr_ray/bumperbot_ws/src/bumperbot_controller'
[0.530s] INFO:colcon.colcon_core.shell:Skip shell extension 'powershell' for command environment: Not usable outside of PowerShell
[0.530s] DEBUG:colcon.colcon_core.shell:Skip shell extension 'dsv' for command environment
[0.536s] INFO:colcon.colcon_ros.task.ament_cmake.build:Building ROS package in '/home/mr_ray/bumperbot_ws/src/bumperbot_description' with build type 'ament_cmake'
[0.536s] INFO:colcon.colcon_cmake.task.cmake.build:Building CMake package in '/home/mr_ray/bumperbot_ws/src/bumperbot_description'
[0.537s] INFO:colcon.colcon_core.shell:Skip shell extension 'powershell' for command environment: Not usable outside of PowerShell
[0.537s] DEBUG:colcon.colcon_core.shell:Skip shell extension 'dsv' for command environment
[0.545s] INFO:colcon.colcon_ros.task.ament_cmake.build:Building ROS package in '/home/mr_ray/bumperbot_ws/src/bumperbot_firmware' with build type 'ament_cmake'
[0.545s] INFO:colcon.colcon_cmake.task.cmake.build:Building CMake package in '/home/mr_ray/bumperbot_ws/src/bumperbot_firmware'
[0.546s] INFO:colcon.colcon_core.shell:Skip shell extension 'powershell' for command environment: Not usable outside of PowerShell
[0.546s] DEBUG:colcon.colcon_core.shell:Skip shell extension 'dsv' for command environment
[0.555s] INFO:colcon.colcon_ros.task.ament_python.build:Building ROS package in '/home/mr_ray/bumperbot_ws/src/bumperbot_py_example' with build type 'ament_python'
[0.555s] Level 1:colcon.colcon_core.shell:create_environment_hook('bumperbot_py_example', 'ament_prefix_path')
[0.556s] INFO:colcon.colcon_core.shell:Creating environment hook '/home/mr_ray/bumperbot_ws/install/bumperbot_py_example/share/bumperbot_py_example/hook/ament_prefix_path.ps1'
[0.557s] INFO:colcon.colcon_core.shell:Creating environment descriptor '/home/mr_ray/bumperbot_ws/install/bumperbot_py_example/share/bumperbot_py_example/hook/ament_prefix_path.dsv'
[0.558s] INFO:colcon.colcon_core.shell:Creating environment hook '/home/mr_ray/bumperbot_ws/install/bumperbot_py_example/share/bumperbot_py_example/hook/ament_prefix_path.sh'
[0.560s] INFO:colcon.colcon_core.shell:Skip shell extension 'powershell' for command environment: Not usable outside of PowerShell
[0.560s] DEBUG:colcon.colcon_core.shell:Skip shell extension 'dsv' for command environment
[0.578s] DEBUG:colcon.colcon_core.event_handler.log_command:Invoking command in '/home/mr_ray/bumperbot_ws/build/bumperbot_msgs': CMAKE_PREFIX_PATH=${CMAKE_PREFIX_PATH}:/home/mr_ray/bumperbot_ws/install/bumperbot_py_example:/opt/ros/humble /usr/bin/cmake --build /home/mr_ray/bumperbot_ws/build/bumperbot_msgs -- -j8 -l8
[0.584s] DEBUG:colcon.colcon_core.event_handler.log_command:Invoking command in '/home/mr_ray/bumperbot_ws/build/bumperbot_bringup': CMAKE_PREFIX_PATH=${CMAKE_PREFIX_PATH}:/home/mr_ray/bumperbot_ws/install/bumperbot_py_example:/opt/ros/humble /usr/bin/cmake --build /home/mr_ray/bumperbot_ws/build/bumperbot_bringup -- -j8 -l8
[0.589s] DEBUG:colcon.colcon_core.event_handler.log_command:Invoking command in '/home/mr_ray/bumperbot_ws/build/bumperbot_controller': CMAKE_PREFIX_PATH=${CMAKE_PREFIX_PATH}:/home/mr_ray/bumperbot_ws/install/bumperbot_py_example:/opt/ros/humble /usr/bin/cmake --build /home/mr_ray/bumperbot_ws/build/bumperbot_controller -- -j8 -l8
[0.596s] DEBUG:colcon.colcon_core.event_handler.log_command:Invoking command in '/home/mr_ray/bumperbot_ws/build/bumperbot_description': CMAKE_PREFIX_PATH=${CMAKE_PREFIX_PATH}:/home/mr_ray/bumperbot_ws/install/bumperbot_py_example:/opt/ros/humble /usr/bin/cmake --build /home/mr_ray/bumperbot_ws/build/bumperbot_description -- -j8 -l8
[0.613s] DEBUG:colcon.colcon_core.event_handler.log_command:Invoking command in '/home/mr_ray/bumperbot_ws/build/bumperbot_firmware': CMAKE_PREFIX_PATH=${CMAKE_PREFIX_PATH}:/home/mr_ray/bumperbot_ws/install/bumperbot_py_example:/opt/ros/humble /usr/bin/cmake --build /home/mr_ray/bumperbot_ws/build/bumperbot_firmware -- -j8 -l8
[1.364s] INFO:colcon.colcon_core.task.python.build:Building Python package in '/home/mr_ray/bumperbot_ws/src/bumperbot_py_example'
[1.365s] INFO:colcon.colcon_core.shell:Skip shell extension 'powershell' for command environment: Not usable outside of PowerShell
[1.365s] DEBUG:colcon.colcon_core.shell:Skip shell extension 'dsv' for command environment
[1.375s] DEBUG:colcon.colcon_core.event_handler.log_command:Invoked command in '/home/mr_ray/bumperbot_ws/build/bumperbot_bringup' returned '0': CMAKE_PREFIX_PATH=${CMAKE_PREFIX_PATH}:/home/mr_ray/bumperbot_ws/install/bumperbot_py_example:/opt/ros/humble /usr/bin/cmake --build /home/mr_ray/bumperbot_ws/build/bumperbot_bringup -- -j8 -l8
[1.379s] DEBUG:colcon.colcon_core.event_handler.log_command:Invoked command in '/home/mr_ray/bumperbot_ws/build/bumperbot_description' returned '0': CMAKE_PREFIX_PATH=${CMAKE_PREFIX_PATH}:/home/mr_ray/bumperbot_ws/install/bumperbot_py_example:/opt/ros/humble /usr/bin/cmake --build /home/mr_ray/bumperbot_ws/build/bumperbot_description -- -j8 -l8
[1.555s] DEBUG:colcon.colcon_core.event_handler.log_command:Invoking command in '/home/mr_ray/bumperbot_ws/build/bumperbot_description': CMAKE_PREFIX_PATH=${CMAKE_PREFIX_PATH}:/home/mr_ray/bumperbot_ws/install/bumperbot_py_example:/opt/ros/humble /usr/bin/cmake --install /home/mr_ray/bumperbot_ws/build/bumperbot_description
[1.572s] DEBUG:colcon.colcon_core.event_handler.log_command:Invoking command in '/home/mr_ray/bumperbot_ws/build/bumperbot_bringup': CMAKE_PREFIX_PATH=${CMAKE_PREFIX_PATH}:/home/mr_ray/bumperbot_ws/install/bumperbot_py_example:/opt/ros/humble /usr/bin/cmake --install /home/mr_ray/bumperbot_ws/build/bumperbot_bringup
[1.581s] DEBUG:colcon.colcon_core.event_handler.log_command:Invoked command in '/home/mr_ray/bumperbot_ws/build/bumperbot_controller' returned '0': CMAKE_PREFIX_PATH=${CMAKE_PREFIX_PATH}:/home/mr_ray/bumperbot_ws/install/bumperbot_py_example:/opt/ros/humble /usr/bin/cmake --build /home/mr_ray/bumperbot_ws/build/bumperbot_controller -- -j8 -l8
[1.583s] Level 1:colcon.colcon_core.environment:create_environment_scripts_only(bumperbot_description)
[1.584s] DEBUG:colcon.colcon_core.event_handler.log_command:Invoked command in '/home/mr_ray/bumperbot_ws/build/bumperbot_description' returned '0': CMAKE_PREFIX_PATH=${CMAKE_PREFIX_PATH}:/home/mr_ray/bumperbot_ws/install/bumperbot_py_example:/opt/ros/humble /usr/bin/cmake --install /home/mr_ray/bumperbot_ws/build/bumperbot_description
[1.592s] Level 1:colcon.colcon_core.environment:checking '/home/mr_ray/bumperbot_ws/install/bumperbot_description' for CMake module files
[1.593s] Level 1:colcon.colcon_core.environment:checking '/home/mr_ray/bumperbot_ws/install/bumperbot_description' for CMake config files
[1.594s] Level 1:colcon.colcon_core.shell:create_environment_hook('bumperbot_description', 'cmake_prefix_path')
[1.594s] INFO:colcon.colcon_core.shell:Creating environment hook '/home/mr_ray/bumperbot_ws/install/bumperbot_description/share/bumperbot_description/hook/cmake_prefix_path.ps1'
[1.595s] INFO:colcon.colcon_core.shell:Creating environment descriptor '/home/mr_ray/bumperbot_ws/install/bumperbot_description/share/bumperbot_description/hook/cmake_prefix_path.dsv'
[1.596s] INFO:colcon.colcon_core.shell:Creating environment hook '/home/mr_ray/bumperbot_ws/install/bumperbot_description/share/bumperbot_description/hook/cmake_prefix_path.sh'
[1.597s] Level 1:colcon.colcon_core.environment:checking '/home/mr_ray/bumperbot_ws/install/bumperbot_description/bin'
[1.598s] Level 1:colcon.colcon_core.environment:checking '/home/mr_ray/bumperbot_ws/install/bumperbot_description/lib/pkgconfig/bumperbot_description.pc'
[1.598s] Level 1:colcon.colcon_core.environment:checking '/home/mr_ray/bumperbot_ws/install/bumperbot_description/lib/python3.10/site-packages'
[1.598s] Level 1:colcon.colcon_core.environment:checking '/home/mr_ray/bumperbot_ws/install/bumperbot_description/bin'
[1.599s] INFO:colcon.colcon_core.shell:Creating package script '/home/mr_ray/bumperbot_ws/install/bumperbot_description/share/bumperbot_description/package.ps1'
[1.601s] INFO:colcon.colcon_core.shell:Creating package descriptor '/home/mr_ray/bumperbot_ws/install/bumperbot_description/share/bumperbot_description/package.dsv'
[1.602s] INFO:colcon.colcon_core.shell:Creating package script '/home/mr_ray/bumperbot_ws/install/bumperbot_description/share/bumperbot_description/package.sh'
[1.603s] INFO:colcon.colcon_core.shell:Creating package script '/home/mr_ray/bumperbot_ws/install/bumperbot_description/share/bumperbot_description/package.bash'
[1.605s] INFO:colcon.colcon_core.shell:Creating package script '/home/mr_ray/bumperbot_ws/install/bumperbot_description/share/bumperbot_description/package.zsh'
[1.607s] Level 1:colcon.colcon_core.environment:create_file_with_runtime_dependencies(/home/mr_ray/bumperbot_ws/install/bumperbot_description/share/colcon-core/packages/bumperbot_description)
[1.610s] Level 1:colcon.colcon_core.environment:create_environment_scripts_only(bumperbot_bringup)
[1.611s] Level 1:colcon.colcon_core.environment:checking '/home/mr_ray/bumperbot_ws/install/bumperbot_bringup' for CMake module files
[1.612s] DEBUG:colcon.colcon_core.event_handler.log_command:Invoked command in '/home/mr_ray/bumperbot_ws/build/bumperbot_bringup' returned '0': CMAKE_PREFIX_PATH=${CMAKE_PREFIX_PATH}:/home/mr_ray/bumperbot_ws/install/bumperbot_py_example:/opt/ros/humble /usr/bin/cmake --install /home/mr_ray/bumperbot_ws/build/bumperbot_bringup
[1.613s] Level 1:colcon.colcon_core.environment:checking '/home/mr_ray/bumperbot_ws/install/bumperbot_bringup' for CMake config files
[1.613s] Level 1:colcon.colcon_core.shell:create_environment_hook('bumperbot_bringup', 'cmake_prefix_path')
[1.614s] INFO:colcon.colcon_core.shell:Creating environment hook '/home/mr_ray/bumperbot_ws/install/bumperbot_bringup/share/bumperbot_bringup/hook/cmake_prefix_path.ps1'
[1.615s] INFO:colcon.colcon_core.shell:Creating environment descriptor '/home/mr_ray/bumperbot_ws/install/bumperbot_bringup/share/bumperbot_bringup/hook/cmake_prefix_path.dsv'
[1.616s] INFO:colcon.colcon_core.shell:Creating environment hook '/home/mr_ray/bumperbot_ws/install/bumperbot_bringup/share/bumperbot_bringup/hook/cmake_prefix_path.sh'
[1.617s] Level 1:colcon.colcon_core.environment:checking '/home/mr_ray/bumperbot_ws/install/bumperbot_bringup/bin'
[1.617s] Level 1:colcon.colcon_core.environment:checking '/home/mr_ray/bumperbot_ws/install/bumperbot_bringup/lib/pkgconfig/bumperbot_bringup.pc'
[1.617s] Level 1:colcon.colcon_core.environment:checking '/home/mr_ray/bumperbot_ws/install/bumperbot_bringup/lib/python3.10/site-packages'
[1.618s] Level 1:colcon.colcon_core.environment:checking '/home/mr_ray/bumperbot_ws/install/bumperbot_bringup/bin'
[1.618s] INFO:colcon.colcon_core.shell:Creating package script '/home/mr_ray/bumperbot_ws/install/bumperbot_bringup/share/bumperbot_bringup/package.ps1'
[1.619s] INFO:colcon.colcon_core.shell:Creating package descriptor '/home/mr_ray/bumperbot_ws/install/bumperbot_bringup/share/bumperbot_bringup/package.dsv'
[1.620s] INFO:colcon.colcon_core.shell:Creating package script '/home/mr_ray/bumperbot_ws/install/bumperbot_bringup/share/bumperbot_bringup/package.sh'
[1.621s] INFO:colcon.colcon_core.shell:Creating package script '/home/mr_ray/bumperbot_ws/install/bumperbot_bringup/share/bumperbot_bringup/package.bash'
[1.622s] INFO:colcon.colcon_core.shell:Creating package script '/home/mr_ray/bumperbot_ws/install/bumperbot_bringup/share/bumperbot_bringup/package.zsh'
[1.623s] Level 1:colcon.colcon_core.environment:create_file_with_runtime_dependencies(/home/mr_ray/bumperbot_ws/install/bumperbot_bringup/share/colcon-core/packages/bumperbot_bringup)
[1.626s] DEBUG:colcon.colcon_core.event_handler.log_command:Invoked command in '/home/mr_ray/bumperbot_ws/build/bumperbot_msgs' returned '0': CMAKE_PREFIX_PATH=${CMAKE_PREFIX_PATH}:/home/mr_ray/bumperbot_ws/install/bumperbot_py_example:/opt/ros/humble /usr/bin/cmake --build /home/mr_ray/bumperbot_ws/build/bumperbot_msgs -- -j8 -l8
[1.629s] DEBUG:colcon.colcon_core.event_handler.log_command:Invoked command in '/home/mr_ray/bumperbot_ws/build/bumperbot_firmware' returned '0': CMAKE_PREFIX_PATH=${CMAKE_PREFIX_PATH}:/home/mr_ray/bumperbot_ws/install/bumperbot_py_example:/opt/ros/humble /usr/bin/cmake --build /home/mr_ray/bumperbot_ws/build/bumperbot_firmware -- -j8 -l8
[1.643s] DEBUG:colcon.colcon_core.event_handler.log_command:Invoking command in '/home/mr_ray/bumperbot_ws/build/bumperbot_controller': CMAKE_PREFIX_PATH=${CMAKE_PREFIX_PATH}:/home/mr_ray/bumperbot_ws/install/bumperbot_py_example:/opt/ros/humble /usr/bin/cmake --install /home/mr_ray/bumperbot_ws/build/bumperbot_controller
[1.657s] Level 1:colcon.colcon_core.environment:create_environment_scripts_only(bumperbot_description)
[1.657s] Level 1:colcon.colcon_core.environment:checking '/home/mr_ray/bumperbot_ws/install/bumperbot_description' for CMake module files
[1.662s] Level 1:colcon.colcon_core.environment:checking '/home/mr_ray/bumperbot_ws/install/bumperbot_description' for CMake config files
[1.665s] Level 1:colcon.colcon_core.shell:create_environment_hook('bumperbot_description', 'cmake_prefix_path')
[1.667s] INFO:colcon.colcon_core.shell:Creating environment hook '/home/mr_ray/bumperbot_ws/install/bumperbot_description/share/bumperbot_description/hook/cmake_prefix_path.ps1'
[1.670s] INFO:colcon.colcon_core.shell:Creating environment descriptor '/home/mr_ray/bumperbot_ws/install/bumperbot_description/share/bumperbot_description/hook/cmake_prefix_path.dsv'
[1.671s] INFO:colcon.colcon_core.shell:Creating environment hook '/home/mr_ray/bumperbot_ws/install/bumperbot_description/share/bumperbot_description/hook/cmake_prefix_path.sh'
[1.674s] Level 1:colcon.colcon_core.environment:checking '/home/mr_ray/bumperbot_ws/install/bumperbot_description/bin'
[1.674s] Level 1:colcon.colcon_core.environment:checking '/home/mr_ray/bumperbot_ws/install/bumperbot_description/lib/pkgconfig/bumperbot_description.pc'
[1.675s] Level 1:colcon.colcon_core.environment:checking '/home/mr_ray/bumperbot_ws/install/bumperbot_description/lib/python3.10/site-packages'
[1.676s] Level 1:colcon.colcon_core.environment:checking '/home/mr_ray/bumperbot_ws/install/bumperbot_description/bin'
[1.677s] INFO:colcon.colcon_core.shell:Creating package script '/home/mr_ray/bumperbot_ws/install/bumperbot_description/share/bumperbot_description/package.ps1'
[1.679s] INFO:colcon.colcon_core.shell:Creating package descriptor '/home/mr_ray/bumperbot_ws/install/bumperbot_description/share/bumperbot_description/package.dsv'
[1.680s] INFO:colcon.colcon_core.shell:Creating package script '/home/mr_ray/bumperbot_ws/install/bumperbot_description/share/bumperbot_description/package.sh'
[1.682s] INFO:colcon.colcon_core.shell:Creating package script '/home/mr_ray/bumperbot_ws/install/bumperbot_description/share/bumperbot_description/package.bash'
[1.684s] INFO:colcon.colcon_core.shell:Creating package script '/home/mr_ray/bumperbot_ws/install/bumperbot_description/share/bumperbot_description/package.zsh'
[1.685s] Level 1:colcon.colcon_core.environment:create_file_with_runtime_dependencies(/home/mr_ray/bumperbot_ws/install/bumperbot_description/share/colcon-core/packages/bumperbot_description)
[1.688s] Level 1:colcon.colcon_core.environment:create_environment_scripts_only(bumperbot_bringup)
[1.689s] Level 1:colcon.colcon_core.environment:checking '/home/mr_ray/bumperbot_ws/install/bumperbot_bringup' for CMake module files
[1.690s] Level 1:colcon.colcon_core.environment:checking '/home/mr_ray/bumperbot_ws/install/bumperbot_bringup' for CMake config files
[1.691s] Level 1:colcon.colcon_core.shell:create_environment_hook('bumperbot_bringup', 'cmake_prefix_path')
[1.691s] INFO:colcon.colcon_core.shell:Creating environment hook '/home/mr_ray/bumperbot_ws/install/bumperbot_bringup/share/bumperbot_bringup/hook/cmake_prefix_path.ps1'
[1.692s] INFO:colcon.colcon_core.shell:Creating environment descriptor '/home/mr_ray/bumperbot_ws/install/bumperbot_bringup/share/bumperbot_bringup/hook/cmake_prefix_path.dsv'
[1.693s] INFO:colcon.colcon_core.shell:Creating environment hook '/home/mr_ray/bumperbot_ws/install/bumperbot_bringup/share/bumperbot_bringup/hook/cmake_prefix_path.sh'
[1.694s] Level 1:colcon.colcon_core.environment:checking '/home/mr_ray/bumperbot_ws/install/bumperbot_bringup/bin'
[1.694s] Level 1:colcon.colcon_core.environment:checking '/home/mr_ray/bumperbot_ws/install/bumperbot_bringup/lib/pkgconfig/bumperbot_bringup.pc'
[1.695s] Level 1:colcon.colcon_core.environment:checking '/home/mr_ray/bumperbot_ws/install/bumperbot_bringup/lib/python3.10/site-packages'
[1.695s] Level 1:colcon.colcon_core.environment:checking '/home/mr_ray/bumperbot_ws/install/bumperbot_bringup/bin'
[1.696s] INFO:colcon.colcon_core.shell:Creating package script '/home/mr_ray/bumperbot_ws/install/bumperbot_bringup/share/bumperbot_bringup/package.ps1'
[1.697s] INFO:colcon.colcon_core.shell:Creating package descriptor '/home/mr_ray/bumperbot_ws/install/bumperbot_bringup/share/bumperbot_bringup/package.dsv'
[1.698s] INFO:colcon.colcon_core.shell:Creating package script '/home/mr_ray/bumperbot_ws/install/bumperbot_bringup/share/bumperbot_bringup/package.sh'
[1.699s] INFO:colcon.colcon_core.shell:Creating package script '/home/mr_ray/bumperbot_ws/install/bumperbot_bringup/share/bumperbot_bringup/package.bash'
[1.700s] INFO:colcon.colcon_core.shell:Creating package script '/home/mr_ray/bumperbot_ws/install/bumperbot_bringup/share/bumperbot_bringup/package.zsh'
[1.701s] Level 1:colcon.colcon_core.environment:create_file_with_runtime_dependencies(/home/mr_ray/bumperbot_ws/install/bumperbot_bringup/share/colcon-core/packages/bumperbot_bringup)
[1.729s] DEBUG:colcon.colcon_core.event_handler.log_command:Invoking command in '/home/mr_ray/bumperbot_ws/build/bumperbot_firmware': CMAKE_PREFIX_PATH=${CMAKE_PREFIX_PATH}:/home/mr_ray/bumperbot_ws/install/bumperbot_py_example:/opt/ros/humble /usr/bin/cmake --install /home/mr_ray/bumperbot_ws/build/bumperbot_firmware
[1.777s] Level 1:colcon.colcon_core.environment:create_environment_scripts_only(bumperbot_controller)
[1.778s] DEBUG:colcon.colcon_core.event_handler.log_command:Invoked command in '/home/mr_ray/bumperbot_ws/build/bumperbot_controller' returned '0': CMAKE_PREFIX_PATH=${CMAKE_PREFIX_PATH}:/home/mr_ray/bumperbot_ws/install/bumperbot_py_example:/opt/ros/humble /usr/bin/cmake --install /home/mr_ray/bumperbot_ws/build/bumperbot_controller
[1.778s] Level 1:colcon.colcon_core.environment:checking '/home/mr_ray/bumperbot_ws/install/bumperbot_controller' for CMake module files
[1.779s] Level 1:colcon.colcon_core.environment:checking '/home/mr_ray/bumperbot_ws/install/bumperbot_controller' for CMake config files
[1.780s] Level 1:colcon.colcon_core.shell:create_environment_hook('bumperbot_controller', 'cmake_prefix_path')
[1.780s] INFO:colcon.colcon_core.shell:Creating environment hook '/home/mr_ray/bumperbot_ws/install/bumperbot_controller/share/bumperbot_controller/hook/cmake_prefix_path.ps1'
[1.781s] INFO:colcon.colcon_core.shell:Creating environment descriptor '/home/mr_ray/bumperbot_ws/install/bumperbot_controller/share/bumperbot_controller/hook/cmake_prefix_path.dsv'
[1.782s] INFO:colcon.colcon_core.shell:Creating environment hook '/home/mr_ray/bumperbot_ws/install/bumperbot_controller/share/bumperbot_controller/hook/cmake_prefix_path.sh'
[1.783s] Level 1:colcon.colcon_core.environment:checking '/home/mr_ray/bumperbot_ws/install/bumperbot_controller/lib'
[1.783s] Level 1:colcon.colcon_core.environment:checking '/home/mr_ray/bumperbot_ws/install/bumperbot_controller/bin'
[1.783s] Level 1:colcon.colcon_core.environment:checking '/home/mr_ray/bumperbot_ws/install/bumperbot_controller/lib/pkgconfig/bumperbot_controller.pc'
[1.783s] Level 1:colcon.colcon_core.environment:checking '/home/mr_ray/bumperbot_ws/install/bumperbot_controller/lib/python3.10/site-packages'
[1.784s] Level 1:colcon.colcon_core.environment:checking '/home/mr_ray/bumperbot_ws/install/bumperbot_controller/bin'
[1.784s] INFO:colcon.colcon_core.shell:Creating package script '/home/mr_ray/bumperbot_ws/install/bumperbot_controller/share/bumperbot_controller/package.ps1'
[1.785s] INFO:colcon.colcon_core.shell:Creating package descriptor '/home/mr_ray/bumperbot_ws/install/bumperbot_controller/share/bumperbot_controller/package.dsv'
[1.786s] INFO:colcon.colcon_core.shell:Creating package script '/home/mr_ray/bumperbot_ws/install/bumperbot_controller/share/bumperbot_controller/package.sh'
[1.787s] INFO:colcon.colcon_core.shell:Creating package script '/home/mr_ray/bumperbot_ws/install/bumperbot_controller/share/bumperbot_controller/package.bash'
[1.787s] INFO:colcon.colcon_core.shell:Creating package script '/home/mr_ray/bumperbot_ws/install/bumperbot_controller/share/bumperbot_controller/package.zsh'
[1.788s] Level 1:colcon.colcon_core.environment:create_file_with_runtime_dependencies(/home/mr_ray/bumperbot_ws/install/bumperbot_controller/share/colcon-core/packages/bumperbot_controller)
[1.832s] DEBUG:colcon.colcon_core.event_handler.log_command:Invoking command in '/home/mr_ray/bumperbot_ws/build/bumperbot_msgs': CMAKE_PREFIX_PATH=${CMAKE_PREFIX_PATH}:/home/mr_ray/bumperbot_ws/install/bumperbot_py_example:/opt/ros/humble /usr/bin/cmake --install /home/mr_ray/bumperbot_ws/build/bumperbot_msgs
[1.838s] Level 1:colcon.colcon_core.environment:create_environment_scripts_only(bumperbot_controller)
[1.838s] Level 1:colcon.colcon_core.environment:checking '/home/mr_ray/bumperbot_ws/install/bumperbot_controller' for CMake module files
[1.839s] Level 1:colcon.colcon_core.environment:checking '/home/mr_ray/bumperbot_ws/install/bumperbot_controller' for CMake config files
[1.840s] Level 1:colcon.colcon_core.shell:create_environment_hook('bumperbot_controller', 'cmake_prefix_path')
[1.840s] INFO:colcon.colcon_core.shell:Creating environment hook '/home/mr_ray/bumperbot_ws/install/bumperbot_controller/share/bumperbot_controller/hook/cmake_prefix_path.ps1'
[1.841s] INFO:colcon.colcon_core.shell:Creating environment descriptor '/home/mr_ray/bumperbot_ws/install/bumperbot_controller/share/bumperbot_controller/hook/cmake_prefix_path.dsv'
[1.843s] INFO:colcon.colcon_core.shell:Creating environment hook '/home/mr_ray/bumperbot_ws/install/bumperbot_controller/share/bumperbot_controller/hook/cmake_prefix_path.sh'
[1.849s] Level 1:colcon.colcon_core.environment:checking '/home/mr_ray/bumperbot_ws/install/bumperbot_controller/lib'
[1.850s] Level 1:colcon.colcon_core.environment:checking '/home/mr_ray/bumperbot_ws/install/bumperbot_controller/bin'
[1.850s] Level 1:colcon.colcon_core.environment:checking '/home/mr_ray/bumperbot_ws/install/bumperbot_controller/lib/pkgconfig/bumperbot_controller.pc'
[1.851s] Level 1:colcon.colcon_core.environment:checking '/home/mr_ray/bumperbot_ws/install/bumperbot_controller/lib/python3.10/site-packages'
[1.852s] Level 1:colcon.colcon_core.environment:checking '/home/mr_ray/bumperbot_ws/install/bumperbot_controller/bin'
[1.854s] INFO:colcon.colcon_core.shell:Creating package script '/home/mr_ray/bumperbot_ws/install/bumperbot_controller/share/bumperbot_controller/package.ps1'
[1.859s] INFO:colcon.colcon_core.shell:Creating package descriptor '/home/mr_ray/bumperbot_ws/install/bumperbot_controller/share/bumperbot_controller/package.dsv'
[1.862s] INFO:colcon.colcon_core.shell:Creating package script '/home/mr_ray/bumperbot_ws/install/bumperbot_controller/share/bumperbot_controller/package.sh'
[1.871s] INFO:colcon.colcon_core.shell:Creating package script '/home/mr_ray/bumperbot_ws/install/bumperbot_controller/share/bumperbot_controller/package.bash'
[1.875s] INFO:colcon.colcon_core.shell:Creating package script '/home/mr_ray/bumperbot_ws/install/bumperbot_controller/share/bumperbot_controller/package.zsh'
[1.876s] Level 1:colcon.colcon_core.environment:create_file_with_runtime_dependencies(/home/mr_ray/bumperbot_ws/install/bumperbot_controller/share/colcon-core/packages/bumperbot_controller)
[1.878s] Level 1:colcon.colcon_core.environment:create_environment_scripts_only(bumperbot_firmware)
[1.878s] Level 1:colcon.colcon_core.environment:checking '/home/mr_ray/bumperbot_ws/install/bumperbot_firmware' for CMake module files
[1.880s] DEBUG:colcon.colcon_core.event_handler.log_command:Invoked command in '/home/mr_ray/bumperbot_ws/build/bumperbot_firmware' returned '0': CMAKE_PREFIX_PATH=${CMAKE_PREFIX_PATH}:/home/mr_ray/bumperbot_ws/install/bumperbot_py_example:/opt/ros/humble /usr/bin/cmake --install /home/mr_ray/bumperbot_ws/build/bumperbot_firmware
[1.880s] Level 1:colcon.colcon_core.environment:checking '/home/mr_ray/bumperbot_ws/install/bumperbot_firmware' for CMake config files
[1.881s] Level 1:colcon.colcon_core.shell:create_environment_hook('bumperbot_firmware', 'cmake_prefix_path')
[1.882s] INFO:colcon.colcon_core.shell:Creating environment hook '/home/mr_ray/bumperbot_ws/install/bumperbot_firmware/share/bumperbot_firmware/hook/cmake_prefix_path.ps1'
[1.883s] INFO:colcon.colcon_core.shell:Creating environment descriptor '/home/mr_ray/bumperbot_ws/install/bumperbot_firmware/share/bumperbot_firmware/hook/cmake_prefix_path.dsv'
[1.884s] INFO:colcon.colcon_core.shell:Creating environment hook '/home/mr_ray/bumperbot_ws/install/bumperbot_firmware/share/bumperbot_firmware/hook/cmake_prefix_path.sh'
[1.885s] Level 1:colcon.colcon_core.environment:checking '/home/mr_ray/bumperbot_ws/install/bumperbot_firmware/lib'
[1.885s] Level 1:colcon.colcon_core.environment:checking '/home/mr_ray/bumperbot_ws/install/bumperbot_firmware/bin'
[1.885s] Level 1:colcon.colcon_core.environment:checking '/home/mr_ray/bumperbot_ws/install/bumperbot_firmware/lib/pkgconfig/bumperbot_firmware.pc'
[1.885s] Level 1:colcon.colcon_core.environment:checking '/home/mr_ray/bumperbot_ws/install/bumperbot_firmware/lib/python3.10/site-packages'
[1.886s] Level 1:colcon.colcon_core.environment:checking '/home/mr_ray/bumperbot_ws/install/bumperbot_firmware/bin'
[1.886s] INFO:colcon.colcon_core.shell:Creating package script '/home/mr_ray/bumperbot_ws/install/bumperbot_firmware/share/bumperbot_firmware/package.ps1'
[1.887s] INFO:colcon.colcon_core.shell:Creating package descriptor '/home/mr_ray/bumperbot_ws/install/bumperbot_firmware/share/bumperbot_firmware/package.dsv'
[1.888s] INFO:colcon.colcon_core.shell:Creating package script '/home/mr_ray/bumperbot_ws/install/bumperbot_firmware/share/bumperbot_firmware/package.sh'
[1.889s] INFO:colcon.colcon_core.shell:Creating package script '/home/mr_ray/bumperbot_ws/install/bumperbot_firmware/share/bumperbot_firmware/package.bash'
[1.890s] INFO:colcon.colcon_core.shell:Creating package script '/home/mr_ray/bumperbot_ws/install/bumperbot_firmware/share/bumperbot_firmware/package.zsh'
[1.891s] Level 1:colcon.colcon_core.environment:create_file_with_runtime_dependencies(/home/mr_ray/bumperbot_ws/install/bumperbot_firmware/share/colcon-core/packages/bumperbot_firmware)
[1.932s] Level 1:colcon.colcon_core.environment:create_environment_scripts_only(bumperbot_msgs)
[1.933s] Level 1:colcon.colcon_core.environment:checking '/home/mr_ray/bumperbot_ws/install/bumperbot_msgs' for CMake module files
[1.934s] DEBUG:colcon.colcon_core.event_handler.log_command:Invoked command in '/home/mr_ray/bumperbot_ws/build/bumperbot_msgs' returned '0': CMAKE_PREFIX_PATH=${CMAKE_PREFIX_PATH}:/home/mr_ray/bumperbot_ws/install/bumperbot_py_example:/opt/ros/humble /usr/bin/cmake --install /home/mr_ray/bumperbot_ws/build/bumperbot_msgs
[1.935s] Level 1:colcon.colcon_core.environment:checking '/home/mr_ray/bumperbot_ws/install/bumperbot_msgs' for CMake config files
[1.936s] Level 1:colcon.colcon_core.shell:create_environment_hook('bumperbot_msgs', 'cmake_prefix_path')
[1.936s] INFO:colcon.colcon_core.shell:Creating environment hook '/home/mr_ray/bumperbot_ws/install/bumperbot_msgs/share/bumperbot_msgs/hook/cmake_prefix_path.ps1'
[1.937s] INFO:colcon.colcon_core.shell:Creating environment descriptor '/home/mr_ray/bumperbot_ws/install/bumperbot_msgs/share/bumperbot_msgs/hook/cmake_prefix_path.dsv'
[1.938s] INFO:colcon.colcon_core.shell:Creating environment hook '/home/mr_ray/bumperbot_ws/install/bumperbot_msgs/share/bumperbot_msgs/hook/cmake_prefix_path.sh'
[1.939s] Level 1:colcon.colcon_core.environment:checking '/home/mr_ray/bumperbot_ws/install/bumperbot_msgs/lib'
[1.940s] Level 1:colcon.colcon_core.shell:create_environment_hook('bumperbot_msgs', 'ld_library_path_lib')
[1.940s] INFO:colcon.colcon_core.shell:Creating environment hook '/home/mr_ray/bumperbot_ws/install/bumperbot_msgs/share/bumperbot_msgs/hook/ld_library_path_lib.ps1'
[1.941s] INFO:colcon.colcon_core.shell:Creating environment descriptor '/home/mr_ray/bumperbot_ws/install/bumperbot_msgs/share/bumperbot_msgs/hook/ld_library_path_lib.dsv'
[1.942s] INFO:colcon.colcon_core.shell:Creating environment hook '/home/mr_ray/bumperbot_ws/install/bumperbot_msgs/share/bumperbot_msgs/hook/ld_library_path_lib.sh'
[1.943s] Level 1:colcon.colcon_core.environment:checking '/home/mr_ray/bumperbot_ws/install/bumperbot_msgs/bin'
[1.943s] Level 1:colcon.colcon_core.environment:checking '/home/mr_ray/bumperbot_ws/install/bumperbot_msgs/lib/pkgconfig/bumperbot_msgs.pc'
[1.944s] Level 1:colcon.colcon_core.environment:checking '/home/mr_ray/bumperbot_ws/install/bumperbot_msgs/lib/python3.10/site-packages'
[1.944s] Level 1:colcon.colcon_core.environment:checking '/home/mr_ray/bumperbot_ws/install/bumperbot_msgs/bin'
[1.944s] INFO:colcon.colcon_core.shell:Creating package script '/home/mr_ray/bumperbot_ws/install/bumperbot_msgs/share/bumperbot_msgs/package.ps1'
[1.946s] INFO:colcon.colcon_core.shell:Creating package descriptor '/home/mr_ray/bumperbot_ws/install/bumperbot_msgs/share/bumperbot_msgs/package.dsv'
[1.947s] INFO:colcon.colcon_core.shell:Creating package script '/home/mr_ray/bumperbot_ws/install/bumperbot_msgs/share/bumperbot_msgs/package.sh'
[1.948s] INFO:colcon.colcon_core.shell:Creating package script '/home/mr_ray/bumperbot_ws/install/bumperbot_msgs/share/bumperbot_msgs/package.bash'
[1.949s] INFO:colcon.colcon_core.shell:Creating package script '/home/mr_ray/bumperbot_ws/install/bumperbot_msgs/share/bumperbot_msgs/package.zsh'
[1.952s] Level 1:colcon.colcon_core.environment:create_file_with_runtime_dependencies(/home/mr_ray/bumperbot_ws/install/bumperbot_msgs/share/colcon-core/packages/bumperbot_msgs)
[1.971s] Level 1:colcon.colcon_core.environment:create_environment_scripts_only(bumperbot_firmware)
[1.971s] Level 1:colcon.colcon_core.environment:checking '/home/mr_ray/bumperbot_ws/install/bumperbot_firmware' for CMake module files
[1.973s] Level 1:colcon.colcon_core.environment:checking '/home/mr_ray/bumperbot_ws/install/bumperbot_firmware' for CMake config files
[1.974s] Level 1:colcon.colcon_core.shell:create_environment_hook('bumperbot_firmware', 'cmake_prefix_path')
[1.974s] INFO:colcon.colcon_core.shell:Creating environment hook '/home/mr_ray/bumperbot_ws/install/bumperbot_firmware/share/bumperbot_firmware/hook/cmake_prefix_path.ps1'
[1.975s] INFO:colcon.colcon_core.shell:Creating environment descriptor '/home/mr_ray/bumperbot_ws/install/bumperbot_firmware/share/bumperbot_firmware/hook/cmake_prefix_path.dsv'
[1.976s] INFO:colcon.colcon_core.shell:Creating environment hook '/home/mr_ray/bumperbot_ws/install/bumperbot_firmware/share/bumperbot_firmware/hook/cmake_prefix_path.sh'
[1.977s] Level 1:colcon.colcon_core.environment:checking '/home/mr_ray/bumperbot_ws/install/bumperbot_firmware/lib'
[1.977s] Level 1:colcon.colcon_core.environment:checking '/home/mr_ray/bumperbot_ws/install/bumperbot_firmware/bin'
[1.977s] Level 1:colcon.colcon_core.environment:checking '/home/mr_ray/bumperbot_ws/install/bumperbot_firmware/lib/pkgconfig/bumperbot_firmware.pc'
[1.977s] Level 1:colcon.colcon_core.environment:checking '/home/mr_ray/bumperbot_ws/install/bumperbot_firmware/lib/python3.10/site-packages'
[1.978s] Level 1:colcon.colcon_core.environment:checking '/home/mr_ray/bumperbot_ws/install/bumperbot_firmware/bin'
[1.978s] INFO:colcon.colcon_core.shell:Creating package script '/home/mr_ray/bumperbot_ws/install/bumperbot_firmware/share/bumperbot_firmware/package.ps1'
[1.979s] INFO:colcon.colcon_core.shell:Creating package descriptor '/home/mr_ray/bumperbot_ws/install/bumperbot_firmware/share/bumperbot_firmware/package.dsv'
[1.980s] INFO:colcon.colcon_core.shell:Creating package script '/home/mr_ray/bumperbot_ws/install/bumperbot_firmware/share/bumperbot_firmware/package.sh'
[1.981s] INFO:colcon.colcon_core.shell:Creating package script '/home/mr_ray/bumperbot_ws/install/bumperbot_firmware/share/bumperbot_firmware/package.bash'
[1.981s] INFO:colcon.colcon_core.shell:Creating package script '/home/mr_ray/bumperbot_ws/install/bumperbot_firmware/share/bumperbot_firmware/package.zsh'
[1.982s] Level 1:colcon.colcon_core.environment:create_file_with_runtime_dependencies(/home/mr_ray/bumperbot_ws/install/bumperbot_firmware/share/colcon-core/packages/bumperbot_firmware)
[2.125s] Level 1:colcon.colcon_core.environment:create_environment_scripts_only(bumperbot_msgs)
[2.126s] Level 1:colcon.colcon_core.environment:checking '/home/mr_ray/bumperbot_ws/install/bumperbot_msgs' for CMake module files
[2.127s] Level 1:colcon.colcon_core.environment:checking '/home/mr_ray/bumperbot_ws/install/bumperbot_msgs' for CMake config files
[2.128s] Level 1:colcon.colcon_core.shell:create_environment_hook('bumperbot_msgs', 'cmake_prefix_path')
[2.129s] INFO:colcon.colcon_core.shell:Creating environment hook '/home/mr_ray/bumperbot_ws/install/bumperbot_msgs/share/bumperbot_msgs/hook/cmake_prefix_path.ps1'
[2.130s] INFO:colcon.colcon_core.shell:Creating environment descriptor '/home/mr_ray/bumperbot_ws/install/bumperbot_msgs/share/bumperbot_msgs/hook/cmake_prefix_path.dsv'
[2.131s] INFO:colcon.colcon_core.shell:Creating environment hook '/home/mr_ray/bumperbot_ws/install/bumperbot_msgs/share/bumperbot_msgs/hook/cmake_prefix_path.sh'
[2.132s] Level 1:colcon.colcon_core.environment:checking '/home/mr_ray/bumperbot_ws/install/bumperbot_msgs/lib'
[2.133s] Level 1:colcon.colcon_core.shell:create_environment_hook('bumperbot_msgs', 'ld_library_path_lib')
[2.133s] INFO:colcon.colcon_core.shell:Creating environment hook '/home/mr_ray/bumperbot_ws/install/bumperbot_msgs/share/bumperbot_msgs/hook/ld_library_path_lib.ps1'
[2.134s] INFO:colcon.colcon_core.shell:Creating environment descriptor '/home/mr_ray/bumperbot_ws/install/bumperbot_msgs/share/bumperbot_msgs/hook/ld_library_path_lib.dsv'
[2.136s] INFO:colcon.colcon_core.shell:Creating environment hook '/home/mr_ray/bumperbot_ws/install/bumperbot_msgs/share/bumperbot_msgs/hook/ld_library_path_lib.sh'
[2.137s] Level 1:colcon.colcon_core.environment:checking '/home/mr_ray/bumperbot_ws/install/bumperbot_msgs/bin'
[2.137s] Level 1:colcon.colcon_core.environment:checking '/home/mr_ray/bumperbot_ws/install/bumperbot_msgs/lib/pkgconfig/bumperbot_msgs.pc'
[2.137s] Level 1:colcon.colcon_core.environment:checking '/home/mr_ray/bumperbot_ws/install/bumperbot_msgs/lib/python3.10/site-packages'
[2.138s] Level 1:colcon.colcon_core.environment:checking '/home/mr_ray/bumperbot_ws/install/bumperbot_msgs/bin'
[2.140s] INFO:colcon.colcon_core.shell:Creating package script '/home/mr_ray/bumperbot_ws/install/bumperbot_msgs/share/bumperbot_msgs/package.ps1'
[2.141s] INFO:colcon.colcon_core.shell:Creating package descriptor '/home/mr_ray/bumperbot_ws/install/bumperbot_msgs/share/bumperbot_msgs/package.dsv'
[2.143s] INFO:colcon.colcon_core.shell:Creating package script '/home/mr_ray/bumperbot_ws/install/bumperbot_msgs/share/bumperbot_msgs/package.sh'
[2.144s] INFO:colcon.colcon_core.shell:Creating package script '/home/mr_ray/bumperbot_ws/install/bumperbot_msgs/share/bumperbot_msgs/package.bash'
[2.145s] INFO:colcon.colcon_core.shell:Creating package script '/home/mr_ray/bumperbot_ws/install/bumperbot_msgs/share/bumperbot_msgs/package.zsh'
[2.146s] Level 1:colcon.colcon_core.environment:create_file_with_runtime_dependencies(/home/mr_ray/bumperbot_ws/install/bumperbot_msgs/share/colcon-core/packages/bumperbot_msgs)
[2.147s] INFO:colcon.colcon_ros.task.ament_cmake.build:Building ROS package in '/home/mr_ray/bumperbot_ws/src/bumperbot_cpp_example' with build type 'ament_cmake'
[2.147s] INFO:colcon.colcon_cmake.task.cmake.build:Building CMake package in '/home/mr_ray/bumperbot_ws/src/bumperbot_cpp_example'
[2.148s] INFO:colcon.colcon_core.shell:Skip shell extension 'powershell' for command environment: Not usable outside of PowerShell
[2.149s] DEBUG:colcon.colcon_core.shell:Skip shell extension 'dsv' for command environment
[2.178s] DEBUG:colcon.colcon_core.event_handler.log_command:Invoking command in '/home/mr_ray/bumperbot_ws/build/bumperbot_cpp_example': CMAKE_PREFIX_PATH=/home/mr_ray/bumperbot_ws/install/bumperbot_msgs:/home/mr_ray/bumperbot_ws/install/bumperbot_cpp_example:/home/mr_ray/bumperbot_ws/install/bumperbot_firmware:/home/mr_ray/bumperbot_ws/install/bumperbot_description:/home/mr_ray/bumperbot_ws/install/bumperbot_controller:/home/mr_ray/bumperbot_ws/install/bumperbot_bringup:/home/mr_ray/bumperbot_ws/install/bumperbot_py_example:/opt/ros/humble /usr/bin/cmake --build /home/mr_ray/bumperbot_ws/build/bumperbot_cpp_example -- -j8 -l8
[2.186s] DEBUG:colcon.colcon_core.event_handler.log_command:Invoking command in '/home/mr_ray/bumperbot_ws/src/bumperbot_py_example': PYTHONPATH=/home/mr_ray/bumperbot_ws/build/bumperbot_py_example/prefix_override:/home/mr_ray/bumperbot_ws/install/bumperbot_py_example/lib/python3.10/site-packages:${PYTHONPATH} /usr/bin/python3 -W ignore:setup.py install is deprecated setup.py egg_info --egg-base ../../build/bumperbot_py_example build --build-base /home/mr_ray/bumperbot_ws/build/bumperbot_py_example/build install --record /home/mr_ray/bumperbot_ws/build/bumperbot_py_example/install.log --single-version-externally-managed install_data
[2.391s] DEBUG:colcon.colcon_core.event_handler.log_command:Invoked command in '/home/mr_ray/bumperbot_ws/build/bumperbot_cpp_example' returned '0': CMAKE_PREFIX_PATH=/home/mr_ray/bumperbot_ws/install/bumperbot_msgs:/home/mr_ray/bumperbot_ws/install/bumperbot_cpp_example:/home/mr_ray/bumperbot_ws/install/bumperbot_firmware:/home/mr_ray/bumperbot_ws/install/bumperbot_description:/home/mr_ray/bumperbot_ws/install/bumperbot_controller:/home/mr_ray/bumperbot_ws/install/bumperbot_bringup:/home/mr_ray/bumperbot_ws/install/bumperbot_py_example:/opt/ros/humble /usr/bin/cmake --build /home/mr_ray/bumperbot_ws/build/bumperbot_cpp_example -- -j8 -l8
[2.480s] DEBUG:colcon.colcon_core.event_handler.log_command:Invoking command in '/home/mr_ray/bumperbot_ws/build/bumperbot_cpp_example': CMAKE_PREFIX_PATH=/home/mr_ray/bumperbot_ws/install/bumperbot_msgs:/home/mr_ray/bumperbot_ws/install/bumperbot_cpp_example:/home/mr_ray/bumperbot_ws/install/bumperbot_firmware:/home/mr_ray/bumperbot_ws/install/bumperbot_description:/home/mr_ray/bumperbot_ws/install/bumperbot_controller:/home/mr_ray/bumperbot_ws/install/bumperbot_bringup:/home/mr_ray/bumperbot_ws/install/bumperbot_py_example:/opt/ros/humble /usr/bin/cmake --install /home/mr_ray/bumperbot_ws/build/bumperbot_cpp_example
[2.499s] Level 1:colcon.colcon_core.environment:create_environment_scripts_only(bumperbot_cpp_example)
[2.500s] Level 1:colcon.colcon_core.environment:checking '/home/mr_ray/bumperbot_ws/install/bumperbot_cpp_example' for CMake module files
[2.501s] DEBUG:colcon.colcon_core.event_handler.log_command:Invoked command in '/home/mr_ray/bumperbot_ws/build/bumperbot_cpp_example' returned '0': CMAKE_PREFIX_PATH=/home/mr_ray/bumperbot_ws/install/bumperbot_msgs:/home/mr_ray/bumperbot_ws/install/bumperbot_cpp_example:/home/mr_ray/bumperbot_ws/install/bumperbot_firmware:/home/mr_ray/bumperbot_ws/install/bumperbot_description:/home/mr_ray/bumperbot_ws/install/bumperbot_controller:/home/mr_ray/bumperbot_ws/install/bumperbot_bringup:/home/mr_ray/bumperbot_ws/install/bumperbot_py_example:/opt/ros/humble /usr/bin/cmake --install /home/mr_ray/bumperbot_ws/build/bumperbot_cpp_example
[2.501s] Level 1:colcon.colcon_core.environment:checking '/home/mr_ray/bumperbot_ws/install/bumperbot_cpp_example' for CMake config files
[2.502s] Level 1:colcon.colcon_core.shell:create_environment_hook('bumperbot_cpp_example', 'cmake_prefix_path')
[2.502s] INFO:colcon.colcon_core.shell:Creating environment hook '/home/mr_ray/bumperbot_ws/install/bumperbot_cpp_example/share/bumperbot_cpp_example/hook/cmake_prefix_path.ps1'
[2.503s] INFO:colcon.colcon_core.shell:Creating environment descriptor '/home/mr_ray/bumperbot_ws/install/bumperbot_cpp_example/share/bumperbot_cpp_example/hook/cmake_prefix_path.dsv'
[2.504s] INFO:colcon.colcon_core.shell:Creating environment hook '/home/mr_ray/bumperbot_ws/install/bumperbot_cpp_example/share/bumperbot_cpp_example/hook/cmake_prefix_path.sh'
[2.504s] Level 1:colcon.colcon_core.environment:checking '/home/mr_ray/bumperbot_ws/install/bumperbot_cpp_example/lib'
[2.505s] Level 1:colcon.colcon_core.environment:checking '/home/mr_ray/bumperbot_ws/install/bumperbot_cpp_example/bin'
[2.505s] Level 1:colcon.colcon_core.environment:checking '/home/mr_ray/bumperbot_ws/install/bumperbot_cpp_example/lib/pkgconfig/bumperbot_cpp_example.pc'
[2.505s] Level 1:colcon.colcon_core.environment:checking '/home/mr_ray/bumperbot_ws/install/bumperbot_cpp_example/lib/python3.10/site-packages'
[2.505s] Level 1:colcon.colcon_core.environment:checking '/home/mr_ray/bumperbot_ws/install/bumperbot_cpp_example/bin'
[2.506s] INFO:colcon.colcon_core.shell:Creating package script '/home/mr_ray/bumperbot_ws/install/bumperbot_cpp_example/share/bumperbot_cpp_example/package.ps1'
[2.507s] INFO:colcon.colcon_core.shell:Creating package descriptor '/home/mr_ray/bumperbot_ws/install/bumperbot_cpp_example/share/bumperbot_cpp_example/package.dsv'
[2.508s] INFO:colcon.colcon_core.shell:Creating package script '/home/mr_ray/bumperbot_ws/install/bumperbot_cpp_example/share/bumperbot_cpp_example/package.sh'
[2.508s] INFO:colcon.colcon_core.shell:Creating package script '/home/mr_ray/bumperbot_ws/install/bumperbot_cpp_example/share/bumperbot_cpp_example/package.bash'
[2.509s] INFO:colcon.colcon_core.shell:Creating package script '/home/mr_ray/bumperbot_ws/install/bumperbot_cpp_example/share/bumperbot_cpp_example/package.zsh'
[2.510s] Level 1:colcon.colcon_core.environment:create_file_with_runtime_dependencies(/home/mr_ray/bumperbot_ws/install/bumperbot_cpp_example/share/colcon-core/packages/bumperbot_cpp_example)
[2.605s] Level 1:colcon.colcon_core.environment:create_environment_scripts_only(bumperbot_cpp_example)
[2.606s] Level 1:colcon.colcon_core.environment:checking '/home/mr_ray/bumperbot_ws/install/bumperbot_cpp_example' for CMake module files
[2.607s] Level 1:colcon.colcon_core.environment:checking '/home/mr_ray/bumperbot_ws/install/bumperbot_cpp_example' for CMake config files
[2.607s] Level 1:colcon.colcon_core.shell:create_environment_hook('bumperbot_cpp_example', 'cmake_prefix_path')
[2.607s] INFO:colcon.colcon_core.shell:Creating environment hook '/home/mr_ray/bumperbot_ws/install/bumperbot_cpp_example/share/bumperbot_cpp_example/hook/cmake_prefix_path.ps1'
[2.608s] INFO:colcon.colcon_core.shell:Creating environment descriptor '/home/mr_ray/bumperbot_ws/install/bumperbot_cpp_example/share/bumperbot_cpp_example/hook/cmake_prefix_path.dsv'
[2.609s] INFO:colcon.colcon_core.shell:Creating environment hook '/home/mr_ray/bumperbot_ws/install/bumperbot_cpp_example/share/bumperbot_cpp_example/hook/cmake_prefix_path.sh'
[2.610s] Level 1:colcon.colcon_core.environment:checking '/home/mr_ray/bumperbot_ws/install/bumperbot_cpp_example/lib'
[2.610s] Level 1:colcon.colcon_core.environment:checking '/home/mr_ray/bumperbot_ws/install/bumperbot_cpp_example/bin'
[2.610s] Level 1:colcon.colcon_core.environment:checking '/home/mr_ray/bumperbot_ws/install/bumperbot_cpp_example/lib/pkgconfig/bumperbot_cpp_example.pc'
[2.610s] Level 1:colcon.colcon_core.environment:checking '/home/mr_ray/bumperbot_ws/install/bumperbot_cpp_example/lib/python3.10/site-packages'
[2.611s] Level 1:colcon.colcon_core.environment:checking '/home/mr_ray/bumperbot_ws/install/bumperbot_cpp_example/bin'
[2.611s] INFO:colcon.colcon_core.shell:Creating package script '/home/mr_ray/bumperbot_ws/install/bumperbot_cpp_example/share/bumperbot_cpp_example/package.ps1'
[2.612s] INFO:colcon.colcon_core.shell:Creating package descriptor '/home/mr_ray/bumperbot_ws/install/bumperbot_cpp_example/share/bumperbot_cpp_example/package.dsv'
[2.613s] INFO:colcon.colcon_core.shell:Creating package script '/home/mr_ray/bumperbot_ws/install/bumperbot_cpp_example/share/bumperbot_cpp_example/package.sh'
[2.614s] INFO:colcon.colcon_core.shell:Creating package script '/home/mr_ray/bumperbot_ws/install/bumperbot_cpp_example/share/bumperbot_cpp_example/package.bash'
[2.615s] INFO:colcon.colcon_core.shell:Creating package script '/home/mr_ray/bumperbot_ws/install/bumperbot_cpp_example/share/bumperbot_cpp_example/package.zsh'
[2.616s] Level 1:colcon.colcon_core.environment:create_file_with_runtime_dependencies(/home/mr_ray/bumperbot_ws/install/bumperbot_cpp_example/share/colcon-core/packages/bumperbot_cpp_example)
[2.735s] Level 1:colcon.colcon_core.environment:checking '/home/mr_ray/bumperbot_ws/install/bumperbot_py_example' for CMake module files
[2.736s] DEBUG:colcon.colcon_core.event_handler.log_command:Invoked command in '/home/mr_ray/bumperbot_ws/src/bumperbot_py_example' returned '0': PYTHONPATH=/home/mr_ray/bumperbot_ws/build/bumperbot_py_example/prefix_override:/home/mr_ray/bumperbot_ws/install/bumperbot_py_example/lib/python3.10/site-packages:${PYTHONPATH} /usr/bin/python3 -W ignore:setup.py install is deprecated setup.py egg_info --egg-base ../../build/bumperbot_py_example build --build-base /home/mr_ray/bumperbot_ws/build/bumperbot_py_example/build install --record /home/mr_ray/bumperbot_ws/build/bumperbot_py_example/install.log --single-version-externally-managed install_data
[2.737s] Level 1:colcon.colcon_core.environment:checking '/home/mr_ray/bumperbot_ws/install/bumperbot_py_example' for CMake config files
[2.738s] Level 1:colcon.colcon_core.environment:checking '/home/mr_ray/bumperbot_ws/install/bumperbot_py_example/lib'
[2.738s] Level 1:colcon.colcon_core.environment:checking '/home/mr_ray/bumperbot_ws/install/bumperbot_py_example/bin'
[2.738s] Level 1:colcon.colcon_core.environment:checking '/home/mr_ray/bumperbot_ws/install/bumperbot_py_example/lib/pkgconfig/bumperbot_py_example.pc'
[2.738s] Level 1:colcon.colcon_core.environment:checking '/home/mr_ray/bumperbot_ws/install/bumperbot_py_example/lib/python3.10/site-packages'
[2.738s] Level 1:colcon.colcon_core.shell:create_environment_hook('bumperbot_py_example', 'pythonpath')
[2.739s] INFO:colcon.colcon_core.shell:Creating environment hook '/home/mr_ray/bumperbot_ws/install/bumperbot_py_example/share/bumperbot_py_example/hook/pythonpath.ps1'
[2.739s] INFO:colcon.colcon_core.shell:Creating environment descriptor '/home/mr_ray/bumperbot_ws/install/bumperbot_py_example/share/bumperbot_py_example/hook/pythonpath.dsv'
[2.740s] INFO:colcon.colcon_core.shell:Creating environment hook '/home/mr_ray/bumperbot_ws/install/bumperbot_py_example/share/bumperbot_py_example/hook/pythonpath.sh'
[2.741s] Level 1:colcon.colcon_core.environment:checking '/home/mr_ray/bumperbot_ws/install/bumperbot_py_example/bin'
[2.741s] Level 1:colcon.colcon_core.environment:create_environment_scripts_only(bumperbot_py_example)
[2.741s] INFO:colcon.colcon_core.shell:Creating package script '/home/mr_ray/bumperbot_ws/install/bumperbot_py_example/share/bumperbot_py_example/package.ps1'
[2.742s] INFO:colcon.colcon_core.shell:Creating package descriptor '/home/mr_ray/bumperbot_ws/install/bumperbot_py_example/share/bumperbot_py_example/package.dsv'
[2.742s] INFO:colcon.colcon_core.shell:Creating package script '/home/mr_ray/bumperbot_ws/install/bumperbot_py_example/share/bumperbot_py_example/package.sh'
[2.743s] INFO:colcon.colcon_core.shell:Creating package script '/home/mr_ray/bumperbot_ws/install/bumperbot_py_example/share/bumperbot_py_example/package.bash'
[2.744s] INFO:colcon.colcon_core.shell:Creating package script '/home/mr_ray/bumperbot_ws/install/bumperbot_py_example/share/bumperbot_py_example/package.zsh'
[2.744s] Level 1:colcon.colcon_core.environment:create_file_with_runtime_dependencies(/home/mr_ray/bumperbot_ws/install/bumperbot_py_example/share/colcon-core/packages/bumperbot_py_example)
[2.744s] DEBUG:colcon.colcon_parallel_executor.executor.parallel:closing loop
[2.745s] DEBUG:colcon.colcon_parallel_executor.executor.parallel:loop closed
[2.745s] DEBUG:colcon.colcon_parallel_executor.executor.parallel:run_until_complete finished with '0'
[2.745s] DEBUG:colcon.colcon_core.event_reactor:joining thread
[2.757s] INFO:colcon.colcon_core.plugin_system:Skipping extension 'colcon_notification.desktop_notification.terminal_notifier': Not used on non-Darwin systems
[2.757s] INFO:colcon.colcon_core.plugin_system:Skipping extension 'colcon_notification.desktop_notification.win32': Not used on non-Windows systems
[2.757s] INFO:colcon.colcon_notification.desktop_notification:Sending desktop notification using 'notify2'
[2.779s] DEBUG:colcon.colcon_core.event_reactor:joined thread
[2.780s] INFO:colcon.colcon_core.shell:Creating prefix script '/home/mr_ray/bumperbot_ws/install/local_setup.ps1'
[2.782s] INFO:colcon.colcon_core.shell:Creating prefix util module '/home/mr_ray/bumperbot_ws/install/_local_setup_util_ps1.py'
[2.786s] INFO:colcon.colcon_core.shell:Creating prefix chain script '/home/mr_ray/bumperbot_ws/install/setup.ps1'
[2.789s] INFO:colcon.colcon_core.shell:Creating prefix script '/home/mr_ray/bumperbot_ws/install/local_setup.sh'
[2.791s] INFO:colcon.colcon_core.shell:Creating prefix util module '/home/mr_ray/bumperbot_ws/install/_local_setup_util_sh.py'
[2.795s] INFO:colcon.colcon_core.shell:Creating prefix chain script '/home/mr_ray/bumperbot_ws/install/setup.sh'
[2.803s] INFO:colcon.colcon_core.shell:Creating prefix script '/home/mr_ray/bumperbot_ws/install/local_setup.bash'
[2.805s] INFO:colcon.colcon_core.shell:Creating prefix chain script '/home/mr_ray/bumperbot_ws/install/setup.bash'
[2.809s] INFO:colcon.colcon_core.shell:Creating prefix script '/home/mr_ray/bumperbot_ws/install/local_setup.zsh'
[2.811s] INFO:colcon.colcon_core.shell:Creating prefix chain script '/home/mr_ray/bumperbot_ws/install/setup.zsh'
