[0.027s] Invoking command in '/home/mr_ray/bumperbot_ws/build/bumperbot_cpp_example': CMAKE_PREFIX_PATH=/home/mr_ray/bumperbot_ws/install/bumperbot_msgs:/home/mr_ray/bumperbot_ws/install/bumperbot_cpp_example:/home/mr_ray/bumperbot_ws/install/bumperbot_firmware:/home/mr_ray/bumperbot_ws/install/bumperbot_description:/home/mr_ray/bumperbot_ws/install/bumperbot_controller:/home/mr_ray/bumperbot_ws/install/bumperbot_bringup:/home/mr_ray/bumperbot_ws/install/bumperbot_py_example:/opt/ros/humble /usr/bin/cmake --build /home/mr_ray/bumperbot_ws/build/bumperbot_cpp_example -- -j8 -l8
[0.188s] [ 12%] Built target simple_service_server
[0.191s] [ 25%] Built target simple_turtlesim_kinematics
[0.191s] [ 37%] Built target simple_service_client
[0.209s] [ 50%] Built target simple_parameter
[0.213s] [ 75%] Built target simple_tf_kinematics
[0.213s] [ 75%] Built target simple_subscriber
[0.219s] [100%] Built target simple_publisher
[0.219s] [100%] Built target simple_lifecycle_node
[0.239s] Invoked command in '/home/mr_ray/bumperbot_ws/build/bumperbot_cpp_example' returned '0': CMAKE_PREFIX_PATH=/home/mr_ray/bumperbot_ws/install/bumperbot_msgs:/home/mr_ray/bumperbot_ws/install/bumperbot_cpp_example:/home/mr_ray/bumperbot_ws/install/bumperbot_firmware:/home/mr_ray/bumperbot_ws/install/bumperbot_description:/home/mr_ray/bumperbot_ws/install/bumperbot_controller:/home/mr_ray/bumperbot_ws/install/bumperbot_bringup:/home/mr_ray/bumperbot_ws/install/bumperbot_py_example:/opt/ros/humble /usr/bin/cmake --build /home/mr_ray/bumperbot_ws/build/bumperbot_cpp_example -- -j8 -l8
[0.328s] Invoking command in '/home/mr_ray/bumperbot_ws/build/bumperbot_cpp_example': CMAKE_PREFIX_PATH=/home/mr_ray/bumperbot_ws/install/bumperbot_msgs:/home/mr_ray/bumperbot_ws/install/bumperbot_cpp_example:/home/mr_ray/bumperbot_ws/install/bumperbot_firmware:/home/mr_ray/bumperbot_ws/install/bumperbot_description:/home/mr_ray/bumperbot_ws/install/bumperbot_controller:/home/mr_ray/bumperbot_ws/install/bumperbot_bringup:/home/mr_ray/bumperbot_ws/install/bumperbot_py_example:/opt/ros/humble /usr/bin/cmake --install /home/mr_ray/bumperbot_ws/build/bumperbot_cpp_example
[0.341s] -- Install configuration: ""
[0.341s] -- Up-to-date: /home/mr_ray/bumperbot_ws/install/bumperbot_cpp_example/include/include
[0.341s] -- Up-to-date: /home/mr_ray/bumperbot_ws/install/bumperbot_cpp_example/include/include/bumperbot_cpp_example
[0.341s] -- Up-to-date: /home/mr_ray/bumperbot_ws/install/bumperbot_cpp_example/include/include/bumperbot_cpp_example/simpple_turtlesim_kinematics.hpp
[0.341s] -- Up-to-date: /home/mr_ray/bumperbot_ws/install/bumperbot_cpp_example/include/include/bumperbot_cpp_example/simple_tf_kinematics.hpp
[0.341s] -- Up-to-date: /home/mr_ray/bumperbot_ws/install/bumperbot_cpp_example/lib/bumperbot_cpp_example/simple_publisher
[0.342s] -- Up-to-date: /home/mr_ray/bumperbot_ws/install/bumperbot_cpp_example/lib/bumperbot_cpp_example/simple_subscriber
[0.342s] -- Up-to-date: /home/mr_ray/bumperbot_ws/install/bumperbot_cpp_example/lib/bumperbot_cpp_example/simple_parameter
[0.342s] -- Up-to-date: /home/mr_ray/bumperbot_ws/install/bumperbot_cpp_example/lib/bumperbot_cpp_example/simple_turtlesim_kinematics
[0.343s] -- Up-to-date: /home/mr_ray/bumperbot_ws/install/bumperbot_cpp_example/lib/bumperbot_cpp_example/simple_tf_kinematics
[0.343s] -- Up-to-date: /home/mr_ray/bumperbot_ws/install/bumperbot_cpp_example/lib/bumperbot_cpp_example/simple_service_server
[0.344s] -- Up-to-date: /home/mr_ray/bumperbot_ws/install/bumperbot_cpp_example/lib/bumperbot_cpp_example/simple_service_client
[0.344s] -- Up-to-date: /home/mr_ray/bumperbot_ws/install/bumperbot_cpp_example/share/ament_index/resource_index/package_run_dependencies/bumperbot_cpp_example
[0.344s] -- Up-to-date: /home/mr_ray/bumperbot_ws/install/bumperbot_cpp_example/share/ament_index/resource_index/parent_prefix_path/bumperbot_cpp_example
[0.344s] -- Up-to-date: /home/mr_ray/bumperbot_ws/install/bumperbot_cpp_example/share/bumperbot_cpp_example/environment/ament_prefix_path.sh
[0.344s] -- Up-to-date: /home/mr_ray/bumperbot_ws/install/bumperbot_cpp_example/share/bumperbot_cpp_example/environment/ament_prefix_path.dsv
[0.345s] -- Up-to-date: /home/mr_ray/bumperbot_ws/install/bumperbot_cpp_example/share/bumperbot_cpp_example/environment/path.sh
[0.345s] -- Up-to-date: /home/mr_ray/bumperbot_ws/install/bumperbot_cpp_example/share/bumperbot_cpp_example/environment/path.dsv
[0.345s] -- Up-to-date: /home/mr_ray/bumperbot_ws/install/bumperbot_cpp_example/share/bumperbot_cpp_example/local_setup.bash
[0.345s] -- Up-to-date: /home/mr_ray/bumperbot_ws/install/bumperbot_cpp_example/share/bumperbot_cpp_example/local_setup.sh
[0.345s] -- Up-to-date: /home/mr_ray/bumperbot_ws/install/bumperbot_cpp_example/share/bumperbot_cpp_example/local_setup.zsh
[0.346s] -- Up-to-date: /home/mr_ray/bumperbot_ws/install/bumperbot_cpp_example/share/bumperbot_cpp_example/local_setup.dsv
[0.346s] -- Installing: /home/mr_ray/bumperbot_ws/install/bumperbot_cpp_example/share/bumperbot_cpp_example/package.dsv
[0.346s] -- Up-to-date: /home/mr_ray/bumperbot_ws/install/bumperbot_cpp_example/share/ament_index/resource_index/packages/bumperbot_cpp_example
[0.346s] -- Up-to-date: /home/mr_ray/bumperbot_ws/install/bumperbot_cpp_example/share/bumperbot_cpp_example/cmake/bumperbot_cpp_exampleConfig.cmake
[0.346s] -- Up-to-date: /home/mr_ray/bumperbot_ws/install/bumperbot_cpp_example/share/bumperbot_cpp_example/cmake/bumperbot_cpp_exampleConfig-version.cmake
[0.346s] -- Up-to-date: /home/mr_ray/bumperbot_ws/install/bumperbot_cpp_example/share/bumperbot_cpp_example/package.xml
[0.349s] Invoked command in '/home/mr_ray/bumperbot_ws/build/bumperbot_cpp_example' returned '0': CMAKE_PREFIX_PATH=/home/mr_ray/bumperbot_ws/install/bumperbot_msgs:/home/mr_ray/bumperbot_ws/install/bumperbot_cpp_example:/home/mr_ray/bumperbot_ws/install/bumperbot_firmware:/home/mr_ray/bumperbot_ws/install/bumperbot_description:/home/mr_ray/bumperbot_ws/install/bumperbot_controller:/home/mr_ray/bumperbot_ws/install/bumperbot_bringup:/home/mr_ray/bumperbot_ws/install/bumperbot_py_example:/opt/ros/humble /usr/bin/cmake --install /home/mr_ray/bumperbot_ws/build/bumperbot_cpp_example
