[0.044s] Invoking command in '/home/mr_ray/bumperbot_ws/build/bumperbot_controller': CMAKE_PREFIX_PATH=/opt/ros/humble /usr/bin/cmake --build /home/mr_ray/bumperbot_ws/build/bumperbot_controller -- -j8 -l8
[0.198s] [100%] Built target simple_controller
[0.199s] [100%] Built target ament_cmake_python_copy_bumperbot_controller
[0.630s] running egg_info
[0.632s] writing bumperbot_controller.egg-info/PKG-INFO
[0.632s] writing dependency_links to bumperbot_controller.egg-info/dependency_links.txt
[0.633s] writing top-level names to bumperbot_controller.egg-info/top_level.txt
[0.637s] reading manifest file 'bumperbot_controller.egg-info/SOURCES.txt'
[0.641s] writing manifest file 'bumperbot_controller.egg-info/SOURCES.txt'
[0.715s] [100%] Built target ament_cmake_python_build_bumperbot_controller_egg
[0.735s] Invoked command in '/home/mr_ray/bumperbot_ws/build/bumperbot_controller' returned '0': CMAKE_PREFIX_PATH=/opt/ros/humble /usr/bin/cmake --build /home/mr_ray/bumperbot_ws/build/bumperbot_controller -- -j8 -l8
[0.785s] Invoking command in '/home/mr_ray/bumperbot_ws/build/bumperbot_controller': CMAKE_PREFIX_PATH=/opt/ros/humble /usr/bin/cmake --install /home/mr_ray/bumperbot_ws/build/bumperbot_controller
[0.798s] -- Install configuration: ""
[0.798s] -- Installing: /home/mr_ray/bumperbot_ws/install/bumperbot_controller/share/bumperbot_controller/environment/pythonpath.sh
[0.799s] -- Installing: /home/mr_ray/bumperbot_ws/install/bumperbot_controller/share/bumperbot_controller/environment/pythonpath.dsv
[0.799s] -- Installing: /home/mr_ray/bumperbot_ws/install/bumperbot_controller/local/lib/python3.10/dist-packages/bumperbot_controller-0.0.0-py3.10.egg-info
[0.799s] -- Installing: /home/mr_ray/bumperbot_ws/install/bumperbot_controller/local/lib/python3.10/dist-packages/bumperbot_controller-0.0.0-py3.10.egg-info/PKG-INFO
[0.800s] -- Installing: /home/mr_ray/bumperbot_ws/install/bumperbot_controller/local/lib/python3.10/dist-packages/bumperbot_controller-0.0.0-py3.10.egg-info/SOURCES.txt
[0.800s] -- Installing: /home/mr_ray/bumperbot_ws/install/bumperbot_controller/local/lib/python3.10/dist-packages/bumperbot_controller-0.0.0-py3.10.egg-info/top_level.txt
[0.800s] -- Installing: /home/mr_ray/bumperbot_ws/install/bumperbot_controller/local/lib/python3.10/dist-packages/bumperbot_controller-0.0.0-py3.10.egg-info/dependency_links.txt
[0.801s] -- Installing: /home/mr_ray/bumperbot_ws/install/bumperbot_controller/local/lib/python3.10/dist-packages/bumperbot_controller
[0.801s] -- Installing: /home/mr_ray/bumperbot_ws/install/bumperbot_controller/local/lib/python3.10/dist-packages/bumperbot_controller/__init__.py
[0.801s] -- Installing: /home/mr_ray/bumperbot_ws/install/bumperbot_controller/local/lib/python3.10/dist-packages/bumperbot_controller/simple_controller.py
[0.860s] Listing '/home/mr_ray/bumperbot_ws/install/bumperbot_controller/local/lib/python3.10/dist-packages/bumperbot_controller'...
[0.860s] Compiling '/home/mr_ray/bumperbot_ws/install/bumperbot_controller/local/lib/python3.10/dist-packages/bumperbot_controller/__init__.py'...
[0.860s] Compiling '/home/mr_ray/bumperbot_ws/install/bumperbot_controller/local/lib/python3.10/dist-packages/bumperbot_controller/simple_controller.py'...
[0.866s] -- Installing: /home/mr_ray/bumperbot_ws/install/bumperbot_controller/include/
[0.867s] -- Installing: /home/mr_ray/bumperbot_ws/install/bumperbot_controller/include//bumperbot_controller
[0.867s] -- Installing: /home/mr_ray/bumperbot_ws/install/bumperbot_controller/include//bumperbot_controller/simple_controller.hpp
[0.867s] -- Installing: /home/mr_ray/bumperbot_ws/install/bumperbot_controller/lib/bumperbot_controller/simple_controller
[0.885s] -- Set runtime path of "/home/mr_ray/bumperbot_ws/install/bumperbot_controller/lib/bumperbot_controller/simple_controller" to ""
[0.885s] -- Installing: /home/mr_ray/bumperbot_ws/install/bumperbot_controller/share/bumperbot_controller/config
[0.886s] -- Installing: /home/mr_ray/bumperbot_ws/install/bumperbot_controller/share/bumperbot_controller/config/joy_config.yaml
[0.887s] -- Installing: /home/mr_ray/bumperbot_ws/install/bumperbot_controller/share/bumperbot_controller/config/joy_teleop.yaml
[0.887s] -- Installing: /home/mr_ray/bumperbot_ws/install/bumperbot_controller/share/bumperbot_controller/config/bumperbot_controller.yaml
[0.887s] -- Installing: /home/mr_ray/bumperbot_ws/install/bumperbot_controller/share/bumperbot_controller/launch
[0.887s] -- Installing: /home/mr_ray/bumperbot_ws/install/bumperbot_controller/share/bumperbot_controller/launch/controller.launch.py
[0.888s] -- Installing: /home/mr_ray/bumperbot_ws/install/bumperbot_controller/share/bumperbot_controller/launch/joystick_teleop.launch.py
[0.889s] -- Installing: /home/mr_ray/bumperbot_ws/install/bumperbot_controller/lib/bumperbot_controller/simple_controller.py
[0.889s] -- Installing: /home/mr_ray/bumperbot_ws/install/bumperbot_controller/share/ament_index/resource_index/package_run_dependencies/bumperbot_controller
[0.890s] -- Installing: /home/mr_ray/bumperbot_ws/install/bumperbot_controller/share/ament_index/resource_index/parent_prefix_path/bumperbot_controller
[0.890s] -- Installing: /home/mr_ray/bumperbot_ws/install/bumperbot_controller/share/bumperbot_controller/environment/ament_prefix_path.sh
[0.890s] -- Installing: /home/mr_ray/bumperbot_ws/install/bumperbot_controller/share/bumperbot_controller/environment/ament_prefix_path.dsv
[0.891s] -- Installing: /home/mr_ray/bumperbot_ws/install/bumperbot_controller/share/bumperbot_controller/environment/path.sh
[0.893s] -- Installing: /home/mr_ray/bumperbot_ws/install/bumperbot_controller/share/bumperbot_controller/environment/path.dsv
[0.894s] -- Installing: /home/mr_ray/bumperbot_ws/install/bumperbot_controller/share/bumperbot_controller/local_setup.bash
[0.894s] -- Installing: /home/mr_ray/bumperbot_ws/install/bumperbot_controller/share/bumperbot_controller/local_setup.sh
[0.895s] -- Installing: /home/mr_ray/bumperbot_ws/install/bumperbot_controller/share/bumperbot_controller/local_setup.zsh
[0.895s] -- Installing: /home/mr_ray/bumperbot_ws/install/bumperbot_controller/share/bumperbot_controller/local_setup.dsv
[0.895s] -- Installing: /home/mr_ray/bumperbot_ws/install/bumperbot_controller/share/bumperbot_controller/package.dsv
[0.896s] -- Installing: /home/mr_ray/bumperbot_ws/install/bumperbot_controller/share/ament_index/resource_index/packages/bumperbot_controller
[0.896s] -- Installing: /home/mr_ray/bumperbot_ws/install/bumperbot_controller/share/bumperbot_controller/cmake/bumperbot_controllerConfig.cmake
[0.897s] -- Installing: /home/mr_ray/bumperbot_ws/install/bumperbot_controller/share/bumperbot_controller/cmake/bumperbot_controllerConfig-version.cmake
[0.897s] -- Installing: /home/mr_ray/bumperbot_ws/install/bumperbot_controller/share/bumperbot_controller/package.xml
[0.902s] Invoked command in '/home/mr_ray/bumperbot_ws/build/bumperbot_controller' returned '0': CMAKE_PREFIX_PATH=/opt/ros/humble /usr/bin/cmake --install /home/mr_ray/bumperbot_ws/build/bumperbot_controller
