running egg_info
writing ../../build/bumperbot_py_example/bumperbot_py_example.egg-info/PKG-INFO
writing dependency_links to ../../build/bumperbot_py_example/bumperbot_py_example.egg-info/dependency_links.txt
writing entry points to ../../build/bumperbot_py_example/bumperbot_py_example.egg-info/entry_points.txt
writing requirements to ../../build/bumperbot_py_example/bumperbot_py_example.egg-info/requires.txt
writing top-level names to ../../build/bumperbot_py_example/bumperbot_py_example.egg-info/top_level.txt
reading manifest file '../../build/bumperbot_py_example/bumperbot_py_example.egg-info/SOURCES.txt'
writing manifest file '../../build/bumperbot_py_example/bumperbot_py_example.egg-info/SOURCES.txt'
running build
running build_py
running install
running install_lib
creating /home/mr_ray/Desktop/bumperbot_ws/install/bumperbot_py_example/lib/python3.10/site-packages/bumperbot_py_example
copying /home/mr_ray/Desktop/bumperbot_ws/build/bumperbot_py_example/build/lib/bumperbot_py_example/simple_turtlesim_kinematics.py -> /home/mr_ray/Desktop/bumperbot_ws/install/bumperbot_py_example/lib/python3.10/site-packages/bumperbot_py_example
copying /home/mr_ray/Desktop/bumperbot_ws/build/bumperbot_py_example/build/lib/bumperbot_py_example/simple_tf_kinematics.py -> /home/mr_ray/Desktop/bumperbot_ws/install/bumperbot_py_example/lib/python3.10/site-packages/bumperbot_py_example
copying /home/mr_ray/Desktop/bumperbot_ws/build/bumperbot_py_example/build/lib/bumperbot_py_example/simple_publisher.py -> /home/mr_ray/Desktop/bumperbot_ws/install/bumperbot_py_example/lib/python3.10/site-packages/bumperbot_py_example
copying /home/mr_ray/Desktop/bumperbot_ws/build/bumperbot_py_example/build/lib/bumperbot_py_example/templete_python.py -> /home/mr_ray/Desktop/bumperbot_ws/install/bumperbot_py_example/lib/python3.10/site-packages/bumperbot_py_example
copying /home/mr_ray/Desktop/bumperbot_ws/build/bumperbot_py_example/build/lib/bumperbot_py_example/simple_parameter.py -> /home/mr_ray/Desktop/bumperbot_ws/install/bumperbot_py_example/lib/python3.10/site-packages/bumperbot_py_example
copying /home/mr_ray/Desktop/bumperbot_ws/build/bumperbot_py_example/build/lib/bumperbot_py_example/__init__.py -> /home/mr_ray/Desktop/bumperbot_ws/install/bumperbot_py_example/lib/python3.10/site-packages/bumperbot_py_example
copying /home/mr_ray/Desktop/bumperbot_ws/build/bumperbot_py_example/build/lib/bumperbot_py_example/simple_subscriber.py -> /home/mr_ray/Desktop/bumperbot_ws/install/bumperbot_py_example/lib/python3.10/site-packages/bumperbot_py_example
byte-compiling /home/mr_ray/Desktop/bumperbot_ws/install/bumperbot_py_example/lib/python3.10/site-packages/bumperbot_py_example/simple_turtlesim_kinematics.py to simple_turtlesim_kinematics.cpython-310.pyc
byte-compiling /home/mr_ray/Desktop/bumperbot_ws/install/bumperbot_py_example/lib/python3.10/site-packages/bumperbot_py_example/simple_tf_kinematics.py to simple_tf_kinematics.cpython-310.pyc
byte-compiling /home/mr_ray/Desktop/bumperbot_ws/install/bumperbot_py_example/lib/python3.10/site-packages/bumperbot_py_example/simple_publisher.py to simple_publisher.cpython-310.pyc
byte-compiling /home/mr_ray/Desktop/bumperbot_ws/install/bumperbot_py_example/lib/python3.10/site-packages/bumperbot_py_example/templete_python.py to templete_python.cpython-310.pyc
byte-compiling /home/mr_ray/Desktop/bumperbot_ws/install/bumperbot_py_example/lib/python3.10/site-packages/bumperbot_py_example/simple_parameter.py to simple_parameter.cpython-310.pyc
byte-compiling /home/mr_ray/Desktop/bumperbot_ws/install/bumperbot_py_example/lib/python3.10/site-packages/bumperbot_py_example/__init__.py to __init__.cpython-310.pyc
byte-compiling /home/mr_ray/Desktop/bumperbot_ws/install/bumperbot_py_example/lib/python3.10/site-packages/bumperbot_py_example/simple_subscriber.py to simple_subscriber.cpython-310.pyc
running install_data
creating /home/mr_ray/Desktop/bumperbot_ws/install/bumperbot_py_example/share/ament_index
creating /home/mr_ray/Desktop/bumperbot_ws/install/bumperbot_py_example/share/ament_index/resource_index
creating /home/mr_ray/Desktop/bumperbot_ws/install/bumperbot_py_example/share/ament_index/resource_index/packages
copying resource/bumperbot_py_example -> /home/mr_ray/Desktop/bumperbot_ws/install/bumperbot_py_example/share/ament_index/resource_index/packages
copying package.xml -> /home/mr_ray/Desktop/bumperbot_ws/install/bumperbot_py_example/share/bumperbot_py_example
running install_egg_info
Copying ../../build/bumperbot_py_example/bumperbot_py_example.egg-info to /home/mr_ray/Desktop/bumperbot_ws/install/bumperbot_py_example/lib/python3.10/site-packages/bumperbot_py_example-0.0.0-py3.10.egg-info
running install_scripts
Installing simple_parameter script to /home/mr_ray/Desktop/bumperbot_ws/install/bumperbot_py_example/lib/bumperbot_py_example
Installing simple_publisher script to /home/mr_ray/Desktop/bumperbot_ws/install/bumperbot_py_example/lib/bumperbot_py_example
Installing simple_subscriber script to /home/mr_ray/Desktop/bumperbot_ws/install/bumperbot_py_example/lib/bumperbot_py_example
Installing simple_tf_kinematics script to /home/mr_ray/Desktop/bumperbot_ws/install/bumperbot_py_example/lib/bumperbot_py_example
Installing simple_turtlesim_kinematics script to /home/mr_ray/Desktop/bumperbot_ws/install/bumperbot_py_example/lib/bumperbot_py_example
writing list of installed files to '/home/mr_ray/Desktop/bumperbot_ws/build/bumperbot_py_example/install.log'
