[1.257s] Invoking command in '/home/mr_ray/Desktop/bumperbot_ws/src/bumperbot_py_example': PYTHONPATH=/home/mr_ray/Desktop/bumperbot_ws/build/bumperbot_py_example/prefix_override:/home/mr_ray/Desktop/bumperbot_ws/install/bumperbot_py_example/lib/python3.10/site-packages:${PYTHONPATH} /usr/bin/python3 -W ignore:setup.py install is deprecated setup.py egg_info --egg-base ../../build/bumperbot_py_example build --build-base /home/mr_ray/Desktop/bumperbot_ws/build/bumperbot_py_example/build install --record /home/mr_ray/Desktop/bumperbot_ws/build/bumperbot_py_example/install.log --single-version-externally-managed install_data
[1.629s] running egg_info
[1.630s] writing ../../build/bumperbot_py_example/bumperbot_py_example.egg-info/PKG-INFO
[1.630s] writing dependency_links to ../../build/bumperbot_py_example/bumperbot_py_example.egg-info/dependency_links.txt
[1.630s] writing entry points to ../../build/bumperbot_py_example/bumperbot_py_example.egg-info/entry_points.txt
[1.631s] writing requirements to ../../build/bumperbot_py_example/bumperbot_py_example.egg-info/requires.txt
[1.631s] writing top-level names to ../../build/bumperbot_py_example/bumperbot_py_example.egg-info/top_level.txt
[1.633s] reading manifest file '../../build/bumperbot_py_example/bumperbot_py_example.egg-info/SOURCES.txt'
[1.635s] writing manifest file '../../build/bumperbot_py_example/bumperbot_py_example.egg-info/SOURCES.txt'
[1.635s] running build
[1.635s] running build_py
[1.636s] running install
[1.636s] running install_lib
[1.637s] creating /home/mr_ray/Desktop/bumperbot_ws/install/bumperbot_py_example/lib/python3.10/site-packages/bumperbot_py_example
[1.638s] copying /home/mr_ray/Desktop/bumperbot_ws/build/bumperbot_py_example/build/lib/bumperbot_py_example/simple_turtlesim_kinematics.py -> /home/mr_ray/Desktop/bumperbot_ws/install/bumperbot_py_example/lib/python3.10/site-packages/bumperbot_py_example
[1.638s] copying /home/mr_ray/Desktop/bumperbot_ws/build/bumperbot_py_example/build/lib/bumperbot_py_example/simple_tf_kinematics.py -> /home/mr_ray/Desktop/bumperbot_ws/install/bumperbot_py_example/lib/python3.10/site-packages/bumperbot_py_example
[1.638s] copying /home/mr_ray/Desktop/bumperbot_ws/build/bumperbot_py_example/build/lib/bumperbot_py_example/simple_publisher.py -> /home/mr_ray/Desktop/bumperbot_ws/install/bumperbot_py_example/lib/python3.10/site-packages/bumperbot_py_example
[1.638s] copying /home/mr_ray/Desktop/bumperbot_ws/build/bumperbot_py_example/build/lib/bumperbot_py_example/templete_python.py -> /home/mr_ray/Desktop/bumperbot_ws/install/bumperbot_py_example/lib/python3.10/site-packages/bumperbot_py_example
[1.639s] copying /home/mr_ray/Desktop/bumperbot_ws/build/bumperbot_py_example/build/lib/bumperbot_py_example/simple_parameter.py -> /home/mr_ray/Desktop/bumperbot_ws/install/bumperbot_py_example/lib/python3.10/site-packages/bumperbot_py_example
[1.639s] copying /home/mr_ray/Desktop/bumperbot_ws/build/bumperbot_py_example/build/lib/bumperbot_py_example/__init__.py -> /home/mr_ray/Desktop/bumperbot_ws/install/bumperbot_py_example/lib/python3.10/site-packages/bumperbot_py_example
[1.639s] copying /home/mr_ray/Desktop/bumperbot_ws/build/bumperbot_py_example/build/lib/bumperbot_py_example/simple_subscriber.py -> /home/mr_ray/Desktop/bumperbot_ws/install/bumperbot_py_example/lib/python3.10/site-packages/bumperbot_py_example
[1.640s] byte-compiling /home/mr_ray/Desktop/bumperbot_ws/install/bumperbot_py_example/lib/python3.10/site-packages/bumperbot_py_example/simple_turtlesim_kinematics.py to simple_turtlesim_kinematics.cpython-310.pyc
[1.641s] byte-compiling /home/mr_ray/Desktop/bumperbot_ws/install/bumperbot_py_example/lib/python3.10/site-packages/bumperbot_py_example/simple_tf_kinematics.py to simple_tf_kinematics.cpython-310.pyc
[1.642s] byte-compiling /home/mr_ray/Desktop/bumperbot_ws/install/bumperbot_py_example/lib/python3.10/site-packages/bumperbot_py_example/simple_publisher.py to simple_publisher.cpython-310.pyc
[1.643s] byte-compiling /home/mr_ray/Desktop/bumperbot_ws/install/bumperbot_py_example/lib/python3.10/site-packages/bumperbot_py_example/templete_python.py to templete_python.cpython-310.pyc
[1.643s] byte-compiling /home/mr_ray/Desktop/bumperbot_ws/install/bumperbot_py_example/lib/python3.10/site-packages/bumperbot_py_example/simple_parameter.py to simple_parameter.cpython-310.pyc
[1.644s] byte-compiling /home/mr_ray/Desktop/bumperbot_ws/install/bumperbot_py_example/lib/python3.10/site-packages/bumperbot_py_example/__init__.py to __init__.cpython-310.pyc
[1.644s] byte-compiling /home/mr_ray/Desktop/bumperbot_ws/install/bumperbot_py_example/lib/python3.10/site-packages/bumperbot_py_example/simple_subscriber.py to simple_subscriber.cpython-310.pyc
[1.644s] running install_data
[1.645s] creating /home/mr_ray/Desktop/bumperbot_ws/install/bumperbot_py_example/share/ament_index
[1.645s] creating /home/mr_ray/Desktop/bumperbot_ws/install/bumperbot_py_example/share/ament_index/resource_index
[1.645s] creating /home/mr_ray/Desktop/bumperbot_ws/install/bumperbot_py_example/share/ament_index/resource_index/packages
[1.645s] copying resource/bumperbot_py_example -> /home/mr_ray/Desktop/bumperbot_ws/install/bumperbot_py_example/share/ament_index/resource_index/packages
[1.645s] copying package.xml -> /home/mr_ray/Desktop/bumperbot_ws/install/bumperbot_py_example/share/bumperbot_py_example
[1.645s] running install_egg_info
[1.649s] Copying ../../build/bumperbot_py_example/bumperbot_py_example.egg-info to /home/mr_ray/Desktop/bumperbot_ws/install/bumperbot_py_example/lib/python3.10/site-packages/bumperbot_py_example-0.0.0-py3.10.egg-info
[1.650s] running install_scripts
[1.672s] Installing simple_parameter script to /home/mr_ray/Desktop/bumperbot_ws/install/bumperbot_py_example/lib/bumperbot_py_example
[1.672s] Installing simple_publisher script to /home/mr_ray/Desktop/bumperbot_ws/install/bumperbot_py_example/lib/bumperbot_py_example
[1.672s] Installing simple_subscriber script to /home/mr_ray/Desktop/bumperbot_ws/install/bumperbot_py_example/lib/bumperbot_py_example
[1.673s] Installing simple_tf_kinematics script to /home/mr_ray/Desktop/bumperbot_ws/install/bumperbot_py_example/lib/bumperbot_py_example
[1.673s] Installing simple_turtlesim_kinematics script to /home/mr_ray/Desktop/bumperbot_ws/install/bumperbot_py_example/lib/bumperbot_py_example
[1.673s] writing list of installed files to '/home/mr_ray/Desktop/bumperbot_ws/build/bumperbot_py_example/install.log'
[1.709s] Invoked command in '/home/mr_ray/Desktop/bumperbot_ws/src/bumperbot_py_example' returned '0': PYTHONPATH=/home/mr_ray/Desktop/bumperbot_ws/build/bumperbot_py_example/prefix_override:/home/mr_ray/Desktop/bumperbot_ws/install/bumperbot_py_example/lib/python3.10/site-packages:${PYTHONPATH} /usr/bin/python3 -W ignore:setup.py install is deprecated setup.py egg_info --egg-base ../../build/bumperbot_py_example build --build-base /home/mr_ray/Desktop/bumperbot_ws/build/bumperbot_py_example/build install --record /home/mr_ray/Desktop/bumperbot_ws/build/bumperbot_py_example/install.log --single-version-externally-managed install_data
