/home/mr_ray/bumperbot_ws/install/bumperbot_py_example/lib/python3.10/site-packages/bumperbot_py_example/simple_turtlesim_kinematics.py
/home/mr_ray/bumperbot_ws/install/bumperbot_py_example/lib/python3.10/site-packages/bumperbot_py_example/simple_tf_kinematics.py
/home/mr_ray/bumperbot_ws/install/bumperbot_py_example/lib/python3.10/site-packages/bumperbot_py_example/simple_publisher.py
/home/mr_ray/bumperbot_ws/install/bumperbot_py_example/lib/python3.10/site-packages/bumperbot_py_example/templete_python.py
/home/mr_ray/bumperbot_ws/install/bumperbot_py_example/lib/python3.10/site-packages/bumperbot_py_example/simple_parameter.py
/home/mr_ray/bumperbot_ws/install/bumperbot_py_example/lib/python3.10/site-packages/bumperbot_py_example/__init__.py
/home/mr_ray/bumperbot_ws/install/bumperbot_py_example/lib/python3.10/site-packages/bumperbot_py_example/simple_subscriber.py
/home/mr_ray/bumperbot_ws/install/bumperbot_py_example/lib/python3.10/site-packages/bumperbot_py_example/__pycache__/simple_turtlesim_kinematics.cpython-310.pyc
/home/mr_ray/bumperbot_ws/install/bumperbot_py_example/lib/python3.10/site-packages/bumperbot_py_example/__pycache__/simple_tf_kinematics.cpython-310.pyc
/home/mr_ray/bumperbot_ws/install/bumperbot_py_example/lib/python3.10/site-packages/bumperbot_py_example/__pycache__/simple_publisher.cpython-310.pyc
/home/mr_ray/bumperbot_ws/install/bumperbot_py_example/lib/python3.10/site-packages/bumperbot_py_example/__pycache__/templete_python.cpython-310.pyc
/home/mr_ray/bumperbot_ws/install/bumperbot_py_example/lib/python3.10/site-packages/bumperbot_py_example/__pycache__/simple_parameter.cpython-310.pyc
/home/mr_ray/bumperbot_ws/install/bumperbot_py_example/lib/python3.10/site-packages/bumperbot_py_example/__pycache__/__init__.cpython-310.pyc
/home/mr_ray/bumperbot_ws/install/bumperbot_py_example/lib/python3.10/site-packages/bumperbot_py_example/__pycache__/simple_subscriber.cpython-310.pyc
/home/mr_ray/bumperbot_ws/install/bumperbot_py_example/share/ament_index/resource_index/packages/bumperbot_py_example
/home/mr_ray/bumperbot_ws/install/bumperbot_py_example/share/bumperbot_py_example/package.xml
/home/mr_ray/bumperbot_ws/install/bumperbot_py_example/lib/python3.10/site-packages/bumperbot_py_example-0.0.0-py3.10.egg-info/requires.txt
/home/mr_ray/bumperbot_ws/install/bumperbot_py_example/lib/python3.10/site-packages/bumperbot_py_example-0.0.0-py3.10.egg-info/PKG-INFO
/home/mr_ray/bumperbot_ws/install/bumperbot_py_example/lib/python3.10/site-packages/bumperbot_py_example-0.0.0-py3.10.egg-info/SOURCES.txt
/home/mr_ray/bumperbot_ws/install/bumperbot_py_example/lib/python3.10/site-packages/bumperbot_py_example-0.0.0-py3.10.egg-info/top_level.txt
/home/mr_ray/bumperbot_ws/install/bumperbot_py_example/lib/python3.10/site-packages/bumperbot_py_example-0.0.0-py3.10.egg-info/entry_points.txt
/home/mr_ray/bumperbot_ws/install/bumperbot_py_example/lib/python3.10/site-packages/bumperbot_py_example-0.0.0-py3.10.egg-info/dependency_links.txt
/home/mr_ray/bumperbot_ws/install/bumperbot_py_example/lib/python3.10/site-packages/bumperbot_py_example-0.0.0-py3.10.egg-info/zip-safe
/home/mr_ray/bumperbot_ws/install/bumperbot_py_example/lib/bumperbot_py_example/simple_parameter
/home/mr_ray/bumperbot_ws/install/bumperbot_py_example/lib/bumperbot_py_example/simple_publisher
/home/mr_ray/bumperbot_ws/install/bumperbot_py_example/lib/bumperbot_py_example/simple_subscriber
/home/mr_ray/bumperbot_ws/install/bumperbot_py_example/lib/bumperbot_py_example/simple_tf_kinematics
/home/mr_ray/bumperbot_ws/install/bumperbot_py_example/lib/bumperbot_py_example/simple_turtlesim_kinematics
