-- Install configuration: ""
-- Installing: /home/mr_ray/bumperbot_ws/install/bumperbot_description/share/bumperbot_description/meshes
-- Installing: /home/mr_ray/bumperbot_ws/install/bumperbot_description/share/bumperbot_description/meshes/wheel_left_link.STL
-- Installing: /home/mr_ray/bumperbot_ws/install/bumperbot_description/share/bumperbot_description/meshes/can.STL
-- Installing: /home/mr_ray/bumperbot_ws/install/bumperbot_description/share/bumperbot_description/meshes/imu_link.STL
-- Installing: /home/mr_ray/bumperbot_ws/install/bumperbot_description/share/bumperbot_description/meshes/caster_front_link.STL
-- Installing: /home/mr_ray/bumperbot_ws/install/bumperbot_description/share/bumperbot_description/meshes/base_link.STL
-- Installing: /home/mr_ray/bumperbot_ws/install/bumperbot_description/share/bumperbot_description/meshes/caster_rear_link.STL
-- Installing: /home/mr_ray/bumperbot_ws/install/bumperbot_description/share/bumperbot_description/meshes/wheel_right_link.STL
-- Installing: /home/mr_ray/bumperbot_ws/install/bumperbot_description/share/bumperbot_description/urdf
-- Installing: /home/mr_ray/bumperbot_ws/install/bumperbot_description/share/bumperbot_description/urdf/bumperbot_ros2_control.xacro
-- Installing: /home/mr_ray/bumperbot_ws/install/bumperbot_description/share/bumperbot_description/urdf/bumperbot.urdf.xacro
-- Installing: /home/mr_ray/bumperbot_ws/install/bumperbot_description/share/bumperbot_description/urdf/bumperbot_gazebo.xacro
-- Installing: /home/mr_ray/bumperbot_ws/install/bumperbot_description/share/bumperbot_description/launch
-- Installing: /home/mr_ray/bumperbot_ws/install/bumperbot_description/share/bumperbot_description/launch/gazebo.launch.py
-- Installing: /home/mr_ray/bumperbot_ws/install/bumperbot_description/share/bumperbot_description/launch/display.launch.py
-- Installing: /home/mr_ray/bumperbot_ws/install/bumperbot_description/share/bumperbot_description/rviz
-- Installing: /home/mr_ray/bumperbot_ws/install/bumperbot_description/share/bumperbot_description/rviz/display.rviz
-- Installing: /home/mr_ray/bumperbot_ws/install/bumperbot_description/share/ament_index/resource_index/package_run_dependencies/bumperbot_description
-- Installing: /home/mr_ray/bumperbot_ws/install/bumperbot_description/share/ament_index/resource_index/parent_prefix_path/bumperbot_description
-- Installing: /home/mr_ray/bumperbot_ws/install/bumperbot_description/share/bumperbot_description/environment/ament_prefix_path.sh
-- Installing: /home/mr_ray/bumperbot_ws/install/bumperbot_description/share/bumperbot_description/environment/ament_prefix_path.dsv
-- Installing: /home/mr_ray/bumperbot_ws/install/bumperbot_description/share/bumperbot_description/environment/path.sh
-- Installing: /home/mr_ray/bumperbot_ws/install/bumperbot_description/share/bumperbot_description/environment/path.dsv
-- Installing: /home/mr_ray/bumperbot_ws/install/bumperbot_description/share/bumperbot_description/local_setup.bash
-- Installing: /home/mr_ray/bumperbot_ws/install/bumperbot_description/share/bumperbot_description/local_setup.sh
-- Installing: /home/mr_ray/bumperbot_ws/install/bumperbot_description/share/bumperbot_description/local_setup.zsh
-- Installing: /home/mr_ray/bumperbot_ws/install/bumperbot_description/share/bumperbot_description/local_setup.dsv
-- Installing: /home/mr_ray/bumperbot_ws/install/bumperbot_description/share/bumperbot_description/package.dsv
-- Installing: /home/mr_ray/bumperbot_ws/install/bumperbot_description/share/ament_index/resource_index/packages/bumperbot_description
-- Installing: /home/mr_ray/bumperbot_ws/install/bumperbot_description/share/bumperbot_description/cmake/bumperbot_descriptionConfig.cmake
-- Installing: /home/mr_ray/bumperbot_ws/install/bumperbot_description/share/bumperbot_description/cmake/bumperbot_descriptionConfig-version.cmake
-- Installing: /home/mr_ray/bumperbot_ws/install/bumperbot_description/share/bumperbot_description/package.xml
