[0.057s] Invoking command in '/home/mr_ray/bumperbot_ws/build/bumperbot_description': CMAKE_PREFIX_PATH=${CMAKE_PREFIX_PATH}:/home/mr_ray/bumperbot_ws/install/bumperbot_py_example:/opt/ros/humble /usr/bin/cmake --build /home/mr_ray/bumperbot_ws/build/bumperbot_description -- -j8 -l8
[0.786s] Invoked command in '/home/mr_ray/bumperbot_ws/build/bumperbot_description' returned '0': CMAKE_PREFIX_PATH=${CMAKE_PREFIX_PATH}:/home/mr_ray/bumperbot_ws/install/bumperbot_py_example:/opt/ros/humble /usr/bin/cmake --build /home/mr_ray/bumperbot_ws/build/bumperbot_description -- -j8 -l8
[0.873s] Invoking command in '/home/mr_ray/bumperbot_ws/build/bumperbot_description': CMAKE_PREFIX_PATH=${CMAKE_PREFIX_PATH}:/home/mr_ray/bumperbot_ws/install/bumperbot_py_example:/opt/ros/humble /usr/bin/cmake --install /home/mr_ray/bumperbot_ws/build/bumperbot_description
[0.889s] -- Install configuration: ""
[0.889s] -- Up-to-date: /home/mr_ray/bumperbot_ws/install/bumperbot_description/share/bumperbot_description/meshes
[0.890s] -- Up-to-date: /home/mr_ray/bumperbot_ws/install/bumperbot_description/share/bumperbot_description/meshes/wheel_left_link.STL
[0.891s] -- Up-to-date: /home/mr_ray/bumperbot_ws/install/bumperbot_description/share/bumperbot_description/meshes/can.STL
[0.891s] -- Up-to-date: /home/mr_ray/bumperbot_ws/install/bumperbot_description/share/bumperbot_description/meshes/imu_link.STL
[0.892s] -- Up-to-date: /home/mr_ray/bumperbot_ws/install/bumperbot_description/share/bumperbot_description/meshes/caster_front_link.STL
[0.892s] -- Up-to-date: /home/mr_ray/bumperbot_ws/install/bumperbot_description/share/bumperbot_description/meshes/base_link.STL
[0.892s] -- Up-to-date: /home/mr_ray/bumperbot_ws/install/bumperbot_description/share/bumperbot_description/meshes/caster_rear_link.STL
[0.892s] -- Up-to-date: /home/mr_ray/bumperbot_ws/install/bumperbot_description/share/bumperbot_description/meshes/wheel_right_link.STL
[0.892s] -- Up-to-date: /home/mr_ray/bumperbot_ws/install/bumperbot_description/share/bumperbot_description/urdf
[0.892s] -- Up-to-date: /home/mr_ray/bumperbot_ws/install/bumperbot_description/share/bumperbot_description/urdf/bumperbot_ros2_control.xacro
[0.893s] -- Up-to-date: /home/mr_ray/bumperbot_ws/install/bumperbot_description/share/bumperbot_description/urdf/bumperbot.urdf.xacro
[0.893s] -- Up-to-date: /home/mr_ray/bumperbot_ws/install/bumperbot_description/share/bumperbot_description/urdf/bumperbot_gazebo.xacro
[0.893s] -- Up-to-date: /home/mr_ray/bumperbot_ws/install/bumperbot_description/share/bumperbot_description/launch
[0.894s] -- Up-to-date: /home/mr_ray/bumperbot_ws/install/bumperbot_description/share/bumperbot_description/launch/gazebo.launch.py
[0.895s] -- Up-to-date: /home/mr_ray/bumperbot_ws/install/bumperbot_description/share/bumperbot_description/launch/display.launch.py
[0.895s] -- Up-to-date: /home/mr_ray/bumperbot_ws/install/bumperbot_description/share/bumperbot_description/rviz
[0.896s] -- Up-to-date: /home/mr_ray/bumperbot_ws/install/bumperbot_description/share/bumperbot_description/rviz/display.rviz
[0.896s] -- Up-to-date: /home/mr_ray/bumperbot_ws/install/bumperbot_description/share/ament_index/resource_index/package_run_dependencies/bumperbot_description
[0.896s] -- Up-to-date: /home/mr_ray/bumperbot_ws/install/bumperbot_description/share/ament_index/resource_index/parent_prefix_path/bumperbot_description
[0.896s] -- Up-to-date: /home/mr_ray/bumperbot_ws/install/bumperbot_description/share/bumperbot_description/environment/ament_prefix_path.sh
[0.897s] -- Up-to-date: /home/mr_ray/bumperbot_ws/install/bumperbot_description/share/bumperbot_description/environment/ament_prefix_path.dsv
[0.897s] -- Up-to-date: /home/mr_ray/bumperbot_ws/install/bumperbot_description/share/bumperbot_description/environment/path.sh
[0.897s] -- Up-to-date: /home/mr_ray/bumperbot_ws/install/bumperbot_description/share/bumperbot_description/environment/path.dsv
[0.897s] -- Up-to-date: /home/mr_ray/bumperbot_ws/install/bumperbot_description/share/bumperbot_description/local_setup.bash
[0.897s] -- Up-to-date: /home/mr_ray/bumperbot_ws/install/bumperbot_description/share/bumperbot_description/local_setup.sh
[0.898s] -- Up-to-date: /home/mr_ray/bumperbot_ws/install/bumperbot_description/share/bumperbot_description/local_setup.zsh
[0.898s] -- Up-to-date: /home/mr_ray/bumperbot_ws/install/bumperbot_description/share/bumperbot_description/local_setup.dsv
[0.898s] -- Installing: /home/mr_ray/bumperbot_ws/install/bumperbot_description/share/bumperbot_description/package.dsv
[0.898s] -- Up-to-date: /home/mr_ray/bumperbot_ws/install/bumperbot_description/share/ament_index/resource_index/packages/bumperbot_description
[0.899s] -- Up-to-date: /home/mr_ray/bumperbot_ws/install/bumperbot_description/share/bumperbot_description/cmake/bumperbot_descriptionConfig.cmake
[0.899s] -- Up-to-date: /home/mr_ray/bumperbot_ws/install/bumperbot_description/share/bumperbot_description/cmake/bumperbot_descriptionConfig-version.cmake
[0.900s] -- Up-to-date: /home/mr_ray/bumperbot_ws/install/bumperbot_description/share/bumperbot_description/package.xml
[0.904s] Invoked command in '/home/mr_ray/bumperbot_ws/build/bumperbot_description' returned '0': CMAKE_PREFIX_PATH=${CMAKE_PREFIX_PATH}:/home/mr_ray/bumperbot_ws/install/bumperbot_py_example:/opt/ros/humble /usr/bin/cmake --install /home/mr_ray/bumperbot_ws/build/bumperbot_description
