[0.022s] Invoking command in '/home/mr_ray/bumperbot_ws/build/bumperbot_cpp_example': CMAKE_PREFIX_PATH=/home/mr_ray/bumperbot_ws/install/bumperbot_msgs:/home/mr_ray/bumperbot_ws/install/bumperbot_cpp_example:/home/mr_ray/bumperbot_ws/install/bumperbot_firmware:/home/mr_ray/bumperbot_ws/install/bumperbot_description:/home/mr_ray/bumperbot_ws/install/bumperbot_controller:/home/mr_ray/bumperbot_ws/install/bumperbot_bringup:/home/mr_ray/bumperbot_ws/install/bumperbot_py_example:/opt/ros/humble /usr/bin/cmake --build /home/mr_ray/bumperbot_ws/build/bumperbot_cpp_example -- -j8 -l8
[0.138s] [ 12%] Built target simple_subscriber
[0.141s] [ 25%] Built target simple_publisher
[0.142s] [ 37%] Built target simple_turtlesim_kinematics
[0.145s] [ 50%] Built target simple_tf_kinematics
[0.146s] [ 62%] Built target simple_service_server
[0.147s] [ 75%] Built target simple_parameter
[0.152s] [ 87%] Built target simple_service_client
[0.164s] [100%] Built target simple_lifecycle_node
[0.184s] Invoked command in '/home/mr_ray/bumperbot_ws/build/bumperbot_cpp_example' returned '0': CMAKE_PREFIX_PATH=/home/mr_ray/bumperbot_ws/install/bumperbot_msgs:/home/mr_ray/bumperbot_ws/install/bumperbot_cpp_example:/home/mr_ray/bumperbot_ws/install/bumperbot_firmware:/home/mr_ray/bumperbot_ws/install/bumperbot_description:/home/mr_ray/bumperbot_ws/install/bumperbot_controller:/home/mr_ray/bumperbot_ws/install/bumperbot_bringup:/home/mr_ray/bumperbot_ws/install/bumperbot_py_example:/opt/ros/humble /usr/bin/cmake --build /home/mr_ray/bumperbot_ws/build/bumperbot_cpp_example -- -j8 -l8
[0.278s] Invoking command in '/home/mr_ray/bumperbot_ws/build/bumperbot_cpp_example': CMAKE_PREFIX_PATH=/home/mr_ray/bumperbot_ws/install/bumperbot_msgs:/home/mr_ray/bumperbot_ws/install/bumperbot_cpp_example:/home/mr_ray/bumperbot_ws/install/bumperbot_firmware:/home/mr_ray/bumperbot_ws/install/bumperbot_description:/home/mr_ray/bumperbot_ws/install/bumperbot_controller:/home/mr_ray/bumperbot_ws/install/bumperbot_bringup:/home/mr_ray/bumperbot_ws/install/bumperbot_py_example:/opt/ros/humble /usr/bin/cmake --install /home/mr_ray/bumperbot_ws/build/bumperbot_cpp_example
[0.291s] -- Install configuration: ""
[0.291s] -- Up-to-date: /home/mr_ray/bumperbot_ws/install/bumperbot_cpp_example/include/include
[0.291s] -- Up-to-date: /home/mr_ray/bumperbot_ws/install/bumperbot_cpp_example/include/include/bumperbot_cpp_example
[0.291s] -- Up-to-date: /home/mr_ray/bumperbot_ws/install/bumperbot_cpp_example/include/include/bumperbot_cpp_example/simpple_turtlesim_kinematics.hpp
[0.292s] -- Up-to-date: /home/mr_ray/bumperbot_ws/install/bumperbot_cpp_example/include/include/bumperbot_cpp_example/simple_tf_kinematics.hpp
[0.292s] -- Up-to-date: /home/mr_ray/bumperbot_ws/install/bumperbot_cpp_example/lib/bumperbot_cpp_example/simple_publisher
[0.292s] -- Up-to-date: /home/mr_ray/bumperbot_ws/install/bumperbot_cpp_example/lib/bumperbot_cpp_example/simple_subscriber
[0.292s] -- Up-to-date: /home/mr_ray/bumperbot_ws/install/bumperbot_cpp_example/lib/bumperbot_cpp_example/simple_parameter
[0.292s] -- Up-to-date: /home/mr_ray/bumperbot_ws/install/bumperbot_cpp_example/lib/bumperbot_cpp_example/simple_turtlesim_kinematics
[0.293s] -- Up-to-date: /home/mr_ray/bumperbot_ws/install/bumperbot_cpp_example/lib/bumperbot_cpp_example/simple_tf_kinematics
[0.293s] -- Up-to-date: /home/mr_ray/bumperbot_ws/install/bumperbot_cpp_example/lib/bumperbot_cpp_example/simple_service_server
[0.294s] -- Up-to-date: /home/mr_ray/bumperbot_ws/install/bumperbot_cpp_example/lib/bumperbot_cpp_example/simple_service_client
[0.294s] -- Up-to-date: /home/mr_ray/bumperbot_ws/install/bumperbot_cpp_example/share/ament_index/resource_index/package_run_dependencies/bumperbot_cpp_example
[0.294s] -- Up-to-date: /home/mr_ray/bumperbot_ws/install/bumperbot_cpp_example/share/ament_index/resource_index/parent_prefix_path/bumperbot_cpp_example
[0.294s] -- Up-to-date: /home/mr_ray/bumperbot_ws/install/bumperbot_cpp_example/share/bumperbot_cpp_example/environment/ament_prefix_path.sh
[0.295s] -- Up-to-date: /home/mr_ray/bumperbot_ws/install/bumperbot_cpp_example/share/bumperbot_cpp_example/environment/ament_prefix_path.dsv
[0.295s] -- Up-to-date: /home/mr_ray/bumperbot_ws/install/bumperbot_cpp_example/share/bumperbot_cpp_example/environment/path.sh
[0.295s] -- Up-to-date: /home/mr_ray/bumperbot_ws/install/bumperbot_cpp_example/share/bumperbot_cpp_example/environment/path.dsv
[0.295s] -- Up-to-date: /home/mr_ray/bumperbot_ws/install/bumperbot_cpp_example/share/bumperbot_cpp_example/local_setup.bash
[0.296s] -- Up-to-date: /home/mr_ray/bumperbot_ws/install/bumperbot_cpp_example/share/bumperbot_cpp_example/local_setup.sh
[0.296s] -- Up-to-date: /home/mr_ray/bumperbot_ws/install/bumperbot_cpp_example/share/bumperbot_cpp_example/local_setup.zsh
[0.296s] -- Up-to-date: /home/mr_ray/bumperbot_ws/install/bumperbot_cpp_example/share/bumperbot_cpp_example/local_setup.dsv
[0.296s] -- Installing: /home/mr_ray/bumperbot_ws/install/bumperbot_cpp_example/share/bumperbot_cpp_example/package.dsv
[0.296s] -- Up-to-date: /home/mr_ray/bumperbot_ws/install/bumperbot_cpp_example/share/ament_index/resource_index/packages/bumperbot_cpp_example
[0.296s] -- Up-to-date: /home/mr_ray/bumperbot_ws/install/bumperbot_cpp_example/share/bumperbot_cpp_example/cmake/bumperbot_cpp_exampleConfig.cmake
[0.297s] -- Up-to-date: /home/mr_ray/bumperbot_ws/install/bumperbot_cpp_example/share/bumperbot_cpp_example/cmake/bumperbot_cpp_exampleConfig-version.cmake
[0.297s] -- Up-to-date: /home/mr_ray/bumperbot_ws/install/bumperbot_cpp_example/share/bumperbot_cpp_example/package.xml
[0.299s] Invoked command in '/home/mr_ray/bumperbot_ws/build/bumperbot_cpp_example' returned '0': CMAKE_PREFIX_PATH=/home/mr_ray/bumperbot_ws/install/bumperbot_msgs:/home/mr_ray/bumperbot_ws/install/bumperbot_cpp_example:/home/mr_ray/bumperbot_ws/install/bumperbot_firmware:/home/mr_ray/bumperbot_ws/install/bumperbot_description:/home/mr_ray/bumperbot_ws/install/bumperbot_controller:/home/mr_ray/bumperbot_ws/install/bumperbot_bringup:/home/mr_ray/bumperbot_ws/install/bumperbot_py_example:/opt/ros/humble /usr/bin/cmake --install /home/mr_ray/bumperbot_ws/build/bumperbot_cpp_example
