[0.040s] Invoking command in '/home/mr_ray/Desktop/bumperbot_ws/build/bumperbot_description': CMAKE_PREFIX_PATH=/opt/ros/humble /usr/bin/cmake --build /home/mr_ray/Desktop/bumperbot_ws/build/bumperbot_description -- -j8 -l8
[0.054s] [0mCMake Error: The current CMakeCache.txt directory /home/mr_ray/Desktop/bumperbot_ws/build/bumperbot_description/CMakeCache.txt is different than the directory /home/mr_ray/bumperbot_ws/build/bumperbot_description where CMakeCache.txt was created. This may result in binaries being created in the wrong place. If you are not sure, reedit the CMakeCache.txt[0m
[0.099s] -- Found ament_cmake: 1.3.9 (/opt/ros/humble/share/ament_cmake/cmake)
[0.390s] -- Found ament_lint_auto: 0.12.11 (/opt/ros/humble/share/ament_lint_auto/cmake)
[0.507s] -- Added test 'flake8' to check Python code syntax and style conventions
[0.509s] -- Added test 'lint_cmake' to check CMake code style
[0.510s] -- Added test 'pep257' to check Python code against some of the docstring style conventions in PEP 257
[0.513s] -- Added test 'xmllint' to check XML markup files
[0.515s] -- Configuring done
[0.525s] -- Generating done
[0.527s] -- Build files have been written to: /home/mr_ray/bumperbot_ws/build/bumperbot_description
[0.575s] Invoked command in '/home/mr_ray/Desktop/bumperbot_ws/build/bumperbot_description' returned '0': CMAKE_PREFIX_PATH=/opt/ros/humble /usr/bin/cmake --build /home/mr_ray/Desktop/bumperbot_ws/build/bumperbot_description -- -j8 -l8
[0.639s] Invoking command in '/home/mr_ray/Desktop/bumperbot_ws/build/bumperbot_description': CMAKE_PREFIX_PATH=/opt/ros/humble /usr/bin/cmake --install /home/mr_ray/Desktop/bumperbot_ws/build/bumperbot_description
[0.652s] -- Install configuration: ""
[0.652s] -- Up-to-date: /home/mr_ray/bumperbot_ws/install/bumperbot_description/share/bumperbot_description/meshes
[0.653s] -- Up-to-date: /home/mr_ray/bumperbot_ws/install/bumperbot_description/share/bumperbot_description/meshes/wheel_left_link.STL
[0.653s] -- Up-to-date: /home/mr_ray/bumperbot_ws/install/bumperbot_description/share/bumperbot_description/meshes/imu_link.STL
[0.654s] -- Up-to-date: /home/mr_ray/bumperbot_ws/install/bumperbot_description/share/bumperbot_description/meshes/caster_front_link.STL
[0.654s] -- Up-to-date: /home/mr_ray/bumperbot_ws/install/bumperbot_description/share/bumperbot_description/meshes/base_link.STL
[0.654s] -- Up-to-date: /home/mr_ray/bumperbot_ws/install/bumperbot_description/share/bumperbot_description/meshes/caster_rear_link.STL
[0.654s] -- Up-to-date: /home/mr_ray/bumperbot_ws/install/bumperbot_description/share/bumperbot_description/meshes/wheel_right_link.STL
[0.655s] -- Up-to-date: /home/mr_ray/bumperbot_ws/install/bumperbot_description/share/bumperbot_description/urdf
[0.655s] -- Up-to-date: /home/mr_ray/bumperbot_ws/install/bumperbot_description/share/bumperbot_description/urdf/bumperbot_ros2_control.xacro
[0.655s] -- Up-to-date: /home/mr_ray/bumperbot_ws/install/bumperbot_description/share/bumperbot_description/urdf/bumperbot.urdf.xacro
[0.655s] -- Up-to-date: /home/mr_ray/bumperbot_ws/install/bumperbot_description/share/bumperbot_description/urdf/bumperbot_gazebo.xacro
[0.656s] -- Up-to-date: /home/mr_ray/bumperbot_ws/install/bumperbot_description/share/bumperbot_description/launch
[0.656s] -- Up-to-date: /home/mr_ray/bumperbot_ws/install/bumperbot_description/share/bumperbot_description/launch/gazebo.launch.py
[0.656s] -- Up-to-date: /home/mr_ray/bumperbot_ws/install/bumperbot_description/share/bumperbot_description/launch/display.launch.py
[0.656s] -- Up-to-date: /home/mr_ray/bumperbot_ws/install/bumperbot_description/share/bumperbot_description/rviz
[0.656s] -- Up-to-date: /home/mr_ray/bumperbot_ws/install/bumperbot_description/share/bumperbot_description/rviz/display.rviz
[0.657s] -- Up-to-date: /home/mr_ray/bumperbot_ws/install/bumperbot_description/share/ament_index/resource_index/package_run_dependencies/bumperbot_description
[0.657s] -- Up-to-date: /home/mr_ray/bumperbot_ws/install/bumperbot_description/share/ament_index/resource_index/parent_prefix_path/bumperbot_description
[0.657s] -- Up-to-date: /home/mr_ray/bumperbot_ws/install/bumperbot_description/share/bumperbot_description/environment/ament_prefix_path.sh
[0.657s] -- Installing: /home/mr_ray/bumperbot_ws/install/bumperbot_description/share/bumperbot_description/environment/ament_prefix_path.dsv
[0.657s] -- Up-to-date: /home/mr_ray/bumperbot_ws/install/bumperbot_description/share/bumperbot_description/environment/path.sh
[0.658s] -- Installing: /home/mr_ray/bumperbot_ws/install/bumperbot_description/share/bumperbot_description/environment/path.dsv
[0.658s] -- Up-to-date: /home/mr_ray/bumperbot_ws/install/bumperbot_description/share/bumperbot_description/local_setup.bash
[0.658s] -- Up-to-date: /home/mr_ray/bumperbot_ws/install/bumperbot_description/share/bumperbot_description/local_setup.sh
[0.658s] -- Up-to-date: /home/mr_ray/bumperbot_ws/install/bumperbot_description/share/bumperbot_description/local_setup.zsh
[0.658s] -- Installing: /home/mr_ray/bumperbot_ws/install/bumperbot_description/share/bumperbot_description/local_setup.dsv
[0.659s] -- Installing: /home/mr_ray/bumperbot_ws/install/bumperbot_description/share/bumperbot_description/package.dsv
[0.659s] -- Up-to-date: /home/mr_ray/bumperbot_ws/install/bumperbot_description/share/ament_index/resource_index/packages/bumperbot_description
[0.659s] -- Up-to-date: /home/mr_ray/bumperbot_ws/install/bumperbot_description/share/bumperbot_description/cmake/bumperbot_descriptionConfig.cmake
[0.659s] -- Up-to-date: /home/mr_ray/bumperbot_ws/install/bumperbot_description/share/bumperbot_description/cmake/bumperbot_descriptionConfig-version.cmake
[0.659s] -- Up-to-date: /home/mr_ray/bumperbot_ws/install/bumperbot_description/share/bumperbot_description/package.xml
[0.668s] Invoked command in '/home/mr_ray/Desktop/bumperbot_ws/build/bumperbot_description' returned '0': CMAKE_PREFIX_PATH=/opt/ros/humble /usr/bin/cmake --install /home/mr_ray/Desktop/bumperbot_ws/build/bumperbot_description
