[0.050s] Invoking command in '/home/mr_ray/bumperbot_ws/build/bumperbot_controller': CMAKE_PREFIX_PATH=${CMAKE_PREFIX_PATH}:/home/mr_ray/bumperbot_ws/install/bumperbot_py_example:/opt/ros/humble /usr/bin/cmake --build /home/mr_ray/bumperbot_ws/build/bumperbot_controller -- -j8 -l8
[0.191s] [  0%] Built target ament_cmake_python_copy_bumperbot_controller
[0.205s] [100%] Built target simple_controller
[0.660s] running egg_info
[0.666s] writing bumperbot_controller.egg-info/PKG-INFO
[0.666s] writing dependency_links to bumperbot_controller.egg-info/dependency_links.txt
[0.670s] writing top-level names to bumperbot_controller.egg-info/top_level.txt
[0.670s] reading manifest file 'bumperbot_controller.egg-info/SOURCES.txt'
[0.672s] writing manifest file 'bumperbot_controller.egg-info/SOURCES.txt'
[0.756s] [100%] Built target ament_cmake_python_build_bumperbot_controller_egg
[0.795s] Invoked command in '/home/mr_ray/bumperbot_ws/build/bumperbot_controller' returned '0': CMAKE_PREFIX_PATH=${CMAKE_PREFIX_PATH}:/home/mr_ray/bumperbot_ws/install/bumperbot_py_example:/opt/ros/humble /usr/bin/cmake --build /home/mr_ray/bumperbot_ws/build/bumperbot_controller -- -j8 -l8
[0.842s] Invoking command in '/home/mr_ray/bumperbot_ws/build/bumperbot_controller': CMAKE_PREFIX_PATH=${CMAKE_PREFIX_PATH}:/home/mr_ray/bumperbot_ws/install/bumperbot_py_example:/opt/ros/humble /usr/bin/cmake --install /home/mr_ray/bumperbot_ws/build/bumperbot_controller
[0.853s] -- Install configuration: ""
[0.854s] -- Up-to-date: /home/mr_ray/bumperbot_ws/install/bumperbot_controller/share/bumperbot_controller/environment/pythonpath.sh
[0.854s] -- Up-to-date: /home/mr_ray/bumperbot_ws/install/bumperbot_controller/share/bumperbot_controller/environment/pythonpath.dsv
[0.854s] -- Up-to-date: /home/mr_ray/bumperbot_ws/install/bumperbot_controller/local/lib/python3.10/dist-packages/bumperbot_controller-0.0.0-py3.10.egg-info
[0.855s] -- Installing: /home/mr_ray/bumperbot_ws/install/bumperbot_controller/local/lib/python3.10/dist-packages/bumperbot_controller-0.0.0-py3.10.egg-info/PKG-INFO
[0.855s] -- Installing: /home/mr_ray/bumperbot_ws/install/bumperbot_controller/local/lib/python3.10/dist-packages/bumperbot_controller-0.0.0-py3.10.egg-info/SOURCES.txt
[0.855s] -- Installing: /home/mr_ray/bumperbot_ws/install/bumperbot_controller/local/lib/python3.10/dist-packages/bumperbot_controller-0.0.0-py3.10.egg-info/top_level.txt
[0.855s] -- Installing: /home/mr_ray/bumperbot_ws/install/bumperbot_controller/local/lib/python3.10/dist-packages/bumperbot_controller-0.0.0-py3.10.egg-info/dependency_links.txt
[0.855s] -- Up-to-date: /home/mr_ray/bumperbot_ws/install/bumperbot_controller/local/lib/python3.10/dist-packages/bumperbot_controller
[0.856s] -- Up-to-date: /home/mr_ray/bumperbot_ws/install/bumperbot_controller/local/lib/python3.10/dist-packages/bumperbot_controller/__init__.py
[0.856s] -- Up-to-date: /home/mr_ray/bumperbot_ws/install/bumperbot_controller/local/lib/python3.10/dist-packages/bumperbot_controller/simple_controller.py
[0.905s] Listing '/home/mr_ray/bumperbot_ws/install/bumperbot_controller/local/lib/python3.10/dist-packages/bumperbot_controller'...
[0.915s] -- Up-to-date: /home/mr_ray/bumperbot_ws/install/bumperbot_controller/include/
[0.915s] -- Up-to-date: /home/mr_ray/bumperbot_ws/install/bumperbot_controller/include//bumperbot_controller
[0.916s] -- Up-to-date: /home/mr_ray/bumperbot_ws/install/bumperbot_controller/include//bumperbot_controller/simple_controller.hpp
[0.916s] -- Up-to-date: /home/mr_ray/bumperbot_ws/install/bumperbot_controller/lib/bumperbot_controller/simple_controller
[0.917s] -- Up-to-date: /home/mr_ray/bumperbot_ws/install/bumperbot_controller/share/bumperbot_controller/config
[0.917s] -- Up-to-date: /home/mr_ray/bumperbot_ws/install/bumperbot_controller/share/bumperbot_controller/config/joy_config.yaml
[0.917s] -- Up-to-date: /home/mr_ray/bumperbot_ws/install/bumperbot_controller/share/bumperbot_controller/config/joy_teleop.yaml
[0.917s] -- Up-to-date: /home/mr_ray/bumperbot_ws/install/bumperbot_controller/share/bumperbot_controller/config/bumperbot_controller.yaml
[0.918s] -- Up-to-date: /home/mr_ray/bumperbot_ws/install/bumperbot_controller/share/bumperbot_controller/launch
[0.919s] -- Up-to-date: /home/mr_ray/bumperbot_ws/install/bumperbot_controller/share/bumperbot_controller/launch/controller.launch.py
[0.919s] -- Up-to-date: /home/mr_ray/bumperbot_ws/install/bumperbot_controller/share/bumperbot_controller/launch/joystick_teleop.launch.py
[0.919s] -- Up-to-date: /home/mr_ray/bumperbot_ws/install/bumperbot_controller/lib/bumperbot_controller/simple_controller.py
[0.919s] -- Up-to-date: /home/mr_ray/bumperbot_ws/install/bumperbot_controller/share/ament_index/resource_index/package_run_dependencies/bumperbot_controller
[0.920s] -- Up-to-date: /home/mr_ray/bumperbot_ws/install/bumperbot_controller/share/ament_index/resource_index/parent_prefix_path/bumperbot_controller
[0.920s] -- Up-to-date: /home/mr_ray/bumperbot_ws/install/bumperbot_controller/share/bumperbot_controller/environment/ament_prefix_path.sh
[0.920s] -- Up-to-date: /home/mr_ray/bumperbot_ws/install/bumperbot_controller/share/bumperbot_controller/environment/ament_prefix_path.dsv
[0.920s] -- Up-to-date: /home/mr_ray/bumperbot_ws/install/bumperbot_controller/share/bumperbot_controller/environment/path.sh
[0.920s] -- Up-to-date: /home/mr_ray/bumperbot_ws/install/bumperbot_controller/share/bumperbot_controller/environment/path.dsv
[0.920s] -- Up-to-date: /home/mr_ray/bumperbot_ws/install/bumperbot_controller/share/bumperbot_controller/local_setup.bash
[0.920s] -- Up-to-date: /home/mr_ray/bumperbot_ws/install/bumperbot_controller/share/bumperbot_controller/local_setup.sh
[0.921s] -- Up-to-date: /home/mr_ray/bumperbot_ws/install/bumperbot_controller/share/bumperbot_controller/local_setup.zsh
[0.921s] -- Up-to-date: /home/mr_ray/bumperbot_ws/install/bumperbot_controller/share/bumperbot_controller/local_setup.dsv
[0.921s] -- Installing: /home/mr_ray/bumperbot_ws/install/bumperbot_controller/share/bumperbot_controller/package.dsv
[0.921s] -- Up-to-date: /home/mr_ray/bumperbot_ws/install/bumperbot_controller/share/ament_index/resource_index/packages/bumperbot_controller
[0.921s] -- Up-to-date: /home/mr_ray/bumperbot_ws/install/bumperbot_controller/share/bumperbot_controller/cmake/bumperbot_controllerConfig.cmake
[0.922s] -- Up-to-date: /home/mr_ray/bumperbot_ws/install/bumperbot_controller/share/bumperbot_controller/cmake/bumperbot_controllerConfig-version.cmake
[0.922s] -- Up-to-date: /home/mr_ray/bumperbot_ws/install/bumperbot_controller/share/bumperbot_controller/package.xml
[0.924s] Invoked command in '/home/mr_ray/bumperbot_ws/build/bumperbot_controller' returned '0': CMAKE_PREFIX_PATH=${CMAKE_PREFIX_PATH}:/home/mr_ray/bumperbot_ws/install/bumperbot_py_example:/opt/ros/humble /usr/bin/cmake --install /home/mr_ray/bumperbot_ws/build/bumperbot_controller
