[0.120s] DEBUG:colcon:Command line arguments: ['/usr/bin/colcon', 'build']
[0.120s] DEBUG:colcon:Parsed command line arguments: Namespace(log_base=None, log_level=None, verb_name='build', build_base='build', install_base='install', merge_install=False, symlink_install=False, test_result_base=None, continue_on_error=False, executor='parallel', parallel_workers=8, event_handlers=None, ignore_user_meta=False, metas=['./colcon.meta'], base_paths=['.'], packages_ignore=None, packages_ignore_regex=None, paths=None, packages_up_to=None, packages_up_to_regex=None, packages_above=None, packages_above_and_dependencies=None, packages_above_depth=None, packages_select_by_dep=None, packages_skip_by_dep=None, packages_skip_up_to=None, packages_select_build_failed=False, packages_skip_build_finished=False, packages_select_test_failures=False, packages_skip_test_passed=False, packages_select=None, packages_skip=None, packages_select_regex=None, packages_skip_regex=None, packages_start=None, packages_end=None, allow_overriding=[], cmake_args=None, cmake_target=None, cmake_target_skip_unavailable=False, cmake_clean_cache=False, cmake_clean_first=False, cmake_force_configure=False, ament_cmake_args=None, catkin_cmake_args=None, catkin_skip_building_tests=False, mixin_files=None, mixin=None, verb_parser=<colcon_mixin.mixin.mixin_argument.MixinArgumentDecorator object at 0x703b79f46a10>, verb_extension=<colcon_core.verb.build.BuildVerb object at 0x703b79f000a0>, main=<bound method BuildVerb.main of <colcon_core.verb.build.BuildVerb object at 0x703b79f000a0>>, mixin_verb=('build',))
[0.331s] Level 1:colcon.colcon_core.package_discovery:discover_packages(colcon_meta) check parameters
[0.332s] Level 1:colcon.colcon_core.package_discovery:discover_packages(recursive) check parameters
[0.332s] Level 1:colcon.colcon_core.package_discovery:discover_packages(ignore) check parameters
[0.332s] Level 1:colcon.colcon_core.package_discovery:discover_packages(path) check parameters
[0.332s] Level 1:colcon.colcon_core.package_discovery:discover_packages(colcon_meta) discover
[0.332s] Level 1:colcon.colcon_core.package_discovery:discover_packages(recursive) discover
[0.332s] INFO:colcon.colcon_core.package_discovery:Crawling recursively for packages in '/home/mr_ray/Desktop/bumperbot_ws'
[0.332s] Level 1:colcon.colcon_core.package_identification:_identify(.) by extensions ['ignore', 'ignore_ament_install']
[0.332s] Level 1:colcon.colcon_core.package_identification:_identify(.) by extension 'ignore'
[0.332s] Level 1:colcon.colcon_core.package_identification:_identify(.) by extension 'ignore_ament_install'
[0.332s] Level 1:colcon.colcon_core.package_identification:_identify(.) by extensions ['colcon_pkg']
[0.332s] Level 1:colcon.colcon_core.package_identification:_identify(.) by extension 'colcon_pkg'
[0.332s] Level 1:colcon.colcon_core.package_identification:_identify(.) by extensions ['colcon_meta']
[0.332s] Level 1:colcon.colcon_core.package_identification:_identify(.) by extension 'colcon_meta'
[0.332s] Level 1:colcon.colcon_core.package_identification:_identify(.) by extensions ['ros']
[0.333s] Level 1:colcon.colcon_core.package_identification:_identify(.) by extension 'ros'
[0.344s] Level 1:colcon.colcon_core.package_identification:_identify(.) by extensions ['cmake', 'python']
[0.344s] Level 1:colcon.colcon_core.package_identification:_identify(.) by extension 'cmake'
[0.344s] Level 1:colcon.colcon_core.package_identification:_identify(.) by extension 'python'
[0.344s] Level 1:colcon.colcon_core.package_identification:_identify(.) by extensions ['python_setup_py']
[0.344s] Level 1:colcon.colcon_core.package_identification:_identify(.) by extension 'python_setup_py'
[0.344s] Level 1:colcon.colcon_core.package_identification:_identify(build) by extensions ['ignore', 'ignore_ament_install']
[0.344s] Level 1:colcon.colcon_core.package_identification:_identify(build) by extension 'ignore'
[0.345s] Level 1:colcon.colcon_core.package_identification:_identify(build) ignored
[0.345s] Level 1:colcon.colcon_core.package_identification:_identify(install) by extensions ['ignore', 'ignore_ament_install']
[0.345s] Level 1:colcon.colcon_core.package_identification:_identify(install) by extension 'ignore'
[0.345s] Level 1:colcon.colcon_core.package_identification:_identify(install) ignored
[0.345s] Level 1:colcon.colcon_core.package_identification:_identify(log) by extensions ['ignore', 'ignore_ament_install']
[0.345s] Level 1:colcon.colcon_core.package_identification:_identify(log) by extension 'ignore'
[0.345s] Level 1:colcon.colcon_core.package_identification:_identify(log) ignored
[0.345s] Level 1:colcon.colcon_core.package_identification:_identify(src) by extensions ['ignore', 'ignore_ament_install']
[0.345s] Level 1:colcon.colcon_core.package_identification:_identify(src) by extension 'ignore'
[0.345s] Level 1:colcon.colcon_core.package_identification:_identify(src) by extension 'ignore_ament_install'
[0.345s] Level 1:colcon.colcon_core.package_identification:_identify(src) by extensions ['colcon_pkg']
[0.345s] Level 1:colcon.colcon_core.package_identification:_identify(src) by extension 'colcon_pkg'
[0.346s] Level 1:colcon.colcon_core.package_identification:_identify(src) by extensions ['colcon_meta']
[0.346s] Level 1:colcon.colcon_core.package_identification:_identify(src) by extension 'colcon_meta'
[0.346s] Level 1:colcon.colcon_core.package_identification:_identify(src) by extensions ['ros']
[0.346s] Level 1:colcon.colcon_core.package_identification:_identify(src) by extension 'ros'
[0.346s] Level 1:colcon.colcon_core.package_identification:_identify(src) by extensions ['cmake', 'python']
[0.346s] Level 1:colcon.colcon_core.package_identification:_identify(src) by extension 'cmake'
[0.346s] Level 1:colcon.colcon_core.package_identification:_identify(src) by extension 'python'
[0.346s] Level 1:colcon.colcon_core.package_identification:_identify(src) by extensions ['python_setup_py']
[0.346s] Level 1:colcon.colcon_core.package_identification:_identify(src) by extension 'python_setup_py'
[0.346s] Level 1:colcon.colcon_core.package_identification:_identify(src/bumperbot_bringup) by extensions ['ignore', 'ignore_ament_install']
[0.346s] Level 1:colcon.colcon_core.package_identification:_identify(src/bumperbot_bringup) by extension 'ignore'
[0.346s] Level 1:colcon.colcon_core.package_identification:_identify(src/bumperbot_bringup) by extension 'ignore_ament_install'
[0.346s] Level 1:colcon.colcon_core.package_identification:_identify(src/bumperbot_bringup) by extensions ['colcon_pkg']
[0.346s] Level 1:colcon.colcon_core.package_identification:_identify(src/bumperbot_bringup) by extension 'colcon_pkg'
[0.346s] Level 1:colcon.colcon_core.package_identification:_identify(src/bumperbot_bringup) by extensions ['colcon_meta']
[0.346s] Level 1:colcon.colcon_core.package_identification:_identify(src/bumperbot_bringup) by extension 'colcon_meta'
[0.346s] Level 1:colcon.colcon_core.package_identification:_identify(src/bumperbot_bringup) by extensions ['ros']
[0.347s] Level 1:colcon.colcon_core.package_identification:_identify(src/bumperbot_bringup) by extension 'ros'
[0.349s] DEBUG:colcon.colcon_core.package_identification:Package 'src/bumperbot_bringup' with type 'ros.ament_cmake' and name 'bumperbot_bringup'
[0.349s] Level 1:colcon.colcon_core.package_identification:_identify(src/bumperbot_controller) by extensions ['ignore', 'ignore_ament_install']
[0.349s] Level 1:colcon.colcon_core.package_identification:_identify(src/bumperbot_controller) by extension 'ignore'
[0.350s] Level 1:colcon.colcon_core.package_identification:_identify(src/bumperbot_controller) by extension 'ignore_ament_install'
[0.350s] Level 1:colcon.colcon_core.package_identification:_identify(src/bumperbot_controller) by extensions ['colcon_pkg']
[0.350s] Level 1:colcon.colcon_core.package_identification:_identify(src/bumperbot_controller) by extension 'colcon_pkg'
[0.350s] Level 1:colcon.colcon_core.package_identification:_identify(src/bumperbot_controller) by extensions ['colcon_meta']
[0.350s] Level 1:colcon.colcon_core.package_identification:_identify(src/bumperbot_controller) by extension 'colcon_meta'
[0.350s] Level 1:colcon.colcon_core.package_identification:_identify(src/bumperbot_controller) by extensions ['ros']
[0.350s] Level 1:colcon.colcon_core.package_identification:_identify(src/bumperbot_controller) by extension 'ros'
[0.351s] DEBUG:colcon.colcon_core.package_identification:Package 'src/bumperbot_controller' with type 'ros.ament_cmake' and name 'bumperbot_controller'
[0.351s] Level 1:colcon.colcon_core.package_identification:_identify(src/bumperbot_cpp_example) by extensions ['ignore', 'ignore_ament_install']
[0.351s] Level 1:colcon.colcon_core.package_identification:_identify(src/bumperbot_cpp_example) by extension 'ignore'
[0.351s] Level 1:colcon.colcon_core.package_identification:_identify(src/bumperbot_cpp_example) by extension 'ignore_ament_install'
[0.352s] Level 1:colcon.colcon_core.package_identification:_identify(src/bumperbot_cpp_example) by extensions ['colcon_pkg']
[0.352s] Level 1:colcon.colcon_core.package_identification:_identify(src/bumperbot_cpp_example) by extension 'colcon_pkg'
[0.352s] Level 1:colcon.colcon_core.package_identification:_identify(src/bumperbot_cpp_example) by extensions ['colcon_meta']
[0.352s] Level 1:colcon.colcon_core.package_identification:_identify(src/bumperbot_cpp_example) by extension 'colcon_meta'
[0.352s] Level 1:colcon.colcon_core.package_identification:_identify(src/bumperbot_cpp_example) by extensions ['ros']
[0.352s] Level 1:colcon.colcon_core.package_identification:_identify(src/bumperbot_cpp_example) by extension 'ros'
[0.353s] DEBUG:colcon.colcon_core.package_identification:Package 'src/bumperbot_cpp_example' with type 'ros.ament_cmake' and name 'bumperbot_cpp_example'
[0.353s] Level 1:colcon.colcon_core.package_identification:_identify(src/bumperbot_description) by extensions ['ignore', 'ignore_ament_install']
[0.353s] Level 1:colcon.colcon_core.package_identification:_identify(src/bumperbot_description) by extension 'ignore'
[0.353s] Level 1:colcon.colcon_core.package_identification:_identify(src/bumperbot_description) by extension 'ignore_ament_install'
[0.353s] Level 1:colcon.colcon_core.package_identification:_identify(src/bumperbot_description) by extensions ['colcon_pkg']
[0.353s] Level 1:colcon.colcon_core.package_identification:_identify(src/bumperbot_description) by extension 'colcon_pkg'
[0.353s] Level 1:colcon.colcon_core.package_identification:_identify(src/bumperbot_description) by extensions ['colcon_meta']
[0.353s] Level 1:colcon.colcon_core.package_identification:_identify(src/bumperbot_description) by extension 'colcon_meta'
[0.354s] Level 1:colcon.colcon_core.package_identification:_identify(src/bumperbot_description) by extensions ['ros']
[0.354s] Level 1:colcon.colcon_core.package_identification:_identify(src/bumperbot_description) by extension 'ros'
[0.354s] DEBUG:colcon.colcon_core.package_identification:Package 'src/bumperbot_description' with type 'ros.ament_cmake' and name 'bumperbot_description'
[0.354s] Level 1:colcon.colcon_core.package_identification:_identify(src/bumperbot_firmware) by extensions ['ignore', 'ignore_ament_install']
[0.354s] Level 1:colcon.colcon_core.package_identification:_identify(src/bumperbot_firmware) by extension 'ignore'
[0.354s] Level 1:colcon.colcon_core.package_identification:_identify(src/bumperbot_firmware) by extension 'ignore_ament_install'
[0.354s] Level 1:colcon.colcon_core.package_identification:_identify(src/bumperbot_firmware) by extensions ['colcon_pkg']
[0.354s] Level 1:colcon.colcon_core.package_identification:_identify(src/bumperbot_firmware) by extension 'colcon_pkg'
[0.355s] Level 1:colcon.colcon_core.package_identification:_identify(src/bumperbot_firmware) by extensions ['colcon_meta']
[0.355s] Level 1:colcon.colcon_core.package_identification:_identify(src/bumperbot_firmware) by extension 'colcon_meta'
[0.355s] Level 1:colcon.colcon_core.package_identification:_identify(src/bumperbot_firmware) by extensions ['ros']
[0.355s] Level 1:colcon.colcon_core.package_identification:_identify(src/bumperbot_firmware) by extension 'ros'
[0.356s] DEBUG:colcon.colcon_core.package_identification:Package 'src/bumperbot_firmware' with type 'ros.ament_cmake' and name 'bumperbot_firmware'
[0.356s] Level 1:colcon.colcon_core.package_identification:_identify(src/bumperbot_msgs) by extensions ['ignore', 'ignore_ament_install']
[0.356s] Level 1:colcon.colcon_core.package_identification:_identify(src/bumperbot_msgs) by extension 'ignore'
[0.356s] Level 1:colcon.colcon_core.package_identification:_identify(src/bumperbot_msgs) by extension 'ignore_ament_install'
[0.356s] Level 1:colcon.colcon_core.package_identification:_identify(src/bumperbot_msgs) by extensions ['colcon_pkg']
[0.356s] Level 1:colcon.colcon_core.package_identification:_identify(src/bumperbot_msgs) by extension 'colcon_pkg'
[0.356s] Level 1:colcon.colcon_core.package_identification:_identify(src/bumperbot_msgs) by extensions ['colcon_meta']
[0.356s] Level 1:colcon.colcon_core.package_identification:_identify(src/bumperbot_msgs) by extension 'colcon_meta'
[0.356s] Level 1:colcon.colcon_core.package_identification:_identify(src/bumperbot_msgs) by extensions ['ros']
[0.356s] Level 1:colcon.colcon_core.package_identification:_identify(src/bumperbot_msgs) by extension 'ros'
[0.357s] DEBUG:colcon.colcon_core.package_identification:Package 'src/bumperbot_msgs' with type 'ros.ament_cmake' and name 'bumperbot_msgs'
[0.357s] Level 1:colcon.colcon_core.package_identification:_identify(src/bumperbot_py_example) by extensions ['ignore', 'ignore_ament_install']
[0.357s] Level 1:colcon.colcon_core.package_identification:_identify(src/bumperbot_py_example) by extension 'ignore'
[0.357s] Level 1:colcon.colcon_core.package_identification:_identify(src/bumperbot_py_example) by extension 'ignore_ament_install'
[0.357s] Level 1:colcon.colcon_core.package_identification:_identify(src/bumperbot_py_example) by extensions ['colcon_pkg']
[0.357s] Level 1:colcon.colcon_core.package_identification:_identify(src/bumperbot_py_example) by extension 'colcon_pkg'
[0.357s] Level 1:colcon.colcon_core.package_identification:_identify(src/bumperbot_py_example) by extensions ['colcon_meta']
[0.357s] Level 1:colcon.colcon_core.package_identification:_identify(src/bumperbot_py_example) by extension 'colcon_meta'
[0.357s] Level 1:colcon.colcon_core.package_identification:_identify(src/bumperbot_py_example) by extensions ['ros']
[0.357s] Level 1:colcon.colcon_core.package_identification:_identify(src/bumperbot_py_example) by extension 'ros'
[0.358s] DEBUG:colcon.colcon_core.package_identification:Package 'src/bumperbot_py_example' with type 'ros.ament_python' and name 'bumperbot_py_example'
[0.358s] Level 1:colcon.colcon_core.package_discovery:discover_packages(recursive) using defaults
[0.358s] Level 1:colcon.colcon_core.package_discovery:discover_packages(ignore) discover
[0.358s] Level 1:colcon.colcon_core.package_discovery:discover_packages(ignore) using defaults
[0.358s] Level 1:colcon.colcon_core.package_discovery:discover_packages(path) discover
[0.358s] Level 1:colcon.colcon_core.package_discovery:discover_packages(path) using defaults
[0.395s] Level 1:colcon.colcon_core.package_discovery:discover_packages(prefix_path) check parameters
[0.395s] Level 1:colcon.colcon_core.package_discovery:discover_packages(prefix_path) discover
[0.398s] DEBUG:colcon.colcon_installed_package_information.package_discovery:Found 395 installed packages in /opt/ros/humble
[0.401s] Level 1:colcon.colcon_core.package_discovery:discover_packages(prefix_path) using defaults
[0.455s] Level 5:colcon.colcon_core.verb:set package 'bumperbot_bringup' build argument 'cmake_args' from command line to 'None'
[0.455s] Level 5:colcon.colcon_core.verb:set package 'bumperbot_bringup' build argument 'cmake_target' from command line to 'None'
[0.455s] Level 5:colcon.colcon_core.verb:set package 'bumperbot_bringup' build argument 'cmake_target_skip_unavailable' from command line to 'False'
[0.455s] Level 5:colcon.colcon_core.verb:set package 'bumperbot_bringup' build argument 'cmake_clean_cache' from command line to 'False'
[0.455s] Level 5:colcon.colcon_core.verb:set package 'bumperbot_bringup' build argument 'cmake_clean_first' from command line to 'False'
[0.455s] Level 5:colcon.colcon_core.verb:set package 'bumperbot_bringup' build argument 'cmake_force_configure' from command line to 'False'
[0.455s] Level 5:colcon.colcon_core.verb:set package 'bumperbot_bringup' build argument 'ament_cmake_args' from command line to 'None'
[0.456s] Level 5:colcon.colcon_core.verb:set package 'bumperbot_bringup' build argument 'catkin_cmake_args' from command line to 'None'
[0.456s] Level 5:colcon.colcon_core.verb:set package 'bumperbot_bringup' build argument 'catkin_skip_building_tests' from command line to 'False'
[0.456s] DEBUG:colcon.colcon_core.verb:Building package 'bumperbot_bringup' with the following arguments: {'ament_cmake_args': None, 'build_base': '/home/mr_ray/Desktop/bumperbot_ws/build/bumperbot_bringup', 'catkin_cmake_args': None, 'catkin_skip_building_tests': False, 'cmake_args': None, 'cmake_clean_cache': False, 'cmake_clean_first': False, 'cmake_force_configure': False, 'cmake_target': None, 'cmake_target_skip_unavailable': False, 'install_base': '/home/mr_ray/Desktop/bumperbot_ws/install/bumperbot_bringup', 'merge_install': False, 'path': '/home/mr_ray/Desktop/bumperbot_ws/src/bumperbot_bringup', 'symlink_install': False, 'test_result_base': None}
[0.456s] Level 5:colcon.colcon_core.verb:set package 'bumperbot_controller' build argument 'cmake_args' from command line to 'None'
[0.456s] Level 5:colcon.colcon_core.verb:set package 'bumperbot_controller' build argument 'cmake_target' from command line to 'None'
[0.456s] Level 5:colcon.colcon_core.verb:set package 'bumperbot_controller' build argument 'cmake_target_skip_unavailable' from command line to 'False'
[0.456s] Level 5:colcon.colcon_core.verb:set package 'bumperbot_controller' build argument 'cmake_clean_cache' from command line to 'False'
[0.456s] Level 5:colcon.colcon_core.verb:set package 'bumperbot_controller' build argument 'cmake_clean_first' from command line to 'False'
[0.456s] Level 5:colcon.colcon_core.verb:set package 'bumperbot_controller' build argument 'cmake_force_configure' from command line to 'False'
[0.456s] Level 5:colcon.colcon_core.verb:set package 'bumperbot_controller' build argument 'ament_cmake_args' from command line to 'None'
[0.456s] Level 5:colcon.colcon_core.verb:set package 'bumperbot_controller' build argument 'catkin_cmake_args' from command line to 'None'
[0.456s] Level 5:colcon.colcon_core.verb:set package 'bumperbot_controller' build argument 'catkin_skip_building_tests' from command line to 'False'
[0.456s] DEBUG:colcon.colcon_core.verb:Building package 'bumperbot_controller' with the following arguments: {'ament_cmake_args': None, 'build_base': '/home/mr_ray/Desktop/bumperbot_ws/build/bumperbot_controller', 'catkin_cmake_args': None, 'catkin_skip_building_tests': False, 'cmake_args': None, 'cmake_clean_cache': False, 'cmake_clean_first': False, 'cmake_force_configure': False, 'cmake_target': None, 'cmake_target_skip_unavailable': False, 'install_base': '/home/mr_ray/Desktop/bumperbot_ws/install/bumperbot_controller', 'merge_install': False, 'path': '/home/mr_ray/Desktop/bumperbot_ws/src/bumperbot_controller', 'symlink_install': False, 'test_result_base': None}
[0.457s] Level 5:colcon.colcon_core.verb:set package 'bumperbot_description' build argument 'cmake_args' from command line to 'None'
[0.457s] Level 5:colcon.colcon_core.verb:set package 'bumperbot_description' build argument 'cmake_target' from command line to 'None'
[0.457s] Level 5:colcon.colcon_core.verb:set package 'bumperbot_description' build argument 'cmake_target_skip_unavailable' from command line to 'False'
[0.457s] Level 5:colcon.colcon_core.verb:set package 'bumperbot_description' build argument 'cmake_clean_cache' from command line to 'False'
[0.457s] Level 5:colcon.colcon_core.verb:set package 'bumperbot_description' build argument 'cmake_clean_first' from command line to 'False'
[0.457s] Level 5:colcon.colcon_core.verb:set package 'bumperbot_description' build argument 'cmake_force_configure' from command line to 'False'
[0.457s] Level 5:colcon.colcon_core.verb:set package 'bumperbot_description' build argument 'ament_cmake_args' from command line to 'None'
[0.457s] Level 5:colcon.colcon_core.verb:set package 'bumperbot_description' build argument 'catkin_cmake_args' from command line to 'None'
[0.457s] Level 5:colcon.colcon_core.verb:set package 'bumperbot_description' build argument 'catkin_skip_building_tests' from command line to 'False'
[0.457s] DEBUG:colcon.colcon_core.verb:Building package 'bumperbot_description' with the following arguments: {'ament_cmake_args': None, 'build_base': '/home/mr_ray/Desktop/bumperbot_ws/build/bumperbot_description', 'catkin_cmake_args': None, 'catkin_skip_building_tests': False, 'cmake_args': None, 'cmake_clean_cache': False, 'cmake_clean_first': False, 'cmake_force_configure': False, 'cmake_target': None, 'cmake_target_skip_unavailable': False, 'install_base': '/home/mr_ray/Desktop/bumperbot_ws/install/bumperbot_description', 'merge_install': False, 'path': '/home/mr_ray/Desktop/bumperbot_ws/src/bumperbot_description', 'symlink_install': False, 'test_result_base': None}
[0.458s] Level 5:colcon.colcon_core.verb:set package 'bumperbot_firmware' build argument 'cmake_args' from command line to 'None'
[0.458s] Level 5:colcon.colcon_core.verb:set package 'bumperbot_firmware' build argument 'cmake_target' from command line to 'None'
[0.458s] Level 5:colcon.colcon_core.verb:set package 'bumperbot_firmware' build argument 'cmake_target_skip_unavailable' from command line to 'False'
[0.458s] Level 5:colcon.colcon_core.verb:set package 'bumperbot_firmware' build argument 'cmake_clean_cache' from command line to 'False'
[0.458s] Level 5:colcon.colcon_core.verb:set package 'bumperbot_firmware' build argument 'cmake_clean_first' from command line to 'False'
[0.458s] Level 5:colcon.colcon_core.verb:set package 'bumperbot_firmware' build argument 'cmake_force_configure' from command line to 'False'
[0.458s] Level 5:colcon.colcon_core.verb:set package 'bumperbot_firmware' build argument 'ament_cmake_args' from command line to 'None'
[0.458s] Level 5:colcon.colcon_core.verb:set package 'bumperbot_firmware' build argument 'catkin_cmake_args' from command line to 'None'
[0.458s] Level 5:colcon.colcon_core.verb:set package 'bumperbot_firmware' build argument 'catkin_skip_building_tests' from command line to 'False'
[0.458s] DEBUG:colcon.colcon_core.verb:Building package 'bumperbot_firmware' with the following arguments: {'ament_cmake_args': None, 'build_base': '/home/mr_ray/Desktop/bumperbot_ws/build/bumperbot_firmware', 'catkin_cmake_args': None, 'catkin_skip_building_tests': False, 'cmake_args': None, 'cmake_clean_cache': False, 'cmake_clean_first': False, 'cmake_force_configure': False, 'cmake_target': None, 'cmake_target_skip_unavailable': False, 'install_base': '/home/mr_ray/Desktop/bumperbot_ws/install/bumperbot_firmware', 'merge_install': False, 'path': '/home/mr_ray/Desktop/bumperbot_ws/src/bumperbot_firmware', 'symlink_install': False, 'test_result_base': None}
[0.458s] Level 5:colcon.colcon_core.verb:set package 'bumperbot_msgs' build argument 'cmake_args' from command line to 'None'
[0.458s] Level 5:colcon.colcon_core.verb:set package 'bumperbot_msgs' build argument 'cmake_target' from command line to 'None'
[0.458s] Level 5:colcon.colcon_core.verb:set package 'bumperbot_msgs' build argument 'cmake_target_skip_unavailable' from command line to 'False'
[0.458s] Level 5:colcon.colcon_core.verb:set package 'bumperbot_msgs' build argument 'cmake_clean_cache' from command line to 'False'
[0.458s] Level 5:colcon.colcon_core.verb:set package 'bumperbot_msgs' build argument 'cmake_clean_first' from command line to 'False'
[0.458s] Level 5:colcon.colcon_core.verb:set package 'bumperbot_msgs' build argument 'cmake_force_configure' from command line to 'False'
[0.458s] Level 5:colcon.colcon_core.verb:set package 'bumperbot_msgs' build argument 'ament_cmake_args' from command line to 'None'
[0.459s] Level 5:colcon.colcon_core.verb:set package 'bumperbot_msgs' build argument 'catkin_cmake_args' from command line to 'None'
[0.459s] Level 5:colcon.colcon_core.verb:set package 'bumperbot_msgs' build argument 'catkin_skip_building_tests' from command line to 'False'
[0.459s] DEBUG:colcon.colcon_core.verb:Building package 'bumperbot_msgs' with the following arguments: {'ament_cmake_args': None, 'build_base': '/home/mr_ray/Desktop/bumperbot_ws/build/bumperbot_msgs', 'catkin_cmake_args': None, 'catkin_skip_building_tests': False, 'cmake_args': None, 'cmake_clean_cache': False, 'cmake_clean_first': False, 'cmake_force_configure': False, 'cmake_target': None, 'cmake_target_skip_unavailable': False, 'install_base': '/home/mr_ray/Desktop/bumperbot_ws/install/bumperbot_msgs', 'merge_install': False, 'path': '/home/mr_ray/Desktop/bumperbot_ws/src/bumperbot_msgs', 'symlink_install': False, 'test_result_base': None}
[0.459s] Level 5:colcon.colcon_core.verb:set package 'bumperbot_py_example' build argument 'cmake_args' from command line to 'None'
[0.459s] Level 5:colcon.colcon_core.verb:set package 'bumperbot_py_example' build argument 'cmake_target' from command line to 'None'
[0.459s] Level 5:colcon.colcon_core.verb:set package 'bumperbot_py_example' build argument 'cmake_target_skip_unavailable' from command line to 'False'
[0.459s] Level 5:colcon.colcon_core.verb:set package 'bumperbot_py_example' build argument 'cmake_clean_cache' from command line to 'False'
[0.459s] Level 5:colcon.colcon_core.verb:set package 'bumperbot_py_example' build argument 'cmake_clean_first' from command line to 'False'
[0.459s] Level 5:colcon.colcon_core.verb:set package 'bumperbot_py_example' build argument 'cmake_force_configure' from command line to 'False'
[0.459s] Level 5:colcon.colcon_core.verb:set package 'bumperbot_py_example' build argument 'ament_cmake_args' from command line to 'None'
[0.459s] Level 5:colcon.colcon_core.verb:set package 'bumperbot_py_example' build argument 'catkin_cmake_args' from command line to 'None'
[0.459s] Level 5:colcon.colcon_core.verb:set package 'bumperbot_py_example' build argument 'catkin_skip_building_tests' from command line to 'False'
[0.459s] DEBUG:colcon.colcon_core.verb:Building package 'bumperbot_py_example' with the following arguments: {'ament_cmake_args': None, 'build_base': '/home/mr_ray/Desktop/bumperbot_ws/build/bumperbot_py_example', 'catkin_cmake_args': None, 'catkin_skip_building_tests': False, 'cmake_args': None, 'cmake_clean_cache': False, 'cmake_clean_first': False, 'cmake_force_configure': False, 'cmake_target': None, 'cmake_target_skip_unavailable': False, 'install_base': '/home/mr_ray/Desktop/bumperbot_ws/install/bumperbot_py_example', 'merge_install': False, 'path': '/home/mr_ray/Desktop/bumperbot_ws/src/bumperbot_py_example', 'symlink_install': False, 'test_result_base': None}
[0.460s] Level 5:colcon.colcon_core.verb:set package 'bumperbot_cpp_example' build argument 'cmake_args' from command line to 'None'
[0.460s] Level 5:colcon.colcon_core.verb:set package 'bumperbot_cpp_example' build argument 'cmake_target' from command line to 'None'
[0.460s] Level 5:colcon.colcon_core.verb:set package 'bumperbot_cpp_example' build argument 'cmake_target_skip_unavailable' from command line to 'False'
[0.460s] Level 5:colcon.colcon_core.verb:set package 'bumperbot_cpp_example' build argument 'cmake_clean_cache' from command line to 'False'
[0.460s] Level 5:colcon.colcon_core.verb:set package 'bumperbot_cpp_example' build argument 'cmake_clean_first' from command line to 'False'
[0.460s] Level 5:colcon.colcon_core.verb:set package 'bumperbot_cpp_example' build argument 'cmake_force_configure' from command line to 'False'
[0.460s] Level 5:colcon.colcon_core.verb:set package 'bumperbot_cpp_example' build argument 'ament_cmake_args' from command line to 'None'
[0.460s] Level 5:colcon.colcon_core.verb:set package 'bumperbot_cpp_example' build argument 'catkin_cmake_args' from command line to 'None'
[0.460s] Level 5:colcon.colcon_core.verb:set package 'bumperbot_cpp_example' build argument 'catkin_skip_building_tests' from command line to 'False'
[0.460s] DEBUG:colcon.colcon_core.verb:Building package 'bumperbot_cpp_example' with the following arguments: {'ament_cmake_args': None, 'build_base': '/home/mr_ray/Desktop/bumperbot_ws/build/bumperbot_cpp_example', 'catkin_cmake_args': None, 'catkin_skip_building_tests': False, 'cmake_args': None, 'cmake_clean_cache': False, 'cmake_clean_first': False, 'cmake_force_configure': False, 'cmake_target': None, 'cmake_target_skip_unavailable': False, 'install_base': '/home/mr_ray/Desktop/bumperbot_ws/install/bumperbot_cpp_example', 'merge_install': False, 'path': '/home/mr_ray/Desktop/bumperbot_ws/src/bumperbot_cpp_example', 'symlink_install': False, 'test_result_base': None}
[0.460s] INFO:colcon.colcon_core.executor:Executing jobs using 'parallel' executor
[0.461s] DEBUG:colcon.colcon_parallel_executor.executor.parallel:run_until_complete
[0.462s] INFO:colcon.colcon_ros.task.ament_cmake.build:Building ROS package in '/home/mr_ray/Desktop/bumperbot_ws/src/bumperbot_msgs' with build type 'ament_cmake'
[0.462s] INFO:colcon.colcon_cmake.task.cmake.build:Building CMake package in '/home/mr_ray/Desktop/bumperbot_ws/src/bumperbot_msgs'
[0.465s] INFO:colcon.colcon_core.plugin_system:Skipping extension 'colcon_core.shell.bat': Not used on non-Windows systems
[0.465s] INFO:colcon.colcon_core.shell:Skip shell extension 'powershell' for command environment: Not usable outside of PowerShell
[0.465s] DEBUG:colcon.colcon_core.shell:Skip shell extension 'dsv' for command environment
[0.469s] INFO:colcon.colcon_ros.task.ament_cmake.build:Building ROS package in '/home/mr_ray/Desktop/bumperbot_ws/src/bumperbot_bringup' with build type 'ament_cmake'
[0.469s] INFO:colcon.colcon_cmake.task.cmake.build:Building CMake package in '/home/mr_ray/Desktop/bumperbot_ws/src/bumperbot_bringup'
[0.470s] INFO:colcon.colcon_core.shell:Skip shell extension 'powershell' for command environment: Not usable outside of PowerShell
[0.470s] DEBUG:colcon.colcon_core.shell:Skip shell extension 'dsv' for command environment
[0.473s] INFO:colcon.colcon_ros.task.ament_cmake.build:Building ROS package in '/home/mr_ray/Desktop/bumperbot_ws/src/bumperbot_controller' with build type 'ament_cmake'
[0.474s] INFO:colcon.colcon_cmake.task.cmake.build:Building CMake package in '/home/mr_ray/Desktop/bumperbot_ws/src/bumperbot_controller'
[0.474s] INFO:colcon.colcon_core.shell:Skip shell extension 'powershell' for command environment: Not usable outside of PowerShell
[0.474s] DEBUG:colcon.colcon_core.shell:Skip shell extension 'dsv' for command environment
[0.478s] INFO:colcon.colcon_ros.task.ament_cmake.build:Building ROS package in '/home/mr_ray/Desktop/bumperbot_ws/src/bumperbot_description' with build type 'ament_cmake'
[0.478s] INFO:colcon.colcon_cmake.task.cmake.build:Building CMake package in '/home/mr_ray/Desktop/bumperbot_ws/src/bumperbot_description'
[0.479s] INFO:colcon.colcon_core.shell:Skip shell extension 'powershell' for command environment: Not usable outside of PowerShell
[0.479s] DEBUG:colcon.colcon_core.shell:Skip shell extension 'dsv' for command environment
[0.482s] INFO:colcon.colcon_ros.task.ament_cmake.build:Building ROS package in '/home/mr_ray/Desktop/bumperbot_ws/src/bumperbot_firmware' with build type 'ament_cmake'
[0.482s] INFO:colcon.colcon_cmake.task.cmake.build:Building CMake package in '/home/mr_ray/Desktop/bumperbot_ws/src/bumperbot_firmware'
[0.483s] INFO:colcon.colcon_core.shell:Skip shell extension 'powershell' for command environment: Not usable outside of PowerShell
[0.483s] DEBUG:colcon.colcon_core.shell:Skip shell extension 'dsv' for command environment
[0.486s] INFO:colcon.colcon_ros.task.ament_python.build:Building ROS package in '/home/mr_ray/Desktop/bumperbot_ws/src/bumperbot_py_example' with build type 'ament_python'
[0.487s] Level 1:colcon.colcon_core.shell:create_environment_hook('bumperbot_py_example', 'ament_prefix_path')
[0.487s] INFO:colcon.colcon_core.shell:Creating environment hook '/home/mr_ray/Desktop/bumperbot_ws/install/bumperbot_py_example/share/bumperbot_py_example/hook/ament_prefix_path.ps1'
[0.488s] INFO:colcon.colcon_core.shell:Creating environment descriptor '/home/mr_ray/Desktop/bumperbot_ws/install/bumperbot_py_example/share/bumperbot_py_example/hook/ament_prefix_path.dsv'
[0.488s] INFO:colcon.colcon_core.shell:Creating environment hook '/home/mr_ray/Desktop/bumperbot_ws/install/bumperbot_py_example/share/bumperbot_py_example/hook/ament_prefix_path.sh'
[0.489s] INFO:colcon.colcon_core.shell:Skip shell extension 'powershell' for command environment: Not usable outside of PowerShell
[0.489s] DEBUG:colcon.colcon_core.shell:Skip shell extension 'dsv' for command environment
[0.503s] DEBUG:colcon.colcon_core.event_handler.log_command:Invoking command in '/home/mr_ray/Desktop/bumperbot_ws/build/bumperbot_msgs': CMAKE_PREFIX_PATH=/opt/ros/humble /usr/bin/cmake --build /home/mr_ray/Desktop/bumperbot_ws/build/bumperbot_msgs -- -j8 -l8
[0.508s] DEBUG:colcon.colcon_core.event_handler.log_command:Invoking command in '/home/mr_ray/Desktop/bumperbot_ws/build/bumperbot_bringup': CMAKE_PREFIX_PATH=/opt/ros/humble /usr/bin/cmake --build /home/mr_ray/Desktop/bumperbot_ws/build/bumperbot_bringup -- -j8 -l8
[0.512s] DEBUG:colcon.colcon_core.event_handler.log_command:Invoking command in '/home/mr_ray/Desktop/bumperbot_ws/build/bumperbot_controller': CMAKE_PREFIX_PATH=/opt/ros/humble /usr/bin/cmake --build /home/mr_ray/Desktop/bumperbot_ws/build/bumperbot_controller -- -j8 -l8
[0.517s] DEBUG:colcon.colcon_core.event_handler.log_command:Invoking command in '/home/mr_ray/Desktop/bumperbot_ws/build/bumperbot_description': CMAKE_PREFIX_PATH=/opt/ros/humble /usr/bin/cmake --build /home/mr_ray/Desktop/bumperbot_ws/build/bumperbot_description -- -j8 -l8
[0.523s] DEBUG:colcon.colcon_core.event_handler.log_command:Invoking command in '/home/mr_ray/Desktop/bumperbot_ws/build/bumperbot_firmware': CMAKE_PREFIX_PATH=/opt/ros/humble /usr/bin/cmake --build /home/mr_ray/Desktop/bumperbot_ws/build/bumperbot_firmware -- -j8 -l8
[1.027s] INFO:colcon.colcon_core.task.python.build:Building Python package in '/home/mr_ray/Desktop/bumperbot_ws/src/bumperbot_py_example'
[1.028s] INFO:colcon.colcon_core.shell:Skip shell extension 'powershell' for command environment: Not usable outside of PowerShell
[1.028s] DEBUG:colcon.colcon_core.shell:Skip shell extension 'dsv' for command environment
[1.036s] DEBUG:colcon.colcon_core.event_handler.log_command:Invoked command in '/home/mr_ray/Desktop/bumperbot_ws/build/bumperbot_bringup' returned '0': CMAKE_PREFIX_PATH=/opt/ros/humble /usr/bin/cmake --build /home/mr_ray/Desktop/bumperbot_ws/build/bumperbot_bringup -- -j8 -l8
[1.039s] DEBUG:colcon.colcon_core.event_handler.log_command:Invoked command in '/home/mr_ray/Desktop/bumperbot_ws/build/bumperbot_description' returned '0': CMAKE_PREFIX_PATH=/opt/ros/humble /usr/bin/cmake --build /home/mr_ray/Desktop/bumperbot_ws/build/bumperbot_description -- -j8 -l8
[1.109s] DEBUG:colcon.colcon_core.event_handler.log_command:Invoking command in '/home/mr_ray/Desktop/bumperbot_ws/build/bumperbot_bringup': CMAKE_PREFIX_PATH=/opt/ros/humble /usr/bin/cmake --install /home/mr_ray/Desktop/bumperbot_ws/build/bumperbot_bringup
[1.113s] DEBUG:colcon.colcon_core.event_handler.log_command:Invoking command in '/home/mr_ray/Desktop/bumperbot_ws/build/bumperbot_description': CMAKE_PREFIX_PATH=/opt/ros/humble /usr/bin/cmake --install /home/mr_ray/Desktop/bumperbot_ws/build/bumperbot_description
[1.128s] Level 1:colcon.colcon_core.environment:create_environment_scripts_only(bumperbot_bringup)
[1.129s] DEBUG:colcon.colcon_core.event_handler.log_command:Invoked command in '/home/mr_ray/Desktop/bumperbot_ws/build/bumperbot_bringup' returned '0': CMAKE_PREFIX_PATH=/opt/ros/humble /usr/bin/cmake --install /home/mr_ray/Desktop/bumperbot_ws/build/bumperbot_bringup
[1.137s] Level 1:colcon.colcon_core.environment:checking '/home/mr_ray/Desktop/bumperbot_ws/install/bumperbot_bringup' for CMake module files
[1.139s] Level 1:colcon.colcon_core.environment:checking '/home/mr_ray/Desktop/bumperbot_ws/install/bumperbot_bringup' for CMake config files
[1.142s] Level 1:colcon.colcon_core.environment:checking '/home/mr_ray/Desktop/bumperbot_ws/install/bumperbot_bringup/bin'
[1.143s] Level 1:colcon.colcon_core.environment:checking '/home/mr_ray/Desktop/bumperbot_ws/install/bumperbot_bringup/lib/pkgconfig/bumperbot_bringup.pc'
[1.144s] Level 1:colcon.colcon_core.environment:checking '/home/mr_ray/Desktop/bumperbot_ws/install/bumperbot_bringup/lib/python3.10/site-packages'
[1.145s] Level 1:colcon.colcon_core.environment:checking '/home/mr_ray/Desktop/bumperbot_ws/install/bumperbot_bringup/bin'
[1.146s] INFO:colcon.colcon_core.shell:Creating package script '/home/mr_ray/Desktop/bumperbot_ws/install/bumperbot_bringup/share/bumperbot_bringup/package.ps1'
[1.149s] INFO:colcon.colcon_core.shell:Creating package descriptor '/home/mr_ray/Desktop/bumperbot_ws/install/bumperbot_bringup/share/bumperbot_bringup/package.dsv'
[1.151s] INFO:colcon.colcon_core.shell:Creating package script '/home/mr_ray/Desktop/bumperbot_ws/install/bumperbot_bringup/share/bumperbot_bringup/package.sh'
[1.152s] INFO:colcon.colcon_core.shell:Creating package script '/home/mr_ray/Desktop/bumperbot_ws/install/bumperbot_bringup/share/bumperbot_bringup/package.bash'
[1.154s] INFO:colcon.colcon_core.shell:Creating package script '/home/mr_ray/Desktop/bumperbot_ws/install/bumperbot_bringup/share/bumperbot_bringup/package.zsh'
[1.155s] Level 1:colcon.colcon_core.environment:create_file_with_runtime_dependencies(/home/mr_ray/Desktop/bumperbot_ws/install/bumperbot_bringup/share/colcon-core/packages/bumperbot_bringup)
[1.159s] Level 1:colcon.colcon_core.environment:create_environment_scripts_only(bumperbot_description)
[1.159s] DEBUG:colcon.colcon_core.event_handler.log_command:Invoked command in '/home/mr_ray/Desktop/bumperbot_ws/build/bumperbot_description' returned '0': CMAKE_PREFIX_PATH=/opt/ros/humble /usr/bin/cmake --install /home/mr_ray/Desktop/bumperbot_ws/build/bumperbot_description
[1.160s] Level 1:colcon.colcon_core.environment:checking '/home/mr_ray/Desktop/bumperbot_ws/install/bumperbot_description' for CMake module files
[1.161s] Level 1:colcon.colcon_core.environment:checking '/home/mr_ray/Desktop/bumperbot_ws/install/bumperbot_description' for CMake config files
[1.162s] Level 1:colcon.colcon_core.environment:checking '/home/mr_ray/Desktop/bumperbot_ws/install/bumperbot_description/bin'
[1.162s] Level 1:colcon.colcon_core.environment:checking '/home/mr_ray/Desktop/bumperbot_ws/install/bumperbot_description/lib/pkgconfig/bumperbot_description.pc'
[1.163s] Level 1:colcon.colcon_core.environment:checking '/home/mr_ray/Desktop/bumperbot_ws/install/bumperbot_description/lib/python3.10/site-packages'
[1.163s] Level 1:colcon.colcon_core.environment:checking '/home/mr_ray/Desktop/bumperbot_ws/install/bumperbot_description/bin'
[1.164s] INFO:colcon.colcon_core.shell:Creating package script '/home/mr_ray/Desktop/bumperbot_ws/install/bumperbot_description/share/bumperbot_description/package.ps1'
[1.165s] INFO:colcon.colcon_core.shell:Creating package descriptor '/home/mr_ray/Desktop/bumperbot_ws/install/bumperbot_description/share/bumperbot_description/package.dsv'
[1.166s] INFO:colcon.colcon_core.shell:Creating package script '/home/mr_ray/Desktop/bumperbot_ws/install/bumperbot_description/share/bumperbot_description/package.sh'
[1.167s] INFO:colcon.colcon_core.shell:Creating package script '/home/mr_ray/Desktop/bumperbot_ws/install/bumperbot_description/share/bumperbot_description/package.bash'
[1.167s] INFO:colcon.colcon_core.shell:Creating package script '/home/mr_ray/Desktop/bumperbot_ws/install/bumperbot_description/share/bumperbot_description/package.zsh'
[1.168s] Level 1:colcon.colcon_core.environment:create_file_with_runtime_dependencies(/home/mr_ray/Desktop/bumperbot_ws/install/bumperbot_description/share/colcon-core/packages/bumperbot_description)
[1.197s] DEBUG:colcon.colcon_core.event_handler.log_command:Invoked command in '/home/mr_ray/Desktop/bumperbot_ws/build/bumperbot_controller' returned '0': CMAKE_PREFIX_PATH=/opt/ros/humble /usr/bin/cmake --build /home/mr_ray/Desktop/bumperbot_ws/build/bumperbot_controller -- -j8 -l8
[1.207s] Level 1:colcon.colcon_core.environment:create_environment_scripts_only(bumperbot_bringup)
[1.207s] Level 1:colcon.colcon_core.environment:checking '/home/mr_ray/Desktop/bumperbot_ws/install/bumperbot_bringup' for CMake module files
[1.208s] Level 1:colcon.colcon_core.environment:checking '/home/mr_ray/Desktop/bumperbot_ws/install/bumperbot_bringup' for CMake config files
[1.208s] Level 1:colcon.colcon_core.environment:checking '/home/mr_ray/Desktop/bumperbot_ws/install/bumperbot_bringup/bin'
[1.209s] Level 1:colcon.colcon_core.environment:checking '/home/mr_ray/Desktop/bumperbot_ws/install/bumperbot_bringup/lib/pkgconfig/bumperbot_bringup.pc'
[1.209s] Level 1:colcon.colcon_core.environment:checking '/home/mr_ray/Desktop/bumperbot_ws/install/bumperbot_bringup/lib/python3.10/site-packages'
[1.209s] Level 1:colcon.colcon_core.environment:checking '/home/mr_ray/Desktop/bumperbot_ws/install/bumperbot_bringup/bin'
[1.210s] INFO:colcon.colcon_core.shell:Creating package script '/home/mr_ray/Desktop/bumperbot_ws/install/bumperbot_bringup/share/bumperbot_bringup/package.ps1'
[1.211s] INFO:colcon.colcon_core.shell:Creating package descriptor '/home/mr_ray/Desktop/bumperbot_ws/install/bumperbot_bringup/share/bumperbot_bringup/package.dsv'
[1.212s] INFO:colcon.colcon_core.shell:Creating package script '/home/mr_ray/Desktop/bumperbot_ws/install/bumperbot_bringup/share/bumperbot_bringup/package.sh'
[1.213s] INFO:colcon.colcon_core.shell:Creating package script '/home/mr_ray/Desktop/bumperbot_ws/install/bumperbot_bringup/share/bumperbot_bringup/package.bash'
[1.214s] INFO:colcon.colcon_core.shell:Creating package script '/home/mr_ray/Desktop/bumperbot_ws/install/bumperbot_bringup/share/bumperbot_bringup/package.zsh'
[1.215s] Level 1:colcon.colcon_core.environment:create_file_with_runtime_dependencies(/home/mr_ray/Desktop/bumperbot_ws/install/bumperbot_bringup/share/colcon-core/packages/bumperbot_bringup)
[1.224s] Level 1:colcon.colcon_core.environment:create_environment_scripts_only(bumperbot_description)
[1.225s] Level 1:colcon.colcon_core.environment:checking '/home/mr_ray/Desktop/bumperbot_ws/install/bumperbot_description' for CMake module files
[1.226s] Level 1:colcon.colcon_core.environment:checking '/home/mr_ray/Desktop/bumperbot_ws/install/bumperbot_description' for CMake config files
[1.227s] Level 1:colcon.colcon_core.environment:checking '/home/mr_ray/Desktop/bumperbot_ws/install/bumperbot_description/bin'
[1.227s] Level 1:colcon.colcon_core.environment:checking '/home/mr_ray/Desktop/bumperbot_ws/install/bumperbot_description/lib/pkgconfig/bumperbot_description.pc'
[1.229s] Level 1:colcon.colcon_core.environment:checking '/home/mr_ray/Desktop/bumperbot_ws/install/bumperbot_description/lib/python3.10/site-packages'
[1.230s] Level 1:colcon.colcon_core.environment:checking '/home/mr_ray/Desktop/bumperbot_ws/install/bumperbot_description/bin'
[1.231s] INFO:colcon.colcon_core.shell:Creating package script '/home/mr_ray/Desktop/bumperbot_ws/install/bumperbot_description/share/bumperbot_description/package.ps1'
[1.232s] INFO:colcon.colcon_core.shell:Creating package descriptor '/home/mr_ray/Desktop/bumperbot_ws/install/bumperbot_description/share/bumperbot_description/package.dsv'
[1.233s] INFO:colcon.colcon_core.shell:Creating package script '/home/mr_ray/Desktop/bumperbot_ws/install/bumperbot_description/share/bumperbot_description/package.sh'
[1.234s] INFO:colcon.colcon_core.shell:Creating package script '/home/mr_ray/Desktop/bumperbot_ws/install/bumperbot_description/share/bumperbot_description/package.bash'
[1.235s] INFO:colcon.colcon_core.shell:Creating package script '/home/mr_ray/Desktop/bumperbot_ws/install/bumperbot_description/share/bumperbot_description/package.zsh'
[1.236s] Level 1:colcon.colcon_core.environment:create_file_with_runtime_dependencies(/home/mr_ray/Desktop/bumperbot_ws/install/bumperbot_description/share/colcon-core/packages/bumperbot_description)
[1.243s] DEBUG:colcon.colcon_core.event_handler.log_command:Invoked command in '/home/mr_ray/Desktop/bumperbot_ws/build/bumperbot_firmware' returned '0': CMAKE_PREFIX_PATH=/opt/ros/humble /usr/bin/cmake --build /home/mr_ray/Desktop/bumperbot_ws/build/bumperbot_firmware -- -j8 -l8
[1.258s] DEBUG:colcon.colcon_core.event_handler.log_command:Invoking command in '/home/mr_ray/Desktop/bumperbot_ws/build/bumperbot_controller': CMAKE_PREFIX_PATH=/opt/ros/humble /usr/bin/cmake --install /home/mr_ray/Desktop/bumperbot_ws/build/bumperbot_controller
[1.294s] DEBUG:colcon.colcon_core.event_handler.log_command:Invoked command in '/home/mr_ray/Desktop/bumperbot_ws/build/bumperbot_msgs' returned '0': CMAKE_PREFIX_PATH=/opt/ros/humble /usr/bin/cmake --build /home/mr_ray/Desktop/bumperbot_ws/build/bumperbot_msgs -- -j8 -l8
[1.326s] DEBUG:colcon.colcon_core.event_handler.log_command:Invoking command in '/home/mr_ray/Desktop/bumperbot_ws/build/bumperbot_firmware': CMAKE_PREFIX_PATH=/opt/ros/humble /usr/bin/cmake --install /home/mr_ray/Desktop/bumperbot_ws/build/bumperbot_firmware
[1.354s] Level 1:colcon.colcon_core.environment:create_environment_scripts_only(bumperbot_controller)
[1.354s] Level 1:colcon.colcon_core.environment:checking '/home/mr_ray/Desktop/bumperbot_ws/install/bumperbot_controller' for CMake module files
[1.356s] DEBUG:colcon.colcon_core.event_handler.log_command:Invoked command in '/home/mr_ray/Desktop/bumperbot_ws/build/bumperbot_controller' returned '0': CMAKE_PREFIX_PATH=/opt/ros/humble /usr/bin/cmake --install /home/mr_ray/Desktop/bumperbot_ws/build/bumperbot_controller
[1.356s] Level 1:colcon.colcon_core.environment:checking '/home/mr_ray/Desktop/bumperbot_ws/install/bumperbot_controller' for CMake config files
[1.356s] Level 1:colcon.colcon_core.environment:checking '/home/mr_ray/Desktop/bumperbot_ws/install/bumperbot_controller/bin'
[1.357s] Level 1:colcon.colcon_core.environment:checking '/home/mr_ray/Desktop/bumperbot_ws/install/bumperbot_controller/lib/pkgconfig/bumperbot_controller.pc'
[1.357s] Level 1:colcon.colcon_core.environment:checking '/home/mr_ray/Desktop/bumperbot_ws/install/bumperbot_controller/lib/python3.10/site-packages'
[1.357s] Level 1:colcon.colcon_core.environment:checking '/home/mr_ray/Desktop/bumperbot_ws/install/bumperbot_controller/bin'
[1.358s] INFO:colcon.colcon_core.shell:Creating package script '/home/mr_ray/Desktop/bumperbot_ws/install/bumperbot_controller/share/bumperbot_controller/package.ps1'
[1.359s] INFO:colcon.colcon_core.shell:Creating package descriptor '/home/mr_ray/Desktop/bumperbot_ws/install/bumperbot_controller/share/bumperbot_controller/package.dsv'
[1.359s] INFO:colcon.colcon_core.shell:Creating package script '/home/mr_ray/Desktop/bumperbot_ws/install/bumperbot_controller/share/bumperbot_controller/package.sh'
[1.360s] INFO:colcon.colcon_core.shell:Creating package script '/home/mr_ray/Desktop/bumperbot_ws/install/bumperbot_controller/share/bumperbot_controller/package.bash'
[1.361s] INFO:colcon.colcon_core.shell:Creating package script '/home/mr_ray/Desktop/bumperbot_ws/install/bumperbot_controller/share/bumperbot_controller/package.zsh'
[1.361s] Level 1:colcon.colcon_core.environment:create_file_with_runtime_dependencies(/home/mr_ray/Desktop/bumperbot_ws/install/bumperbot_controller/share/colcon-core/packages/bumperbot_controller)
[1.419s] Level 1:colcon.colcon_core.environment:create_environment_scripts_only(bumperbot_firmware)
[1.420s] Level 1:colcon.colcon_core.environment:checking '/home/mr_ray/Desktop/bumperbot_ws/install/bumperbot_firmware' for CMake module files
[1.422s] Level 1:colcon.colcon_core.environment:checking '/home/mr_ray/Desktop/bumperbot_ws/install/bumperbot_firmware' for CMake config files
[1.422s] Level 1:colcon.colcon_core.environment:checking '/home/mr_ray/Desktop/bumperbot_ws/install/bumperbot_firmware/bin'
[1.423s] Level 1:colcon.colcon_core.environment:checking '/home/mr_ray/Desktop/bumperbot_ws/install/bumperbot_firmware/lib/pkgconfig/bumperbot_firmware.pc'
[1.423s] Level 1:colcon.colcon_core.environment:checking '/home/mr_ray/Desktop/bumperbot_ws/install/bumperbot_firmware/lib/python3.10/site-packages'
[1.424s] Level 1:colcon.colcon_core.environment:checking '/home/mr_ray/Desktop/bumperbot_ws/install/bumperbot_firmware/bin'
[1.424s] INFO:colcon.colcon_core.shell:Creating package script '/home/mr_ray/Desktop/bumperbot_ws/install/bumperbot_firmware/share/bumperbot_firmware/package.ps1'
[1.426s] INFO:colcon.colcon_core.shell:Creating package descriptor '/home/mr_ray/Desktop/bumperbot_ws/install/bumperbot_firmware/share/bumperbot_firmware/package.dsv'
[1.427s] INFO:colcon.colcon_core.shell:Creating package script '/home/mr_ray/Desktop/bumperbot_ws/install/bumperbot_firmware/share/bumperbot_firmware/package.sh'
[1.429s] INFO:colcon.colcon_core.shell:Creating package script '/home/mr_ray/Desktop/bumperbot_ws/install/bumperbot_firmware/share/bumperbot_firmware/package.bash'
[1.431s] DEBUG:colcon.colcon_core.event_handler.log_command:Invoked command in '/home/mr_ray/Desktop/bumperbot_ws/build/bumperbot_firmware' returned '0': CMAKE_PREFIX_PATH=/opt/ros/humble /usr/bin/cmake --install /home/mr_ray/Desktop/bumperbot_ws/build/bumperbot_firmware
[1.431s] INFO:colcon.colcon_core.shell:Creating package script '/home/mr_ray/Desktop/bumperbot_ws/install/bumperbot_firmware/share/bumperbot_firmware/package.zsh'
[1.432s] Level 1:colcon.colcon_core.environment:create_file_with_runtime_dependencies(/home/mr_ray/Desktop/bumperbot_ws/install/bumperbot_firmware/share/colcon-core/packages/bumperbot_firmware)
[1.435s] Level 1:colcon.colcon_core.environment:create_environment_scripts_only(bumperbot_controller)
[1.435s] Level 1:colcon.colcon_core.environment:checking '/home/mr_ray/Desktop/bumperbot_ws/install/bumperbot_controller' for CMake module files
[1.436s] Level 1:colcon.colcon_core.environment:checking '/home/mr_ray/Desktop/bumperbot_ws/install/bumperbot_controller' for CMake config files
[1.436s] Level 1:colcon.colcon_core.environment:checking '/home/mr_ray/Desktop/bumperbot_ws/install/bumperbot_controller/bin'
[1.437s] Level 1:colcon.colcon_core.environment:checking '/home/mr_ray/Desktop/bumperbot_ws/install/bumperbot_controller/lib/pkgconfig/bumperbot_controller.pc'
[1.437s] Level 1:colcon.colcon_core.environment:checking '/home/mr_ray/Desktop/bumperbot_ws/install/bumperbot_controller/lib/python3.10/site-packages'
[1.437s] Level 1:colcon.colcon_core.environment:checking '/home/mr_ray/Desktop/bumperbot_ws/install/bumperbot_controller/bin'
[1.438s] INFO:colcon.colcon_core.shell:Creating package script '/home/mr_ray/Desktop/bumperbot_ws/install/bumperbot_controller/share/bumperbot_controller/package.ps1'
[1.439s] INFO:colcon.colcon_core.shell:Creating package descriptor '/home/mr_ray/Desktop/bumperbot_ws/install/bumperbot_controller/share/bumperbot_controller/package.dsv'
[1.440s] INFO:colcon.colcon_core.shell:Creating package script '/home/mr_ray/Desktop/bumperbot_ws/install/bumperbot_controller/share/bumperbot_controller/package.sh'
[1.440s] INFO:colcon.colcon_core.shell:Creating package script '/home/mr_ray/Desktop/bumperbot_ws/install/bumperbot_controller/share/bumperbot_controller/package.bash'
[1.441s] INFO:colcon.colcon_core.shell:Creating package script '/home/mr_ray/Desktop/bumperbot_ws/install/bumperbot_controller/share/bumperbot_controller/package.zsh'
[1.442s] Level 1:colcon.colcon_core.environment:create_file_with_runtime_dependencies(/home/mr_ray/Desktop/bumperbot_ws/install/bumperbot_controller/share/colcon-core/packages/bumperbot_controller)
[1.461s] DEBUG:colcon.colcon_core.event_handler.log_command:Invoking command in '/home/mr_ray/Desktop/bumperbot_ws/build/bumperbot_msgs': CMAKE_PREFIX_PATH=/opt/ros/humble /usr/bin/cmake --install /home/mr_ray/Desktop/bumperbot_ws/build/bumperbot_msgs
[1.495s] Level 1:colcon.colcon_core.environment:create_environment_scripts_only(bumperbot_firmware)
[1.496s] Level 1:colcon.colcon_core.environment:checking '/home/mr_ray/Desktop/bumperbot_ws/install/bumperbot_firmware' for CMake module files
[1.496s] Level 1:colcon.colcon_core.environment:checking '/home/mr_ray/Desktop/bumperbot_ws/install/bumperbot_firmware' for CMake config files
[1.497s] Level 1:colcon.colcon_core.environment:checking '/home/mr_ray/Desktop/bumperbot_ws/install/bumperbot_firmware/bin'
[1.497s] Level 1:colcon.colcon_core.environment:checking '/home/mr_ray/Desktop/bumperbot_ws/install/bumperbot_firmware/lib/pkgconfig/bumperbot_firmware.pc'
[1.497s] Level 1:colcon.colcon_core.environment:checking '/home/mr_ray/Desktop/bumperbot_ws/install/bumperbot_firmware/lib/python3.10/site-packages'
[1.498s] Level 1:colcon.colcon_core.environment:checking '/home/mr_ray/Desktop/bumperbot_ws/install/bumperbot_firmware/bin'
[1.498s] INFO:colcon.colcon_core.shell:Creating package script '/home/mr_ray/Desktop/bumperbot_ws/install/bumperbot_firmware/share/bumperbot_firmware/package.ps1'
[1.499s] INFO:colcon.colcon_core.shell:Creating package descriptor '/home/mr_ray/Desktop/bumperbot_ws/install/bumperbot_firmware/share/bumperbot_firmware/package.dsv'
[1.499s] INFO:colcon.colcon_core.shell:Creating package script '/home/mr_ray/Desktop/bumperbot_ws/install/bumperbot_firmware/share/bumperbot_firmware/package.sh'
[1.500s] INFO:colcon.colcon_core.shell:Creating package script '/home/mr_ray/Desktop/bumperbot_ws/install/bumperbot_firmware/share/bumperbot_firmware/package.bash'
[1.500s] INFO:colcon.colcon_core.shell:Creating package script '/home/mr_ray/Desktop/bumperbot_ws/install/bumperbot_firmware/share/bumperbot_firmware/package.zsh'
[1.501s] Level 1:colcon.colcon_core.environment:create_file_with_runtime_dependencies(/home/mr_ray/Desktop/bumperbot_ws/install/bumperbot_firmware/share/colcon-core/packages/bumperbot_firmware)
[1.552s] Level 1:colcon.colcon_core.environment:create_environment_scripts_only(bumperbot_msgs)
[1.553s] Level 1:colcon.colcon_core.environment:checking '/home/mr_ray/Desktop/bumperbot_ws/install/bumperbot_msgs' for CMake module files
[1.554s] DEBUG:colcon.colcon_core.event_handler.log_command:Invoked command in '/home/mr_ray/Desktop/bumperbot_ws/build/bumperbot_msgs' returned '0': CMAKE_PREFIX_PATH=/opt/ros/humble /usr/bin/cmake --install /home/mr_ray/Desktop/bumperbot_ws/build/bumperbot_msgs
[1.554s] Level 1:colcon.colcon_core.environment:checking '/home/mr_ray/Desktop/bumperbot_ws/install/bumperbot_msgs' for CMake config files
[1.554s] Level 1:colcon.colcon_core.environment:checking '/home/mr_ray/Desktop/bumperbot_ws/install/bumperbot_msgs/bin'
[1.554s] Level 1:colcon.colcon_core.environment:checking '/home/mr_ray/Desktop/bumperbot_ws/install/bumperbot_msgs/lib/pkgconfig/bumperbot_msgs.pc'
[1.555s] Level 1:colcon.colcon_core.environment:checking '/home/mr_ray/Desktop/bumperbot_ws/install/bumperbot_msgs/lib/python3.10/site-packages'
[1.555s] Level 1:colcon.colcon_core.environment:checking '/home/mr_ray/Desktop/bumperbot_ws/install/bumperbot_msgs/bin'
[1.555s] INFO:colcon.colcon_core.shell:Creating package script '/home/mr_ray/Desktop/bumperbot_ws/install/bumperbot_msgs/share/bumperbot_msgs/package.ps1'
[1.556s] INFO:colcon.colcon_core.shell:Creating package descriptor '/home/mr_ray/Desktop/bumperbot_ws/install/bumperbot_msgs/share/bumperbot_msgs/package.dsv'
[1.557s] INFO:colcon.colcon_core.shell:Creating package script '/home/mr_ray/Desktop/bumperbot_ws/install/bumperbot_msgs/share/bumperbot_msgs/package.sh'
[1.557s] INFO:colcon.colcon_core.shell:Creating package script '/home/mr_ray/Desktop/bumperbot_ws/install/bumperbot_msgs/share/bumperbot_msgs/package.bash'
[1.557s] INFO:colcon.colcon_core.shell:Creating package script '/home/mr_ray/Desktop/bumperbot_ws/install/bumperbot_msgs/share/bumperbot_msgs/package.zsh'
[1.558s] Level 1:colcon.colcon_core.environment:create_file_with_runtime_dependencies(/home/mr_ray/Desktop/bumperbot_ws/install/bumperbot_msgs/share/colcon-core/packages/bumperbot_msgs)
[1.711s] Level 1:colcon.colcon_core.environment:create_environment_scripts_only(bumperbot_msgs)
[1.712s] Level 1:colcon.colcon_core.environment:checking '/home/mr_ray/Desktop/bumperbot_ws/install/bumperbot_msgs' for CMake module files
[1.713s] Level 1:colcon.colcon_core.environment:checking '/home/mr_ray/Desktop/bumperbot_ws/install/bumperbot_msgs' for CMake config files
[1.713s] Level 1:colcon.colcon_core.environment:checking '/home/mr_ray/Desktop/bumperbot_ws/install/bumperbot_msgs/bin'
[1.713s] Level 1:colcon.colcon_core.environment:checking '/home/mr_ray/Desktop/bumperbot_ws/install/bumperbot_msgs/lib/pkgconfig/bumperbot_msgs.pc'
[1.713s] Level 1:colcon.colcon_core.environment:checking '/home/mr_ray/Desktop/bumperbot_ws/install/bumperbot_msgs/lib/python3.10/site-packages'
[1.714s] Level 1:colcon.colcon_core.environment:checking '/home/mr_ray/Desktop/bumperbot_ws/install/bumperbot_msgs/bin'
[1.714s] INFO:colcon.colcon_core.shell:Creating package script '/home/mr_ray/Desktop/bumperbot_ws/install/bumperbot_msgs/share/bumperbot_msgs/package.ps1'
[1.715s] INFO:colcon.colcon_core.shell:Creating package descriptor '/home/mr_ray/Desktop/bumperbot_ws/install/bumperbot_msgs/share/bumperbot_msgs/package.dsv'
[1.715s] INFO:colcon.colcon_core.shell:Creating package script '/home/mr_ray/Desktop/bumperbot_ws/install/bumperbot_msgs/share/bumperbot_msgs/package.sh'
[1.716s] INFO:colcon.colcon_core.shell:Creating package script '/home/mr_ray/Desktop/bumperbot_ws/install/bumperbot_msgs/share/bumperbot_msgs/package.bash'
[1.716s] INFO:colcon.colcon_core.shell:Creating package script '/home/mr_ray/Desktop/bumperbot_ws/install/bumperbot_msgs/share/bumperbot_msgs/package.zsh'
[1.717s] Level 1:colcon.colcon_core.environment:create_file_with_runtime_dependencies(/home/mr_ray/Desktop/bumperbot_ws/install/bumperbot_msgs/share/colcon-core/packages/bumperbot_msgs)
[1.718s] INFO:colcon.colcon_ros.task.ament_cmake.build:Building ROS package in '/home/mr_ray/Desktop/bumperbot_ws/src/bumperbot_cpp_example' with build type 'ament_cmake'
[1.718s] INFO:colcon.colcon_cmake.task.cmake.build:Building CMake package in '/home/mr_ray/Desktop/bumperbot_ws/src/bumperbot_cpp_example'
[1.718s] INFO:colcon.colcon_core.shell:Skip shell extension 'powershell' for command environment: Not usable outside of PowerShell
[1.718s] DEBUG:colcon.colcon_core.shell:Skip shell extension 'dsv' for command environment
[1.735s] DEBUG:colcon.colcon_core.event_handler.log_command:Invoking command in '/home/mr_ray/Desktop/bumperbot_ws/build/bumperbot_cpp_example': CMAKE_PREFIX_PATH=/opt/ros/humble /usr/bin/cmake --build /home/mr_ray/Desktop/bumperbot_ws/build/bumperbot_cpp_example -- -j8 -l8
[1.744s] DEBUG:colcon.colcon_core.event_handler.log_command:Invoking command in '/home/mr_ray/Desktop/bumperbot_ws/src/bumperbot_py_example': PYTHONPATH=/home/mr_ray/Desktop/bumperbot_ws/build/bumperbot_py_example/prefix_override:/home/mr_ray/Desktop/bumperbot_ws/install/bumperbot_py_example/lib/python3.10/site-packages:${PYTHONPATH} /usr/bin/python3 -W ignore:setup.py install is deprecated setup.py egg_info --egg-base ../../build/bumperbot_py_example build --build-base /home/mr_ray/Desktop/bumperbot_ws/build/bumperbot_py_example/build install --record /home/mr_ray/Desktop/bumperbot_ws/build/bumperbot_py_example/install.log --single-version-externally-managed install_data
[1.879s] DEBUG:colcon.colcon_core.event_handler.log_command:Invoked command in '/home/mr_ray/Desktop/bumperbot_ws/build/bumperbot_cpp_example' returned '0': CMAKE_PREFIX_PATH=/opt/ros/humble /usr/bin/cmake --build /home/mr_ray/Desktop/bumperbot_ws/build/bumperbot_cpp_example -- -j8 -l8
[1.966s] DEBUG:colcon.colcon_core.event_handler.log_command:Invoking command in '/home/mr_ray/Desktop/bumperbot_ws/build/bumperbot_cpp_example': CMAKE_PREFIX_PATH=/opt/ros/humble /usr/bin/cmake --install /home/mr_ray/Desktop/bumperbot_ws/build/bumperbot_cpp_example
[1.997s] Level 1:colcon.colcon_core.environment:create_environment_scripts_only(bumperbot_cpp_example)
[1.998s] Level 1:colcon.colcon_core.environment:checking '/home/mr_ray/Desktop/bumperbot_ws/install/bumperbot_cpp_example' for CMake module files
[1.999s] DEBUG:colcon.colcon_core.event_handler.log_command:Invoked command in '/home/mr_ray/Desktop/bumperbot_ws/build/bumperbot_cpp_example' returned '0': CMAKE_PREFIX_PATH=/opt/ros/humble /usr/bin/cmake --install /home/mr_ray/Desktop/bumperbot_ws/build/bumperbot_cpp_example
[1.999s] Level 1:colcon.colcon_core.environment:checking '/home/mr_ray/Desktop/bumperbot_ws/install/bumperbot_cpp_example' for CMake config files
[1.999s] Level 1:colcon.colcon_core.environment:checking '/home/mr_ray/Desktop/bumperbot_ws/install/bumperbot_cpp_example/bin'
[1.999s] Level 1:colcon.colcon_core.environment:checking '/home/mr_ray/Desktop/bumperbot_ws/install/bumperbot_cpp_example/lib/pkgconfig/bumperbot_cpp_example.pc'
[2.000s] Level 1:colcon.colcon_core.environment:checking '/home/mr_ray/Desktop/bumperbot_ws/install/bumperbot_cpp_example/lib/python3.10/site-packages'
[2.000s] Level 1:colcon.colcon_core.environment:checking '/home/mr_ray/Desktop/bumperbot_ws/install/bumperbot_cpp_example/bin'
[2.001s] INFO:colcon.colcon_core.shell:Creating package script '/home/mr_ray/Desktop/bumperbot_ws/install/bumperbot_cpp_example/share/bumperbot_cpp_example/package.ps1'
[2.002s] INFO:colcon.colcon_core.shell:Creating package descriptor '/home/mr_ray/Desktop/bumperbot_ws/install/bumperbot_cpp_example/share/bumperbot_cpp_example/package.dsv'
[2.002s] INFO:colcon.colcon_core.shell:Creating package script '/home/mr_ray/Desktop/bumperbot_ws/install/bumperbot_cpp_example/share/bumperbot_cpp_example/package.sh'
[2.003s] INFO:colcon.colcon_core.shell:Creating package script '/home/mr_ray/Desktop/bumperbot_ws/install/bumperbot_cpp_example/share/bumperbot_cpp_example/package.bash'
[2.003s] INFO:colcon.colcon_core.shell:Creating package script '/home/mr_ray/Desktop/bumperbot_ws/install/bumperbot_cpp_example/share/bumperbot_cpp_example/package.zsh'
[2.004s] Level 1:colcon.colcon_core.environment:create_file_with_runtime_dependencies(/home/mr_ray/Desktop/bumperbot_ws/install/bumperbot_cpp_example/share/colcon-core/packages/bumperbot_cpp_example)
[2.085s] Level 1:colcon.colcon_core.environment:create_environment_scripts_only(bumperbot_cpp_example)
[2.085s] Level 1:colcon.colcon_core.environment:checking '/home/mr_ray/Desktop/bumperbot_ws/install/bumperbot_cpp_example' for CMake module files
[2.086s] Level 1:colcon.colcon_core.environment:checking '/home/mr_ray/Desktop/bumperbot_ws/install/bumperbot_cpp_example' for CMake config files
[2.086s] Level 1:colcon.colcon_core.environment:checking '/home/mr_ray/Desktop/bumperbot_ws/install/bumperbot_cpp_example/bin'
[2.086s] Level 1:colcon.colcon_core.environment:checking '/home/mr_ray/Desktop/bumperbot_ws/install/bumperbot_cpp_example/lib/pkgconfig/bumperbot_cpp_example.pc'
[2.087s] Level 1:colcon.colcon_core.environment:checking '/home/mr_ray/Desktop/bumperbot_ws/install/bumperbot_cpp_example/lib/python3.10/site-packages'
[2.087s] Level 1:colcon.colcon_core.environment:checking '/home/mr_ray/Desktop/bumperbot_ws/install/bumperbot_cpp_example/bin'
[2.087s] INFO:colcon.colcon_core.shell:Creating package script '/home/mr_ray/Desktop/bumperbot_ws/install/bumperbot_cpp_example/share/bumperbot_cpp_example/package.ps1'
[2.088s] INFO:colcon.colcon_core.shell:Creating package descriptor '/home/mr_ray/Desktop/bumperbot_ws/install/bumperbot_cpp_example/share/bumperbot_cpp_example/package.dsv'
[2.088s] INFO:colcon.colcon_core.shell:Creating package script '/home/mr_ray/Desktop/bumperbot_ws/install/bumperbot_cpp_example/share/bumperbot_cpp_example/package.sh'
[2.089s] INFO:colcon.colcon_core.shell:Creating package script '/home/mr_ray/Desktop/bumperbot_ws/install/bumperbot_cpp_example/share/bumperbot_cpp_example/package.bash'
[2.090s] INFO:colcon.colcon_core.shell:Creating package script '/home/mr_ray/Desktop/bumperbot_ws/install/bumperbot_cpp_example/share/bumperbot_cpp_example/package.zsh'
[2.091s] Level 1:colcon.colcon_core.environment:create_file_with_runtime_dependencies(/home/mr_ray/Desktop/bumperbot_ws/install/bumperbot_cpp_example/share/colcon-core/packages/bumperbot_cpp_example)
[2.194s] Level 1:colcon.colcon_core.environment:checking '/home/mr_ray/Desktop/bumperbot_ws/install/bumperbot_py_example' for CMake module files
[2.196s] DEBUG:colcon.colcon_core.event_handler.log_command:Invoked command in '/home/mr_ray/Desktop/bumperbot_ws/src/bumperbot_py_example' returned '0': PYTHONPATH=/home/mr_ray/Desktop/bumperbot_ws/build/bumperbot_py_example/prefix_override:/home/mr_ray/Desktop/bumperbot_ws/install/bumperbot_py_example/lib/python3.10/site-packages:${PYTHONPATH} /usr/bin/python3 -W ignore:setup.py install is deprecated setup.py egg_info --egg-base ../../build/bumperbot_py_example build --build-base /home/mr_ray/Desktop/bumperbot_ws/build/bumperbot_py_example/build install --record /home/mr_ray/Desktop/bumperbot_ws/build/bumperbot_py_example/install.log --single-version-externally-managed install_data
[2.197s] Level 1:colcon.colcon_core.environment:checking '/home/mr_ray/Desktop/bumperbot_ws/install/bumperbot_py_example' for CMake config files
[2.198s] Level 1:colcon.colcon_core.environment:checking '/home/mr_ray/Desktop/bumperbot_ws/install/bumperbot_py_example/lib'
[2.198s] Level 1:colcon.colcon_core.environment:checking '/home/mr_ray/Desktop/bumperbot_ws/install/bumperbot_py_example/bin'
[2.199s] Level 1:colcon.colcon_core.environment:checking '/home/mr_ray/Desktop/bumperbot_ws/install/bumperbot_py_example/lib/pkgconfig/bumperbot_py_example.pc'
[2.199s] Level 1:colcon.colcon_core.environment:checking '/home/mr_ray/Desktop/bumperbot_ws/install/bumperbot_py_example/lib/python3.10/site-packages'
[2.199s] Level 1:colcon.colcon_core.shell:create_environment_hook('bumperbot_py_example', 'pythonpath')
[2.199s] INFO:colcon.colcon_core.shell:Creating environment hook '/home/mr_ray/Desktop/bumperbot_ws/install/bumperbot_py_example/share/bumperbot_py_example/hook/pythonpath.ps1'
[2.200s] INFO:colcon.colcon_core.shell:Creating environment descriptor '/home/mr_ray/Desktop/bumperbot_ws/install/bumperbot_py_example/share/bumperbot_py_example/hook/pythonpath.dsv'
[2.201s] INFO:colcon.colcon_core.shell:Creating environment hook '/home/mr_ray/Desktop/bumperbot_ws/install/bumperbot_py_example/share/bumperbot_py_example/hook/pythonpath.sh'
[2.202s] Level 1:colcon.colcon_core.environment:checking '/home/mr_ray/Desktop/bumperbot_ws/install/bumperbot_py_example/bin'
[2.202s] Level 1:colcon.colcon_core.environment:create_environment_scripts_only(bumperbot_py_example)
[2.203s] INFO:colcon.colcon_core.shell:Creating package script '/home/mr_ray/Desktop/bumperbot_ws/install/bumperbot_py_example/share/bumperbot_py_example/package.ps1'
[2.203s] INFO:colcon.colcon_core.shell:Creating package descriptor '/home/mr_ray/Desktop/bumperbot_ws/install/bumperbot_py_example/share/bumperbot_py_example/package.dsv'
[2.204s] INFO:colcon.colcon_core.shell:Creating package script '/home/mr_ray/Desktop/bumperbot_ws/install/bumperbot_py_example/share/bumperbot_py_example/package.sh'
[2.204s] INFO:colcon.colcon_core.shell:Creating package script '/home/mr_ray/Desktop/bumperbot_ws/install/bumperbot_py_example/share/bumperbot_py_example/package.bash'
[2.205s] INFO:colcon.colcon_core.shell:Creating package script '/home/mr_ray/Desktop/bumperbot_ws/install/bumperbot_py_example/share/bumperbot_py_example/package.zsh'
[2.205s] Level 1:colcon.colcon_core.environment:create_file_with_runtime_dependencies(/home/mr_ray/Desktop/bumperbot_ws/install/bumperbot_py_example/share/colcon-core/packages/bumperbot_py_example)
[2.206s] DEBUG:colcon.colcon_parallel_executor.executor.parallel:closing loop
[2.206s] DEBUG:colcon.colcon_parallel_executor.executor.parallel:loop closed
[2.206s] DEBUG:colcon.colcon_parallel_executor.executor.parallel:run_until_complete finished with '0'
[2.206s] DEBUG:colcon.colcon_core.event_reactor:joining thread
[2.222s] INFO:colcon.colcon_core.plugin_system:Skipping extension 'colcon_notification.desktop_notification.terminal_notifier': Not used on non-Darwin systems
[2.222s] INFO:colcon.colcon_core.plugin_system:Skipping extension 'colcon_notification.desktop_notification.win32': Not used on non-Windows systems
[2.222s] INFO:colcon.colcon_notification.desktop_notification:Sending desktop notification using 'notify2'
[2.244s] DEBUG:colcon.colcon_core.event_reactor:joined thread
[2.245s] INFO:colcon.colcon_core.shell:Creating prefix script '/home/mr_ray/Desktop/bumperbot_ws/install/local_setup.ps1'
[2.247s] INFO:colcon.colcon_core.shell:Creating prefix util module '/home/mr_ray/Desktop/bumperbot_ws/install/_local_setup_util_ps1.py'
[2.250s] INFO:colcon.colcon_core.shell:Creating prefix chain script '/home/mr_ray/Desktop/bumperbot_ws/install/setup.ps1'
[2.252s] INFO:colcon.colcon_core.shell:Creating prefix script '/home/mr_ray/Desktop/bumperbot_ws/install/local_setup.sh'
[2.253s] INFO:colcon.colcon_core.shell:Creating prefix util module '/home/mr_ray/Desktop/bumperbot_ws/install/_local_setup_util_sh.py'
[2.253s] INFO:colcon.colcon_core.shell:Creating prefix chain script '/home/mr_ray/Desktop/bumperbot_ws/install/setup.sh'
[2.255s] INFO:colcon.colcon_core.shell:Creating prefix script '/home/mr_ray/Desktop/bumperbot_ws/install/local_setup.bash'
[2.256s] INFO:colcon.colcon_core.shell:Creating prefix chain script '/home/mr_ray/Desktop/bumperbot_ws/install/setup.bash'
[2.257s] INFO:colcon.colcon_core.shell:Creating prefix script '/home/mr_ray/Desktop/bumperbot_ws/install/local_setup.zsh'
[2.258s] INFO:colcon.colcon_core.shell:Creating prefix chain script '/home/mr_ray/Desktop/bumperbot_ws/install/setup.zsh'
