[0.061s] Invoking command in '/home/mr_ray/bumperbot_ws/build/bumperbot_bringup': CMAKE_PREFIX_PATH=${CMAKE_PREFIX_PATH}:/home/mr_ray/bumperbot_ws/install/bumperbot_py_example:/opt/ros/humble /usr/bin/cmake --build /home/mr_ray/bumperbot_ws/build/bumperbot_bringup -- -j8 -l8
[0.852s] Invoked command in '/home/mr_ray/bumperbot_ws/build/bumperbot_bringup' returned '0': CMAKE_PREFIX_PATH=${CMAKE_PREFIX_PATH}:/home/mr_ray/bumperbot_ws/install/bumperbot_py_example:/opt/ros/humble /usr/bin/cmake --build /home/mr_ray/bumperbot_ws/build/bumperbot_bringup -- -j8 -l8
[1.049s] Invoking command in '/home/mr_ray/bumperbot_ws/build/bumperbot_bringup': CMAKE_PREFIX_PATH=${CMAKE_PREFIX_PATH}:/home/mr_ray/bumperbot_ws/install/bumperbot_py_example:/opt/ros/humble /usr/bin/cmake --install /home/mr_ray/bumperbot_ws/build/bumperbot_bringup
[1.063s] -- Install configuration: ""
[1.063s] -- Up-to-date: /home/mr_ray/bumperbot_ws/install/bumperbot_bringup/share/bumperbot_bringup/launch
[1.063s] -- Up-to-date: /home/mr_ray/bumperbot_ws/install/bumperbot_bringup/share/bumperbot_bringup/launch/simulated_robot.launch.py
[1.064s] -- Up-to-date: /home/mr_ray/bumperbot_ws/install/bumperbot_bringup/share/bumperbot_bringup/launch/real_robot.launch.py
[1.064s] -- Up-to-date: /home/mr_ray/bumperbot_ws/install/bumperbot_bringup/share/ament_index/resource_index/package_run_dependencies/bumperbot_bringup
[1.064s] -- Up-to-date: /home/mr_ray/bumperbot_ws/install/bumperbot_bringup/share/ament_index/resource_index/parent_prefix_path/bumperbot_bringup
[1.064s] -- Up-to-date: /home/mr_ray/bumperbot_ws/install/bumperbot_bringup/share/bumperbot_bringup/environment/ament_prefix_path.sh
[1.064s] -- Up-to-date: /home/mr_ray/bumperbot_ws/install/bumperbot_bringup/share/bumperbot_bringup/environment/ament_prefix_path.dsv
[1.064s] -- Up-to-date: /home/mr_ray/bumperbot_ws/install/bumperbot_bringup/share/bumperbot_bringup/environment/path.sh
[1.065s] -- Up-to-date: /home/mr_ray/bumperbot_ws/install/bumperbot_bringup/share/bumperbot_bringup/environment/path.dsv
[1.065s] -- Up-to-date: /home/mr_ray/bumperbot_ws/install/bumperbot_bringup/share/bumperbot_bringup/local_setup.bash
[1.065s] -- Up-to-date: /home/mr_ray/bumperbot_ws/install/bumperbot_bringup/share/bumperbot_bringup/local_setup.sh
[1.065s] -- Up-to-date: /home/mr_ray/bumperbot_ws/install/bumperbot_bringup/share/bumperbot_bringup/local_setup.zsh
[1.065s] -- Up-to-date: /home/mr_ray/bumperbot_ws/install/bumperbot_bringup/share/bumperbot_bringup/local_setup.dsv
[1.065s] -- Installing: /home/mr_ray/bumperbot_ws/install/bumperbot_bringup/share/bumperbot_bringup/package.dsv
[1.066s] -- Up-to-date: /home/mr_ray/bumperbot_ws/install/bumperbot_bringup/share/ament_index/resource_index/packages/bumperbot_bringup
[1.066s] -- Up-to-date: /home/mr_ray/bumperbot_ws/install/bumperbot_bringup/share/bumperbot_bringup/cmake/bumperbot_bringupConfig.cmake
[1.066s] -- Up-to-date: /home/mr_ray/bumperbot_ws/install/bumperbot_bringup/share/bumperbot_bringup/cmake/bumperbot_bringupConfig-version.cmake
[1.066s] -- Up-to-date: /home/mr_ray/bumperbot_ws/install/bumperbot_bringup/share/bumperbot_bringup/package.xml
[1.089s] Invoked command in '/home/mr_ray/bumperbot_ws/build/bumperbot_bringup' returned '0': CMAKE_PREFIX_PATH=${CMAKE_PREFIX_PATH}:/home/mr_ray/bumperbot_ws/install/bumperbot_py_example:/opt/ros/humble /usr/bin/cmake --install /home/mr_ray/bumperbot_ws/build/bumperbot_bringup
