[0.037s] Invoking command in '/home/mr_ray/Desktop/bumperbot_ws/build/bumperbot_controller': CMAKE_PREFIX_PATH=/opt/ros/humble /usr/bin/cmake --build /home/mr_ray/Desktop/bumperbot_ws/build/bumperbot_controller -- -j8 -l8
[0.055s] [0mCMake Error: The current CMakeCache.txt directory /home/mr_ray/Desktop/bumperbot_ws/build/bumperbot_controller/CMakeCache.txt is different than the directory /home/mr_ray/bumperbot_ws/build/bumperbot_controller where CMakeCache.txt was created. This may result in binaries being created in the wrong place. If you are not sure, reedit the CMakeCache.txt[0m
[0.164s] [  0%] Built target ament_cmake_python_copy_bumperbot_controller
[0.165s] [100%] Built target simple_controller
[0.612s] running egg_info
[0.614s] writing bumperbot_controller.egg-info/PKG-INFO
[0.627s] writing dependency_links to bumperbot_controller.egg-info/dependency_links.txt
[0.629s] writing top-level names to bumperbot_controller.egg-info/top_level.txt
[0.632s] reading manifest file 'bumperbot_controller.egg-info/SOURCES.txt'
[0.633s] writing manifest file 'bumperbot_controller.egg-info/SOURCES.txt'
[0.694s] [100%] Built target ament_cmake_python_build_bumperbot_controller_egg
[0.723s] Invoked command in '/home/mr_ray/Desktop/bumperbot_ws/build/bumperbot_controller' returned '0': CMAKE_PREFIX_PATH=/opt/ros/humble /usr/bin/cmake --build /home/mr_ray/Desktop/bumperbot_ws/build/bumperbot_controller -- -j8 -l8
[0.783s] Invoking command in '/home/mr_ray/Desktop/bumperbot_ws/build/bumperbot_controller': CMAKE_PREFIX_PATH=/opt/ros/humble /usr/bin/cmake --install /home/mr_ray/Desktop/bumperbot_ws/build/bumperbot_controller
[0.797s] -- Install configuration: ""
[0.798s] -- Up-to-date: /home/mr_ray/bumperbot_ws/install/bumperbot_controller/share/bumperbot_controller/environment/pythonpath.sh
[0.798s] -- Up-to-date: /home/mr_ray/bumperbot_ws/install/bumperbot_controller/share/bumperbot_controller/environment/pythonpath.dsv
[0.800s] -- Up-to-date: /home/mr_ray/bumperbot_ws/install/bumperbot_controller/local/lib/python3.10/dist-packages/bumperbot_controller-0.0.0-py3.10.egg-info
[0.802s] -- Installing: /home/mr_ray/bumperbot_ws/install/bumperbot_controller/local/lib/python3.10/dist-packages/bumperbot_controller-0.0.0-py3.10.egg-info/PKG-INFO
[0.805s] -- Installing: /home/mr_ray/bumperbot_ws/install/bumperbot_controller/local/lib/python3.10/dist-packages/bumperbot_controller-0.0.0-py3.10.egg-info/SOURCES.txt
[0.805s] -- Installing: /home/mr_ray/bumperbot_ws/install/bumperbot_controller/local/lib/python3.10/dist-packages/bumperbot_controller-0.0.0-py3.10.egg-info/top_level.txt
[0.806s] -- Installing: /home/mr_ray/bumperbot_ws/install/bumperbot_controller/local/lib/python3.10/dist-packages/bumperbot_controller-0.0.0-py3.10.egg-info/dependency_links.txt
[0.806s] -- Up-to-date: /home/mr_ray/bumperbot_ws/install/bumperbot_controller/local/lib/python3.10/dist-packages/bumperbot_controller
[0.807s] -- Up-to-date: /home/mr_ray/bumperbot_ws/install/bumperbot_controller/local/lib/python3.10/dist-packages/bumperbot_controller/__init__.py
[0.808s] -- Up-to-date: /home/mr_ray/bumperbot_ws/install/bumperbot_controller/local/lib/python3.10/dist-packages/bumperbot_controller/simple_controller.py
[0.863s] Listing '/home/mr_ray/bumperbot_ws/install/bumperbot_controller/local/lib/python3.10/dist-packages/bumperbot_controller'...
[0.873s] -- Up-to-date: /home/mr_ray/bumperbot_ws/install/bumperbot_controller/include/
[0.873s] -- Up-to-date: /home/mr_ray/bumperbot_ws/install/bumperbot_controller/include//bumperbot_controller
[0.873s] -- Up-to-date: /home/mr_ray/bumperbot_ws/install/bumperbot_controller/include//bumperbot_controller/simple_controller.hpp
[0.873s] -- Up-to-date: /home/mr_ray/bumperbot_ws/install/bumperbot_controller/lib/bumperbot_controller/simple_controller
[0.874s] -- Up-to-date: /home/mr_ray/bumperbot_ws/install/bumperbot_controller/share/bumperbot_controller/config
[0.874s] -- Up-to-date: /home/mr_ray/bumperbot_ws/install/bumperbot_controller/share/bumperbot_controller/config/joy_config.yaml
[0.875s] -- Up-to-date: /home/mr_ray/bumperbot_ws/install/bumperbot_controller/share/bumperbot_controller/config/joy_teleop.yaml
[0.875s] -- Up-to-date: /home/mr_ray/bumperbot_ws/install/bumperbot_controller/share/bumperbot_controller/config/bumperbot_controller.yaml
[0.875s] -- Up-to-date: /home/mr_ray/bumperbot_ws/install/bumperbot_controller/share/bumperbot_controller/launch
[0.876s] -- Up-to-date: /home/mr_ray/bumperbot_ws/install/bumperbot_controller/share/bumperbot_controller/launch/controller.launch.py
[0.876s] -- Up-to-date: /home/mr_ray/bumperbot_ws/install/bumperbot_controller/share/bumperbot_controller/launch/joystick_teleop.launch.py
[0.876s] -- Up-to-date: /home/mr_ray/bumperbot_ws/install/bumperbot_controller/lib/bumperbot_controller/simple_controller.py
[0.876s] -- Up-to-date: /home/mr_ray/bumperbot_ws/install/bumperbot_controller/share/ament_index/resource_index/package_run_dependencies/bumperbot_controller
[0.876s] -- Up-to-date: /home/mr_ray/bumperbot_ws/install/bumperbot_controller/share/ament_index/resource_index/parent_prefix_path/bumperbot_controller
[0.876s] -- Up-to-date: /home/mr_ray/bumperbot_ws/install/bumperbot_controller/share/bumperbot_controller/environment/ament_prefix_path.sh
[0.877s] -- Up-to-date: /home/mr_ray/bumperbot_ws/install/bumperbot_controller/share/bumperbot_controller/environment/ament_prefix_path.dsv
[0.877s] -- Up-to-date: /home/mr_ray/bumperbot_ws/install/bumperbot_controller/share/bumperbot_controller/environment/path.sh
[0.877s] -- Up-to-date: /home/mr_ray/bumperbot_ws/install/bumperbot_controller/share/bumperbot_controller/environment/path.dsv
[0.877s] -- Up-to-date: /home/mr_ray/bumperbot_ws/install/bumperbot_controller/share/bumperbot_controller/local_setup.bash
[0.877s] -- Up-to-date: /home/mr_ray/bumperbot_ws/install/bumperbot_controller/share/bumperbot_controller/local_setup.sh
[0.878s] -- Up-to-date: /home/mr_ray/bumperbot_ws/install/bumperbot_controller/share/bumperbot_controller/local_setup.zsh
[0.878s] -- Up-to-date: /home/mr_ray/bumperbot_ws/install/bumperbot_controller/share/bumperbot_controller/local_setup.dsv
[0.878s] -- Up-to-date: /home/mr_ray/bumperbot_ws/install/bumperbot_controller/share/bumperbot_controller/package.dsv
[0.878s] -- Up-to-date: /home/mr_ray/bumperbot_ws/install/bumperbot_controller/share/ament_index/resource_index/packages/bumperbot_controller
[0.879s] -- Up-to-date: /home/mr_ray/bumperbot_ws/install/bumperbot_controller/share/bumperbot_controller/cmake/bumperbot_controllerConfig.cmake
[0.881s] -- Up-to-date: /home/mr_ray/bumperbot_ws/install/bumperbot_controller/share/bumperbot_controller/cmake/bumperbot_controllerConfig-version.cmake
[0.881s] -- Up-to-date: /home/mr_ray/bumperbot_ws/install/bumperbot_controller/share/bumperbot_controller/package.xml
[0.881s] Invoked command in '/home/mr_ray/Desktop/bumperbot_ws/build/bumperbot_controller' returned '0': CMAKE_PREFIX_PATH=/opt/ros/humble /usr/bin/cmake --install /home/mr_ray/Desktop/bumperbot_ws/build/bumperbot_controller
