[0.045s] Invoking command in '/home/mr_ray/bumperbot_ws/build/bumperbot_bringup': CMAKE_PREFIX_PATH=/opt/ros/humble /usr/bin/cmake --build /home/mr_ray/bumperbot_ws/build/bumperbot_bringup -- -j8 -l8
[0.576s] Invoked command in '/home/mr_ray/bumperbot_ws/build/bumperbot_bringup' returned '0': CMAKE_PREFIX_PATH=/opt/ros/humble /usr/bin/cmake --build /home/mr_ray/bumperbot_ws/build/bumperbot_bringup -- -j8 -l8
[0.651s] Invoking command in '/home/mr_ray/bumperbot_ws/build/bumperbot_bringup': CMAKE_PREFIX_PATH=/opt/ros/humble /usr/bin/cmake --install /home/mr_ray/bumperbot_ws/build/bumperbot_bringup
[0.668s] -- Install configuration: ""
[0.668s] -- Installing: /home/mr_ray/bumperbot_ws/install/bumperbot_bringup/share/bumperbot_bringup/launch
[0.669s] -- Installing: /home/mr_ray/bumperbot_ws/install/bumperbot_bringup/share/bumperbot_bringup/launch/simulated_robot.launch.py
[0.669s] -- Installing: /home/mr_ray/bumperbot_ws/install/bumperbot_bringup/share/bumperbot_bringup/launch/real_robot.launch.py
[0.671s] -- Installing: /home/mr_ray/bumperbot_ws/install/bumperbot_bringup/share/ament_index/resource_index/package_run_dependencies/bumperbot_bringup
[0.671s] -- Installing: /home/mr_ray/bumperbot_ws/install/bumperbot_bringup/share/ament_index/resource_index/parent_prefix_path/bumperbot_bringup
[0.673s] -- Installing: /home/mr_ray/bumperbot_ws/install/bumperbot_bringup/share/bumperbot_bringup/environment/ament_prefix_path.sh
[0.674s] -- Installing: /home/mr_ray/bumperbot_ws/install/bumperbot_bringup/share/bumperbot_bringup/environment/ament_prefix_path.dsv
[0.674s] -- Installing: /home/mr_ray/bumperbot_ws/install/bumperbot_bringup/share/bumperbot_bringup/environment/path.sh
[0.674s] -- Installing: /home/mr_ray/bumperbot_ws/install/bumperbot_bringup/share/bumperbot_bringup/environment/path.dsv
[0.675s] -- Installing: /home/mr_ray/bumperbot_ws/install/bumperbot_bringup/share/bumperbot_bringup/local_setup.bash
[0.675s] -- Installing: /home/mr_ray/bumperbot_ws/install/bumperbot_bringup/share/bumperbot_bringup/local_setup.sh
[0.677s] -- Installing: /home/mr_ray/bumperbot_ws/install/bumperbot_bringup/share/bumperbot_bringup/local_setup.zsh
[0.677s] -- Installing: /home/mr_ray/bumperbot_ws/install/bumperbot_bringup/share/bumperbot_bringup/local_setup.dsv
[0.677s] -- Installing: /home/mr_ray/bumperbot_ws/install/bumperbot_bringup/share/bumperbot_bringup/package.dsv
[0.677s] -- Installing: /home/mr_ray/bumperbot_ws/install/bumperbot_bringup/share/ament_index/resource_index/packages/bumperbot_bringup
[0.678s] -- Installing: /home/mr_ray/bumperbot_ws/install/bumperbot_bringup/share/bumperbot_bringup/cmake/bumperbot_bringupConfig.cmake
[0.678s] -- Installing: /home/mr_ray/bumperbot_ws/install/bumperbot_bringup/share/bumperbot_bringup/cmake/bumperbot_bringupConfig-version.cmake
[0.679s] -- Installing: /home/mr_ray/bumperbot_ws/install/bumperbot_bringup/share/bumperbot_bringup/package.xml
[0.689s] Invoked command in '/home/mr_ray/bumperbot_ws/build/bumperbot_bringup' returned '0': CMAKE_PREFIX_PATH=/opt/ros/humble /usr/bin/cmake --install /home/mr_ray/bumperbot_ws/build/bumperbot_bringup
