[0.039s] Invoking command in '/home/mr_ray/Desktop/bumperbot_ws/build/bumperbot_msgs': CMAKE_PREFIX_PATH=/opt/ros/humble /usr/bin/cmake --build /home/mr_ray/Desktop/bumperbot_ws/build/bumperbot_msgs -- -j8 -l8
[0.062s] [0mCMake Error: The current CMakeCache.txt directory /home/mr_ray/Desktop/bumperbot_ws/build/bumperbot_msgs/CMakeCache.txt is different than the directory /home/mr_ray/bumperbot_ws/build/bumperbot_msgs where CMakeCache.txt was created. This may result in binaries being created in the wrong place. If you are not sure, reedit the CMakeCache.txt[0m
[0.162s] [  2%] Built target bumperbot_msgs__cpp
[0.168s] [ 12%] Built target bumperbot_msgs__rosidl_generator_c
[0.217s] [ 12%] Built target ament_cmake_python_copy_bumperbot_msgs
[0.232s] [ 33%] Built target bumperbot_msgs__rosidl_typesupport_cpp
[0.234s] [ 33%] Built target bumperbot_msgs__rosidl_typesupport_fastrtps_cpp
[0.238s] [ 43%] Built target bumperbot_msgs__rosidl_typesupport_introspection_c
[0.243s] [ 53%] Built target bumperbot_msgs__rosidl_typesupport_c
[0.258s] [ 64%] Built target bumperbot_msgs__rosidl_typesupport_introspection_cpp
[0.289s] [ 74%] Built target bumperbot_msgs__rosidl_typesupport_fastrtps_c
[0.332s] [ 74%] Built target bumperbot_msgs
[0.373s] [ 76%] Built target bumperbot_msgs__py
[0.418s] [ 84%] Built target bumperbot_msgs__rosidl_generator_py
[0.464s] [ 89%] Built target bumperbot_msgs__rosidl_typesupport_introspection_c__pyext
[0.467s] [ 94%] Built target bumperbot_msgs__rosidl_typesupport_fastrtps_c__pyext
[0.468s] [100%] Built target bumperbot_msgs__rosidl_typesupport_c__pyext
[0.705s] running egg_info
[0.706s] writing bumperbot_msgs.egg-info/PKG-INFO
[0.709s] writing dependency_links to bumperbot_msgs.egg-info/dependency_links.txt
[0.709s] writing top-level names to bumperbot_msgs.egg-info/top_level.txt
[0.712s] reading manifest file 'bumperbot_msgs.egg-info/SOURCES.txt'
[0.713s] writing manifest file 'bumperbot_msgs.egg-info/SOURCES.txt'
[0.796s] [100%] Built target ament_cmake_python_build_bumperbot_msgs_egg
[0.830s] Invoked command in '/home/mr_ray/Desktop/bumperbot_ws/build/bumperbot_msgs' returned '0': CMAKE_PREFIX_PATH=/opt/ros/humble /usr/bin/cmake --build /home/mr_ray/Desktop/bumperbot_ws/build/bumperbot_msgs -- -j8 -l8
[0.997s] Invoking command in '/home/mr_ray/Desktop/bumperbot_ws/build/bumperbot_msgs': CMAKE_PREFIX_PATH=/opt/ros/humble /usr/bin/cmake --install /home/mr_ray/Desktop/bumperbot_ws/build/bumperbot_msgs
[1.012s] -- Install configuration: ""
[1.013s] -- Up-to-date: /home/mr_ray/bumperbot_ws/install/bumperbot_msgs/share/ament_index/resource_index/rosidl_interfaces/bumperbot_msgs
[1.013s] -- Up-to-date: /home/mr_ray/bumperbot_ws/install/bumperbot_msgs/include/bumperbot_msgs/bumperbot_msgs
[1.013s] -- Up-to-date: /home/mr_ray/bumperbot_ws/install/bumperbot_msgs/include/bumperbot_msgs/bumperbot_msgs/msg
[1.014s] -- Up-to-date: /home/mr_ray/bumperbot_ws/install/bumperbot_msgs/include/bumperbot_msgs/bumperbot_msgs/msg/rosidl_generator_c__visibility_control.h
[1.014s] -- Up-to-date: /home/mr_ray/bumperbot_ws/install/bumperbot_msgs/include/bumperbot_msgs/bumperbot_msgs/srv
[1.014s] -- Up-to-date: /home/mr_ray/bumperbot_ws/install/bumperbot_msgs/include/bumperbot_msgs/bumperbot_msgs/srv/add_twoints.h
[1.014s] -- Up-to-date: /home/mr_ray/bumperbot_ws/install/bumperbot_msgs/include/bumperbot_msgs/bumperbot_msgs/srv/detail
[1.014s] -- Up-to-date: /home/mr_ray/bumperbot_ws/install/bumperbot_msgs/include/bumperbot_msgs/bumperbot_msgs/srv/detail/add_twoints__functions.c
[1.015s] -- Up-to-date: /home/mr_ray/bumperbot_ws/install/bumperbot_msgs/include/bumperbot_msgs/bumperbot_msgs/srv/detail/get_transform__functions.h
[1.015s] -- Up-to-date: /home/mr_ray/bumperbot_ws/install/bumperbot_msgs/include/bumperbot_msgs/bumperbot_msgs/srv/detail/get_transform__struct.h
[1.015s] -- Up-to-date: /home/mr_ray/bumperbot_ws/install/bumperbot_msgs/include/bumperbot_msgs/bumperbot_msgs/srv/detail/add_twoints__type_support.h
[1.016s] -- Up-to-date: /home/mr_ray/bumperbot_ws/install/bumperbot_msgs/include/bumperbot_msgs/bumperbot_msgs/srv/detail/get_transform__functions.c
[1.016s] -- Up-to-date: /home/mr_ray/bumperbot_ws/install/bumperbot_msgs/include/bumperbot_msgs/bumperbot_msgs/srv/detail/add_twoints__struct.h
[1.016s] -- Up-to-date: /home/mr_ray/bumperbot_ws/install/bumperbot_msgs/include/bumperbot_msgs/bumperbot_msgs/srv/detail/add_twoints__functions.h
[1.016s] -- Up-to-date: /home/mr_ray/bumperbot_ws/install/bumperbot_msgs/include/bumperbot_msgs/bumperbot_msgs/srv/detail/get_transform__type_support.h
[1.017s] -- Up-to-date: /home/mr_ray/bumperbot_ws/install/bumperbot_msgs/include/bumperbot_msgs/bumperbot_msgs/srv/get_transform.h
[1.017s] -- Up-to-date: /home/mr_ray/bumperbot_ws/install/bumperbot_msgs/share/bumperbot_msgs/environment/library_path.sh
[1.017s] -- Up-to-date: /home/mr_ray/bumperbot_ws/install/bumperbot_msgs/share/bumperbot_msgs/environment/library_path.dsv
[1.017s] -- Up-to-date: /home/mr_ray/bumperbot_ws/install/bumperbot_msgs/lib/libbumperbot_msgs__rosidl_generator_c.so
[1.017s] -- Up-to-date: /home/mr_ray/bumperbot_ws/install/bumperbot_msgs/include/bumperbot_msgs/bumperbot_msgs
[1.018s] -- Up-to-date: /home/mr_ray/bumperbot_ws/install/bumperbot_msgs/include/bumperbot_msgs/bumperbot_msgs/msg
[1.018s] -- Up-to-date: /home/mr_ray/bumperbot_ws/install/bumperbot_msgs/include/bumperbot_msgs/bumperbot_msgs/msg/rosidl_typesupport_fastrtps_c__visibility_control.h
[1.018s] -- Up-to-date: /home/mr_ray/bumperbot_ws/install/bumperbot_msgs/include/bumperbot_msgs/bumperbot_msgs/srv
[1.018s] -- Up-to-date: /home/mr_ray/bumperbot_ws/install/bumperbot_msgs/include/bumperbot_msgs/bumperbot_msgs/srv/detail
[1.019s] -- Up-to-date: /home/mr_ray/bumperbot_ws/install/bumperbot_msgs/include/bumperbot_msgs/bumperbot_msgs/srv/detail/get_transform__rosidl_typesupport_fastrtps_c.h
[1.019s] -- Up-to-date: /home/mr_ray/bumperbot_ws/install/bumperbot_msgs/include/bumperbot_msgs/bumperbot_msgs/srv/detail/add_twoints__rosidl_typesupport_fastrtps_c.h
[1.019s] -- Up-to-date: /home/mr_ray/bumperbot_ws/install/bumperbot_msgs/lib/libbumperbot_msgs__rosidl_typesupport_fastrtps_c.so
[1.019s] -- Up-to-date: /home/mr_ray/bumperbot_ws/install/bumperbot_msgs/include/bumperbot_msgs/bumperbot_msgs
[1.019s] -- Up-to-date: /home/mr_ray/bumperbot_ws/install/bumperbot_msgs/include/bumperbot_msgs/bumperbot_msgs/srv
[1.020s] -- Up-to-date: /home/mr_ray/bumperbot_ws/install/bumperbot_msgs/include/bumperbot_msgs/bumperbot_msgs/srv/add_twoints.hpp
[1.020s] -- Up-to-date: /home/mr_ray/bumperbot_ws/install/bumperbot_msgs/include/bumperbot_msgs/bumperbot_msgs/srv/get_transform.hpp
[1.020s] -- Up-to-date: /home/mr_ray/bumperbot_ws/install/bumperbot_msgs/include/bumperbot_msgs/bumperbot_msgs/srv/detail
[1.020s] -- Up-to-date: /home/mr_ray/bumperbot_ws/install/bumperbot_msgs/include/bumperbot_msgs/bumperbot_msgs/srv/detail/get_transform__builder.hpp
[1.020s] -- Up-to-date: /home/mr_ray/bumperbot_ws/install/bumperbot_msgs/include/bumperbot_msgs/bumperbot_msgs/srv/detail/get_transform__traits.hpp
[1.021s] -- Up-to-date: /home/mr_ray/bumperbot_ws/install/bumperbot_msgs/include/bumperbot_msgs/bumperbot_msgs/srv/detail/get_transform__struct.hpp
[1.021s] -- Up-to-date: /home/mr_ray/bumperbot_ws/install/bumperbot_msgs/include/bumperbot_msgs/bumperbot_msgs/srv/detail/add_twoints__traits.hpp
[1.021s] -- Up-to-date: /home/mr_ray/bumperbot_ws/install/bumperbot_msgs/include/bumperbot_msgs/bumperbot_msgs/srv/detail/add_twoints__struct.hpp
[1.021s] -- Up-to-date: /home/mr_ray/bumperbot_ws/install/bumperbot_msgs/include/bumperbot_msgs/bumperbot_msgs/srv/detail/add_twoints__builder.hpp
[1.022s] -- Up-to-date: /home/mr_ray/bumperbot_ws/install/bumperbot_msgs/include/bumperbot_msgs/bumperbot_msgs
[1.022s] -- Up-to-date: /home/mr_ray/bumperbot_ws/install/bumperbot_msgs/include/bumperbot_msgs/bumperbot_msgs/msg
[1.022s] -- Up-to-date: /home/mr_ray/bumperbot_ws/install/bumperbot_msgs/include/bumperbot_msgs/bumperbot_msgs/msg/rosidl_typesupport_fastrtps_cpp__visibility_control.h
[1.022s] -- Up-to-date: /home/mr_ray/bumperbot_ws/install/bumperbot_msgs/include/bumperbot_msgs/bumperbot_msgs/srv
[1.023s] -- Up-to-date: /home/mr_ray/bumperbot_ws/install/bumperbot_msgs/include/bumperbot_msgs/bumperbot_msgs/srv/detail
[1.023s] -- Up-to-date: /home/mr_ray/bumperbot_ws/install/bumperbot_msgs/include/bumperbot_msgs/bumperbot_msgs/srv/detail/dds_fastrtps
[1.023s] -- Up-to-date: /home/mr_ray/bumperbot_ws/install/bumperbot_msgs/include/bumperbot_msgs/bumperbot_msgs/srv/detail/add_twoints__rosidl_typesupport_fastrtps_cpp.hpp
[1.023s] -- Up-to-date: /home/mr_ray/bumperbot_ws/install/bumperbot_msgs/include/bumperbot_msgs/bumperbot_msgs/srv/detail/get_transform__rosidl_typesupport_fastrtps_cpp.hpp
[1.023s] -- Up-to-date: /home/mr_ray/bumperbot_ws/install/bumperbot_msgs/lib/libbumperbot_msgs__rosidl_typesupport_fastrtps_cpp.so
[1.023s] -- Up-to-date: /home/mr_ray/bumperbot_ws/install/bumperbot_msgs/include/bumperbot_msgs/bumperbot_msgs
[1.024s] -- Up-to-date: /home/mr_ray/bumperbot_ws/install/bumperbot_msgs/include/bumperbot_msgs/bumperbot_msgs/msg
[1.024s] -- Up-to-date: /home/mr_ray/bumperbot_ws/install/bumperbot_msgs/include/bumperbot_msgs/bumperbot_msgs/msg/rosidl_typesupport_introspection_c__visibility_control.h
[1.024s] -- Up-to-date: /home/mr_ray/bumperbot_ws/install/bumperbot_msgs/include/bumperbot_msgs/bumperbot_msgs/srv
[1.024s] -- Up-to-date: /home/mr_ray/bumperbot_ws/install/bumperbot_msgs/include/bumperbot_msgs/bumperbot_msgs/srv/detail
[1.024s] -- Up-to-date: /home/mr_ray/bumperbot_ws/install/bumperbot_msgs/include/bumperbot_msgs/bumperbot_msgs/srv/detail/get_transform__type_support.c
[1.024s] -- Up-to-date: /home/mr_ray/bumperbot_ws/install/bumperbot_msgs/include/bumperbot_msgs/bumperbot_msgs/srv/detail/add_twoints__type_support.c
[1.025s] -- Up-to-date: /home/mr_ray/bumperbot_ws/install/bumperbot_msgs/include/bumperbot_msgs/bumperbot_msgs/srv/detail/get_transform__rosidl_typesupport_introspection_c.h
[1.025s] -- Up-to-date: /home/mr_ray/bumperbot_ws/install/bumperbot_msgs/include/bumperbot_msgs/bumperbot_msgs/srv/detail/add_twoints__rosidl_typesupport_introspection_c.h
[1.025s] -- Up-to-date: /home/mr_ray/bumperbot_ws/install/bumperbot_msgs/lib/libbumperbot_msgs__rosidl_typesupport_introspection_c.so
[1.025s] -- Up-to-date: /home/mr_ray/bumperbot_ws/install/bumperbot_msgs/lib/libbumperbot_msgs__rosidl_typesupport_c.so
[1.025s] -- Up-to-date: /home/mr_ray/bumperbot_ws/install/bumperbot_msgs/include/bumperbot_msgs/bumperbot_msgs
[1.026s] -- Up-to-date: /home/mr_ray/bumperbot_ws/install/bumperbot_msgs/include/bumperbot_msgs/bumperbot_msgs/srv
[1.026s] -- Up-to-date: /home/mr_ray/bumperbot_ws/install/bumperbot_msgs/include/bumperbot_msgs/bumperbot_msgs/srv/detail
[1.026s] -- Up-to-date: /home/mr_ray/bumperbot_ws/install/bumperbot_msgs/include/bumperbot_msgs/bumperbot_msgs/srv/detail/add_twoints__type_support.cpp
[1.026s] -- Up-to-date: /home/mr_ray/bumperbot_ws/install/bumperbot_msgs/include/bumperbot_msgs/bumperbot_msgs/srv/detail/add_twoints__rosidl_typesupport_introspection_cpp.hpp
[1.026s] -- Up-to-date: /home/mr_ray/bumperbot_ws/install/bumperbot_msgs/include/bumperbot_msgs/bumperbot_msgs/srv/detail/get_transform__rosidl_typesupport_introspection_cpp.hpp
[1.026s] -- Up-to-date: /home/mr_ray/bumperbot_ws/install/bumperbot_msgs/include/bumperbot_msgs/bumperbot_msgs/srv/detail/get_transform__type_support.cpp
[1.027s] -- Up-to-date: /home/mr_ray/bumperbot_ws/install/bumperbot_msgs/lib/libbumperbot_msgs__rosidl_typesupport_introspection_cpp.so
[1.027s] -- Up-to-date: /home/mr_ray/bumperbot_ws/install/bumperbot_msgs/lib/libbumperbot_msgs__rosidl_typesupport_cpp.so
[1.027s] -- Up-to-date: /home/mr_ray/bumperbot_ws/install/bumperbot_msgs/share/bumperbot_msgs/environment/pythonpath.sh
[1.027s] -- Up-to-date: /home/mr_ray/bumperbot_ws/install/bumperbot_msgs/share/bumperbot_msgs/environment/pythonpath.dsv
[1.027s] -- Up-to-date: /home/mr_ray/bumperbot_ws/install/bumperbot_msgs/local/lib/python3.10/dist-packages/bumperbot_msgs-0.0.0-py3.10.egg-info
[1.028s] -- Installing: /home/mr_ray/bumperbot_ws/install/bumperbot_msgs/local/lib/python3.10/dist-packages/bumperbot_msgs-0.0.0-py3.10.egg-info/PKG-INFO
[1.028s] -- Installing: /home/mr_ray/bumperbot_ws/install/bumperbot_msgs/local/lib/python3.10/dist-packages/bumperbot_msgs-0.0.0-py3.10.egg-info/SOURCES.txt
[1.028s] -- Installing: /home/mr_ray/bumperbot_ws/install/bumperbot_msgs/local/lib/python3.10/dist-packages/bumperbot_msgs-0.0.0-py3.10.egg-info/top_level.txt
[1.028s] -- Installing: /home/mr_ray/bumperbot_ws/install/bumperbot_msgs/local/lib/python3.10/dist-packages/bumperbot_msgs-0.0.0-py3.10.egg-info/dependency_links.txt
[1.028s] -- Up-to-date: /home/mr_ray/bumperbot_ws/install/bumperbot_msgs/local/lib/python3.10/dist-packages/bumperbot_msgs
[1.028s] -- Up-to-date: /home/mr_ray/bumperbot_ws/install/bumperbot_msgs/local/lib/python3.10/dist-packages/bumperbot_msgs/_bumperbot_msgs_s.ep.rosidl_typesupport_introspection_c.c
[1.029s] -- Up-to-date: /home/mr_ray/bumperbot_ws/install/bumperbot_msgs/local/lib/python3.10/dist-packages/bumperbot_msgs/bumperbot_msgs_s__rosidl_typesupport_fastrtps_c.cpython-310-x86_64-linux-gnu.so
[1.029s] -- Up-to-date: /home/mr_ray/bumperbot_ws/install/bumperbot_msgs/local/lib/python3.10/dist-packages/bumperbot_msgs/bumperbot_msgs_s__rosidl_typesupport_introspection_c.cpython-310-x86_64-linux-gnu.so
[1.029s] -- Up-to-date: /home/mr_ray/bumperbot_ws/install/bumperbot_msgs/local/lib/python3.10/dist-packages/bumperbot_msgs/_bumperbot_msgs_s.ep.rosidl_typesupport_fastrtps_c.c
[1.029s] -- Up-to-date: /home/mr_ray/bumperbot_ws/install/bumperbot_msgs/local/lib/python3.10/dist-packages/bumperbot_msgs/bumperbot_msgs_s__rosidl_typesupport_c.cpython-310-x86_64-linux-gnu.so
[1.029s] -- Up-to-date: /home/mr_ray/bumperbot_ws/install/bumperbot_msgs/local/lib/python3.10/dist-packages/bumperbot_msgs/libbumperbot_msgs__rosidl_generator_py.so
[1.029s] -- Up-to-date: /home/mr_ray/bumperbot_ws/install/bumperbot_msgs/local/lib/python3.10/dist-packages/bumperbot_msgs/srv
[1.030s] -- Up-to-date: /home/mr_ray/bumperbot_ws/install/bumperbot_msgs/local/lib/python3.10/dist-packages/bumperbot_msgs/srv/_get_transform_s.c
[1.030s] -- Up-to-date: /home/mr_ray/bumperbot_ws/install/bumperbot_msgs/local/lib/python3.10/dist-packages/bumperbot_msgs/srv/_add_twoints.py
[1.030s] -- Up-to-date: /home/mr_ray/bumperbot_ws/install/bumperbot_msgs/local/lib/python3.10/dist-packages/bumperbot_msgs/srv/_add_twoints_s.c
[1.030s] -- Up-to-date: /home/mr_ray/bumperbot_ws/install/bumperbot_msgs/local/lib/python3.10/dist-packages/bumperbot_msgs/srv/__init__.py
[1.030s] -- Up-to-date: /home/mr_ray/bumperbot_ws/install/bumperbot_msgs/local/lib/python3.10/dist-packages/bumperbot_msgs/srv/_get_transform.py
[1.030s] -- Up-to-date: /home/mr_ray/bumperbot_ws/install/bumperbot_msgs/local/lib/python3.10/dist-packages/bumperbot_msgs/__init__.py
[1.031s] -- Up-to-date: /home/mr_ray/bumperbot_ws/install/bumperbot_msgs/local/lib/python3.10/dist-packages/bumperbot_msgs/_bumperbot_msgs_s.ep.rosidl_typesupport_c.c
[1.066s] Listing '/home/mr_ray/bumperbot_ws/install/bumperbot_msgs/local/lib/python3.10/dist-packages/bumperbot_msgs'...
[1.066s] Listing '/home/mr_ray/bumperbot_ws/install/bumperbot_msgs/local/lib/python3.10/dist-packages/bumperbot_msgs/srv'...
[1.077s] -- Up-to-date: /home/mr_ray/bumperbot_ws/install/bumperbot_msgs/local/lib/python3.10/dist-packages/bumperbot_msgs/bumperbot_msgs_s__rosidl_typesupport_fastrtps_c.cpython-310-x86_64-linux-gnu.so
[1.077s] -- Up-to-date: /home/mr_ray/bumperbot_ws/install/bumperbot_msgs/local/lib/python3.10/dist-packages/bumperbot_msgs/bumperbot_msgs_s__rosidl_typesupport_introspection_c.cpython-310-x86_64-linux-gnu.so
[1.078s] -- Up-to-date: /home/mr_ray/bumperbot_ws/install/bumperbot_msgs/local/lib/python3.10/dist-packages/bumperbot_msgs/bumperbot_msgs_s__rosidl_typesupport_c.cpython-310-x86_64-linux-gnu.so
[1.079s] -- Up-to-date: /home/mr_ray/bumperbot_ws/install/bumperbot_msgs/lib/libbumperbot_msgs__rosidl_generator_py.so
[1.079s] -- Up-to-date: /home/mr_ray/bumperbot_ws/install/bumperbot_msgs/share/bumperbot_msgs/srv/AddTwoints.idl
[1.080s] -- Up-to-date: /home/mr_ray/bumperbot_ws/install/bumperbot_msgs/share/bumperbot_msgs/srv/GetTransform.idl
[1.080s] -- Up-to-date: /home/mr_ray/bumperbot_ws/install/bumperbot_msgs/share/bumperbot_msgs/srv/AddTwoints.srv
[1.080s] -- Up-to-date: /home/mr_ray/bumperbot_ws/install/bumperbot_msgs/share/bumperbot_msgs/srv/AddTwoints_Request.msg
[1.080s] -- Up-to-date: /home/mr_ray/bumperbot_ws/install/bumperbot_msgs/share/bumperbot_msgs/srv/AddTwoints_Response.msg
[1.080s] -- Up-to-date: /home/mr_ray/bumperbot_ws/install/bumperbot_msgs/share/bumperbot_msgs/srv/GetTransform.srv
[1.081s] -- Up-to-date: /home/mr_ray/bumperbot_ws/install/bumperbot_msgs/share/bumperbot_msgs/srv/GetTransform_Request.msg
[1.081s] -- Up-to-date: /home/mr_ray/bumperbot_ws/install/bumperbot_msgs/share/bumperbot_msgs/srv/GetTransform_Response.msg
[1.081s] -- Up-to-date: /home/mr_ray/bumperbot_ws/install/bumperbot_msgs/share/ament_index/resource_index/package_run_dependencies/bumperbot_msgs
[1.082s] -- Up-to-date: /home/mr_ray/bumperbot_ws/install/bumperbot_msgs/share/ament_index/resource_index/parent_prefix_path/bumperbot_msgs
[1.082s] -- Up-to-date: /home/mr_ray/bumperbot_ws/install/bumperbot_msgs/share/bumperbot_msgs/environment/ament_prefix_path.sh
[1.082s] -- Up-to-date: /home/mr_ray/bumperbot_ws/install/bumperbot_msgs/share/bumperbot_msgs/environment/ament_prefix_path.dsv
[1.082s] -- Up-to-date: /home/mr_ray/bumperbot_ws/install/bumperbot_msgs/share/bumperbot_msgs/environment/path.sh
[1.082s] -- Up-to-date: /home/mr_ray/bumperbot_ws/install/bumperbot_msgs/share/bumperbot_msgs/environment/path.dsv
[1.083s] -- Up-to-date: /home/mr_ray/bumperbot_ws/install/bumperbot_msgs/share/bumperbot_msgs/local_setup.bash
[1.083s] -- Up-to-date: /home/mr_ray/bumperbot_ws/install/bumperbot_msgs/share/bumperbot_msgs/local_setup.sh
[1.083s] -- Up-to-date: /home/mr_ray/bumperbot_ws/install/bumperbot_msgs/share/bumperbot_msgs/local_setup.zsh
[1.083s] -- Up-to-date: /home/mr_ray/bumperbot_ws/install/bumperbot_msgs/share/bumperbot_msgs/local_setup.dsv
[1.083s] -- Up-to-date: /home/mr_ray/bumperbot_ws/install/bumperbot_msgs/share/bumperbot_msgs/package.dsv
[1.084s] -- Up-to-date: /home/mr_ray/bumperbot_ws/install/bumperbot_msgs/share/ament_index/resource_index/packages/bumperbot_msgs
[1.084s] -- Up-to-date: /home/mr_ray/bumperbot_ws/install/bumperbot_msgs/share/bumperbot_msgs/cmake/export_bumperbot_msgs__rosidl_generator_cExport.cmake
[1.084s] -- Up-to-date: /home/mr_ray/bumperbot_ws/install/bumperbot_msgs/share/bumperbot_msgs/cmake/export_bumperbot_msgs__rosidl_generator_cExport-noconfig.cmake
[1.084s] -- Up-to-date: /home/mr_ray/bumperbot_ws/install/bumperbot_msgs/share/bumperbot_msgs/cmake/export_bumperbot_msgs__rosidl_typesupport_fastrtps_cExport.cmake
[1.084s] -- Up-to-date: /home/mr_ray/bumperbot_ws/install/bumperbot_msgs/share/bumperbot_msgs/cmake/export_bumperbot_msgs__rosidl_typesupport_fastrtps_cExport-noconfig.cmake
[1.084s] -- Up-to-date: /home/mr_ray/bumperbot_ws/install/bumperbot_msgs/share/bumperbot_msgs/cmake/export_bumperbot_msgs__rosidl_generator_cppExport.cmake
[1.084s] -- Up-to-date: /home/mr_ray/bumperbot_ws/install/bumperbot_msgs/share/bumperbot_msgs/cmake/export_bumperbot_msgs__rosidl_typesupport_fastrtps_cppExport.cmake
[1.085s] -- Up-to-date: /home/mr_ray/bumperbot_ws/install/bumperbot_msgs/share/bumperbot_msgs/cmake/export_bumperbot_msgs__rosidl_typesupport_fastrtps_cppExport-noconfig.cmake
[1.085s] -- Up-to-date: /home/mr_ray/bumperbot_ws/install/bumperbot_msgs/share/bumperbot_msgs/cmake/bumperbot_msgs__rosidl_typesupport_introspection_cExport.cmake
[1.085s] -- Up-to-date: /home/mr_ray/bumperbot_ws/install/bumperbot_msgs/share/bumperbot_msgs/cmake/bumperbot_msgs__rosidl_typesupport_introspection_cExport-noconfig.cmake
[1.085s] -- Up-to-date: /home/mr_ray/bumperbot_ws/install/bumperbot_msgs/share/bumperbot_msgs/cmake/bumperbot_msgs__rosidl_typesupport_cExport.cmake
[1.085s] -- Up-to-date: /home/mr_ray/bumperbot_ws/install/bumperbot_msgs/share/bumperbot_msgs/cmake/bumperbot_msgs__rosidl_typesupport_cExport-noconfig.cmake
[1.085s] -- Up-to-date: /home/mr_ray/bumperbot_ws/install/bumperbot_msgs/share/bumperbot_msgs/cmake/bumperbot_msgs__rosidl_typesupport_introspection_cppExport.cmake
[1.086s] -- Up-to-date: /home/mr_ray/bumperbot_ws/install/bumperbot_msgs/share/bumperbot_msgs/cmake/bumperbot_msgs__rosidl_typesupport_introspection_cppExport-noconfig.cmake
[1.086s] -- Up-to-date: /home/mr_ray/bumperbot_ws/install/bumperbot_msgs/share/bumperbot_msgs/cmake/bumperbot_msgs__rosidl_typesupport_cppExport.cmake
[1.086s] -- Up-to-date: /home/mr_ray/bumperbot_ws/install/bumperbot_msgs/share/bumperbot_msgs/cmake/bumperbot_msgs__rosidl_typesupport_cppExport-noconfig.cmake
[1.087s] -- Up-to-date: /home/mr_ray/bumperbot_ws/install/bumperbot_msgs/share/bumperbot_msgs/cmake/export_bumperbot_msgs__rosidl_generator_pyExport.cmake
[1.087s] -- Up-to-date: /home/mr_ray/bumperbot_ws/install/bumperbot_msgs/share/bumperbot_msgs/cmake/export_bumperbot_msgs__rosidl_generator_pyExport-noconfig.cmake
[1.087s] -- Up-to-date: /home/mr_ray/bumperbot_ws/install/bumperbot_msgs/share/bumperbot_msgs/cmake/rosidl_cmake-extras.cmake
[1.087s] -- Up-to-date: /home/mr_ray/bumperbot_ws/install/bumperbot_msgs/share/bumperbot_msgs/cmake/ament_cmake_export_dependencies-extras.cmake
[1.087s] -- Up-to-date: /home/mr_ray/bumperbot_ws/install/bumperbot_msgs/share/bumperbot_msgs/cmake/ament_cmake_export_include_directories-extras.cmake
[1.087s] -- Up-to-date: /home/mr_ray/bumperbot_ws/install/bumperbot_msgs/share/bumperbot_msgs/cmake/ament_cmake_export_libraries-extras.cmake
[1.088s] -- Up-to-date: /home/mr_ray/bumperbot_ws/install/bumperbot_msgs/share/bumperbot_msgs/cmake/ament_cmake_export_targets-extras.cmake
[1.088s] -- Up-to-date: /home/mr_ray/bumperbot_ws/install/bumperbot_msgs/share/bumperbot_msgs/cmake/rosidl_cmake_export_typesupport_targets-extras.cmake
[1.088s] -- Up-to-date: /home/mr_ray/bumperbot_ws/install/bumperbot_msgs/share/bumperbot_msgs/cmake/rosidl_cmake_export_typesupport_libraries-extras.cmake
[1.088s] -- Up-to-date: /home/mr_ray/bumperbot_ws/install/bumperbot_msgs/share/bumperbot_msgs/cmake/bumperbot_msgsConfig.cmake
[1.088s] -- Up-to-date: /home/mr_ray/bumperbot_ws/install/bumperbot_msgs/share/bumperbot_msgs/cmake/bumperbot_msgsConfig-version.cmake
[1.089s] -- Up-to-date: /home/mr_ray/bumperbot_ws/install/bumperbot_msgs/share/bumperbot_msgs/package.xml
[1.090s] Invoked command in '/home/mr_ray/Desktop/bumperbot_ws/build/bumperbot_msgs' returned '0': CMAKE_PREFIX_PATH=/opt/ros/humble /usr/bin/cmake --install /home/mr_ray/Desktop/bumperbot_ws/build/bumperbot_msgs
