[0.057s] Invoking command in '/home/mr_ray/bumperbot_ws/build/bumperbot_controller': CMAKE_PREFIX_PATH=${CMAKE_PREFIX_PATH}:/home/mr_ray/bumperbot_ws/install/bumperbot_py_example:/opt/ros/humble /usr/bin/cmake --build /home/mr_ray/bumperbot_ws/build/bumperbot_controller -- -j8 -l8
[0.220s] [100%] Built target simple_controller
[0.248s] [100%] Built target ament_cmake_python_copy_bumperbot_controller
[0.907s] running egg_info
[0.908s] writing bumperbot_controller.egg-info/PKG-INFO
[0.909s] writing dependency_links to bumperbot_controller.egg-info/dependency_links.txt
[0.909s] writing top-level names to bumperbot_controller.egg-info/top_level.txt
[0.916s] reading manifest file 'bumperbot_controller.egg-info/SOURCES.txt'
[0.917s] writing manifest file 'bumperbot_controller.egg-info/SOURCES.txt'
[0.993s] [100%] Built target ament_cmake_python_build_bumperbot_controller_egg
[1.028s] Invoked command in '/home/mr_ray/bumperbot_ws/build/bumperbot_controller' returned '0': CMAKE_PREFIX_PATH=${CMAKE_PREFIX_PATH}:/home/mr_ray/bumperbot_ws/install/bumperbot_py_example:/opt/ros/humble /usr/bin/cmake --build /home/mr_ray/bumperbot_ws/build/bumperbot_controller -- -j8 -l8
[1.119s] Invoking command in '/home/mr_ray/bumperbot_ws/build/bumperbot_controller': CMAKE_PREFIX_PATH=${CMAKE_PREFIX_PATH}:/home/mr_ray/bumperbot_ws/install/bumperbot_py_example:/opt/ros/humble /usr/bin/cmake --install /home/mr_ray/bumperbot_ws/build/bumperbot_controller
[1.133s] -- Install configuration: ""
[1.133s] -- Up-to-date: /home/mr_ray/bumperbot_ws/install/bumperbot_controller/share/bumperbot_controller/environment/pythonpath.sh
[1.133s] -- Up-to-date: /home/mr_ray/bumperbot_ws/install/bumperbot_controller/share/bumperbot_controller/environment/pythonpath.dsv
[1.133s] -- Up-to-date: /home/mr_ray/bumperbot_ws/install/bumperbot_controller/local/lib/python3.10/dist-packages/bumperbot_controller-0.0.0-py3.10.egg-info
[1.133s] -- Installing: /home/mr_ray/bumperbot_ws/install/bumperbot_controller/local/lib/python3.10/dist-packages/bumperbot_controller-0.0.0-py3.10.egg-info/PKG-INFO
[1.134s] -- Installing: /home/mr_ray/bumperbot_ws/install/bumperbot_controller/local/lib/python3.10/dist-packages/bumperbot_controller-0.0.0-py3.10.egg-info/SOURCES.txt
[1.134s] -- Installing: /home/mr_ray/bumperbot_ws/install/bumperbot_controller/local/lib/python3.10/dist-packages/bumperbot_controller-0.0.0-py3.10.egg-info/top_level.txt
[1.134s] -- Installing: /home/mr_ray/bumperbot_ws/install/bumperbot_controller/local/lib/python3.10/dist-packages/bumperbot_controller-0.0.0-py3.10.egg-info/dependency_links.txt
[1.134s] -- Up-to-date: /home/mr_ray/bumperbot_ws/install/bumperbot_controller/local/lib/python3.10/dist-packages/bumperbot_controller
[1.134s] -- Up-to-date: /home/mr_ray/bumperbot_ws/install/bumperbot_controller/local/lib/python3.10/dist-packages/bumperbot_controller/__init__.py
[1.135s] -- Up-to-date: /home/mr_ray/bumperbot_ws/install/bumperbot_controller/local/lib/python3.10/dist-packages/bumperbot_controller/simple_controller.py
[1.194s] Listing '/home/mr_ray/bumperbot_ws/install/bumperbot_controller/local/lib/python3.10/dist-packages/bumperbot_controller'...
[1.204s] -- Up-to-date: /home/mr_ray/bumperbot_ws/install/bumperbot_controller/include/
[1.206s] -- Up-to-date: /home/mr_ray/bumperbot_ws/install/bumperbot_controller/include//bumperbot_controller
[1.207s] -- Up-to-date: /home/mr_ray/bumperbot_ws/install/bumperbot_controller/include//bumperbot_controller/simple_controller.hpp
[1.208s] -- Up-to-date: /home/mr_ray/bumperbot_ws/install/bumperbot_controller/lib/bumperbot_controller/simple_controller
[1.208s] -- Up-to-date: /home/mr_ray/bumperbot_ws/install/bumperbot_controller/share/bumperbot_controller/config
[1.210s] -- Up-to-date: /home/mr_ray/bumperbot_ws/install/bumperbot_controller/share/bumperbot_controller/config/joy_config.yaml
[1.210s] -- Up-to-date: /home/mr_ray/bumperbot_ws/install/bumperbot_controller/share/bumperbot_controller/config/joy_teleop.yaml
[1.210s] -- Up-to-date: /home/mr_ray/bumperbot_ws/install/bumperbot_controller/share/bumperbot_controller/config/bumperbot_controller.yaml
[1.210s] -- Up-to-date: /home/mr_ray/bumperbot_ws/install/bumperbot_controller/share/bumperbot_controller/launch
[1.211s] -- Up-to-date: /home/mr_ray/bumperbot_ws/install/bumperbot_controller/share/bumperbot_controller/launch/controller.launch.py
[1.211s] -- Up-to-date: /home/mr_ray/bumperbot_ws/install/bumperbot_controller/share/bumperbot_controller/launch/joystick_teleop.launch.py
[1.211s] -- Up-to-date: /home/mr_ray/bumperbot_ws/install/bumperbot_controller/lib/bumperbot_controller/simple_controller.py
[1.212s] -- Up-to-date: /home/mr_ray/bumperbot_ws/install/bumperbot_controller/share/ament_index/resource_index/package_run_dependencies/bumperbot_controller
[1.212s] -- Up-to-date: /home/mr_ray/bumperbot_ws/install/bumperbot_controller/share/ament_index/resource_index/parent_prefix_path/bumperbot_controller
[1.212s] -- Up-to-date: /home/mr_ray/bumperbot_ws/install/bumperbot_controller/share/bumperbot_controller/environment/ament_prefix_path.sh
[1.212s] -- Up-to-date: /home/mr_ray/bumperbot_ws/install/bumperbot_controller/share/bumperbot_controller/environment/ament_prefix_path.dsv
[1.213s] -- Up-to-date: /home/mr_ray/bumperbot_ws/install/bumperbot_controller/share/bumperbot_controller/environment/path.sh
[1.213s] -- Up-to-date: /home/mr_ray/bumperbot_ws/install/bumperbot_controller/share/bumperbot_controller/environment/path.dsv
[1.213s] -- Up-to-date: /home/mr_ray/bumperbot_ws/install/bumperbot_controller/share/bumperbot_controller/local_setup.bash
[1.214s] -- Up-to-date: /home/mr_ray/bumperbot_ws/install/bumperbot_controller/share/bumperbot_controller/local_setup.sh
[1.214s] -- Up-to-date: /home/mr_ray/bumperbot_ws/install/bumperbot_controller/share/bumperbot_controller/local_setup.zsh
[1.215s] -- Up-to-date: /home/mr_ray/bumperbot_ws/install/bumperbot_controller/share/bumperbot_controller/local_setup.dsv
[1.215s] -- Installing: /home/mr_ray/bumperbot_ws/install/bumperbot_controller/share/bumperbot_controller/package.dsv
[1.215s] -- Up-to-date: /home/mr_ray/bumperbot_ws/install/bumperbot_controller/share/ament_index/resource_index/packages/bumperbot_controller
[1.215s] -- Up-to-date: /home/mr_ray/bumperbot_ws/install/bumperbot_controller/share/bumperbot_controller/cmake/bumperbot_controllerConfig.cmake
[1.215s] -- Up-to-date: /home/mr_ray/bumperbot_ws/install/bumperbot_controller/share/bumperbot_controller/cmake/bumperbot_controllerConfig-version.cmake
[1.215s] -- Up-to-date: /home/mr_ray/bumperbot_ws/install/bumperbot_controller/share/bumperbot_controller/package.xml
[1.220s] Invoked command in '/home/mr_ray/bumperbot_ws/build/bumperbot_controller' returned '0': CMAKE_PREFIX_PATH=${CMAKE_PREFIX_PATH}:/home/mr_ray/bumperbot_ws/install/bumperbot_py_example:/opt/ros/humble /usr/bin/cmake --install /home/mr_ray/bumperbot_ws/build/bumperbot_controller
