[0mCMake Error: The current CMakeCache.txt directory /home/mr_ray/Desktop/bumperbot_ws/build/bumperbot_bringup/CMakeCache.txt is different than the directory /home/mr_ray/bumperbot_ws/build/bumperbot_bringup where CMakeCache.txt was created. This may result in binaries being created in the wrong place. If you are not sure, reedit the CMakeCache.txt[0m
-- Install configuration: ""
-- Up-to-date: /home/mr_ray/bumperbot_ws/install/bumperbot_bringup/share/bumperbot_bringup/launch
-- Up-to-date: /home/mr_ray/bumperbot_ws/install/bumperbot_bringup/share/bumperbot_bringup/launch/simulated_robot.launch.py
-- Up-to-date: /home/mr_ray/bumperbot_ws/install/bumperbot_bringup/share/bumperbot_bringup/launch/real_robot.launch.py
-- Up-to-date: /home/mr_ray/bumperbot_ws/install/bumperbot_bringup/share/ament_index/resource_index/package_run_dependencies/bumperbot_bringup
-- Up-to-date: /home/mr_ray/bumperbot_ws/install/bumperbot_bringup/share/ament_index/resource_index/parent_prefix_path/bumperbot_bringup
-- Up-to-date: /home/mr_ray/bumperbot_ws/install/bumperbot_bringup/share/bumperbot_bringup/environment/ament_prefix_path.sh
-- Up-to-date: /home/mr_ray/bumperbot_ws/install/bumperbot_bringup/share/bumperbot_bringup/environment/ament_prefix_path.dsv
-- Up-to-date: /home/mr_ray/bumperbot_ws/install/bumperbot_bringup/share/bumperbot_bringup/environment/path.sh
-- Up-to-date: /home/mr_ray/bumperbot_ws/install/bumperbot_bringup/share/bumperbot_bringup/environment/path.dsv
-- Up-to-date: /home/mr_ray/bumperbot_ws/install/bumperbot_bringup/share/bumperbot_bringup/local_setup.bash
-- Up-to-date: /home/mr_ray/bumperbot_ws/install/bumperbot_bringup/share/bumperbot_bringup/local_setup.sh
-- Up-to-date: /home/mr_ray/bumperbot_ws/install/bumperbot_bringup/share/bumperbot_bringup/local_setup.zsh
-- Up-to-date: /home/mr_ray/bumperbot_ws/install/bumperbot_bringup/share/bumperbot_bringup/local_setup.dsv
-- Installing: /home/mr_ray/bumperbot_ws/install/bumperbot_bringup/share/bumperbot_bringup/package.dsv
-- Up-to-date: /home/mr_ray/bumperbot_ws/install/bumperbot_bringup/share/ament_index/resource_index/packages/bumperbot_bringup
-- Up-to-date: /home/mr_ray/bumperbot_ws/install/bumperbot_bringup/share/bumperbot_bringup/cmake/bumperbot_bringupConfig.cmake
-- Up-to-date: /home/mr_ray/bumperbot_ws/install/bumperbot_bringup/share/bumperbot_bringup/cmake/bumperbot_bringupConfig-version.cmake
-- Up-to-date: /home/mr_ray/bumperbot_ws/install/bumperbot_bringup/share/bumperbot_bringup/package.xml
