[0.039s] Invoking command in '/home/mr_ray/Desktop/bumperbot_ws/build/bumperbot_bringup': CMAKE_PREFIX_PATH=/opt/ros/humble /usr/bin/cmake --build /home/mr_ray/Desktop/bumperbot_ws/build/bumperbot_bringup -- -j8 -l8
[0.062s] [0mCMake Error: The current CMakeCache.txt directory /home/mr_ray/Desktop/bumperbot_ws/build/bumperbot_bringup/CMakeCache.txt is different than the directory /home/mr_ray/bumperbot_ws/build/bumperbot_bringup where CMakeCache.txt was created. This may result in binaries being created in the wrong place. If you are not sure, reedit the CMakeCache.txt[0m
[0.581s] Invoked command in '/home/mr_ray/Desktop/bumperbot_ws/build/bumperbot_bringup' returned '0': CMAKE_PREFIX_PATH=/opt/ros/humble /usr/bin/cmake --build /home/mr_ray/Desktop/bumperbot_ws/build/bumperbot_bringup -- -j8 -l8
[0.653s] Invoking command in '/home/mr_ray/Desktop/bumperbot_ws/build/bumperbot_bringup': CMAKE_PREFIX_PATH=/opt/ros/humble /usr/bin/cmake --install /home/mr_ray/Desktop/bumperbot_ws/build/bumperbot_bringup
[0.670s] -- Install configuration: ""
[0.670s] -- Up-to-date: /home/mr_ray/bumperbot_ws/install/bumperbot_bringup/share/bumperbot_bringup/launch
[0.671s] -- Up-to-date: /home/mr_ray/bumperbot_ws/install/bumperbot_bringup/share/bumperbot_bringup/launch/simulated_robot.launch.py
[0.673s] -- Up-to-date: /home/mr_ray/bumperbot_ws/install/bumperbot_bringup/share/bumperbot_bringup/launch/real_robot.launch.py
[0.673s] -- Up-to-date: /home/mr_ray/bumperbot_ws/install/bumperbot_bringup/share/ament_index/resource_index/package_run_dependencies/bumperbot_bringup
[0.674s] -- Up-to-date: /home/mr_ray/bumperbot_ws/install/bumperbot_bringup/share/ament_index/resource_index/parent_prefix_path/bumperbot_bringup
[0.674s] -- Up-to-date: /home/mr_ray/bumperbot_ws/install/bumperbot_bringup/share/bumperbot_bringup/environment/ament_prefix_path.sh
[0.675s] -- Up-to-date: /home/mr_ray/bumperbot_ws/install/bumperbot_bringup/share/bumperbot_bringup/environment/ament_prefix_path.dsv
[0.675s] -- Up-to-date: /home/mr_ray/bumperbot_ws/install/bumperbot_bringup/share/bumperbot_bringup/environment/path.sh
[0.676s] -- Up-to-date: /home/mr_ray/bumperbot_ws/install/bumperbot_bringup/share/bumperbot_bringup/environment/path.dsv
[0.677s] -- Up-to-date: /home/mr_ray/bumperbot_ws/install/bumperbot_bringup/share/bumperbot_bringup/local_setup.bash
[0.681s] -- Up-to-date: /home/mr_ray/bumperbot_ws/install/bumperbot_bringup/share/bumperbot_bringup/local_setup.sh
[0.682s] -- Up-to-date: /home/mr_ray/bumperbot_ws/install/bumperbot_bringup/share/bumperbot_bringup/local_setup.zsh
[0.682s] -- Up-to-date: /home/mr_ray/bumperbot_ws/install/bumperbot_bringup/share/bumperbot_bringup/local_setup.dsv
[0.683s] -- Installing: /home/mr_ray/bumperbot_ws/install/bumperbot_bringup/share/bumperbot_bringup/package.dsv
[0.684s] -- Up-to-date: /home/mr_ray/bumperbot_ws/install/bumperbot_bringup/share/ament_index/resource_index/packages/bumperbot_bringup
[0.684s] -- Up-to-date: /home/mr_ray/bumperbot_ws/install/bumperbot_bringup/share/bumperbot_bringup/cmake/bumperbot_bringupConfig.cmake
[0.684s] -- Up-to-date: /home/mr_ray/bumperbot_ws/install/bumperbot_bringup/share/bumperbot_bringup/cmake/bumperbot_bringupConfig-version.cmake
[0.684s] -- Up-to-date: /home/mr_ray/bumperbot_ws/install/bumperbot_bringup/share/bumperbot_bringup/package.xml
[0.708s] Invoked command in '/home/mr_ray/Desktop/bumperbot_ws/build/bumperbot_bringup' returned '0': CMAKE_PREFIX_PATH=/opt/ros/humble /usr/bin/cmake --install /home/mr_ray/Desktop/bumperbot_ws/build/bumperbot_bringup
