[0.059s] Invoking command in '/home/mr_ray/bumperbot_ws/build/bumperbot_description': CMAKE_PREFIX_PATH=${CMAKE_PREFIX_PATH}:/home/mr_ray/bumperbot_ws/install/bumperbot_py_example:/opt/ros/humble /usr/bin/cmake --build /home/mr_ray/bumperbot_ws/build/bumperbot_description -- -j8 -l8
[0.841s] Invoked command in '/home/mr_ray/bumperbot_ws/build/bumperbot_description' returned '0': CMAKE_PREFIX_PATH=${CMAKE_PREFIX_PATH}:/home/mr_ray/bumperbot_ws/install/bumperbot_py_example:/opt/ros/humble /usr/bin/cmake --build /home/mr_ray/bumperbot_ws/build/bumperbot_description -- -j8 -l8
[1.017s] Invoking command in '/home/mr_ray/bumperbot_ws/build/bumperbot_description': CMAKE_PREFIX_PATH=${CMAKE_PREFIX_PATH}:/home/mr_ray/bumperbot_ws/install/bumperbot_py_example:/opt/ros/humble /usr/bin/cmake --install /home/mr_ray/bumperbot_ws/build/bumperbot_description
[1.036s] -- Install configuration: ""
[1.036s] -- Up-to-date: /home/mr_ray/bumperbot_ws/install/bumperbot_description/share/bumperbot_description/meshes
[1.036s] -- Up-to-date: /home/mr_ray/bumperbot_ws/install/bumperbot_description/share/bumperbot_description/meshes/wheel_left_link.STL
[1.037s] -- Up-to-date: /home/mr_ray/bumperbot_ws/install/bumperbot_description/share/bumperbot_description/meshes/can.STL
[1.037s] -- Up-to-date: /home/mr_ray/bumperbot_ws/install/bumperbot_description/share/bumperbot_description/meshes/imu_link.STL
[1.037s] -- Up-to-date: /home/mr_ray/bumperbot_ws/install/bumperbot_description/share/bumperbot_description/meshes/caster_front_link.STL
[1.037s] -- Up-to-date: /home/mr_ray/bumperbot_ws/install/bumperbot_description/share/bumperbot_description/meshes/base_link.STL
[1.037s] -- Up-to-date: /home/mr_ray/bumperbot_ws/install/bumperbot_description/share/bumperbot_description/meshes/caster_rear_link.STL
[1.037s] -- Up-to-date: /home/mr_ray/bumperbot_ws/install/bumperbot_description/share/bumperbot_description/meshes/wheel_right_link.STL
[1.038s] -- Up-to-date: /home/mr_ray/bumperbot_ws/install/bumperbot_description/share/bumperbot_description/urdf
[1.038s] -- Up-to-date: /home/mr_ray/bumperbot_ws/install/bumperbot_description/share/bumperbot_description/urdf/bumperbot_ros2_control.xacro
[1.038s] -- Up-to-date: /home/mr_ray/bumperbot_ws/install/bumperbot_description/share/bumperbot_description/urdf/bumperbot.urdf.xacro
[1.038s] -- Up-to-date: /home/mr_ray/bumperbot_ws/install/bumperbot_description/share/bumperbot_description/urdf/bumperbot_gazebo.xacro
[1.038s] -- Up-to-date: /home/mr_ray/bumperbot_ws/install/bumperbot_description/share/bumperbot_description/launch
[1.038s] -- Up-to-date: /home/mr_ray/bumperbot_ws/install/bumperbot_description/share/bumperbot_description/launch/gazebo.launch.py
[1.038s] -- Up-to-date: /home/mr_ray/bumperbot_ws/install/bumperbot_description/share/bumperbot_description/launch/display.launch.py
[1.039s] -- Up-to-date: /home/mr_ray/bumperbot_ws/install/bumperbot_description/share/bumperbot_description/rviz
[1.039s] -- Up-to-date: /home/mr_ray/bumperbot_ws/install/bumperbot_description/share/bumperbot_description/rviz/display.rviz
[1.039s] -- Up-to-date: /home/mr_ray/bumperbot_ws/install/bumperbot_description/share/ament_index/resource_index/package_run_dependencies/bumperbot_description
[1.039s] -- Up-to-date: /home/mr_ray/bumperbot_ws/install/bumperbot_description/share/ament_index/resource_index/parent_prefix_path/bumperbot_description
[1.039s] -- Up-to-date: /home/mr_ray/bumperbot_ws/install/bumperbot_description/share/bumperbot_description/environment/ament_prefix_path.sh
[1.040s] -- Up-to-date: /home/mr_ray/bumperbot_ws/install/bumperbot_description/share/bumperbot_description/environment/ament_prefix_path.dsv
[1.040s] -- Up-to-date: /home/mr_ray/bumperbot_ws/install/bumperbot_description/share/bumperbot_description/environment/path.sh
[1.040s] -- Up-to-date: /home/mr_ray/bumperbot_ws/install/bumperbot_description/share/bumperbot_description/environment/path.dsv
[1.040s] -- Up-to-date: /home/mr_ray/bumperbot_ws/install/bumperbot_description/share/bumperbot_description/local_setup.bash
[1.040s] -- Up-to-date: /home/mr_ray/bumperbot_ws/install/bumperbot_description/share/bumperbot_description/local_setup.sh
[1.041s] -- Up-to-date: /home/mr_ray/bumperbot_ws/install/bumperbot_description/share/bumperbot_description/local_setup.zsh
[1.041s] -- Up-to-date: /home/mr_ray/bumperbot_ws/install/bumperbot_description/share/bumperbot_description/local_setup.dsv
[1.041s] -- Installing: /home/mr_ray/bumperbot_ws/install/bumperbot_description/share/bumperbot_description/package.dsv
[1.041s] -- Up-to-date: /home/mr_ray/bumperbot_ws/install/bumperbot_description/share/ament_index/resource_index/packages/bumperbot_description
[1.041s] -- Up-to-date: /home/mr_ray/bumperbot_ws/install/bumperbot_description/share/bumperbot_description/cmake/bumperbot_descriptionConfig.cmake
[1.042s] -- Up-to-date: /home/mr_ray/bumperbot_ws/install/bumperbot_description/share/bumperbot_description/cmake/bumperbot_descriptionConfig-version.cmake
[1.042s] -- Up-to-date: /home/mr_ray/bumperbot_ws/install/bumperbot_description/share/bumperbot_description/package.xml
[1.047s] Invoked command in '/home/mr_ray/bumperbot_ws/build/bumperbot_description' returned '0': CMAKE_PREFIX_PATH=${CMAKE_PREFIX_PATH}:/home/mr_ray/bumperbot_ws/install/bumperbot_py_example:/opt/ros/humble /usr/bin/cmake --install /home/mr_ray/bumperbot_ws/build/bumperbot_description
