[0.176s] DEBUG:colcon:Command line arguments: ['/usr/bin/colcon', 'build']
[0.176s] DEBUG:colcon:Parsed command line arguments: Namespace(log_base=None, log_level=None, verb_name='build', build_base='build', install_base='install', merge_install=False, symlink_install=False, test_result_base=None, continue_on_error=False, executor='parallel', parallel_workers=8, event_handlers=None, ignore_user_meta=False, metas=['./colcon.meta'], base_paths=['.'], packages_ignore=None, packages_ignore_regex=None, paths=None, packages_up_to=None, packages_up_to_regex=None, packages_above=None, packages_above_and_dependencies=None, packages_above_depth=None, packages_select_by_dep=None, packages_skip_by_dep=None, packages_skip_up_to=None, packages_select_build_failed=False, packages_skip_build_finished=False, packages_select_test_failures=False, packages_skip_test_passed=False, packages_select=None, packages_skip=None, packages_select_regex=None, packages_skip_regex=None, packages_start=None, packages_end=None, allow_overriding=[], cmake_args=None, cmake_target=None, cmake_target_skip_unavailable=False, cmake_clean_cache=False, cmake_clean_first=False, cmake_force_configure=False, ament_cmake_args=None, catkin_cmake_args=None, catkin_skip_building_tests=False, mixin_files=None, mixin=None, verb_parser=<colcon_mixin.mixin.mixin_argument.MixinArgumentDecorator object at 0x7d3c4bc36aa0>, verb_extension=<colcon_core.verb.build.BuildVerb object at 0x7d3c4bdf0340>, main=<bound method BuildVerb.main of <colcon_core.verb.build.BuildVerb object at 0x7d3c4bdf0340>>, mixin_verb=('build',))
[0.526s] Level 1:colcon.colcon_core.package_discovery:discover_packages(colcon_meta) check parameters
[0.526s] Level 1:colcon.colcon_core.package_discovery:discover_packages(recursive) check parameters
[0.526s] Level 1:colcon.colcon_core.package_discovery:discover_packages(ignore) check parameters
[0.526s] Level 1:colcon.colcon_core.package_discovery:discover_packages(path) check parameters
[0.526s] Level 1:colcon.colcon_core.package_discovery:discover_packages(colcon_meta) discover
[0.526s] Level 1:colcon.colcon_core.package_discovery:discover_packages(recursive) discover
[0.526s] INFO:colcon.colcon_core.package_discovery:Crawling recursively for packages in '/home/mr_ray/bumperbot_ws'
[0.526s] Level 1:colcon.colcon_core.package_identification:_identify(.) by extensions ['ignore', 'ignore_ament_install']
[0.526s] Level 1:colcon.colcon_core.package_identification:_identify(.) by extension 'ignore'
[0.526s] Level 1:colcon.colcon_core.package_identification:_identify(.) by extension 'ignore_ament_install'
[0.526s] Level 1:colcon.colcon_core.package_identification:_identify(.) by extensions ['colcon_pkg']
[0.527s] Level 1:colcon.colcon_core.package_identification:_identify(.) by extension 'colcon_pkg'
[0.527s] Level 1:colcon.colcon_core.package_identification:_identify(.) by extensions ['colcon_meta']
[0.527s] Level 1:colcon.colcon_core.package_identification:_identify(.) by extension 'colcon_meta'
[0.527s] Level 1:colcon.colcon_core.package_identification:_identify(.) by extensions ['ros']
[0.527s] Level 1:colcon.colcon_core.package_identification:_identify(.) by extension 'ros'
[0.540s] Level 1:colcon.colcon_core.package_identification:_identify(.) by extensions ['cmake', 'python']
[0.540s] Level 1:colcon.colcon_core.package_identification:_identify(.) by extension 'cmake'
[0.540s] Level 1:colcon.colcon_core.package_identification:_identify(.) by extension 'python'
[0.541s] Level 1:colcon.colcon_core.package_identification:_identify(.) by extensions ['python_setup_py']
[0.541s] Level 1:colcon.colcon_core.package_identification:_identify(.) by extension 'python_setup_py'
[0.541s] Level 1:colcon.colcon_core.package_identification:_identify(build) by extensions ['ignore', 'ignore_ament_install']
[0.541s] Level 1:colcon.colcon_core.package_identification:_identify(build) by extension 'ignore'
[0.541s] Level 1:colcon.colcon_core.package_identification:_identify(build) ignored
[0.541s] Level 1:colcon.colcon_core.package_identification:_identify(install) by extensions ['ignore', 'ignore_ament_install']
[0.541s] Level 1:colcon.colcon_core.package_identification:_identify(install) by extension 'ignore'
[0.541s] Level 1:colcon.colcon_core.package_identification:_identify(install) ignored
[0.541s] Level 1:colcon.colcon_core.package_identification:_identify(log) by extensions ['ignore', 'ignore_ament_install']
[0.542s] Level 1:colcon.colcon_core.package_identification:_identify(log) by extension 'ignore'
[0.542s] Level 1:colcon.colcon_core.package_identification:_identify(log) ignored
[0.542s] Level 1:colcon.colcon_core.package_identification:_identify(src) by extensions ['ignore', 'ignore_ament_install']
[0.542s] Level 1:colcon.colcon_core.package_identification:_identify(src) by extension 'ignore'
[0.542s] Level 1:colcon.colcon_core.package_identification:_identify(src) by extension 'ignore_ament_install'
[0.542s] Level 1:colcon.colcon_core.package_identification:_identify(src) by extensions ['colcon_pkg']
[0.542s] Level 1:colcon.colcon_core.package_identification:_identify(src) by extension 'colcon_pkg'
[0.542s] Level 1:colcon.colcon_core.package_identification:_identify(src) by extensions ['colcon_meta']
[0.542s] Level 1:colcon.colcon_core.package_identification:_identify(src) by extension 'colcon_meta'
[0.542s] Level 1:colcon.colcon_core.package_identification:_identify(src) by extensions ['ros']
[0.542s] Level 1:colcon.colcon_core.package_identification:_identify(src) by extension 'ros'
[0.542s] Level 1:colcon.colcon_core.package_identification:_identify(src) by extensions ['cmake', 'python']
[0.542s] Level 1:colcon.colcon_core.package_identification:_identify(src) by extension 'cmake'
[0.542s] Level 1:colcon.colcon_core.package_identification:_identify(src) by extension 'python'
[0.542s] Level 1:colcon.colcon_core.package_identification:_identify(src) by extensions ['python_setup_py']
[0.542s] Level 1:colcon.colcon_core.package_identification:_identify(src) by extension 'python_setup_py'
[0.543s] Level 1:colcon.colcon_core.package_identification:_identify(src/bumperbot_bringup) by extensions ['ignore', 'ignore_ament_install']
[0.543s] Level 1:colcon.colcon_core.package_identification:_identify(src/bumperbot_bringup) by extension 'ignore'
[0.543s] Level 1:colcon.colcon_core.package_identification:_identify(src/bumperbot_bringup) by extension 'ignore_ament_install'
[0.543s] Level 1:colcon.colcon_core.package_identification:_identify(src/bumperbot_bringup) by extensions ['colcon_pkg']
[0.543s] Level 1:colcon.colcon_core.package_identification:_identify(src/bumperbot_bringup) by extension 'colcon_pkg'
[0.543s] Level 1:colcon.colcon_core.package_identification:_identify(src/bumperbot_bringup) by extensions ['colcon_meta']
[0.543s] Level 1:colcon.colcon_core.package_identification:_identify(src/bumperbot_bringup) by extension 'colcon_meta'
[0.543s] Level 1:colcon.colcon_core.package_identification:_identify(src/bumperbot_bringup) by extensions ['ros']
[0.543s] Level 1:colcon.colcon_core.package_identification:_identify(src/bumperbot_bringup) by extension 'ros'
[0.547s] DEBUG:colcon.colcon_core.package_identification:Package 'src/bumperbot_bringup' with type 'ros.ament_cmake' and name 'bumperbot_bringup'
[0.548s] Level 1:colcon.colcon_core.package_identification:_identify(src/bumperbot_controller) by extensions ['ignore', 'ignore_ament_install']
[0.548s] Level 1:colcon.colcon_core.package_identification:_identify(src/bumperbot_controller) by extension 'ignore'
[0.548s] Level 1:colcon.colcon_core.package_identification:_identify(src/bumperbot_controller) by extension 'ignore_ament_install'
[0.548s] Level 1:colcon.colcon_core.package_identification:_identify(src/bumperbot_controller) by extensions ['colcon_pkg']
[0.548s] Level 1:colcon.colcon_core.package_identification:_identify(src/bumperbot_controller) by extension 'colcon_pkg'
[0.548s] Level 1:colcon.colcon_core.package_identification:_identify(src/bumperbot_controller) by extensions ['colcon_meta']
[0.548s] Level 1:colcon.colcon_core.package_identification:_identify(src/bumperbot_controller) by extension 'colcon_meta'
[0.548s] Level 1:colcon.colcon_core.package_identification:_identify(src/bumperbot_controller) by extensions ['ros']
[0.548s] Level 1:colcon.colcon_core.package_identification:_identify(src/bumperbot_controller) by extension 'ros'
[0.550s] DEBUG:colcon.colcon_core.package_identification:Package 'src/bumperbot_controller' with type 'ros.ament_cmake' and name 'bumperbot_controller'
[0.550s] Level 1:colcon.colcon_core.package_identification:_identify(src/bumperbot_cpp_example) by extensions ['ignore', 'ignore_ament_install']
[0.550s] Level 1:colcon.colcon_core.package_identification:_identify(src/bumperbot_cpp_example) by extension 'ignore'
[0.550s] Level 1:colcon.colcon_core.package_identification:_identify(src/bumperbot_cpp_example) by extension 'ignore_ament_install'
[0.551s] Level 1:colcon.colcon_core.package_identification:_identify(src/bumperbot_cpp_example) by extensions ['colcon_pkg']
[0.551s] Level 1:colcon.colcon_core.package_identification:_identify(src/bumperbot_cpp_example) by extension 'colcon_pkg'
[0.551s] Level 1:colcon.colcon_core.package_identification:_identify(src/bumperbot_cpp_example) by extensions ['colcon_meta']
[0.551s] Level 1:colcon.colcon_core.package_identification:_identify(src/bumperbot_cpp_example) by extension 'colcon_meta'
[0.551s] Level 1:colcon.colcon_core.package_identification:_identify(src/bumperbot_cpp_example) by extensions ['ros']
[0.551s] Level 1:colcon.colcon_core.package_identification:_identify(src/bumperbot_cpp_example) by extension 'ros'
[0.553s] DEBUG:colcon.colcon_core.package_identification:Package 'src/bumperbot_cpp_example' with type 'ros.ament_cmake' and name 'bumperbot_cpp_example'
[0.553s] Level 1:colcon.colcon_core.package_identification:_identify(src/bumperbot_description) by extensions ['ignore', 'ignore_ament_install']
[0.553s] Level 1:colcon.colcon_core.package_identification:_identify(src/bumperbot_description) by extension 'ignore'
[0.553s] Level 1:colcon.colcon_core.package_identification:_identify(src/bumperbot_description) by extension 'ignore_ament_install'
[0.553s] Level 1:colcon.colcon_core.package_identification:_identify(src/bumperbot_description) by extensions ['colcon_pkg']
[0.553s] Level 1:colcon.colcon_core.package_identification:_identify(src/bumperbot_description) by extension 'colcon_pkg'
[0.553s] Level 1:colcon.colcon_core.package_identification:_identify(src/bumperbot_description) by extensions ['colcon_meta']
[0.554s] Level 1:colcon.colcon_core.package_identification:_identify(src/bumperbot_description) by extension 'colcon_meta'
[0.554s] Level 1:colcon.colcon_core.package_identification:_identify(src/bumperbot_description) by extensions ['ros']
[0.554s] Level 1:colcon.colcon_core.package_identification:_identify(src/bumperbot_description) by extension 'ros'
[0.555s] DEBUG:colcon.colcon_core.package_identification:Package 'src/bumperbot_description' with type 'ros.ament_cmake' and name 'bumperbot_description'
[0.555s] Level 1:colcon.colcon_core.package_identification:_identify(src/bumperbot_firmware) by extensions ['ignore', 'ignore_ament_install']
[0.555s] Level 1:colcon.colcon_core.package_identification:_identify(src/bumperbot_firmware) by extension 'ignore'
[0.555s] Level 1:colcon.colcon_core.package_identification:_identify(src/bumperbot_firmware) by extension 'ignore_ament_install'
[0.555s] Level 1:colcon.colcon_core.package_identification:_identify(src/bumperbot_firmware) by extensions ['colcon_pkg']
[0.555s] Level 1:colcon.colcon_core.package_identification:_identify(src/bumperbot_firmware) by extension 'colcon_pkg'
[0.555s] Level 1:colcon.colcon_core.package_identification:_identify(src/bumperbot_firmware) by extensions ['colcon_meta']
[0.556s] Level 1:colcon.colcon_core.package_identification:_identify(src/bumperbot_firmware) by extension 'colcon_meta'
[0.556s] Level 1:colcon.colcon_core.package_identification:_identify(src/bumperbot_firmware) by extensions ['ros']
[0.556s] Level 1:colcon.colcon_core.package_identification:_identify(src/bumperbot_firmware) by extension 'ros'
[0.557s] DEBUG:colcon.colcon_core.package_identification:Package 'src/bumperbot_firmware' with type 'ros.ament_cmake' and name 'bumperbot_firmware'
[0.558s] Level 1:colcon.colcon_core.package_identification:_identify(src/bumperbot_msgs) by extensions ['ignore', 'ignore_ament_install']
[0.558s] Level 1:colcon.colcon_core.package_identification:_identify(src/bumperbot_msgs) by extension 'ignore'
[0.558s] Level 1:colcon.colcon_core.package_identification:_identify(src/bumperbot_msgs) by extension 'ignore_ament_install'
[0.559s] Level 1:colcon.colcon_core.package_identification:_identify(src/bumperbot_msgs) by extensions ['colcon_pkg']
[0.559s] Level 1:colcon.colcon_core.package_identification:_identify(src/bumperbot_msgs) by extension 'colcon_pkg'
[0.559s] Level 1:colcon.colcon_core.package_identification:_identify(src/bumperbot_msgs) by extensions ['colcon_meta']
[0.559s] Level 1:colcon.colcon_core.package_identification:_identify(src/bumperbot_msgs) by extension 'colcon_meta'
[0.559s] Level 1:colcon.colcon_core.package_identification:_identify(src/bumperbot_msgs) by extensions ['ros']
[0.559s] Level 1:colcon.colcon_core.package_identification:_identify(src/bumperbot_msgs) by extension 'ros'
[0.560s] DEBUG:colcon.colcon_core.package_identification:Package 'src/bumperbot_msgs' with type 'ros.ament_cmake' and name 'bumperbot_msgs'
[0.561s] Level 1:colcon.colcon_core.package_identification:_identify(src/bumperbot_py_example) by extensions ['ignore', 'ignore_ament_install']
[0.561s] Level 1:colcon.colcon_core.package_identification:_identify(src/bumperbot_py_example) by extension 'ignore'
[0.561s] Level 1:colcon.colcon_core.package_identification:_identify(src/bumperbot_py_example) by extension 'ignore_ament_install'
[0.561s] Level 1:colcon.colcon_core.package_identification:_identify(src/bumperbot_py_example) by extensions ['colcon_pkg']
[0.561s] Level 1:colcon.colcon_core.package_identification:_identify(src/bumperbot_py_example) by extension 'colcon_pkg'
[0.561s] Level 1:colcon.colcon_core.package_identification:_identify(src/bumperbot_py_example) by extensions ['colcon_meta']
[0.561s] Level 1:colcon.colcon_core.package_identification:_identify(src/bumperbot_py_example) by extension 'colcon_meta'
[0.561s] Level 1:colcon.colcon_core.package_identification:_identify(src/bumperbot_py_example) by extensions ['ros']
[0.561s] Level 1:colcon.colcon_core.package_identification:_identify(src/bumperbot_py_example) by extension 'ros'
[0.563s] DEBUG:colcon.colcon_core.package_identification:Package 'src/bumperbot_py_example' with type 'ros.ament_python' and name 'bumperbot_py_example'
[0.563s] Level 1:colcon.colcon_core.package_discovery:discover_packages(recursive) using defaults
[0.563s] Level 1:colcon.colcon_core.package_discovery:discover_packages(ignore) discover
[0.563s] Level 1:colcon.colcon_core.package_discovery:discover_packages(ignore) using defaults
[0.563s] Level 1:colcon.colcon_core.package_discovery:discover_packages(path) discover
[0.563s] Level 1:colcon.colcon_core.package_discovery:discover_packages(path) using defaults
[0.612s] Level 1:colcon.colcon_core.package_discovery:discover_packages(prefix_path) check parameters
[0.612s] Level 1:colcon.colcon_core.package_discovery:discover_packages(prefix_path) discover
[0.617s] DEBUG:colcon.colcon_installed_package_information.package_discovery:Found 7 installed packages in /home/mr_ray/bumperbot_ws/install
[0.620s] DEBUG:colcon.colcon_installed_package_information.package_discovery:Found 395 installed packages in /opt/ros/humble
[0.622s] Level 1:colcon.colcon_core.package_discovery:discover_packages(prefix_path) using defaults
[0.685s] Level 5:colcon.colcon_core.verb:set package 'bumperbot_bringup' build argument 'cmake_args' from command line to 'None'
[0.685s] Level 5:colcon.colcon_core.verb:set package 'bumperbot_bringup' build argument 'cmake_target' from command line to 'None'
[0.685s] Level 5:colcon.colcon_core.verb:set package 'bumperbot_bringup' build argument 'cmake_target_skip_unavailable' from command line to 'False'
[0.685s] Level 5:colcon.colcon_core.verb:set package 'bumperbot_bringup' build argument 'cmake_clean_cache' from command line to 'False'
[0.685s] Level 5:colcon.colcon_core.verb:set package 'bumperbot_bringup' build argument 'cmake_clean_first' from command line to 'False'
[0.685s] Level 5:colcon.colcon_core.verb:set package 'bumperbot_bringup' build argument 'cmake_force_configure' from command line to 'False'
[0.685s] Level 5:colcon.colcon_core.verb:set package 'bumperbot_bringup' build argument 'ament_cmake_args' from command line to 'None'
[0.685s] Level 5:colcon.colcon_core.verb:set package 'bumperbot_bringup' build argument 'catkin_cmake_args' from command line to 'None'
[0.685s] Level 5:colcon.colcon_core.verb:set package 'bumperbot_bringup' build argument 'catkin_skip_building_tests' from command line to 'False'
[0.685s] DEBUG:colcon.colcon_core.verb:Building package 'bumperbot_bringup' with the following arguments: {'ament_cmake_args': None, 'build_base': '/home/mr_ray/bumperbot_ws/build/bumperbot_bringup', 'catkin_cmake_args': None, 'catkin_skip_building_tests': False, 'cmake_args': None, 'cmake_clean_cache': False, 'cmake_clean_first': False, 'cmake_force_configure': False, 'cmake_target': None, 'cmake_target_skip_unavailable': False, 'install_base': '/home/mr_ray/bumperbot_ws/install/bumperbot_bringup', 'merge_install': False, 'path': '/home/mr_ray/bumperbot_ws/src/bumperbot_bringup', 'symlink_install': False, 'test_result_base': None}
[0.685s] Level 5:colcon.colcon_core.verb:set package 'bumperbot_controller' build argument 'cmake_args' from command line to 'None'
[0.685s] Level 5:colcon.colcon_core.verb:set package 'bumperbot_controller' build argument 'cmake_target' from command line to 'None'
[0.685s] Level 5:colcon.colcon_core.verb:set package 'bumperbot_controller' build argument 'cmake_target_skip_unavailable' from command line to 'False'
[0.685s] Level 5:colcon.colcon_core.verb:set package 'bumperbot_controller' build argument 'cmake_clean_cache' from command line to 'False'
[0.686s] Level 5:colcon.colcon_core.verb:set package 'bumperbot_controller' build argument 'cmake_clean_first' from command line to 'False'
[0.686s] Level 5:colcon.colcon_core.verb:set package 'bumperbot_controller' build argument 'cmake_force_configure' from command line to 'False'
[0.686s] Level 5:colcon.colcon_core.verb:set package 'bumperbot_controller' build argument 'ament_cmake_args' from command line to 'None'
[0.686s] Level 5:colcon.colcon_core.verb:set package 'bumperbot_controller' build argument 'catkin_cmake_args' from command line to 'None'
[0.686s] Level 5:colcon.colcon_core.verb:set package 'bumperbot_controller' build argument 'catkin_skip_building_tests' from command line to 'False'
[0.686s] DEBUG:colcon.colcon_core.verb:Building package 'bumperbot_controller' with the following arguments: {'ament_cmake_args': None, 'build_base': '/home/mr_ray/bumperbot_ws/build/bumperbot_controller', 'catkin_cmake_args': None, 'catkin_skip_building_tests': False, 'cmake_args': None, 'cmake_clean_cache': False, 'cmake_clean_first': False, 'cmake_force_configure': False, 'cmake_target': None, 'cmake_target_skip_unavailable': False, 'install_base': '/home/mr_ray/bumperbot_ws/install/bumperbot_controller', 'merge_install': False, 'path': '/home/mr_ray/bumperbot_ws/src/bumperbot_controller', 'symlink_install': False, 'test_result_base': None}
[0.686s] Level 5:colcon.colcon_core.verb:set package 'bumperbot_description' build argument 'cmake_args' from command line to 'None'
[0.686s] Level 5:colcon.colcon_core.verb:set package 'bumperbot_description' build argument 'cmake_target' from command line to 'None'
[0.686s] Level 5:colcon.colcon_core.verb:set package 'bumperbot_description' build argument 'cmake_target_skip_unavailable' from command line to 'False'
[0.686s] Level 5:colcon.colcon_core.verb:set package 'bumperbot_description' build argument 'cmake_clean_cache' from command line to 'False'
[0.686s] Level 5:colcon.colcon_core.verb:set package 'bumperbot_description' build argument 'cmake_clean_first' from command line to 'False'
[0.686s] Level 5:colcon.colcon_core.verb:set package 'bumperbot_description' build argument 'cmake_force_configure' from command line to 'False'
[0.686s] Level 5:colcon.colcon_core.verb:set package 'bumperbot_description' build argument 'ament_cmake_args' from command line to 'None'
[0.686s] Level 5:colcon.colcon_core.verb:set package 'bumperbot_description' build argument 'catkin_cmake_args' from command line to 'None'
[0.686s] Level 5:colcon.colcon_core.verb:set package 'bumperbot_description' build argument 'catkin_skip_building_tests' from command line to 'False'
[0.686s] DEBUG:colcon.colcon_core.verb:Building package 'bumperbot_description' with the following arguments: {'ament_cmake_args': None, 'build_base': '/home/mr_ray/bumperbot_ws/build/bumperbot_description', 'catkin_cmake_args': None, 'catkin_skip_building_tests': False, 'cmake_args': None, 'cmake_clean_cache': False, 'cmake_clean_first': False, 'cmake_force_configure': False, 'cmake_target': None, 'cmake_target_skip_unavailable': False, 'install_base': '/home/mr_ray/bumperbot_ws/install/bumperbot_description', 'merge_install': False, 'path': '/home/mr_ray/bumperbot_ws/src/bumperbot_description', 'symlink_install': False, 'test_result_base': None}
[0.687s] Level 5:colcon.colcon_core.verb:set package 'bumperbot_firmware' build argument 'cmake_args' from command line to 'None'
[0.687s] Level 5:colcon.colcon_core.verb:set package 'bumperbot_firmware' build argument 'cmake_target' from command line to 'None'
[0.687s] Level 5:colcon.colcon_core.verb:set package 'bumperbot_firmware' build argument 'cmake_target_skip_unavailable' from command line to 'False'
[0.687s] Level 5:colcon.colcon_core.verb:set package 'bumperbot_firmware' build argument 'cmake_clean_cache' from command line to 'False'
[0.687s] Level 5:colcon.colcon_core.verb:set package 'bumperbot_firmware' build argument 'cmake_clean_first' from command line to 'False'
[0.687s] Level 5:colcon.colcon_core.verb:set package 'bumperbot_firmware' build argument 'cmake_force_configure' from command line to 'False'
[0.687s] Level 5:colcon.colcon_core.verb:set package 'bumperbot_firmware' build argument 'ament_cmake_args' from command line to 'None'
[0.687s] Level 5:colcon.colcon_core.verb:set package 'bumperbot_firmware' build argument 'catkin_cmake_args' from command line to 'None'
[0.687s] Level 5:colcon.colcon_core.verb:set package 'bumperbot_firmware' build argument 'catkin_skip_building_tests' from command line to 'False'
[0.687s] DEBUG:colcon.colcon_core.verb:Building package 'bumperbot_firmware' with the following arguments: {'ament_cmake_args': None, 'build_base': '/home/mr_ray/bumperbot_ws/build/bumperbot_firmware', 'catkin_cmake_args': None, 'catkin_skip_building_tests': False, 'cmake_args': None, 'cmake_clean_cache': False, 'cmake_clean_first': False, 'cmake_force_configure': False, 'cmake_target': None, 'cmake_target_skip_unavailable': False, 'install_base': '/home/mr_ray/bumperbot_ws/install/bumperbot_firmware', 'merge_install': False, 'path': '/home/mr_ray/bumperbot_ws/src/bumperbot_firmware', 'symlink_install': False, 'test_result_base': None}
[0.687s] Level 5:colcon.colcon_core.verb:set package 'bumperbot_msgs' build argument 'cmake_args' from command line to 'None'
[0.687s] Level 5:colcon.colcon_core.verb:set package 'bumperbot_msgs' build argument 'cmake_target' from command line to 'None'
[0.687s] Level 5:colcon.colcon_core.verb:set package 'bumperbot_msgs' build argument 'cmake_target_skip_unavailable' from command line to 'False'
[0.687s] Level 5:colcon.colcon_core.verb:set package 'bumperbot_msgs' build argument 'cmake_clean_cache' from command line to 'False'
[0.688s] Level 5:colcon.colcon_core.verb:set package 'bumperbot_msgs' build argument 'cmake_clean_first' from command line to 'False'
[0.688s] Level 5:colcon.colcon_core.verb:set package 'bumperbot_msgs' build argument 'cmake_force_configure' from command line to 'False'
[0.688s] Level 5:colcon.colcon_core.verb:set package 'bumperbot_msgs' build argument 'ament_cmake_args' from command line to 'None'
[0.688s] Level 5:colcon.colcon_core.verb:set package 'bumperbot_msgs' build argument 'catkin_cmake_args' from command line to 'None'
[0.688s] Level 5:colcon.colcon_core.verb:set package 'bumperbot_msgs' build argument 'catkin_skip_building_tests' from command line to 'False'
[0.688s] DEBUG:colcon.colcon_core.verb:Building package 'bumperbot_msgs' with the following arguments: {'ament_cmake_args': None, 'build_base': '/home/mr_ray/bumperbot_ws/build/bumperbot_msgs', 'catkin_cmake_args': None, 'catkin_skip_building_tests': False, 'cmake_args': None, 'cmake_clean_cache': False, 'cmake_clean_first': False, 'cmake_force_configure': False, 'cmake_target': None, 'cmake_target_skip_unavailable': False, 'install_base': '/home/mr_ray/bumperbot_ws/install/bumperbot_msgs', 'merge_install': False, 'path': '/home/mr_ray/bumperbot_ws/src/bumperbot_msgs', 'symlink_install': False, 'test_result_base': None}
[0.688s] Level 5:colcon.colcon_core.verb:set package 'bumperbot_py_example' build argument 'cmake_args' from command line to 'None'
[0.688s] Level 5:colcon.colcon_core.verb:set package 'bumperbot_py_example' build argument 'cmake_target' from command line to 'None'
[0.688s] Level 5:colcon.colcon_core.verb:set package 'bumperbot_py_example' build argument 'cmake_target_skip_unavailable' from command line to 'False'
[0.688s] Level 5:colcon.colcon_core.verb:set package 'bumperbot_py_example' build argument 'cmake_clean_cache' from command line to 'False'
[0.688s] Level 5:colcon.colcon_core.verb:set package 'bumperbot_py_example' build argument 'cmake_clean_first' from command line to 'False'
[0.688s] Level 5:colcon.colcon_core.verb:set package 'bumperbot_py_example' build argument 'cmake_force_configure' from command line to 'False'
[0.688s] Level 5:colcon.colcon_core.verb:set package 'bumperbot_py_example' build argument 'ament_cmake_args' from command line to 'None'
[0.688s] Level 5:colcon.colcon_core.verb:set package 'bumperbot_py_example' build argument 'catkin_cmake_args' from command line to 'None'
[0.688s] Level 5:colcon.colcon_core.verb:set package 'bumperbot_py_example' build argument 'catkin_skip_building_tests' from command line to 'False'
[0.688s] DEBUG:colcon.colcon_core.verb:Building package 'bumperbot_py_example' with the following arguments: {'ament_cmake_args': None, 'build_base': '/home/mr_ray/bumperbot_ws/build/bumperbot_py_example', 'catkin_cmake_args': None, 'catkin_skip_building_tests': False, 'cmake_args': None, 'cmake_clean_cache': False, 'cmake_clean_first': False, 'cmake_force_configure': False, 'cmake_target': None, 'cmake_target_skip_unavailable': False, 'install_base': '/home/mr_ray/bumperbot_ws/install/bumperbot_py_example', 'merge_install': False, 'path': '/home/mr_ray/bumperbot_ws/src/bumperbot_py_example', 'symlink_install': False, 'test_result_base': None}
[0.689s] Level 5:colcon.colcon_core.verb:set package 'bumperbot_cpp_example' build argument 'cmake_args' from command line to 'None'
[0.689s] Level 5:colcon.colcon_core.verb:set package 'bumperbot_cpp_example' build argument 'cmake_target' from command line to 'None'
[0.689s] Level 5:colcon.colcon_core.verb:set package 'bumperbot_cpp_example' build argument 'cmake_target_skip_unavailable' from command line to 'False'
[0.689s] Level 5:colcon.colcon_core.verb:set package 'bumperbot_cpp_example' build argument 'cmake_clean_cache' from command line to 'False'
[0.689s] Level 5:colcon.colcon_core.verb:set package 'bumperbot_cpp_example' build argument 'cmake_clean_first' from command line to 'False'
[0.689s] Level 5:colcon.colcon_core.verb:set package 'bumperbot_cpp_example' build argument 'cmake_force_configure' from command line to 'False'
[0.689s] Level 5:colcon.colcon_core.verb:set package 'bumperbot_cpp_example' build argument 'ament_cmake_args' from command line to 'None'
[0.689s] Level 5:colcon.colcon_core.verb:set package 'bumperbot_cpp_example' build argument 'catkin_cmake_args' from command line to 'None'
[0.689s] Level 5:colcon.colcon_core.verb:set package 'bumperbot_cpp_example' build argument 'catkin_skip_building_tests' from command line to 'False'
[0.689s] DEBUG:colcon.colcon_core.verb:Building package 'bumperbot_cpp_example' with the following arguments: {'ament_cmake_args': None, 'build_base': '/home/mr_ray/bumperbot_ws/build/bumperbot_cpp_example', 'catkin_cmake_args': None, 'catkin_skip_building_tests': False, 'cmake_args': None, 'cmake_clean_cache': False, 'cmake_clean_first': False, 'cmake_force_configure': False, 'cmake_target': None, 'cmake_target_skip_unavailable': False, 'install_base': '/home/mr_ray/bumperbot_ws/install/bumperbot_cpp_example', 'merge_install': False, 'path': '/home/mr_ray/bumperbot_ws/src/bumperbot_cpp_example', 'symlink_install': False, 'test_result_base': None}
[0.689s] INFO:colcon.colcon_core.executor:Executing jobs using 'parallel' executor
[0.690s] DEBUG:colcon.colcon_parallel_executor.executor.parallel:run_until_complete
[0.691s] INFO:colcon.colcon_ros.task.ament_cmake.build:Building ROS package in '/home/mr_ray/bumperbot_ws/src/bumperbot_msgs' with build type 'ament_cmake'
[0.691s] INFO:colcon.colcon_cmake.task.cmake.build:Building CMake package in '/home/mr_ray/bumperbot_ws/src/bumperbot_msgs'
[0.696s] INFO:colcon.colcon_core.plugin_system:Skipping extension 'colcon_core.shell.bat': Not used on non-Windows systems
[0.696s] INFO:colcon.colcon_core.shell:Skip shell extension 'powershell' for command environment: Not usable outside of PowerShell
[0.696s] DEBUG:colcon.colcon_core.shell:Skip shell extension 'dsv' for command environment
[0.701s] INFO:colcon.colcon_ros.task.ament_cmake.build:Building ROS package in '/home/mr_ray/bumperbot_ws/src/bumperbot_bringup' with build type 'ament_cmake'
[0.702s] INFO:colcon.colcon_cmake.task.cmake.build:Building CMake package in '/home/mr_ray/bumperbot_ws/src/bumperbot_bringup'
[0.702s] INFO:colcon.colcon_core.shell:Skip shell extension 'powershell' for command environment: Not usable outside of PowerShell
[0.702s] DEBUG:colcon.colcon_core.shell:Skip shell extension 'dsv' for command environment
[0.707s] INFO:colcon.colcon_ros.task.ament_cmake.build:Building ROS package in '/home/mr_ray/bumperbot_ws/src/bumperbot_controller' with build type 'ament_cmake'
[0.708s] INFO:colcon.colcon_cmake.task.cmake.build:Building CMake package in '/home/mr_ray/bumperbot_ws/src/bumperbot_controller'
[0.708s] INFO:colcon.colcon_core.shell:Skip shell extension 'powershell' for command environment: Not usable outside of PowerShell
[0.708s] DEBUG:colcon.colcon_core.shell:Skip shell extension 'dsv' for command environment
[0.714s] INFO:colcon.colcon_ros.task.ament_cmake.build:Building ROS package in '/home/mr_ray/bumperbot_ws/src/bumperbot_description' with build type 'ament_cmake'
[0.714s] INFO:colcon.colcon_cmake.task.cmake.build:Building CMake package in '/home/mr_ray/bumperbot_ws/src/bumperbot_description'
[0.714s] INFO:colcon.colcon_core.shell:Skip shell extension 'powershell' for command environment: Not usable outside of PowerShell
[0.714s] DEBUG:colcon.colcon_core.shell:Skip shell extension 'dsv' for command environment
[0.721s] INFO:colcon.colcon_ros.task.ament_cmake.build:Building ROS package in '/home/mr_ray/bumperbot_ws/src/bumperbot_firmware' with build type 'ament_cmake'
[0.722s] INFO:colcon.colcon_cmake.task.cmake.build:Building CMake package in '/home/mr_ray/bumperbot_ws/src/bumperbot_firmware'
[0.722s] INFO:colcon.colcon_core.shell:Skip shell extension 'powershell' for command environment: Not usable outside of PowerShell
[0.722s] DEBUG:colcon.colcon_core.shell:Skip shell extension 'dsv' for command environment
[0.729s] INFO:colcon.colcon_ros.task.ament_python.build:Building ROS package in '/home/mr_ray/bumperbot_ws/src/bumperbot_py_example' with build type 'ament_python'
[0.730s] Level 1:colcon.colcon_core.shell:create_environment_hook('bumperbot_py_example', 'ament_prefix_path')
[0.730s] INFO:colcon.colcon_core.shell:Creating environment hook '/home/mr_ray/bumperbot_ws/install/bumperbot_py_example/share/bumperbot_py_example/hook/ament_prefix_path.ps1'
[0.732s] INFO:colcon.colcon_core.shell:Creating environment descriptor '/home/mr_ray/bumperbot_ws/install/bumperbot_py_example/share/bumperbot_py_example/hook/ament_prefix_path.dsv'
[0.733s] INFO:colcon.colcon_core.shell:Creating environment hook '/home/mr_ray/bumperbot_ws/install/bumperbot_py_example/share/bumperbot_py_example/hook/ament_prefix_path.sh'
[0.734s] INFO:colcon.colcon_core.shell:Skip shell extension 'powershell' for command environment: Not usable outside of PowerShell
[0.735s] DEBUG:colcon.colcon_core.shell:Skip shell extension 'dsv' for command environment
[0.748s] DEBUG:colcon.colcon_core.event_handler.log_command:Invoking command in '/home/mr_ray/bumperbot_ws/build/bumperbot_msgs': CMAKE_PREFIX_PATH=${CMAKE_PREFIX_PATH}:/home/mr_ray/bumperbot_ws/install/bumperbot_py_example:/opt/ros/humble /usr/bin/cmake --build /home/mr_ray/bumperbot_ws/build/bumperbot_msgs -- -j8 -l8
[0.760s] DEBUG:colcon.colcon_core.event_handler.log_command:Invoking command in '/home/mr_ray/bumperbot_ws/build/bumperbot_bringup': CMAKE_PREFIX_PATH=${CMAKE_PREFIX_PATH}:/home/mr_ray/bumperbot_ws/install/bumperbot_py_example:/opt/ros/humble /usr/bin/cmake --build /home/mr_ray/bumperbot_ws/build/bumperbot_bringup -- -j8 -l8
[0.766s] DEBUG:colcon.colcon_core.event_handler.log_command:Invoking command in '/home/mr_ray/bumperbot_ws/build/bumperbot_controller': CMAKE_PREFIX_PATH=${CMAKE_PREFIX_PATH}:/home/mr_ray/bumperbot_ws/install/bumperbot_py_example:/opt/ros/humble /usr/bin/cmake --build /home/mr_ray/bumperbot_ws/build/bumperbot_controller -- -j8 -l8
[0.772s] DEBUG:colcon.colcon_core.event_handler.log_command:Invoking command in '/home/mr_ray/bumperbot_ws/build/bumperbot_description': CMAKE_PREFIX_PATH=${CMAKE_PREFIX_PATH}:/home/mr_ray/bumperbot_ws/install/bumperbot_py_example:/opt/ros/humble /usr/bin/cmake --build /home/mr_ray/bumperbot_ws/build/bumperbot_description -- -j8 -l8
[0.778s] DEBUG:colcon.colcon_core.event_handler.log_command:Invoking command in '/home/mr_ray/bumperbot_ws/build/bumperbot_firmware': CMAKE_PREFIX_PATH=${CMAKE_PREFIX_PATH}:/home/mr_ray/bumperbot_ws/install/bumperbot_py_example:/opt/ros/humble /usr/bin/cmake --build /home/mr_ray/bumperbot_ws/build/bumperbot_firmware -- -j8 -l8
[1.484s] INFO:colcon.colcon_core.task.python.build:Building Python package in '/home/mr_ray/bumperbot_ws/src/bumperbot_py_example'
[1.485s] INFO:colcon.colcon_core.shell:Skip shell extension 'powershell' for command environment: Not usable outside of PowerShell
[1.485s] DEBUG:colcon.colcon_core.shell:Skip shell extension 'dsv' for command environment
[1.500s] DEBUG:colcon.colcon_core.event_handler.log_command:Invoked command in '/home/mr_ray/bumperbot_ws/build/bumperbot_bringup' returned '0': CMAKE_PREFIX_PATH=${CMAKE_PREFIX_PATH}:/home/mr_ray/bumperbot_ws/install/bumperbot_py_example:/opt/ros/humble /usr/bin/cmake --build /home/mr_ray/bumperbot_ws/build/bumperbot_bringup -- -j8 -l8
[1.501s] DEBUG:colcon.colcon_core.event_handler.log_command:Invoked command in '/home/mr_ray/bumperbot_ws/build/bumperbot_description' returned '0': CMAKE_PREFIX_PATH=${CMAKE_PREFIX_PATH}:/home/mr_ray/bumperbot_ws/install/bumperbot_py_example:/opt/ros/humble /usr/bin/cmake --build /home/mr_ray/bumperbot_ws/build/bumperbot_description -- -j8 -l8
[1.583s] DEBUG:colcon.colcon_core.event_handler.log_command:Invoking command in '/home/mr_ray/bumperbot_ws/build/bumperbot_bringup': CMAKE_PREFIX_PATH=${CMAKE_PREFIX_PATH}:/home/mr_ray/bumperbot_ws/install/bumperbot_py_example:/opt/ros/humble /usr/bin/cmake --install /home/mr_ray/bumperbot_ws/build/bumperbot_bringup
[1.587s] DEBUG:colcon.colcon_core.event_handler.log_command:Invoking command in '/home/mr_ray/bumperbot_ws/build/bumperbot_description': CMAKE_PREFIX_PATH=${CMAKE_PREFIX_PATH}:/home/mr_ray/bumperbot_ws/install/bumperbot_py_example:/opt/ros/humble /usr/bin/cmake --install /home/mr_ray/bumperbot_ws/build/bumperbot_description
[1.617s] Level 1:colcon.colcon_core.environment:create_environment_scripts_only(bumperbot_description)
[1.619s] DEBUG:colcon.colcon_core.event_handler.log_command:Invoked command in '/home/mr_ray/bumperbot_ws/build/bumperbot_description' returned '0': CMAKE_PREFIX_PATH=${CMAKE_PREFIX_PATH}:/home/mr_ray/bumperbot_ws/install/bumperbot_py_example:/opt/ros/humble /usr/bin/cmake --install /home/mr_ray/bumperbot_ws/build/bumperbot_description
[1.636s] Level 1:colcon.colcon_core.environment:checking '/home/mr_ray/bumperbot_ws/install/bumperbot_description' for CMake module files
[1.637s] Level 1:colcon.colcon_core.environment:checking '/home/mr_ray/bumperbot_ws/install/bumperbot_description' for CMake config files
[1.638s] Level 1:colcon.colcon_core.shell:create_environment_hook('bumperbot_description', 'cmake_prefix_path')
[1.639s] INFO:colcon.colcon_core.shell:Creating environment hook '/home/mr_ray/bumperbot_ws/install/bumperbot_description/share/bumperbot_description/hook/cmake_prefix_path.ps1'
[1.643s] INFO:colcon.colcon_core.shell:Creating environment descriptor '/home/mr_ray/bumperbot_ws/install/bumperbot_description/share/bumperbot_description/hook/cmake_prefix_path.dsv'
[1.644s] INFO:colcon.colcon_core.shell:Creating environment hook '/home/mr_ray/bumperbot_ws/install/bumperbot_description/share/bumperbot_description/hook/cmake_prefix_path.sh'
[1.646s] Level 1:colcon.colcon_core.environment:checking '/home/mr_ray/bumperbot_ws/install/bumperbot_description/bin'
[1.646s] Level 1:colcon.colcon_core.environment:checking '/home/mr_ray/bumperbot_ws/install/bumperbot_description/lib/pkgconfig/bumperbot_description.pc'
[1.647s] Level 1:colcon.colcon_core.environment:checking '/home/mr_ray/bumperbot_ws/install/bumperbot_description/lib/python3.10/site-packages'
[1.647s] Level 1:colcon.colcon_core.environment:checking '/home/mr_ray/bumperbot_ws/install/bumperbot_description/bin'
[1.648s] INFO:colcon.colcon_core.shell:Creating package script '/home/mr_ray/bumperbot_ws/install/bumperbot_description/share/bumperbot_description/package.ps1'
[1.650s] INFO:colcon.colcon_core.shell:Creating package descriptor '/home/mr_ray/bumperbot_ws/install/bumperbot_description/share/bumperbot_description/package.dsv'
[1.654s] INFO:colcon.colcon_core.shell:Creating package script '/home/mr_ray/bumperbot_ws/install/bumperbot_description/share/bumperbot_description/package.sh'
[1.656s] INFO:colcon.colcon_core.shell:Creating package script '/home/mr_ray/bumperbot_ws/install/bumperbot_description/share/bumperbot_description/package.bash'
[1.660s] INFO:colcon.colcon_core.shell:Creating package script '/home/mr_ray/bumperbot_ws/install/bumperbot_description/share/bumperbot_description/package.zsh'
[1.663s] Level 1:colcon.colcon_core.environment:create_file_with_runtime_dependencies(/home/mr_ray/bumperbot_ws/install/bumperbot_description/share/colcon-core/packages/bumperbot_description)
[1.666s] Level 1:colcon.colcon_core.environment:create_environment_scripts_only(bumperbot_bringup)
[1.668s] Level 1:colcon.colcon_core.environment:checking '/home/mr_ray/bumperbot_ws/install/bumperbot_bringup' for CMake module files
[1.670s] DEBUG:colcon.colcon_core.event_handler.log_command:Invoked command in '/home/mr_ray/bumperbot_ws/build/bumperbot_bringup' returned '0': CMAKE_PREFIX_PATH=${CMAKE_PREFIX_PATH}:/home/mr_ray/bumperbot_ws/install/bumperbot_py_example:/opt/ros/humble /usr/bin/cmake --install /home/mr_ray/bumperbot_ws/build/bumperbot_bringup
[1.671s] Level 1:colcon.colcon_core.environment:checking '/home/mr_ray/bumperbot_ws/install/bumperbot_bringup' for CMake config files
[1.673s] Level 1:colcon.colcon_core.shell:create_environment_hook('bumperbot_bringup', 'cmake_prefix_path')
[1.674s] INFO:colcon.colcon_core.shell:Creating environment hook '/home/mr_ray/bumperbot_ws/install/bumperbot_bringup/share/bumperbot_bringup/hook/cmake_prefix_path.ps1'
[1.675s] INFO:colcon.colcon_core.shell:Creating environment descriptor '/home/mr_ray/bumperbot_ws/install/bumperbot_bringup/share/bumperbot_bringup/hook/cmake_prefix_path.dsv'
[1.676s] INFO:colcon.colcon_core.shell:Creating environment hook '/home/mr_ray/bumperbot_ws/install/bumperbot_bringup/share/bumperbot_bringup/hook/cmake_prefix_path.sh'
[1.678s] Level 1:colcon.colcon_core.environment:checking '/home/mr_ray/bumperbot_ws/install/bumperbot_bringup/bin'
[1.678s] Level 1:colcon.colcon_core.environment:checking '/home/mr_ray/bumperbot_ws/install/bumperbot_bringup/lib/pkgconfig/bumperbot_bringup.pc'
[1.679s] Level 1:colcon.colcon_core.environment:checking '/home/mr_ray/bumperbot_ws/install/bumperbot_bringup/lib/python3.10/site-packages'
[1.680s] Level 1:colcon.colcon_core.environment:checking '/home/mr_ray/bumperbot_ws/install/bumperbot_bringup/bin'
[1.681s] INFO:colcon.colcon_core.shell:Creating package script '/home/mr_ray/bumperbot_ws/install/bumperbot_bringup/share/bumperbot_bringup/package.ps1'
[1.683s] INFO:colcon.colcon_core.shell:Creating package descriptor '/home/mr_ray/bumperbot_ws/install/bumperbot_bringup/share/bumperbot_bringup/package.dsv'
[1.684s] INFO:colcon.colcon_core.shell:Creating package script '/home/mr_ray/bumperbot_ws/install/bumperbot_bringup/share/bumperbot_bringup/package.sh'
[1.686s] INFO:colcon.colcon_core.shell:Creating package script '/home/mr_ray/bumperbot_ws/install/bumperbot_bringup/share/bumperbot_bringup/package.bash'
[1.688s] INFO:colcon.colcon_core.shell:Creating package script '/home/mr_ray/bumperbot_ws/install/bumperbot_bringup/share/bumperbot_bringup/package.zsh'
[1.689s] Level 1:colcon.colcon_core.environment:create_file_with_runtime_dependencies(/home/mr_ray/bumperbot_ws/install/bumperbot_bringup/share/colcon-core/packages/bumperbot_bringup)
[1.719s] Level 1:colcon.colcon_core.environment:create_environment_scripts_only(bumperbot_description)
[1.720s] Level 1:colcon.colcon_core.environment:checking '/home/mr_ray/bumperbot_ws/install/bumperbot_description' for CMake module files
[1.721s] Level 1:colcon.colcon_core.environment:checking '/home/mr_ray/bumperbot_ws/install/bumperbot_description' for CMake config files
[1.722s] Level 1:colcon.colcon_core.shell:create_environment_hook('bumperbot_description', 'cmake_prefix_path')
[1.723s] INFO:colcon.colcon_core.shell:Creating environment hook '/home/mr_ray/bumperbot_ws/install/bumperbot_description/share/bumperbot_description/hook/cmake_prefix_path.ps1'
[1.724s] INFO:colcon.colcon_core.shell:Creating environment descriptor '/home/mr_ray/bumperbot_ws/install/bumperbot_description/share/bumperbot_description/hook/cmake_prefix_path.dsv'
[1.724s] INFO:colcon.colcon_core.shell:Creating environment hook '/home/mr_ray/bumperbot_ws/install/bumperbot_description/share/bumperbot_description/hook/cmake_prefix_path.sh'
[1.725s] Level 1:colcon.colcon_core.environment:checking '/home/mr_ray/bumperbot_ws/install/bumperbot_description/bin'
[1.725s] Level 1:colcon.colcon_core.environment:checking '/home/mr_ray/bumperbot_ws/install/bumperbot_description/lib/pkgconfig/bumperbot_description.pc'
[1.726s] Level 1:colcon.colcon_core.environment:checking '/home/mr_ray/bumperbot_ws/install/bumperbot_description/lib/python3.10/site-packages'
[1.726s] Level 1:colcon.colcon_core.environment:checking '/home/mr_ray/bumperbot_ws/install/bumperbot_description/bin'
[1.726s] INFO:colcon.colcon_core.shell:Creating package script '/home/mr_ray/bumperbot_ws/install/bumperbot_description/share/bumperbot_description/package.ps1'
[1.727s] INFO:colcon.colcon_core.shell:Creating package descriptor '/home/mr_ray/bumperbot_ws/install/bumperbot_description/share/bumperbot_description/package.dsv'
[1.728s] INFO:colcon.colcon_core.shell:Creating package script '/home/mr_ray/bumperbot_ws/install/bumperbot_description/share/bumperbot_description/package.sh'
[1.729s] INFO:colcon.colcon_core.shell:Creating package script '/home/mr_ray/bumperbot_ws/install/bumperbot_description/share/bumperbot_description/package.bash'
[1.730s] INFO:colcon.colcon_core.shell:Creating package script '/home/mr_ray/bumperbot_ws/install/bumperbot_description/share/bumperbot_description/package.zsh'
[1.730s] Level 1:colcon.colcon_core.environment:create_file_with_runtime_dependencies(/home/mr_ray/bumperbot_ws/install/bumperbot_description/share/colcon-core/packages/bumperbot_description)
[1.736s] Level 1:colcon.colcon_core.environment:create_environment_scripts_only(bumperbot_bringup)
[1.736s] Level 1:colcon.colcon_core.environment:checking '/home/mr_ray/bumperbot_ws/install/bumperbot_bringup' for CMake module files
[1.737s] DEBUG:colcon.colcon_core.event_handler.log_command:Invoked command in '/home/mr_ray/bumperbot_ws/build/bumperbot_controller' returned '0': CMAKE_PREFIX_PATH=${CMAKE_PREFIX_PATH}:/home/mr_ray/bumperbot_ws/install/bumperbot_py_example:/opt/ros/humble /usr/bin/cmake --build /home/mr_ray/bumperbot_ws/build/bumperbot_controller -- -j8 -l8
[1.738s] Level 1:colcon.colcon_core.environment:checking '/home/mr_ray/bumperbot_ws/install/bumperbot_bringup' for CMake config files
[1.738s] Level 1:colcon.colcon_core.shell:create_environment_hook('bumperbot_bringup', 'cmake_prefix_path')
[1.739s] INFO:colcon.colcon_core.shell:Creating environment hook '/home/mr_ray/bumperbot_ws/install/bumperbot_bringup/share/bumperbot_bringup/hook/cmake_prefix_path.ps1'
[1.740s] INFO:colcon.colcon_core.shell:Creating environment descriptor '/home/mr_ray/bumperbot_ws/install/bumperbot_bringup/share/bumperbot_bringup/hook/cmake_prefix_path.dsv'
[1.740s] INFO:colcon.colcon_core.shell:Creating environment hook '/home/mr_ray/bumperbot_ws/install/bumperbot_bringup/share/bumperbot_bringup/hook/cmake_prefix_path.sh'
[1.741s] Level 1:colcon.colcon_core.environment:checking '/home/mr_ray/bumperbot_ws/install/bumperbot_bringup/bin'
[1.741s] Level 1:colcon.colcon_core.environment:checking '/home/mr_ray/bumperbot_ws/install/bumperbot_bringup/lib/pkgconfig/bumperbot_bringup.pc'
[1.742s] Level 1:colcon.colcon_core.environment:checking '/home/mr_ray/bumperbot_ws/install/bumperbot_bringup/lib/python3.10/site-packages'
[1.742s] Level 1:colcon.colcon_core.environment:checking '/home/mr_ray/bumperbot_ws/install/bumperbot_bringup/bin'
[1.742s] INFO:colcon.colcon_core.shell:Creating package script '/home/mr_ray/bumperbot_ws/install/bumperbot_bringup/share/bumperbot_bringup/package.ps1'
[1.743s] INFO:colcon.colcon_core.shell:Creating package descriptor '/home/mr_ray/bumperbot_ws/install/bumperbot_bringup/share/bumperbot_bringup/package.dsv'
[1.744s] INFO:colcon.colcon_core.shell:Creating package script '/home/mr_ray/bumperbot_ws/install/bumperbot_bringup/share/bumperbot_bringup/package.sh'
[1.745s] INFO:colcon.colcon_core.shell:Creating package script '/home/mr_ray/bumperbot_ws/install/bumperbot_bringup/share/bumperbot_bringup/package.bash'
[1.745s] INFO:colcon.colcon_core.shell:Creating package script '/home/mr_ray/bumperbot_ws/install/bumperbot_bringup/share/bumperbot_bringup/package.zsh'
[1.746s] Level 1:colcon.colcon_core.environment:create_file_with_runtime_dependencies(/home/mr_ray/bumperbot_ws/install/bumperbot_bringup/share/colcon-core/packages/bumperbot_bringup)
[1.755s] DEBUG:colcon.colcon_core.event_handler.log_command:Invoked command in '/home/mr_ray/bumperbot_ws/build/bumperbot_msgs' returned '0': CMAKE_PREFIX_PATH=${CMAKE_PREFIX_PATH}:/home/mr_ray/bumperbot_ws/install/bumperbot_py_example:/opt/ros/humble /usr/bin/cmake --build /home/mr_ray/bumperbot_ws/build/bumperbot_msgs -- -j8 -l8
[1.756s] DEBUG:colcon.colcon_core.event_handler.log_command:Invoked command in '/home/mr_ray/bumperbot_ws/build/bumperbot_firmware' returned '0': CMAKE_PREFIX_PATH=${CMAKE_PREFIX_PATH}:/home/mr_ray/bumperbot_ws/install/bumperbot_py_example:/opt/ros/humble /usr/bin/cmake --build /home/mr_ray/bumperbot_ws/build/bumperbot_firmware -- -j8 -l8
[1.827s] DEBUG:colcon.colcon_core.event_handler.log_command:Invoking command in '/home/mr_ray/bumperbot_ws/build/bumperbot_controller': CMAKE_PREFIX_PATH=${CMAKE_PREFIX_PATH}:/home/mr_ray/bumperbot_ws/install/bumperbot_py_example:/opt/ros/humble /usr/bin/cmake --install /home/mr_ray/bumperbot_ws/build/bumperbot_controller
[1.850s] DEBUG:colcon.colcon_core.event_handler.log_command:Invoking command in '/home/mr_ray/bumperbot_ws/build/bumperbot_firmware': CMAKE_PREFIX_PATH=${CMAKE_PREFIX_PATH}:/home/mr_ray/bumperbot_ws/install/bumperbot_py_example:/opt/ros/humble /usr/bin/cmake --install /home/mr_ray/bumperbot_ws/build/bumperbot_firmware
[1.927s] Level 1:colcon.colcon_core.environment:create_environment_scripts_only(bumperbot_controller)
[1.928s] Level 1:colcon.colcon_core.environment:checking '/home/mr_ray/bumperbot_ws/install/bumperbot_controller' for CMake module files
[1.929s] DEBUG:colcon.colcon_core.event_handler.log_command:Invoked command in '/home/mr_ray/bumperbot_ws/build/bumperbot_controller' returned '0': CMAKE_PREFIX_PATH=${CMAKE_PREFIX_PATH}:/home/mr_ray/bumperbot_ws/install/bumperbot_py_example:/opt/ros/humble /usr/bin/cmake --install /home/mr_ray/bumperbot_ws/build/bumperbot_controller
[1.930s] Level 1:colcon.colcon_core.environment:checking '/home/mr_ray/bumperbot_ws/install/bumperbot_controller' for CMake config files
[1.932s] Level 1:colcon.colcon_core.shell:create_environment_hook('bumperbot_controller', 'cmake_prefix_path')
[1.933s] INFO:colcon.colcon_core.shell:Creating environment hook '/home/mr_ray/bumperbot_ws/install/bumperbot_controller/share/bumperbot_controller/hook/cmake_prefix_path.ps1'
[1.934s] INFO:colcon.colcon_core.shell:Creating environment descriptor '/home/mr_ray/bumperbot_ws/install/bumperbot_controller/share/bumperbot_controller/hook/cmake_prefix_path.dsv'
[1.934s] INFO:colcon.colcon_core.shell:Creating environment hook '/home/mr_ray/bumperbot_ws/install/bumperbot_controller/share/bumperbot_controller/hook/cmake_prefix_path.sh'
[1.936s] Level 1:colcon.colcon_core.environment:checking '/home/mr_ray/bumperbot_ws/install/bumperbot_controller/lib'
[1.937s] Level 1:colcon.colcon_core.environment:checking '/home/mr_ray/bumperbot_ws/install/bumperbot_controller/bin'
[1.937s] Level 1:colcon.colcon_core.environment:checking '/home/mr_ray/bumperbot_ws/install/bumperbot_controller/lib/pkgconfig/bumperbot_controller.pc'
[1.938s] Level 1:colcon.colcon_core.environment:checking '/home/mr_ray/bumperbot_ws/install/bumperbot_controller/lib/python3.10/site-packages'
[1.939s] Level 1:colcon.colcon_core.environment:checking '/home/mr_ray/bumperbot_ws/install/bumperbot_controller/bin'
[1.939s] INFO:colcon.colcon_core.shell:Creating package script '/home/mr_ray/bumperbot_ws/install/bumperbot_controller/share/bumperbot_controller/package.ps1'
[1.941s] INFO:colcon.colcon_core.shell:Creating package descriptor '/home/mr_ray/bumperbot_ws/install/bumperbot_controller/share/bumperbot_controller/package.dsv'
[1.941s] INFO:colcon.colcon_core.shell:Creating package script '/home/mr_ray/bumperbot_ws/install/bumperbot_controller/share/bumperbot_controller/package.sh'
[1.942s] INFO:colcon.colcon_core.shell:Creating package script '/home/mr_ray/bumperbot_ws/install/bumperbot_controller/share/bumperbot_controller/package.bash'
[1.944s] INFO:colcon.colcon_core.shell:Creating package script '/home/mr_ray/bumperbot_ws/install/bumperbot_controller/share/bumperbot_controller/package.zsh'
[1.945s] Level 1:colcon.colcon_core.environment:create_file_with_runtime_dependencies(/home/mr_ray/bumperbot_ws/install/bumperbot_controller/share/colcon-core/packages/bumperbot_controller)
[1.953s] Level 1:colcon.colcon_core.environment:create_environment_scripts_only(bumperbot_firmware)
[1.954s] Level 1:colcon.colcon_core.environment:checking '/home/mr_ray/bumperbot_ws/install/bumperbot_firmware' for CMake module files
[1.955s] DEBUG:colcon.colcon_core.event_handler.log_command:Invoked command in '/home/mr_ray/bumperbot_ws/build/bumperbot_firmware' returned '0': CMAKE_PREFIX_PATH=${CMAKE_PREFIX_PATH}:/home/mr_ray/bumperbot_ws/install/bumperbot_py_example:/opt/ros/humble /usr/bin/cmake --install /home/mr_ray/bumperbot_ws/build/bumperbot_firmware
[1.956s] Level 1:colcon.colcon_core.environment:checking '/home/mr_ray/bumperbot_ws/install/bumperbot_firmware' for CMake config files
[1.958s] Level 1:colcon.colcon_core.shell:create_environment_hook('bumperbot_firmware', 'cmake_prefix_path')
[1.958s] INFO:colcon.colcon_core.shell:Creating environment hook '/home/mr_ray/bumperbot_ws/install/bumperbot_firmware/share/bumperbot_firmware/hook/cmake_prefix_path.ps1'
[1.959s] INFO:colcon.colcon_core.shell:Creating environment descriptor '/home/mr_ray/bumperbot_ws/install/bumperbot_firmware/share/bumperbot_firmware/hook/cmake_prefix_path.dsv'
[1.960s] INFO:colcon.colcon_core.shell:Creating environment hook '/home/mr_ray/bumperbot_ws/install/bumperbot_firmware/share/bumperbot_firmware/hook/cmake_prefix_path.sh'
[1.961s] Level 1:colcon.colcon_core.environment:checking '/home/mr_ray/bumperbot_ws/install/bumperbot_firmware/lib'
[1.961s] Level 1:colcon.colcon_core.environment:checking '/home/mr_ray/bumperbot_ws/install/bumperbot_firmware/bin'
[1.961s] Level 1:colcon.colcon_core.environment:checking '/home/mr_ray/bumperbot_ws/install/bumperbot_firmware/lib/pkgconfig/bumperbot_firmware.pc'
[1.961s] Level 1:colcon.colcon_core.environment:checking '/home/mr_ray/bumperbot_ws/install/bumperbot_firmware/lib/python3.10/site-packages'
[1.962s] Level 1:colcon.colcon_core.environment:checking '/home/mr_ray/bumperbot_ws/install/bumperbot_firmware/bin'
[1.962s] INFO:colcon.colcon_core.shell:Creating package script '/home/mr_ray/bumperbot_ws/install/bumperbot_firmware/share/bumperbot_firmware/package.ps1'
[1.963s] INFO:colcon.colcon_core.shell:Creating package descriptor '/home/mr_ray/bumperbot_ws/install/bumperbot_firmware/share/bumperbot_firmware/package.dsv'
[1.964s] INFO:colcon.colcon_core.shell:Creating package script '/home/mr_ray/bumperbot_ws/install/bumperbot_firmware/share/bumperbot_firmware/package.sh'
[1.965s] INFO:colcon.colcon_core.shell:Creating package script '/home/mr_ray/bumperbot_ws/install/bumperbot_firmware/share/bumperbot_firmware/package.bash'
[1.966s] INFO:colcon.colcon_core.shell:Creating package script '/home/mr_ray/bumperbot_ws/install/bumperbot_firmware/share/bumperbot_firmware/package.zsh'
[1.966s] Level 1:colcon.colcon_core.environment:create_file_with_runtime_dependencies(/home/mr_ray/bumperbot_ws/install/bumperbot_firmware/share/colcon-core/packages/bumperbot_firmware)
[1.971s] DEBUG:colcon.colcon_core.event_handler.log_command:Invoking command in '/home/mr_ray/bumperbot_ws/build/bumperbot_msgs': CMAKE_PREFIX_PATH=${CMAKE_PREFIX_PATH}:/home/mr_ray/bumperbot_ws/install/bumperbot_py_example:/opt/ros/humble /usr/bin/cmake --install /home/mr_ray/bumperbot_ws/build/bumperbot_msgs
[1.997s] Level 1:colcon.colcon_core.environment:create_environment_scripts_only(bumperbot_controller)
[1.998s] Level 1:colcon.colcon_core.environment:checking '/home/mr_ray/bumperbot_ws/install/bumperbot_controller' for CMake module files
[2.006s] Level 1:colcon.colcon_core.environment:checking '/home/mr_ray/bumperbot_ws/install/bumperbot_controller' for CMake config files
[2.008s] Level 1:colcon.colcon_core.shell:create_environment_hook('bumperbot_controller', 'cmake_prefix_path')
[2.009s] INFO:colcon.colcon_core.shell:Creating environment hook '/home/mr_ray/bumperbot_ws/install/bumperbot_controller/share/bumperbot_controller/hook/cmake_prefix_path.ps1'
[2.010s] INFO:colcon.colcon_core.shell:Creating environment descriptor '/home/mr_ray/bumperbot_ws/install/bumperbot_controller/share/bumperbot_controller/hook/cmake_prefix_path.dsv'
[2.010s] INFO:colcon.colcon_core.shell:Creating environment hook '/home/mr_ray/bumperbot_ws/install/bumperbot_controller/share/bumperbot_controller/hook/cmake_prefix_path.sh'
[2.011s] Level 1:colcon.colcon_core.environment:checking '/home/mr_ray/bumperbot_ws/install/bumperbot_controller/lib'
[2.011s] Level 1:colcon.colcon_core.environment:checking '/home/mr_ray/bumperbot_ws/install/bumperbot_controller/bin'
[2.011s] Level 1:colcon.colcon_core.environment:checking '/home/mr_ray/bumperbot_ws/install/bumperbot_controller/lib/pkgconfig/bumperbot_controller.pc'
[2.012s] Level 1:colcon.colcon_core.environment:checking '/home/mr_ray/bumperbot_ws/install/bumperbot_controller/lib/python3.10/site-packages'
[2.012s] Level 1:colcon.colcon_core.environment:checking '/home/mr_ray/bumperbot_ws/install/bumperbot_controller/bin'
[2.013s] INFO:colcon.colcon_core.shell:Creating package script '/home/mr_ray/bumperbot_ws/install/bumperbot_controller/share/bumperbot_controller/package.ps1'
[2.013s] INFO:colcon.colcon_core.shell:Creating package descriptor '/home/mr_ray/bumperbot_ws/install/bumperbot_controller/share/bumperbot_controller/package.dsv'
[2.014s] INFO:colcon.colcon_core.shell:Creating package script '/home/mr_ray/bumperbot_ws/install/bumperbot_controller/share/bumperbot_controller/package.sh'
[2.015s] INFO:colcon.colcon_core.shell:Creating package script '/home/mr_ray/bumperbot_ws/install/bumperbot_controller/share/bumperbot_controller/package.bash'
[2.016s] INFO:colcon.colcon_core.shell:Creating package script '/home/mr_ray/bumperbot_ws/install/bumperbot_controller/share/bumperbot_controller/package.zsh'
[2.017s] Level 1:colcon.colcon_core.environment:create_file_with_runtime_dependencies(/home/mr_ray/bumperbot_ws/install/bumperbot_controller/share/colcon-core/packages/bumperbot_controller)
[2.034s] Level 1:colcon.colcon_core.environment:create_environment_scripts_only(bumperbot_firmware)
[2.034s] Level 1:colcon.colcon_core.environment:checking '/home/mr_ray/bumperbot_ws/install/bumperbot_firmware' for CMake module files
[2.035s] Level 1:colcon.colcon_core.environment:checking '/home/mr_ray/bumperbot_ws/install/bumperbot_firmware' for CMake config files
[2.036s] Level 1:colcon.colcon_core.shell:create_environment_hook('bumperbot_firmware', 'cmake_prefix_path')
[2.037s] INFO:colcon.colcon_core.shell:Creating environment hook '/home/mr_ray/bumperbot_ws/install/bumperbot_firmware/share/bumperbot_firmware/hook/cmake_prefix_path.ps1'
[2.038s] INFO:colcon.colcon_core.shell:Creating environment descriptor '/home/mr_ray/bumperbot_ws/install/bumperbot_firmware/share/bumperbot_firmware/hook/cmake_prefix_path.dsv'
[2.038s] INFO:colcon.colcon_core.shell:Creating environment hook '/home/mr_ray/bumperbot_ws/install/bumperbot_firmware/share/bumperbot_firmware/hook/cmake_prefix_path.sh'
[2.039s] Level 1:colcon.colcon_core.environment:checking '/home/mr_ray/bumperbot_ws/install/bumperbot_firmware/lib'
[2.040s] Level 1:colcon.colcon_core.environment:checking '/home/mr_ray/bumperbot_ws/install/bumperbot_firmware/bin'
[2.040s] Level 1:colcon.colcon_core.environment:checking '/home/mr_ray/bumperbot_ws/install/bumperbot_firmware/lib/pkgconfig/bumperbot_firmware.pc'
[2.040s] Level 1:colcon.colcon_core.environment:checking '/home/mr_ray/bumperbot_ws/install/bumperbot_firmware/lib/python3.10/site-packages'
[2.040s] Level 1:colcon.colcon_core.environment:checking '/home/mr_ray/bumperbot_ws/install/bumperbot_firmware/bin'
[2.041s] INFO:colcon.colcon_core.shell:Creating package script '/home/mr_ray/bumperbot_ws/install/bumperbot_firmware/share/bumperbot_firmware/package.ps1'
[2.042s] INFO:colcon.colcon_core.shell:Creating package descriptor '/home/mr_ray/bumperbot_ws/install/bumperbot_firmware/share/bumperbot_firmware/package.dsv'
[2.043s] INFO:colcon.colcon_core.shell:Creating package script '/home/mr_ray/bumperbot_ws/install/bumperbot_firmware/share/bumperbot_firmware/package.sh'
[2.044s] INFO:colcon.colcon_core.shell:Creating package script '/home/mr_ray/bumperbot_ws/install/bumperbot_firmware/share/bumperbot_firmware/package.bash'
[2.045s] INFO:colcon.colcon_core.shell:Creating package script '/home/mr_ray/bumperbot_ws/install/bumperbot_firmware/share/bumperbot_firmware/package.zsh'
[2.046s] Level 1:colcon.colcon_core.environment:create_file_with_runtime_dependencies(/home/mr_ray/bumperbot_ws/install/bumperbot_firmware/share/colcon-core/packages/bumperbot_firmware)
[2.090s] Level 1:colcon.colcon_core.environment:create_environment_scripts_only(bumperbot_msgs)
[2.090s] DEBUG:colcon.colcon_core.event_handler.log_command:Invoked command in '/home/mr_ray/bumperbot_ws/build/bumperbot_msgs' returned '0': CMAKE_PREFIX_PATH=${CMAKE_PREFIX_PATH}:/home/mr_ray/bumperbot_ws/install/bumperbot_py_example:/opt/ros/humble /usr/bin/cmake --install /home/mr_ray/bumperbot_ws/build/bumperbot_msgs
[2.091s] Level 1:colcon.colcon_core.environment:checking '/home/mr_ray/bumperbot_ws/install/bumperbot_msgs' for CMake module files
[2.093s] Level 1:colcon.colcon_core.environment:checking '/home/mr_ray/bumperbot_ws/install/bumperbot_msgs' for CMake config files
[2.094s] Level 1:colcon.colcon_core.shell:create_environment_hook('bumperbot_msgs', 'cmake_prefix_path')
[2.095s] INFO:colcon.colcon_core.shell:Creating environment hook '/home/mr_ray/bumperbot_ws/install/bumperbot_msgs/share/bumperbot_msgs/hook/cmake_prefix_path.ps1'
[2.096s] INFO:colcon.colcon_core.shell:Creating environment descriptor '/home/mr_ray/bumperbot_ws/install/bumperbot_msgs/share/bumperbot_msgs/hook/cmake_prefix_path.dsv'
[2.096s] INFO:colcon.colcon_core.shell:Creating environment hook '/home/mr_ray/bumperbot_ws/install/bumperbot_msgs/share/bumperbot_msgs/hook/cmake_prefix_path.sh'
[2.097s] Level 1:colcon.colcon_core.environment:checking '/home/mr_ray/bumperbot_ws/install/bumperbot_msgs/lib'
[2.097s] Level 1:colcon.colcon_core.shell:create_environment_hook('bumperbot_msgs', 'ld_library_path_lib')
[2.098s] INFO:colcon.colcon_core.shell:Creating environment hook '/home/mr_ray/bumperbot_ws/install/bumperbot_msgs/share/bumperbot_msgs/hook/ld_library_path_lib.ps1'
[2.099s] INFO:colcon.colcon_core.shell:Creating environment descriptor '/home/mr_ray/bumperbot_ws/install/bumperbot_msgs/share/bumperbot_msgs/hook/ld_library_path_lib.dsv'
[2.099s] INFO:colcon.colcon_core.shell:Creating environment hook '/home/mr_ray/bumperbot_ws/install/bumperbot_msgs/share/bumperbot_msgs/hook/ld_library_path_lib.sh'
[2.100s] Level 1:colcon.colcon_core.environment:checking '/home/mr_ray/bumperbot_ws/install/bumperbot_msgs/bin'
[2.100s] Level 1:colcon.colcon_core.environment:checking '/home/mr_ray/bumperbot_ws/install/bumperbot_msgs/lib/pkgconfig/bumperbot_msgs.pc'
[2.100s] Level 1:colcon.colcon_core.environment:checking '/home/mr_ray/bumperbot_ws/install/bumperbot_msgs/lib/python3.10/site-packages'
[2.100s] Level 1:colcon.colcon_core.environment:checking '/home/mr_ray/bumperbot_ws/install/bumperbot_msgs/bin'
[2.101s] INFO:colcon.colcon_core.shell:Creating package script '/home/mr_ray/bumperbot_ws/install/bumperbot_msgs/share/bumperbot_msgs/package.ps1'
[2.102s] INFO:colcon.colcon_core.shell:Creating package descriptor '/home/mr_ray/bumperbot_ws/install/bumperbot_msgs/share/bumperbot_msgs/package.dsv'
[2.103s] INFO:colcon.colcon_core.shell:Creating package script '/home/mr_ray/bumperbot_ws/install/bumperbot_msgs/share/bumperbot_msgs/package.sh'
[2.103s] INFO:colcon.colcon_core.shell:Creating package script '/home/mr_ray/bumperbot_ws/install/bumperbot_msgs/share/bumperbot_msgs/package.bash'
[2.104s] INFO:colcon.colcon_core.shell:Creating package script '/home/mr_ray/bumperbot_ws/install/bumperbot_msgs/share/bumperbot_msgs/package.zsh'
[2.105s] Level 1:colcon.colcon_core.environment:create_file_with_runtime_dependencies(/home/mr_ray/bumperbot_ws/install/bumperbot_msgs/share/colcon-core/packages/bumperbot_msgs)
[2.261s] Level 1:colcon.colcon_core.environment:create_environment_scripts_only(bumperbot_msgs)
[2.261s] Level 1:colcon.colcon_core.environment:checking '/home/mr_ray/bumperbot_ws/install/bumperbot_msgs' for CMake module files
[2.262s] Level 1:colcon.colcon_core.environment:checking '/home/mr_ray/bumperbot_ws/install/bumperbot_msgs' for CMake config files
[2.263s] Level 1:colcon.colcon_core.shell:create_environment_hook('bumperbot_msgs', 'cmake_prefix_path')
[2.263s] INFO:colcon.colcon_core.shell:Creating environment hook '/home/mr_ray/bumperbot_ws/install/bumperbot_msgs/share/bumperbot_msgs/hook/cmake_prefix_path.ps1'
[2.264s] INFO:colcon.colcon_core.shell:Creating environment descriptor '/home/mr_ray/bumperbot_ws/install/bumperbot_msgs/share/bumperbot_msgs/hook/cmake_prefix_path.dsv'
[2.264s] INFO:colcon.colcon_core.shell:Creating environment hook '/home/mr_ray/bumperbot_ws/install/bumperbot_msgs/share/bumperbot_msgs/hook/cmake_prefix_path.sh'
[2.265s] Level 1:colcon.colcon_core.environment:checking '/home/mr_ray/bumperbot_ws/install/bumperbot_msgs/lib'
[2.265s] Level 1:colcon.colcon_core.shell:create_environment_hook('bumperbot_msgs', 'ld_library_path_lib')
[2.266s] INFO:colcon.colcon_core.shell:Creating environment hook '/home/mr_ray/bumperbot_ws/install/bumperbot_msgs/share/bumperbot_msgs/hook/ld_library_path_lib.ps1'
[2.266s] INFO:colcon.colcon_core.shell:Creating environment descriptor '/home/mr_ray/bumperbot_ws/install/bumperbot_msgs/share/bumperbot_msgs/hook/ld_library_path_lib.dsv'
[2.267s] INFO:colcon.colcon_core.shell:Creating environment hook '/home/mr_ray/bumperbot_ws/install/bumperbot_msgs/share/bumperbot_msgs/hook/ld_library_path_lib.sh'
[2.267s] Level 1:colcon.colcon_core.environment:checking '/home/mr_ray/bumperbot_ws/install/bumperbot_msgs/bin'
[2.267s] Level 1:colcon.colcon_core.environment:checking '/home/mr_ray/bumperbot_ws/install/bumperbot_msgs/lib/pkgconfig/bumperbot_msgs.pc'
[2.268s] Level 1:colcon.colcon_core.environment:checking '/home/mr_ray/bumperbot_ws/install/bumperbot_msgs/lib/python3.10/site-packages'
[2.268s] Level 1:colcon.colcon_core.environment:checking '/home/mr_ray/bumperbot_ws/install/bumperbot_msgs/bin'
[2.269s] INFO:colcon.colcon_core.shell:Creating package script '/home/mr_ray/bumperbot_ws/install/bumperbot_msgs/share/bumperbot_msgs/package.ps1'
[2.269s] INFO:colcon.colcon_core.shell:Creating package descriptor '/home/mr_ray/bumperbot_ws/install/bumperbot_msgs/share/bumperbot_msgs/package.dsv'
[2.270s] INFO:colcon.colcon_core.shell:Creating package script '/home/mr_ray/bumperbot_ws/install/bumperbot_msgs/share/bumperbot_msgs/package.sh'
[2.271s] INFO:colcon.colcon_core.shell:Creating package script '/home/mr_ray/bumperbot_ws/install/bumperbot_msgs/share/bumperbot_msgs/package.bash'
[2.272s] INFO:colcon.colcon_core.shell:Creating package script '/home/mr_ray/bumperbot_ws/install/bumperbot_msgs/share/bumperbot_msgs/package.zsh'
[2.272s] Level 1:colcon.colcon_core.environment:create_file_with_runtime_dependencies(/home/mr_ray/bumperbot_ws/install/bumperbot_msgs/share/colcon-core/packages/bumperbot_msgs)
[2.273s] INFO:colcon.colcon_ros.task.ament_cmake.build:Building ROS package in '/home/mr_ray/bumperbot_ws/src/bumperbot_cpp_example' with build type 'ament_cmake'
[2.273s] INFO:colcon.colcon_cmake.task.cmake.build:Building CMake package in '/home/mr_ray/bumperbot_ws/src/bumperbot_cpp_example'
[2.274s] INFO:colcon.colcon_core.shell:Skip shell extension 'powershell' for command environment: Not usable outside of PowerShell
[2.274s] DEBUG:colcon.colcon_core.shell:Skip shell extension 'dsv' for command environment
[2.298s] DEBUG:colcon.colcon_core.event_handler.log_command:Invoking command in '/home/mr_ray/bumperbot_ws/build/bumperbot_cpp_example': CMAKE_PREFIX_PATH=/home/mr_ray/bumperbot_ws/install/bumperbot_msgs:/home/mr_ray/bumperbot_ws/install/bumperbot_cpp_example:/home/mr_ray/bumperbot_ws/install/bumperbot_firmware:/home/mr_ray/bumperbot_ws/install/bumperbot_description:/home/mr_ray/bumperbot_ws/install/bumperbot_controller:/home/mr_ray/bumperbot_ws/install/bumperbot_bringup:/home/mr_ray/bumperbot_ws/install/bumperbot_py_example:/opt/ros/humble /usr/bin/cmake --build /home/mr_ray/bumperbot_ws/build/bumperbot_cpp_example -- -j8 -l8
[2.410s] DEBUG:colcon.colcon_core.event_handler.log_command:Invoking command in '/home/mr_ray/bumperbot_ws/src/bumperbot_py_example': PYTHONPATH=/home/mr_ray/bumperbot_ws/build/bumperbot_py_example/prefix_override:/home/mr_ray/bumperbot_ws/install/bumperbot_py_example/lib/python3.10/site-packages:${PYTHONPATH} /usr/bin/python3 -W ignore:setup.py install is deprecated setup.py egg_info --egg-base ../../build/bumperbot_py_example build --build-base /home/mr_ray/bumperbot_ws/build/bumperbot_py_example/build install --record /home/mr_ray/bumperbot_ws/build/bumperbot_py_example/install.log --single-version-externally-managed install_data
[2.477s] DEBUG:colcon.colcon_core.event_handler.log_command:Invoked command in '/home/mr_ray/bumperbot_ws/build/bumperbot_cpp_example' returned '0': CMAKE_PREFIX_PATH=/home/mr_ray/bumperbot_ws/install/bumperbot_msgs:/home/mr_ray/bumperbot_ws/install/bumperbot_cpp_example:/home/mr_ray/bumperbot_ws/install/bumperbot_firmware:/home/mr_ray/bumperbot_ws/install/bumperbot_description:/home/mr_ray/bumperbot_ws/install/bumperbot_controller:/home/mr_ray/bumperbot_ws/install/bumperbot_bringup:/home/mr_ray/bumperbot_ws/install/bumperbot_py_example:/opt/ros/humble /usr/bin/cmake --build /home/mr_ray/bumperbot_ws/build/bumperbot_cpp_example -- -j8 -l8
[2.572s] DEBUG:colcon.colcon_core.event_handler.log_command:Invoking command in '/home/mr_ray/bumperbot_ws/build/bumperbot_cpp_example': CMAKE_PREFIX_PATH=/home/mr_ray/bumperbot_ws/install/bumperbot_msgs:/home/mr_ray/bumperbot_ws/install/bumperbot_cpp_example:/home/mr_ray/bumperbot_ws/install/bumperbot_firmware:/home/mr_ray/bumperbot_ws/install/bumperbot_description:/home/mr_ray/bumperbot_ws/install/bumperbot_controller:/home/mr_ray/bumperbot_ws/install/bumperbot_bringup:/home/mr_ray/bumperbot_ws/install/bumperbot_py_example:/opt/ros/humble /usr/bin/cmake --install /home/mr_ray/bumperbot_ws/build/bumperbot_cpp_example
[2.609s] Level 1:colcon.colcon_core.environment:create_environment_scripts_only(bumperbot_cpp_example)
[2.609s] Level 1:colcon.colcon_core.environment:checking '/home/mr_ray/bumperbot_ws/install/bumperbot_cpp_example' for CMake module files
[2.610s] DEBUG:colcon.colcon_core.event_handler.log_command:Invoked command in '/home/mr_ray/bumperbot_ws/build/bumperbot_cpp_example' returned '0': CMAKE_PREFIX_PATH=/home/mr_ray/bumperbot_ws/install/bumperbot_msgs:/home/mr_ray/bumperbot_ws/install/bumperbot_cpp_example:/home/mr_ray/bumperbot_ws/install/bumperbot_firmware:/home/mr_ray/bumperbot_ws/install/bumperbot_description:/home/mr_ray/bumperbot_ws/install/bumperbot_controller:/home/mr_ray/bumperbot_ws/install/bumperbot_bringup:/home/mr_ray/bumperbot_ws/install/bumperbot_py_example:/opt/ros/humble /usr/bin/cmake --install /home/mr_ray/bumperbot_ws/build/bumperbot_cpp_example
[2.610s] Level 1:colcon.colcon_core.environment:checking '/home/mr_ray/bumperbot_ws/install/bumperbot_cpp_example' for CMake config files
[2.611s] Level 1:colcon.colcon_core.shell:create_environment_hook('bumperbot_cpp_example', 'cmake_prefix_path')
[2.611s] INFO:colcon.colcon_core.shell:Creating environment hook '/home/mr_ray/bumperbot_ws/install/bumperbot_cpp_example/share/bumperbot_cpp_example/hook/cmake_prefix_path.ps1'
[2.612s] INFO:colcon.colcon_core.shell:Creating environment descriptor '/home/mr_ray/bumperbot_ws/install/bumperbot_cpp_example/share/bumperbot_cpp_example/hook/cmake_prefix_path.dsv'
[2.612s] INFO:colcon.colcon_core.shell:Creating environment hook '/home/mr_ray/bumperbot_ws/install/bumperbot_cpp_example/share/bumperbot_cpp_example/hook/cmake_prefix_path.sh'
[2.613s] Level 1:colcon.colcon_core.environment:checking '/home/mr_ray/bumperbot_ws/install/bumperbot_cpp_example/lib'
[2.613s] Level 1:colcon.colcon_core.environment:checking '/home/mr_ray/bumperbot_ws/install/bumperbot_cpp_example/bin'
[2.613s] Level 1:colcon.colcon_core.environment:checking '/home/mr_ray/bumperbot_ws/install/bumperbot_cpp_example/lib/pkgconfig/bumperbot_cpp_example.pc'
[2.614s] Level 1:colcon.colcon_core.environment:checking '/home/mr_ray/bumperbot_ws/install/bumperbot_cpp_example/lib/python3.10/site-packages'
[2.614s] Level 1:colcon.colcon_core.environment:checking '/home/mr_ray/bumperbot_ws/install/bumperbot_cpp_example/bin'
[2.614s] INFO:colcon.colcon_core.shell:Creating package script '/home/mr_ray/bumperbot_ws/install/bumperbot_cpp_example/share/bumperbot_cpp_example/package.ps1'
[2.615s] INFO:colcon.colcon_core.shell:Creating package descriptor '/home/mr_ray/bumperbot_ws/install/bumperbot_cpp_example/share/bumperbot_cpp_example/package.dsv'
[2.615s] INFO:colcon.colcon_core.shell:Creating package script '/home/mr_ray/bumperbot_ws/install/bumperbot_cpp_example/share/bumperbot_cpp_example/package.sh'
[2.616s] INFO:colcon.colcon_core.shell:Creating package script '/home/mr_ray/bumperbot_ws/install/bumperbot_cpp_example/share/bumperbot_cpp_example/package.bash'
[2.616s] INFO:colcon.colcon_core.shell:Creating package script '/home/mr_ray/bumperbot_ws/install/bumperbot_cpp_example/share/bumperbot_cpp_example/package.zsh'
[2.617s] Level 1:colcon.colcon_core.environment:create_file_with_runtime_dependencies(/home/mr_ray/bumperbot_ws/install/bumperbot_cpp_example/share/colcon-core/packages/bumperbot_cpp_example)
[2.705s] Level 1:colcon.colcon_core.environment:create_environment_scripts_only(bumperbot_cpp_example)
[2.705s] Level 1:colcon.colcon_core.environment:checking '/home/mr_ray/bumperbot_ws/install/bumperbot_cpp_example' for CMake module files
[2.706s] Level 1:colcon.colcon_core.environment:checking '/home/mr_ray/bumperbot_ws/install/bumperbot_cpp_example' for CMake config files
[2.707s] Level 1:colcon.colcon_core.shell:create_environment_hook('bumperbot_cpp_example', 'cmake_prefix_path')
[2.707s] INFO:colcon.colcon_core.shell:Creating environment hook '/home/mr_ray/bumperbot_ws/install/bumperbot_cpp_example/share/bumperbot_cpp_example/hook/cmake_prefix_path.ps1'
[2.708s] INFO:colcon.colcon_core.shell:Creating environment descriptor '/home/mr_ray/bumperbot_ws/install/bumperbot_cpp_example/share/bumperbot_cpp_example/hook/cmake_prefix_path.dsv'
[2.708s] INFO:colcon.colcon_core.shell:Creating environment hook '/home/mr_ray/bumperbot_ws/install/bumperbot_cpp_example/share/bumperbot_cpp_example/hook/cmake_prefix_path.sh'
[2.709s] Level 1:colcon.colcon_core.environment:checking '/home/mr_ray/bumperbot_ws/install/bumperbot_cpp_example/lib'
[2.709s] Level 1:colcon.colcon_core.environment:checking '/home/mr_ray/bumperbot_ws/install/bumperbot_cpp_example/bin'
[2.709s] Level 1:colcon.colcon_core.environment:checking '/home/mr_ray/bumperbot_ws/install/bumperbot_cpp_example/lib/pkgconfig/bumperbot_cpp_example.pc'
[2.710s] Level 1:colcon.colcon_core.environment:checking '/home/mr_ray/bumperbot_ws/install/bumperbot_cpp_example/lib/python3.10/site-packages'
[2.710s] Level 1:colcon.colcon_core.environment:checking '/home/mr_ray/bumperbot_ws/install/bumperbot_cpp_example/bin'
[2.710s] INFO:colcon.colcon_core.shell:Creating package script '/home/mr_ray/bumperbot_ws/install/bumperbot_cpp_example/share/bumperbot_cpp_example/package.ps1'
[2.711s] INFO:colcon.colcon_core.shell:Creating package descriptor '/home/mr_ray/bumperbot_ws/install/bumperbot_cpp_example/share/bumperbot_cpp_example/package.dsv'
[2.712s] INFO:colcon.colcon_core.shell:Creating package script '/home/mr_ray/bumperbot_ws/install/bumperbot_cpp_example/share/bumperbot_cpp_example/package.sh'
[2.713s] INFO:colcon.colcon_core.shell:Creating package script '/home/mr_ray/bumperbot_ws/install/bumperbot_cpp_example/share/bumperbot_cpp_example/package.bash'
[2.714s] INFO:colcon.colcon_core.shell:Creating package script '/home/mr_ray/bumperbot_ws/install/bumperbot_cpp_example/share/bumperbot_cpp_example/package.zsh'
[2.715s] Level 1:colcon.colcon_core.environment:create_file_with_runtime_dependencies(/home/mr_ray/bumperbot_ws/install/bumperbot_cpp_example/share/colcon-core/packages/bumperbot_cpp_example)
[2.862s] Level 1:colcon.colcon_core.environment:checking '/home/mr_ray/bumperbot_ws/install/bumperbot_py_example' for CMake module files
[2.863s] DEBUG:colcon.colcon_core.event_handler.log_command:Invoked command in '/home/mr_ray/bumperbot_ws/src/bumperbot_py_example' returned '0': PYTHONPATH=/home/mr_ray/bumperbot_ws/build/bumperbot_py_example/prefix_override:/home/mr_ray/bumperbot_ws/install/bumperbot_py_example/lib/python3.10/site-packages:${PYTHONPATH} /usr/bin/python3 -W ignore:setup.py install is deprecated setup.py egg_info --egg-base ../../build/bumperbot_py_example build --build-base /home/mr_ray/bumperbot_ws/build/bumperbot_py_example/build install --record /home/mr_ray/bumperbot_ws/build/bumperbot_py_example/install.log --single-version-externally-managed install_data
[2.864s] Level 1:colcon.colcon_core.environment:checking '/home/mr_ray/bumperbot_ws/install/bumperbot_py_example' for CMake config files
[2.865s] Level 1:colcon.colcon_core.environment:checking '/home/mr_ray/bumperbot_ws/install/bumperbot_py_example/lib'
[2.866s] Level 1:colcon.colcon_core.environment:checking '/home/mr_ray/bumperbot_ws/install/bumperbot_py_example/bin'
[2.866s] Level 1:colcon.colcon_core.environment:checking '/home/mr_ray/bumperbot_ws/install/bumperbot_py_example/lib/pkgconfig/bumperbot_py_example.pc'
[2.866s] Level 1:colcon.colcon_core.environment:checking '/home/mr_ray/bumperbot_ws/install/bumperbot_py_example/lib/python3.10/site-packages'
[2.866s] Level 1:colcon.colcon_core.shell:create_environment_hook('bumperbot_py_example', 'pythonpath')
[2.866s] INFO:colcon.colcon_core.shell:Creating environment hook '/home/mr_ray/bumperbot_ws/install/bumperbot_py_example/share/bumperbot_py_example/hook/pythonpath.ps1'
[2.867s] INFO:colcon.colcon_core.shell:Creating environment descriptor '/home/mr_ray/bumperbot_ws/install/bumperbot_py_example/share/bumperbot_py_example/hook/pythonpath.dsv'
[2.867s] INFO:colcon.colcon_core.shell:Creating environment hook '/home/mr_ray/bumperbot_ws/install/bumperbot_py_example/share/bumperbot_py_example/hook/pythonpath.sh'
[2.868s] Level 1:colcon.colcon_core.environment:checking '/home/mr_ray/bumperbot_ws/install/bumperbot_py_example/bin'
[2.868s] Level 1:colcon.colcon_core.environment:create_environment_scripts_only(bumperbot_py_example)
[2.868s] INFO:colcon.colcon_core.shell:Creating package script '/home/mr_ray/bumperbot_ws/install/bumperbot_py_example/share/bumperbot_py_example/package.ps1'
[2.869s] INFO:colcon.colcon_core.shell:Creating package descriptor '/home/mr_ray/bumperbot_ws/install/bumperbot_py_example/share/bumperbot_py_example/package.dsv'
[2.869s] INFO:colcon.colcon_core.shell:Creating package script '/home/mr_ray/bumperbot_ws/install/bumperbot_py_example/share/bumperbot_py_example/package.sh'
[2.870s] INFO:colcon.colcon_core.shell:Creating package script '/home/mr_ray/bumperbot_ws/install/bumperbot_py_example/share/bumperbot_py_example/package.bash'
[2.870s] INFO:colcon.colcon_core.shell:Creating package script '/home/mr_ray/bumperbot_ws/install/bumperbot_py_example/share/bumperbot_py_example/package.zsh'
[2.870s] Level 1:colcon.colcon_core.environment:create_file_with_runtime_dependencies(/home/mr_ray/bumperbot_ws/install/bumperbot_py_example/share/colcon-core/packages/bumperbot_py_example)
[2.871s] DEBUG:colcon.colcon_parallel_executor.executor.parallel:closing loop
[2.871s] DEBUG:colcon.colcon_parallel_executor.executor.parallel:loop closed
[2.871s] DEBUG:colcon.colcon_parallel_executor.executor.parallel:run_until_complete finished with '0'
[2.871s] DEBUG:colcon.colcon_core.event_reactor:joining thread
[2.887s] INFO:colcon.colcon_core.plugin_system:Skipping extension 'colcon_notification.desktop_notification.terminal_notifier': Not used on non-Darwin systems
[2.887s] INFO:colcon.colcon_core.plugin_system:Skipping extension 'colcon_notification.desktop_notification.win32': Not used on non-Windows systems
[2.887s] INFO:colcon.colcon_notification.desktop_notification:Sending desktop notification using 'notify2'
[2.904s] DEBUG:colcon.colcon_core.event_reactor:joined thread
[2.904s] INFO:colcon.colcon_core.shell:Creating prefix script '/home/mr_ray/bumperbot_ws/install/local_setup.ps1'
[2.906s] INFO:colcon.colcon_core.shell:Creating prefix util module '/home/mr_ray/bumperbot_ws/install/_local_setup_util_ps1.py'
[2.910s] INFO:colcon.colcon_core.shell:Creating prefix chain script '/home/mr_ray/bumperbot_ws/install/setup.ps1'
[2.913s] INFO:colcon.colcon_core.shell:Creating prefix script '/home/mr_ray/bumperbot_ws/install/local_setup.sh'
[2.914s] INFO:colcon.colcon_core.shell:Creating prefix util module '/home/mr_ray/bumperbot_ws/install/_local_setup_util_sh.py'
[2.915s] INFO:colcon.colcon_core.shell:Creating prefix chain script '/home/mr_ray/bumperbot_ws/install/setup.sh'
[2.917s] INFO:colcon.colcon_core.shell:Creating prefix script '/home/mr_ray/bumperbot_ws/install/local_setup.bash'
[2.918s] INFO:colcon.colcon_core.shell:Creating prefix chain script '/home/mr_ray/bumperbot_ws/install/setup.bash'
[2.920s] INFO:colcon.colcon_core.shell:Creating prefix script '/home/mr_ray/bumperbot_ws/install/local_setup.zsh'
[2.921s] INFO:colcon.colcon_core.shell:Creating prefix chain script '/home/mr_ray/bumperbot_ws/install/setup.zsh'
