[0.046s] Invoking command in '/home/mr_ray/bumperbot_ws/build/bumperbot_firmware': CMAKE_PREFIX_PATH=${CMAKE_PREFIX_PATH}:/home/mr_ray/bumperbot_ws/install/bumperbot_py_example:/opt/ros/humble /usr/bin/cmake --build /home/mr_ray/bumperbot_ws/build/bumperbot_firmware -- -j8 -l8
[0.139s] [35m[1mConsolidate compiler generated dependencies of target bumperbot_firmware[0m
[0.172s] [ 33%] Built target simple_serial_reciever
[0.181s] [ 33%] Built target ament_cmake_python_copy_bumperbot_firmware
[0.190s] [ 66%] Built target bumperbot_firmware
[0.198s] [100%] Built target simple_serial_transmitter
[0.708s] running egg_info
[0.709s] writing bumperbot_firmware.egg-info/PKG-INFO
[0.712s] writing dependency_links to bumperbot_firmware.egg-info/dependency_links.txt
[0.712s] writing top-level names to bumperbot_firmware.egg-info/top_level.txt
[0.716s] reading manifest file 'bumperbot_firmware.egg-info/SOURCES.txt'
[0.717s] writing manifest file 'bumperbot_firmware.egg-info/SOURCES.txt'
[0.785s] [100%] Built target ament_cmake_python_build_bumperbot_firmware_egg
[0.805s] Invoked command in '/home/mr_ray/bumperbot_ws/build/bumperbot_firmware' returned '0': CMAKE_PREFIX_PATH=${CMAKE_PREFIX_PATH}:/home/mr_ray/bumperbot_ws/install/bumperbot_py_example:/opt/ros/humble /usr/bin/cmake --build /home/mr_ray/bumperbot_ws/build/bumperbot_firmware -- -j8 -l8
[0.868s] Invoking command in '/home/mr_ray/bumperbot_ws/build/bumperbot_firmware': CMAKE_PREFIX_PATH=${CMAKE_PREFIX_PATH}:/home/mr_ray/bumperbot_ws/install/bumperbot_py_example:/opt/ros/humble /usr/bin/cmake --install /home/mr_ray/bumperbot_ws/build/bumperbot_firmware
[0.880s] -- Install configuration: ""
[0.880s] -- Up-to-date: /home/mr_ray/bumperbot_ws/install/bumperbot_firmware/share/bumperbot_firmware/environment/pythonpath.sh
[0.880s] -- Up-to-date: /home/mr_ray/bumperbot_ws/install/bumperbot_firmware/share/bumperbot_firmware/environment/pythonpath.dsv
[0.880s] -- Up-to-date: /home/mr_ray/bumperbot_ws/install/bumperbot_firmware/local/lib/python3.10/dist-packages/bumperbot_firmware-0.0.0-py3.10.egg-info
[0.881s] -- Installing: /home/mr_ray/bumperbot_ws/install/bumperbot_firmware/local/lib/python3.10/dist-packages/bumperbot_firmware-0.0.0-py3.10.egg-info/PKG-INFO
[0.881s] -- Installing: /home/mr_ray/bumperbot_ws/install/bumperbot_firmware/local/lib/python3.10/dist-packages/bumperbot_firmware-0.0.0-py3.10.egg-info/SOURCES.txt
[0.881s] -- Installing: /home/mr_ray/bumperbot_ws/install/bumperbot_firmware/local/lib/python3.10/dist-packages/bumperbot_firmware-0.0.0-py3.10.egg-info/top_level.txt
[0.881s] -- Installing: /home/mr_ray/bumperbot_ws/install/bumperbot_firmware/local/lib/python3.10/dist-packages/bumperbot_firmware-0.0.0-py3.10.egg-info/dependency_links.txt
[0.881s] -- Up-to-date: /home/mr_ray/bumperbot_ws/install/bumperbot_firmware/local/lib/python3.10/dist-packages/bumperbot_firmware
[0.882s] -- Up-to-date: /home/mr_ray/bumperbot_ws/install/bumperbot_firmware/local/lib/python3.10/dist-packages/bumperbot_firmware/simple_serial_reciever.py
[0.882s] -- Up-to-date: /home/mr_ray/bumperbot_ws/install/bumperbot_firmware/local/lib/python3.10/dist-packages/bumperbot_firmware/simple_serial_transmitter.py
[0.882s] -- Up-to-date: /home/mr_ray/bumperbot_ws/install/bumperbot_firmware/local/lib/python3.10/dist-packages/bumperbot_firmware/__init__.py
[0.935s] Listing '/home/mr_ray/bumperbot_ws/install/bumperbot_firmware/local/lib/python3.10/dist-packages/bumperbot_firmware'...
[0.945s] -- Up-to-date: /home/mr_ray/bumperbot_ws/install/bumperbot_firmware/share/bumperbot_firmware/bumperbot_interface.xml
[0.945s] -- Up-to-date: /home/mr_ray/bumperbot_ws/install/bumperbot_firmware/lib/libbumperbot_firmware.so
[0.945s] -- Up-to-date: /home/mr_ray/bumperbot_ws/install/bumperbot_firmware/include/include
[0.946s] -- Up-to-date: /home/mr_ray/bumperbot_ws/install/bumperbot_firmware/include/include/bumperbot_firmware
[0.946s] -- Up-to-date: /home/mr_ray/bumperbot_ws/install/bumperbot_firmware/include/include/bumperbot_firmware/bumperbot_interface.hpp
[0.946s] -- Up-to-date: /home/mr_ray/bumperbot_ws/install/bumperbot_firmware/share/bumperbot_firmware/launch
[0.946s] -- Up-to-date: /home/mr_ray/bumperbot_ws/install/bumperbot_firmware/share/bumperbot_firmware/launch/hardware_interface.launch.py
[0.946s] -- Up-to-date: /home/mr_ray/bumperbot_ws/install/bumperbot_firmware/lib/bumperbot_firmware/simple_serial_transmitter
[0.947s] -- Up-to-date: /home/mr_ray/bumperbot_ws/install/bumperbot_firmware/lib/bumperbot_firmware/simple_serial_reciever
[0.947s] -- Up-to-date: /home/mr_ray/bumperbot_ws/install/bumperbot_firmware/lib/bumperbot_firmware/simple_serial_transmitter.py
[0.947s] -- Up-to-date: /home/mr_ray/bumperbot_ws/install/bumperbot_firmware/lib/bumperbot_firmware/simple_serial_reciever.py
[0.947s] -- Up-to-date: /home/mr_ray/bumperbot_ws/install/bumperbot_firmware/share/bumperbot_firmware/environment/library_path.sh
[0.947s] -- Up-to-date: /home/mr_ray/bumperbot_ws/install/bumperbot_firmware/share/bumperbot_firmware/environment/library_path.dsv
[0.948s] -- Up-to-date: /home/mr_ray/bumperbot_ws/install/bumperbot_firmware/share/ament_index/resource_index/package_run_dependencies/bumperbot_firmware
[0.948s] -- Up-to-date: /home/mr_ray/bumperbot_ws/install/bumperbot_firmware/share/ament_index/resource_index/parent_prefix_path/bumperbot_firmware
[0.949s] -- Up-to-date: /home/mr_ray/bumperbot_ws/install/bumperbot_firmware/share/bumperbot_firmware/environment/ament_prefix_path.sh
[0.949s] -- Up-to-date: /home/mr_ray/bumperbot_ws/install/bumperbot_firmware/share/bumperbot_firmware/environment/ament_prefix_path.dsv
[0.949s] -- Up-to-date: /home/mr_ray/bumperbot_ws/install/bumperbot_firmware/share/bumperbot_firmware/environment/path.sh
[0.949s] -- Up-to-date: /home/mr_ray/bumperbot_ws/install/bumperbot_firmware/share/bumperbot_firmware/environment/path.dsv
[0.949s] -- Up-to-date: /home/mr_ray/bumperbot_ws/install/bumperbot_firmware/share/bumperbot_firmware/local_setup.bash
[0.949s] -- Up-to-date: /home/mr_ray/bumperbot_ws/install/bumperbot_firmware/share/bumperbot_firmware/local_setup.sh
[0.949s] -- Up-to-date: /home/mr_ray/bumperbot_ws/install/bumperbot_firmware/share/bumperbot_firmware/local_setup.zsh
[0.950s] -- Up-to-date: /home/mr_ray/bumperbot_ws/install/bumperbot_firmware/share/bumperbot_firmware/local_setup.dsv
[0.950s] -- Installing: /home/mr_ray/bumperbot_ws/install/bumperbot_firmware/share/bumperbot_firmware/package.dsv
[0.950s] -- Up-to-date: /home/mr_ray/bumperbot_ws/install/bumperbot_firmware/share/ament_index/resource_index/packages/bumperbot_firmware
[0.950s] -- Up-to-date: /home/mr_ray/bumperbot_ws/install/bumperbot_firmware/share/ament_index/resource_index/hardware_interface__pluginlib__plugin/bumperbot_firmware
[0.950s] -- Up-to-date: /home/mr_ray/bumperbot_ws/install/bumperbot_firmware/share/bumperbot_firmware/cmake/ament_cmake_export_include_directories-extras.cmake
[0.950s] -- Up-to-date: /home/mr_ray/bumperbot_ws/install/bumperbot_firmware/share/bumperbot_firmware/cmake/ament_cmake_export_libraries-extras.cmake
[0.950s] -- Up-to-date: /home/mr_ray/bumperbot_ws/install/bumperbot_firmware/share/bumperbot_firmware/cmake/ament_cmake_export_dependencies-extras.cmake
[0.951s] -- Up-to-date: /home/mr_ray/bumperbot_ws/install/bumperbot_firmware/share/bumperbot_firmware/cmake/bumperbot_firmwareConfig.cmake
[0.951s] -- Up-to-date: /home/mr_ray/bumperbot_ws/install/bumperbot_firmware/share/bumperbot_firmware/cmake/bumperbot_firmwareConfig-version.cmake
[0.951s] -- Up-to-date: /home/mr_ray/bumperbot_ws/install/bumperbot_firmware/share/bumperbot_firmware/package.xml
[0.954s] Invoked command in '/home/mr_ray/bumperbot_ws/build/bumperbot_firmware' returned '0': CMAKE_PREFIX_PATH=${CMAKE_PREFIX_PATH}:/home/mr_ray/bumperbot_ws/install/bumperbot_py_example:/opt/ros/humble /usr/bin/cmake --install /home/mr_ray/bumperbot_ws/build/bumperbot_firmware
