[0.066s] Invoking command in '/home/mr_ray/bumperbot_ws/build/bumperbot_firmware': CMAKE_PREFIX_PATH=${CMAKE_PREFIX_PATH}:/home/mr_ray/bumperbot_ws/install/bumperbot_py_example:/opt/ros/humble /usr/bin/cmake --build /home/mr_ray/bumperbot_ws/build/bumperbot_firmware -- -j8 -l8
[0.309s] [ 33%] Built target bumperbot_firmware
[0.316s] [ 66%] Built target simple_serial_transmitter
[0.353s] [ 66%] Built target ament_cmake_python_copy_bumperbot_firmware
[0.365s] [100%] Built target simple_serial_reciever
[0.960s] running egg_info
[0.961s] writing bumperbot_firmware.egg-info/PKG-INFO
[0.962s] writing dependency_links to bumperbot_firmware.egg-info/dependency_links.txt
[0.962s] writing top-level names to bumperbot_firmware.egg-info/top_level.txt
[0.967s] reading manifest file 'bumperbot_firmware.egg-info/SOURCES.txt'
[0.971s] writing manifest file 'bumperbot_firmware.egg-info/SOURCES.txt'
[1.050s] [100%] Built target ament_cmake_python_build_bumperbot_firmware_egg
[1.082s] Invoked command in '/home/mr_ray/bumperbot_ws/build/bumperbot_firmware' returned '0': CMAKE_PREFIX_PATH=${CMAKE_PREFIX_PATH}:/home/mr_ray/bumperbot_ws/install/bumperbot_py_example:/opt/ros/humble /usr/bin/cmake --build /home/mr_ray/bumperbot_ws/build/bumperbot_firmware -- -j8 -l8
[1.182s] Invoking command in '/home/mr_ray/bumperbot_ws/build/bumperbot_firmware': CMAKE_PREFIX_PATH=${CMAKE_PREFIX_PATH}:/home/mr_ray/bumperbot_ws/install/bumperbot_py_example:/opt/ros/humble /usr/bin/cmake --install /home/mr_ray/bumperbot_ws/build/bumperbot_firmware
[1.204s] -- Install configuration: ""
[1.205s] -- Up-to-date: /home/mr_ray/bumperbot_ws/install/bumperbot_firmware/share/bumperbot_firmware/environment/pythonpath.sh
[1.207s] -- Up-to-date: /home/mr_ray/bumperbot_ws/install/bumperbot_firmware/share/bumperbot_firmware/environment/pythonpath.dsv
[1.208s] -- Up-to-date: /home/mr_ray/bumperbot_ws/install/bumperbot_firmware/local/lib/python3.10/dist-packages/bumperbot_firmware-0.0.0-py3.10.egg-info
[1.210s] -- Installing: /home/mr_ray/bumperbot_ws/install/bumperbot_firmware/local/lib/python3.10/dist-packages/bumperbot_firmware-0.0.0-py3.10.egg-info/PKG-INFO
[1.211s] -- Installing: /home/mr_ray/bumperbot_ws/install/bumperbot_firmware/local/lib/python3.10/dist-packages/bumperbot_firmware-0.0.0-py3.10.egg-info/SOURCES.txt
[1.212s] -- Installing: /home/mr_ray/bumperbot_ws/install/bumperbot_firmware/local/lib/python3.10/dist-packages/bumperbot_firmware-0.0.0-py3.10.egg-info/top_level.txt
[1.213s] -- Installing: /home/mr_ray/bumperbot_ws/install/bumperbot_firmware/local/lib/python3.10/dist-packages/bumperbot_firmware-0.0.0-py3.10.egg-info/dependency_links.txt
[1.214s] -- Up-to-date: /home/mr_ray/bumperbot_ws/install/bumperbot_firmware/local/lib/python3.10/dist-packages/bumperbot_firmware
[1.214s] -- Up-to-date: /home/mr_ray/bumperbot_ws/install/bumperbot_firmware/local/lib/python3.10/dist-packages/bumperbot_firmware/simple_serial_reciever.py
[1.215s] -- Up-to-date: /home/mr_ray/bumperbot_ws/install/bumperbot_firmware/local/lib/python3.10/dist-packages/bumperbot_firmware/simple_serial_transmitter.py
[1.215s] -- Up-to-date: /home/mr_ray/bumperbot_ws/install/bumperbot_firmware/local/lib/python3.10/dist-packages/bumperbot_firmware/__init__.py
[1.287s] Listing '/home/mr_ray/bumperbot_ws/install/bumperbot_firmware/local/lib/python3.10/dist-packages/bumperbot_firmware'...
[1.296s] -- Up-to-date: /home/mr_ray/bumperbot_ws/install/bumperbot_firmware/share/bumperbot_firmware/bumperbot_interface.xml
[1.296s] -- Up-to-date: /home/mr_ray/bumperbot_ws/install/bumperbot_firmware/lib/libbumperbot_firmware.a
[1.297s] -- Up-to-date: /home/mr_ray/bumperbot_ws/install/bumperbot_firmware/include/include
[1.297s] -- Up-to-date: /home/mr_ray/bumperbot_ws/install/bumperbot_firmware/include/include/bumperbot_firmware
[1.297s] -- Up-to-date: /home/mr_ray/bumperbot_ws/install/bumperbot_firmware/include/include/bumperbot_firmware/bumperbot_interface.hpp
[1.297s] -- Up-to-date: /home/mr_ray/bumperbot_ws/install/bumperbot_firmware/share/bumperbot_firmware/launch
[1.297s] -- Installing: /home/mr_ray/bumperbot_ws/install/bumperbot_firmware/share/bumperbot_firmware/launch/hardware_interface.launch.py
[1.297s] -- Up-to-date: /home/mr_ray/bumperbot_ws/install/bumperbot_firmware/lib/bumperbot_firmware/simple_serial_transmitter
[1.298s] -- Up-to-date: /home/mr_ray/bumperbot_ws/install/bumperbot_firmware/lib/bumperbot_firmware/simple_serial_reciever
[1.298s] -- Up-to-date: /home/mr_ray/bumperbot_ws/install/bumperbot_firmware/lib/bumperbot_firmware/simple_serial_transmitter.py
[1.298s] -- Up-to-date: /home/mr_ray/bumperbot_ws/install/bumperbot_firmware/lib/bumperbot_firmware/simple_serial_reciever.py
[1.298s] -- Up-to-date: /home/mr_ray/bumperbot_ws/install/bumperbot_firmware/share/bumperbot_firmware/environment/library_path.sh
[1.298s] -- Up-to-date: /home/mr_ray/bumperbot_ws/install/bumperbot_firmware/share/bumperbot_firmware/environment/library_path.dsv
[1.299s] -- Up-to-date: /home/mr_ray/bumperbot_ws/install/bumperbot_firmware/share/ament_index/resource_index/package_run_dependencies/bumperbot_firmware
[1.301s] -- Up-to-date: /home/mr_ray/bumperbot_ws/install/bumperbot_firmware/share/ament_index/resource_index/parent_prefix_path/bumperbot_firmware
[1.302s] -- Up-to-date: /home/mr_ray/bumperbot_ws/install/bumperbot_firmware/share/bumperbot_firmware/environment/ament_prefix_path.sh
[1.305s] -- Up-to-date: /home/mr_ray/bumperbot_ws/install/bumperbot_firmware/share/bumperbot_firmware/environment/ament_prefix_path.dsv
[1.305s] -- Up-to-date: /home/mr_ray/bumperbot_ws/install/bumperbot_firmware/share/bumperbot_firmware/environment/path.sh
[1.305s] -- Up-to-date: /home/mr_ray/bumperbot_ws/install/bumperbot_firmware/share/bumperbot_firmware/environment/path.dsv
[1.306s] -- Up-to-date: /home/mr_ray/bumperbot_ws/install/bumperbot_firmware/share/bumperbot_firmware/local_setup.bash
[1.306s] -- Up-to-date: /home/mr_ray/bumperbot_ws/install/bumperbot_firmware/share/bumperbot_firmware/local_setup.sh
[1.308s] -- Up-to-date: /home/mr_ray/bumperbot_ws/install/bumperbot_firmware/share/bumperbot_firmware/local_setup.zsh
[1.309s] -- Up-to-date: /home/mr_ray/bumperbot_ws/install/bumperbot_firmware/share/bumperbot_firmware/local_setup.dsv
[1.309s] -- Installing: /home/mr_ray/bumperbot_ws/install/bumperbot_firmware/share/bumperbot_firmware/package.dsv
[1.309s] -- Up-to-date: /home/mr_ray/bumperbot_ws/install/bumperbot_firmware/share/ament_index/resource_index/packages/bumperbot_firmware
[1.310s] -- Up-to-date: /home/mr_ray/bumperbot_ws/install/bumperbot_firmware/share/ament_index/resource_index/hardware_interface__pluginlib__plugin/bumperbot_firmware
[1.310s] -- Up-to-date: /home/mr_ray/bumperbot_ws/install/bumperbot_firmware/share/bumperbot_firmware/cmake/ament_cmake_export_include_directories-extras.cmake
[1.310s] -- Up-to-date: /home/mr_ray/bumperbot_ws/install/bumperbot_firmware/share/bumperbot_firmware/cmake/ament_cmake_export_libraries-extras.cmake
[1.310s] -- Up-to-date: /home/mr_ray/bumperbot_ws/install/bumperbot_firmware/share/bumperbot_firmware/cmake/ament_cmake_export_dependencies-extras.cmake
[1.310s] -- Up-to-date: /home/mr_ray/bumperbot_ws/install/bumperbot_firmware/share/bumperbot_firmware/cmake/bumperbot_firmwareConfig.cmake
[1.310s] -- Up-to-date: /home/mr_ray/bumperbot_ws/install/bumperbot_firmware/share/bumperbot_firmware/cmake/bumperbot_firmwareConfig-version.cmake
[1.310s] -- Up-to-date: /home/mr_ray/bumperbot_ws/install/bumperbot_firmware/share/bumperbot_firmware/package.xml
[1.333s] Invoked command in '/home/mr_ray/bumperbot_ws/build/bumperbot_firmware' returned '0': CMAKE_PREFIX_PATH=${CMAKE_PREFIX_PATH}:/home/mr_ray/bumperbot_ws/install/bumperbot_py_example:/opt/ros/humble /usr/bin/cmake --install /home/mr_ray/bumperbot_ws/build/bumperbot_firmware
