[0.040s] Invoking command in '/home/mr_ray/Desktop/bumperbot_ws/build/bumperbot_firmware': CMAKE_PREFIX_PATH=/opt/ros/humble /usr/bin/cmake --build /home/mr_ray/Desktop/bumperbot_ws/build/bumperbot_firmware -- -j8 -l8
[0.050s] [0mCMake Error: The current CMakeCache.txt directory /home/mr_ray/Desktop/bumperbot_ws/build/bumperbot_firmware/CMakeCache.txt is different than the directory /home/mr_ray/bumperbot_ws/build/bumperbot_firmware where CMakeCache.txt was created. This may result in binaries being created in the wrong place. If you are not sure, reedit the CMakeCache.txt[0m
[0.174s] [ 33%] Built target bumperbot_firmware
[0.188s] [ 66%] Built target simple_serial_reciever
[0.191s] [100%] Built target simple_serial_transmitter
[0.198s] [100%] Built target ament_cmake_python_copy_bumperbot_firmware
[0.652s] running egg_info
[0.655s] writing bumperbot_firmware.egg-info/PKG-INFO
[0.656s] writing dependency_links to bumperbot_firmware.egg-info/dependency_links.txt
[0.656s] writing top-level names to bumperbot_firmware.egg-info/top_level.txt
[0.665s] reading manifest file 'bumperbot_firmware.egg-info/SOURCES.txt'
[0.665s] writing manifest file 'bumperbot_firmware.egg-info/SOURCES.txt'
[0.734s] [100%] Built target ament_cmake_python_build_bumperbot_firmware_egg
[0.760s] Invoked command in '/home/mr_ray/Desktop/bumperbot_ws/build/bumperbot_firmware' returned '0': CMAKE_PREFIX_PATH=/opt/ros/humble /usr/bin/cmake --build /home/mr_ray/Desktop/bumperbot_ws/build/bumperbot_firmware -- -j8 -l8
[0.842s] Invoking command in '/home/mr_ray/Desktop/bumperbot_ws/build/bumperbot_firmware': CMAKE_PREFIX_PATH=/opt/ros/humble /usr/bin/cmake --install /home/mr_ray/Desktop/bumperbot_ws/build/bumperbot_firmware
[0.855s] -- Install configuration: ""
[0.856s] -- Up-to-date: /home/mr_ray/bumperbot_ws/install/bumperbot_firmware/share/bumperbot_firmware/environment/pythonpath.sh
[0.856s] -- Up-to-date: /home/mr_ray/bumperbot_ws/install/bumperbot_firmware/share/bumperbot_firmware/environment/pythonpath.dsv
[0.856s] -- Up-to-date: /home/mr_ray/bumperbot_ws/install/bumperbot_firmware/local/lib/python3.10/dist-packages/bumperbot_firmware-0.0.0-py3.10.egg-info
[0.856s] -- Installing: /home/mr_ray/bumperbot_ws/install/bumperbot_firmware/local/lib/python3.10/dist-packages/bumperbot_firmware-0.0.0-py3.10.egg-info/PKG-INFO
[0.857s] -- Installing: /home/mr_ray/bumperbot_ws/install/bumperbot_firmware/local/lib/python3.10/dist-packages/bumperbot_firmware-0.0.0-py3.10.egg-info/SOURCES.txt
[0.857s] -- Installing: /home/mr_ray/bumperbot_ws/install/bumperbot_firmware/local/lib/python3.10/dist-packages/bumperbot_firmware-0.0.0-py3.10.egg-info/top_level.txt
[0.857s] -- Installing: /home/mr_ray/bumperbot_ws/install/bumperbot_firmware/local/lib/python3.10/dist-packages/bumperbot_firmware-0.0.0-py3.10.egg-info/dependency_links.txt
[0.857s] -- Up-to-date: /home/mr_ray/bumperbot_ws/install/bumperbot_firmware/local/lib/python3.10/dist-packages/bumperbot_firmware
[0.858s] -- Up-to-date: /home/mr_ray/bumperbot_ws/install/bumperbot_firmware/local/lib/python3.10/dist-packages/bumperbot_firmware/simple_serial_reciever.py
[0.858s] -- Up-to-date: /home/mr_ray/bumperbot_ws/install/bumperbot_firmware/local/lib/python3.10/dist-packages/bumperbot_firmware/simple_serial_transmitter.py
[0.858s] -- Up-to-date: /home/mr_ray/bumperbot_ws/install/bumperbot_firmware/local/lib/python3.10/dist-packages/bumperbot_firmware/__init__.py
[0.909s] Listing '/home/mr_ray/bumperbot_ws/install/bumperbot_firmware/local/lib/python3.10/dist-packages/bumperbot_firmware'...
[0.922s] -- Up-to-date: /home/mr_ray/bumperbot_ws/install/bumperbot_firmware/share/bumperbot_firmware/bumperbot_interface.xml
[0.922s] -- Up-to-date: /home/mr_ray/bumperbot_ws/install/bumperbot_firmware/lib/libbumperbot_firmware.a
[0.923s] -- Up-to-date: /home/mr_ray/bumperbot_ws/install/bumperbot_firmware/include/include
[0.923s] -- Up-to-date: /home/mr_ray/bumperbot_ws/install/bumperbot_firmware/include/include/bumperbot_firmware
[0.924s] -- Up-to-date: /home/mr_ray/bumperbot_ws/install/bumperbot_firmware/include/include/bumperbot_firmware/bumperbot_interface.hpp
[0.924s] -- Up-to-date: /home/mr_ray/bumperbot_ws/install/bumperbot_firmware/share/bumperbot_firmware/launch
[0.924s] -- Up-to-date: /home/mr_ray/bumperbot_ws/install/bumperbot_firmware/share/bumperbot_firmware/launch/hardware_interface.launch.py
[0.925s] -- Up-to-date: /home/mr_ray/bumperbot_ws/install/bumperbot_firmware/lib/bumperbot_firmware/simple_serial_transmitter
[0.925s] -- Up-to-date: /home/mr_ray/bumperbot_ws/install/bumperbot_firmware/lib/bumperbot_firmware/simple_serial_reciever
[0.927s] -- Up-to-date: /home/mr_ray/bumperbot_ws/install/bumperbot_firmware/lib/bumperbot_firmware/simple_serial_transmitter.py
[0.929s] -- Up-to-date: /home/mr_ray/bumperbot_ws/install/bumperbot_firmware/lib/bumperbot_firmware/simple_serial_reciever.py
[0.930s] -- Up-to-date: /home/mr_ray/bumperbot_ws/install/bumperbot_firmware/share/bumperbot_firmware/environment/library_path.sh
[0.930s] -- Up-to-date: /home/mr_ray/bumperbot_ws/install/bumperbot_firmware/share/bumperbot_firmware/environment/library_path.dsv
[0.931s] -- Up-to-date: /home/mr_ray/bumperbot_ws/install/bumperbot_firmware/share/ament_index/resource_index/package_run_dependencies/bumperbot_firmware
[0.932s] -- Up-to-date: /home/mr_ray/bumperbot_ws/install/bumperbot_firmware/share/ament_index/resource_index/parent_prefix_path/bumperbot_firmware
[0.932s] -- Up-to-date: /home/mr_ray/bumperbot_ws/install/bumperbot_firmware/share/bumperbot_firmware/environment/ament_prefix_path.sh
[0.933s] -- Up-to-date: /home/mr_ray/bumperbot_ws/install/bumperbot_firmware/share/bumperbot_firmware/environment/ament_prefix_path.dsv
[0.934s] -- Up-to-date: /home/mr_ray/bumperbot_ws/install/bumperbot_firmware/share/bumperbot_firmware/environment/path.sh
[0.935s] -- Up-to-date: /home/mr_ray/bumperbot_ws/install/bumperbot_firmware/share/bumperbot_firmware/environment/path.dsv
[0.938s] -- Up-to-date: /home/mr_ray/bumperbot_ws/install/bumperbot_firmware/share/bumperbot_firmware/local_setup.bash
[0.939s] -- Up-to-date: /home/mr_ray/bumperbot_ws/install/bumperbot_firmware/share/bumperbot_firmware/local_setup.sh
[0.942s] -- Up-to-date: /home/mr_ray/bumperbot_ws/install/bumperbot_firmware/share/bumperbot_firmware/local_setup.zsh
[0.942s] -- Up-to-date: /home/mr_ray/bumperbot_ws/install/bumperbot_firmware/share/bumperbot_firmware/local_setup.dsv
[0.943s] -- Up-to-date: /home/mr_ray/bumperbot_ws/install/bumperbot_firmware/share/bumperbot_firmware/package.dsv
[0.943s] -- Up-to-date: /home/mr_ray/bumperbot_ws/install/bumperbot_firmware/share/ament_index/resource_index/packages/bumperbot_firmware
[0.944s] -- Up-to-date: /home/mr_ray/bumperbot_ws/install/bumperbot_firmware/share/ament_index/resource_index/hardware_interface__pluginlib__plugin/bumperbot_firmware
[0.944s] -- Up-to-date: /home/mr_ray/bumperbot_ws/install/bumperbot_firmware/share/bumperbot_firmware/cmake/ament_cmake_export_include_directories-extras.cmake
[0.945s] -- Up-to-date: /home/mr_ray/bumperbot_ws/install/bumperbot_firmware/share/bumperbot_firmware/cmake/ament_cmake_export_libraries-extras.cmake
[0.945s] -- Up-to-date: /home/mr_ray/bumperbot_ws/install/bumperbot_firmware/share/bumperbot_firmware/cmake/ament_cmake_export_dependencies-extras.cmake
[0.946s] -- Up-to-date: /home/mr_ray/bumperbot_ws/install/bumperbot_firmware/share/bumperbot_firmware/cmake/bumperbot_firmwareConfig.cmake
[0.946s] -- Up-to-date: /home/mr_ray/bumperbot_ws/install/bumperbot_firmware/share/bumperbot_firmware/cmake/bumperbot_firmwareConfig-version.cmake
[0.947s] -- Up-to-date: /home/mr_ray/bumperbot_ws/install/bumperbot_firmware/share/bumperbot_firmware/package.xml
[0.947s] Invoked command in '/home/mr_ray/Desktop/bumperbot_ws/build/bumperbot_firmware' returned '0': CMAKE_PREFIX_PATH=/opt/ros/humble /usr/bin/cmake --install /home/mr_ray/Desktop/bumperbot_ws/build/bumperbot_firmware
