[0.044s] Invoking command in '/home/mr_ray/bumperbot_ws/build/bumperbot_firmware': CMAKE_PREFIX_PATH=/opt/ros/humble /usr/bin/cmake --build /home/mr_ray/bumperbot_ws/build/bumperbot_firmware -- -j8 -l8
[0.136s] [35m[1mConsolidate compiler generated dependencies of target bumperbot_firmware[0m
[0.167s] [ 33%] Built target simple_serial_transmitter
[0.178s] [ 33%] Built target ament_cmake_python_copy_bumperbot_firmware
[0.181s] [ 66%] Built target simple_serial_reciever
[0.199s] [100%] Built target bumperbot_firmware
[0.639s] running egg_info
[0.641s] writing bumperbot_firmware.egg-info/PKG-INFO
[0.641s] writing dependency_links to bumperbot_firmware.egg-info/dependency_links.txt
[0.643s] writing top-level names to bumperbot_firmware.egg-info/top_level.txt
[0.648s] reading manifest file 'bumperbot_firmware.egg-info/SOURCES.txt'
[0.650s] writing manifest file 'bumperbot_firmware.egg-info/SOURCES.txt'
[0.724s] [100%] Built target ament_cmake_python_build_bumperbot_firmware_egg
[0.753s] Invoked command in '/home/mr_ray/bumperbot_ws/build/bumperbot_firmware' returned '0': CMAKE_PREFIX_PATH=/opt/ros/humble /usr/bin/cmake --build /home/mr_ray/bumperbot_ws/build/bumperbot_firmware -- -j8 -l8
[0.822s] Invoking command in '/home/mr_ray/bumperbot_ws/build/bumperbot_firmware': CMAKE_PREFIX_PATH=/opt/ros/humble /usr/bin/cmake --install /home/mr_ray/bumperbot_ws/build/bumperbot_firmware
[0.833s] -- Install configuration: ""
[0.833s] -- Installing: /home/mr_ray/bumperbot_ws/install/bumperbot_firmware/share/bumperbot_firmware/environment/pythonpath.sh
[0.834s] -- Installing: /home/mr_ray/bumperbot_ws/install/bumperbot_firmware/share/bumperbot_firmware/environment/pythonpath.dsv
[0.834s] -- Installing: /home/mr_ray/bumperbot_ws/install/bumperbot_firmware/local/lib/python3.10/dist-packages/bumperbot_firmware-0.0.0-py3.10.egg-info
[0.835s] -- Installing: /home/mr_ray/bumperbot_ws/install/bumperbot_firmware/local/lib/python3.10/dist-packages/bumperbot_firmware-0.0.0-py3.10.egg-info/PKG-INFO
[0.835s] -- Installing: /home/mr_ray/bumperbot_ws/install/bumperbot_firmware/local/lib/python3.10/dist-packages/bumperbot_firmware-0.0.0-py3.10.egg-info/SOURCES.txt
[0.835s] -- Installing: /home/mr_ray/bumperbot_ws/install/bumperbot_firmware/local/lib/python3.10/dist-packages/bumperbot_firmware-0.0.0-py3.10.egg-info/top_level.txt
[0.835s] -- Installing: /home/mr_ray/bumperbot_ws/install/bumperbot_firmware/local/lib/python3.10/dist-packages/bumperbot_firmware-0.0.0-py3.10.egg-info/dependency_links.txt
[0.836s] -- Installing: /home/mr_ray/bumperbot_ws/install/bumperbot_firmware/local/lib/python3.10/dist-packages/bumperbot_firmware
[0.836s] -- Installing: /home/mr_ray/bumperbot_ws/install/bumperbot_firmware/local/lib/python3.10/dist-packages/bumperbot_firmware/simple_serial_reciever.py
[0.837s] -- Installing: /home/mr_ray/bumperbot_ws/install/bumperbot_firmware/local/lib/python3.10/dist-packages/bumperbot_firmware/simple_serial_transmitter.py
[0.837s] -- Installing: /home/mr_ray/bumperbot_ws/install/bumperbot_firmware/local/lib/python3.10/dist-packages/bumperbot_firmware/__init__.py
[0.889s] Listing '/home/mr_ray/bumperbot_ws/install/bumperbot_firmware/local/lib/python3.10/dist-packages/bumperbot_firmware'...
[0.889s] Compiling '/home/mr_ray/bumperbot_ws/install/bumperbot_firmware/local/lib/python3.10/dist-packages/bumperbot_firmware/__init__.py'...
[0.889s] Compiling '/home/mr_ray/bumperbot_ws/install/bumperbot_firmware/local/lib/python3.10/dist-packages/bumperbot_firmware/simple_serial_reciever.py'...
[0.890s] Compiling '/home/mr_ray/bumperbot_ws/install/bumperbot_firmware/local/lib/python3.10/dist-packages/bumperbot_firmware/simple_serial_transmitter.py'...
[0.897s] -- Installing: /home/mr_ray/bumperbot_ws/install/bumperbot_firmware/share/bumperbot_firmware/bumperbot_interface.xml
[0.898s] -- Installing: /home/mr_ray/bumperbot_ws/install/bumperbot_firmware/lib/libbumperbot_firmware.a
[0.901s] -- Installing: /home/mr_ray/bumperbot_ws/install/bumperbot_firmware/include/include
[0.902s] -- Installing: /home/mr_ray/bumperbot_ws/install/bumperbot_firmware/include/include/bumperbot_firmware
[0.902s] -- Installing: /home/mr_ray/bumperbot_ws/install/bumperbot_firmware/include/include/bumperbot_firmware/bumperbot_interface.hpp
[0.903s] -- Installing: /home/mr_ray/bumperbot_ws/install/bumperbot_firmware/share/bumperbot_firmware/launch
[0.903s] -- Installing: /home/mr_ray/bumperbot_ws/install/bumperbot_firmware/share/bumperbot_firmware/launch/hardware_interface.launch.py
[0.903s] -- Installing: /home/mr_ray/bumperbot_ws/install/bumperbot_firmware/lib/bumperbot_firmware/simple_serial_transmitter
[0.913s] -- Set runtime path of "/home/mr_ray/bumperbot_ws/install/bumperbot_firmware/lib/bumperbot_firmware/simple_serial_transmitter" to ""
[0.913s] -- Installing: /home/mr_ray/bumperbot_ws/install/bumperbot_firmware/lib/bumperbot_firmware/simple_serial_reciever
[0.918s] -- Set runtime path of "/home/mr_ray/bumperbot_ws/install/bumperbot_firmware/lib/bumperbot_firmware/simple_serial_reciever" to ""
[0.918s] -- Installing: /home/mr_ray/bumperbot_ws/install/bumperbot_firmware/lib/bumperbot_firmware/simple_serial_transmitter.py
[0.918s] -- Installing: /home/mr_ray/bumperbot_ws/install/bumperbot_firmware/lib/bumperbot_firmware/simple_serial_reciever.py
[0.918s] -- Installing: /home/mr_ray/bumperbot_ws/install/bumperbot_firmware/share/bumperbot_firmware/environment/library_path.sh
[0.919s] -- Installing: /home/mr_ray/bumperbot_ws/install/bumperbot_firmware/share/bumperbot_firmware/environment/library_path.dsv
[0.919s] -- Installing: /home/mr_ray/bumperbot_ws/install/bumperbot_firmware/share/ament_index/resource_index/package_run_dependencies/bumperbot_firmware
[0.920s] -- Installing: /home/mr_ray/bumperbot_ws/install/bumperbot_firmware/share/ament_index/resource_index/parent_prefix_path/bumperbot_firmware
[0.920s] -- Installing: /home/mr_ray/bumperbot_ws/install/bumperbot_firmware/share/bumperbot_firmware/environment/ament_prefix_path.sh
[0.920s] -- Installing: /home/mr_ray/bumperbot_ws/install/bumperbot_firmware/share/bumperbot_firmware/environment/ament_prefix_path.dsv
[0.920s] -- Installing: /home/mr_ray/bumperbot_ws/install/bumperbot_firmware/share/bumperbot_firmware/environment/path.sh
[0.921s] -- Installing: /home/mr_ray/bumperbot_ws/install/bumperbot_firmware/share/bumperbot_firmware/environment/path.dsv
[0.921s] -- Installing: /home/mr_ray/bumperbot_ws/install/bumperbot_firmware/share/bumperbot_firmware/local_setup.bash
[0.921s] -- Installing: /home/mr_ray/bumperbot_ws/install/bumperbot_firmware/share/bumperbot_firmware/local_setup.sh
[0.922s] -- Installing: /home/mr_ray/bumperbot_ws/install/bumperbot_firmware/share/bumperbot_firmware/local_setup.zsh
[0.922s] -- Installing: /home/mr_ray/bumperbot_ws/install/bumperbot_firmware/share/bumperbot_firmware/local_setup.dsv
[0.923s] -- Installing: /home/mr_ray/bumperbot_ws/install/bumperbot_firmware/share/bumperbot_firmware/package.dsv
[0.923s] -- Installing: /home/mr_ray/bumperbot_ws/install/bumperbot_firmware/share/ament_index/resource_index/packages/bumperbot_firmware
[0.924s] -- Installing: /home/mr_ray/bumperbot_ws/install/bumperbot_firmware/share/ament_index/resource_index/hardware_interface__pluginlib__plugin/bumperbot_firmware
[0.924s] -- Installing: /home/mr_ray/bumperbot_ws/install/bumperbot_firmware/share/bumperbot_firmware/cmake/ament_cmake_export_include_directories-extras.cmake
[0.925s] -- Installing: /home/mr_ray/bumperbot_ws/install/bumperbot_firmware/share/bumperbot_firmware/cmake/ament_cmake_export_libraries-extras.cmake
[0.925s] -- Installing: /home/mr_ray/bumperbot_ws/install/bumperbot_firmware/share/bumperbot_firmware/cmake/ament_cmake_export_dependencies-extras.cmake
[0.925s] -- Installing: /home/mr_ray/bumperbot_ws/install/bumperbot_firmware/share/bumperbot_firmware/cmake/bumperbot_firmwareConfig.cmake
[0.926s] -- Installing: /home/mr_ray/bumperbot_ws/install/bumperbot_firmware/share/bumperbot_firmware/cmake/bumperbot_firmwareConfig-version.cmake
[0.926s] -- Installing: /home/mr_ray/bumperbot_ws/install/bumperbot_firmware/share/bumperbot_firmware/package.xml
[0.931s] Invoked command in '/home/mr_ray/bumperbot_ws/build/bumperbot_firmware' returned '0': CMAKE_PREFIX_PATH=/opt/ros/humble /usr/bin/cmake --install /home/mr_ray/bumperbot_ws/build/bumperbot_firmware
